[0.416s] Invoking command in '/home/brian/Projects/Cobot/ros2_cobot/src/cobot_perception': CONDA_PROMPT_MODIFIER=(base) PYTHONPATH=/home/brian/Projects/Cobot/ros2_cobot/build/cobot_perception/prefix_override:/usr/lib/python3/dist-packages/colcon_core/task/python/colcon_distutils_commands:/home/brian/Projects/Cobot/ros2_cobot/install/cobot_perception/lib/python3.10/site-packages:${PYTHONPATH} /usr/bin/python3 -W ignore:setup.py install is deprecated -W ignore:easy_install command is deprecated setup.py egg_info --egg-base ../../build/cobot_perception build --build-base /home/brian/Projects/Cobot/ros2_cobot/build/cobot_perception/build install --record /home/brian/Projects/Cobot/ros2_cobot/build/cobot_perception/install.log --single-version-externally-managed install_data
[0.579s] running egg_info
[0.580s] creating ../../build/cobot_perception/cobot_perception.egg-info
[0.580s] writing ../../build/cobot_perception/cobot_perception.egg-info/PKG-INFO
[0.580s] writing dependency_links to ../../build/cobot_perception/cobot_perception.egg-info/dependency_links.txt
[0.580s] writing entry points to ../../build/cobot_perception/cobot_perception.egg-info/entry_points.txt
[0.580s] writing requirements to ../../build/cobot_perception/cobot_perception.egg-info/requires.txt
[0.580s] writing top-level names to ../../build/cobot_perception/cobot_perception.egg-info/top_level.txt
[0.580s] writing manifest file '../../build/cobot_perception/cobot_perception.egg-info/SOURCES.txt'
[0.581s] reading manifest file '../../build/cobot_perception/cobot_perception.egg-info/SOURCES.txt'
[0.582s] writing manifest file '../../build/cobot_perception/cobot_perception.egg-info/SOURCES.txt'
[0.582s] running build
[0.582s] running build_py
[0.582s] creating /home/brian/Projects/Cobot/ros2_cobot/build/cobot_perception/build
[0.582s] creating /home/brian/Projects/Cobot/ros2_cobot/build/cobot_perception/build/lib
[0.582s] creating /home/brian/Projects/Cobot/ros2_cobot/build/cobot_perception/build/lib/cobot_perception
[0.582s] copying cobot_perception/camera_node.py -> /home/brian/Projects/Cobot/ros2_cobot/build/cobot_perception/build/lib/cobot_perception
[0.582s] copying cobot_perception/__init__.py -> /home/brian/Projects/Cobot/ros2_cobot/build/cobot_perception/build/lib/cobot_perception
[0.582s] copying cobot_perception/speech_to_text_node.py -> /home/brian/Projects/Cobot/ros2_cobot/build/cobot_perception/build/lib/cobot_perception
[0.582s] running install
[0.583s] running install_lib
[0.584s] creating /home/brian/Projects/Cobot/ros2_cobot/install/cobot_perception/lib/python3.10/site-packages/cobot_perception
[0.584s] copying /home/brian/Projects/Cobot/ros2_cobot/build/cobot_perception/build/lib/cobot_perception/camera_node.py -> /home/brian/Projects/Cobot/ros2_cobot/install/cobot_perception/lib/python3.10/site-packages/cobot_perception
[0.584s] copying /home/brian/Projects/Cobot/ros2_cobot/build/cobot_perception/build/lib/cobot_perception/__init__.py -> /home/brian/Projects/Cobot/ros2_cobot/install/cobot_perception/lib/python3.10/site-packages/cobot_perception
[0.584s] copying /home/brian/Projects/Cobot/ros2_cobot/build/cobot_perception/build/lib/cobot_perception/speech_to_text_node.py -> /home/brian/Projects/Cobot/ros2_cobot/install/cobot_perception/lib/python3.10/site-packages/cobot_perception
[0.584s] byte-compiling /home/brian/Projects/Cobot/ros2_cobot/install/cobot_perception/lib/python3.10/site-packages/cobot_perception/camera_node.py to camera_node.cpython-310.pyc
[0.584s] byte-compiling /home/brian/Projects/Cobot/ros2_cobot/install/cobot_perception/lib/python3.10/site-packages/cobot_perception/__init__.py to __init__.cpython-310.pyc
[0.584s] byte-compiling /home/brian/Projects/Cobot/ros2_cobot/install/cobot_perception/lib/python3.10/site-packages/cobot_perception/speech_to_text_node.py to speech_to_text_node.cpython-310.pyc
[0.585s] running install_data
[0.585s] creating /home/brian/Projects/Cobot/ros2_cobot/install/cobot_perception/share/ament_index
[0.585s] creating /home/brian/Projects/Cobot/ros2_cobot/install/cobot_perception/share/ament_index/resource_index
[0.585s] creating /home/brian/Projects/Cobot/ros2_cobot/install/cobot_perception/share/ament_index/resource_index/packages
[0.585s] copying resource/cobot_perception -> /home/brian/Projects/Cobot/ros2_cobot/install/cobot_perception/share/ament_index/resource_index/packages
[0.585s] copying package.xml -> /home/brian/Projects/Cobot/ros2_cobot/install/cobot_perception/share/cobot_perception
[0.585s] running install_egg_info
[0.586s] Copying ../../build/cobot_perception/cobot_perception.egg-info to /home/brian/Projects/Cobot/ros2_cobot/install/cobot_perception/lib/python3.10/site-packages/cobot_perception-0.0.0-py3.10.egg-info
[0.587s] running install_scripts
[0.601s] Installing camera_node script to /home/brian/Projects/Cobot/ros2_cobot/install/cobot_perception/lib/cobot_perception
[0.601s] Installing speech_to_text_node script to /home/brian/Projects/Cobot/ros2_cobot/install/cobot_perception/lib/cobot_perception
[0.601s] writing list of installed files to '/home/brian/Projects/Cobot/ros2_cobot/build/cobot_perception/install.log'
[0.615s] Invoked command in '/home/brian/Projects/Cobot/ros2_cobot/src/cobot_perception' returned '0': CONDA_PROMPT_MODIFIER=(base) PYTHONPATH=/home/brian/Projects/Cobot/ros2_cobot/build/cobot_perception/prefix_override:/usr/lib/python3/dist-packages/colcon_core/task/python/colcon_distutils_commands:/home/brian/Projects/Cobot/ros2_cobot/install/cobot_perception/lib/python3.10/site-packages:${PYTHONPATH} /usr/bin/python3 -W ignore:setup.py install is deprecated -W ignore:easy_install command is deprecated setup.py egg_info --egg-base ../../build/cobot_perception build --build-base /home/brian/Projects/Cobot/ros2_cobot/build/cobot_perception/build install --record /home/brian/Projects/Cobot/ros2_cobot/build/cobot_perception/install.log --single-version-externally-managed install_data
