[0.080s] [34mcolcon[0m [1;30mDEBUG[0m [32mCommand line arguments: ['/usr/bin/colcon', 'build'][0m
[0.080s] [34mcolcon[0m [1;30mDEBUG[0m [32mParsed command line arguments: Namespace(log_base=None, log_level=None, verb_name='build', build_base='build', install_base='install', merge_install=False, symlink_install=False, test_result_base=None, continue_on_error=False, executor='parallel', parallel_workers=16, event_handlers=None, ignore_user_meta=False, metas=['./colcon.meta'], base_paths=['.'], packages_ignore=None, packages_ignore_regex=None, paths=None, packages_up_to=None, packages_up_to_regex=None, packages_above=None, packages_above_and_dependencies=None, packages_above_depth=None, packages_select_by_dep=None, packages_skip_by_dep=None, packages_skip_up_to=None, packages_select_build_failed=False, packages_skip_build_finished=False, packages_select_test_failures=False, packages_skip_test_passed=False, packages_select=None, packages_skip=None, packages_select_regex=None, packages_skip_regex=None, packages_start=None, packages_end=None, allow_overriding=[], cmake_args=None, cmake_target=None, cmake_target_skip_unavailable=False, cmake_clean_cache=False, cmake_clean_first=False, cmake_force_configure=False, ament_cmake_args=None, catkin_cmake_args=None, catkin_skip_building_tests=False, verb_parser=<colcon_defaults.argument_parser.defaults.DefaultArgumentsDecorator object at 0x7c156cafaa40>, verb_extension=<colcon_core.verb.build.BuildVerb object at 0x7c156cafa530>, main=<bound method BuildVerb.main of <colcon_core.verb.build.BuildVerb object at 0x7c156cafa530>>)[0m
[0.196s] [34mcolcon.colcon_core.package_discovery[0m [1;30mLevel 1[0m discover_packages(colcon_meta) check parameters
[0.197s] [34mcolcon.colcon_core.package_discovery[0m [1;30mLevel 1[0m discover_packages(recursive) check parameters
[0.197s] [34mcolcon.colcon_core.package_discovery[0m [1;30mLevel 1[0m discover_packages(ignore) check parameters
[0.197s] [34mcolcon.colcon_core.package_discovery[0m [1;30mLevel 1[0m discover_packages(path) check parameters
[0.197s] [34mcolcon.colcon_core.package_discovery[0m [1;30mLevel 1[0m discover_packages(colcon_meta) discover
[0.197s] [34mcolcon.colcon_core.package_discovery[0m [1;30mLevel 1[0m discover_packages(recursive) discover
[0.197s] [34mcolcon.colcon_core.package_discovery[0m [1;30mINFO[0m Crawling recursively for packages in '/home/brian/Projects/Cobot/ros2_cobot'
[0.197s] [34mcolcon.colcon_core.package_identification[0m [1;30mLevel 1[0m _identify(.) by extensions ['ignore', 'ignore_ament_install']
[0.197s] [34mcolcon.colcon_core.package_identification[0m [1;30mLevel 1[0m _identify(.) by extension 'ignore'
[0.197s] [34mcolcon.colcon_core.package_identification[0m [1;30mLevel 1[0m _identify(.) by extension 'ignore_ament_install'
[0.197s] [34mcolcon.colcon_core.package_identification[0m [1;30mLevel 1[0m _identify(.) by extensions ['colcon_pkg']
[0.197s] [34mcolcon.colcon_core.package_identification[0m [1;30mLevel 1[0m _identify(.) by extension 'colcon_pkg'
[0.197s] [34mcolcon.colcon_core.package_identification[0m [1;30mLevel 1[0m _identify(.) by extensions ['colcon_meta']
[0.197s] [34mcolcon.colcon_core.package_identification[0m [1;30mLevel 1[0m _identify(.) by extension 'colcon_meta'
[0.197s] [34mcolcon.colcon_core.package_identification[0m [1;30mLevel 1[0m _identify(.) by extensions ['ros']
[0.197s] [34mcolcon.colcon_core.package_identification[0m [1;30mLevel 1[0m _identify(.) by extension 'ros'
[0.222s] [34mcolcon.colcon_core.package_identification[0m [1;30mLevel 1[0m _identify(.) by extensions ['cmake', 'python']
[0.222s] [34mcolcon.colcon_core.package_identification[0m [1;30mLevel 1[0m _identify(.) by extension 'cmake'
[0.222s] [34mcolcon.colcon_core.package_identification[0m [1;30mLevel 1[0m _identify(.) by extension 'python'
[0.223s] [34mcolcon.colcon_core.package_identification[0m [1;30mLevel 1[0m _identify(.) by extensions ['python_setup_py']
[0.223s] [34mcolcon.colcon_core.package_identification[0m [1;30mLevel 1[0m _identify(.) by extension 'python_setup_py'
[0.223s] [34mcolcon.colcon_core.package_identification[0m [1;30mLevel 1[0m _identify(build) by extensions ['ignore', 'ignore_ament_install']
[0.223s] [34mcolcon.colcon_core.package_identification[0m [1;30mLevel 1[0m _identify(build) by extension 'ignore'
[0.223s] [34mcolcon.colcon_core.package_identification[0m [1;30mLevel 1[0m _identify(build) ignored
[0.223s] [34mcolcon.colcon_core.package_identification[0m [1;30mLevel 1[0m _identify(install) by extensions ['ignore', 'ignore_ament_install']
[0.223s] [34mcolcon.colcon_core.package_identification[0m [1;30mLevel 1[0m _identify(install) by extension 'ignore'
[0.223s] [34mcolcon.colcon_core.package_identification[0m [1;30mLevel 1[0m _identify(install) ignored
[0.223s] [34mcolcon.colcon_core.package_identification[0m [1;30mLevel 1[0m _identify(isaacLab) by extensions ['ignore', 'ignore_ament_install']
[0.223s] [34mcolcon.colcon_core.package_identification[0m [1;30mLevel 1[0m _identify(isaacLab) by extension 'ignore'
[0.223s] [34mcolcon.colcon_core.package_identification[0m [1;30mLevel 1[0m _identify(isaacLab) by extension 'ignore_ament_install'
[0.223s] [34mcolcon.colcon_core.package_identification[0m [1;30mLevel 1[0m _identify(isaacLab) by extensions ['colcon_pkg']
[0.223s] [34mcolcon.colcon_core.package_identification[0m [1;30mLevel 1[0m _identify(isaacLab) by extension 'colcon_pkg'
[0.223s] [34mcolcon.colcon_core.package_identification[0m [1;30mLevel 1[0m _identify(isaacLab) by extensions ['colcon_meta']
[0.223s] [34mcolcon.colcon_core.package_identification[0m [1;30mLevel 1[0m _identify(isaacLab) by extension 'colcon_meta'
[0.223s] [34mcolcon.colcon_core.package_identification[0m [1;30mLevel 1[0m _identify(isaacLab) by extensions ['ros']
[0.223s] [34mcolcon.colcon_core.package_identification[0m [1;30mLevel 1[0m _identify(isaacLab) by extension 'ros'
[0.223s] [34mcolcon.colcon_core.package_identification[0m [1;30mLevel 1[0m _identify(isaacLab) by extensions ['cmake', 'python']
[0.223s] [34mcolcon.colcon_core.package_identification[0m [1;30mLevel 1[0m _identify(isaacLab) by extension 'cmake'
[0.223s] [34mcolcon.colcon_core.package_identification[0m [1;30mLevel 1[0m _identify(isaacLab) by extension 'python'
[0.223s] [34mcolcon.colcon_core.package_identification[0m [1;30mLevel 1[0m _identify(isaacLab) by extensions ['python_setup_py']
[0.223s] [34mcolcon.colcon_core.package_identification[0m [1;30mLevel 1[0m _identify(isaacLab) by extension 'python_setup_py'
[0.224s] [34mcolcon.colcon_core.package_identification[0m [1;30mLevel 1[0m _identify(isaacLab/runs) by extensions ['ignore', 'ignore_ament_install']
[0.224s] [34mcolcon.colcon_core.package_identification[0m [1;30mLevel 1[0m _identify(isaacLab/runs) by extension 'ignore'
[0.224s] [34mcolcon.colcon_core.package_identification[0m [1;30mLevel 1[0m _identify(isaacLab/runs) by extension 'ignore_ament_install'
[0.224s] [34mcolcon.colcon_core.package_identification[0m [1;30mLevel 1[0m _identify(isaacLab/runs) by extensions ['colcon_pkg']
[0.224s] [34mcolcon.colcon_core.package_identification[0m [1;30mLevel 1[0m _identify(isaacLab/runs) by extension 'colcon_pkg'
[0.224s] [34mcolcon.colcon_core.package_identification[0m [1;30mLevel 1[0m _identify(isaacLab/runs) by extensions ['colcon_meta']
[0.224s] [34mcolcon.colcon_core.package_identification[0m [1;30mLevel 1[0m _identify(isaacLab/runs) by extension 'colcon_meta'
[0.224s] [34mcolcon.colcon_core.package_identification[0m [1;30mLevel 1[0m _identify(isaacLab/runs) by extensions ['ros']
[0.224s] [34mcolcon.colcon_core.package_identification[0m [1;30mLevel 1[0m _identify(isaacLab/runs) by extension 'ros'
[0.224s] [34mcolcon.colcon_core.package_identification[0m [1;30mLevel 1[0m _identify(isaacLab/runs) by extensions ['cmake', 'python']
[0.224s] [34mcolcon.colcon_core.package_identification[0m [1;30mLevel 1[0m _identify(isaacLab/runs) by extension 'cmake'
[0.224s] [34mcolcon.colcon_core.package_identification[0m [1;30mLevel 1[0m _identify(isaacLab/runs) by extension 'python'
[0.224s] [34mcolcon.colcon_core.package_identification[0m [1;30mLevel 1[0m _identify(isaacLab/runs) by extensions ['python_setup_py']
[0.224s] [34mcolcon.colcon_core.package_identification[0m [1;30mLevel 1[0m _identify(isaacLab/runs) by extension 'python_setup_py'
[0.224s] [34mcolcon.colcon_core.package_identification[0m [1;30mLevel 1[0m _identify(isaacLab/runs/Saves) by extensions ['ignore', 'ignore_ament_install']
[0.224s] [34mcolcon.colcon_core.package_identification[0m [1;30mLevel 1[0m _identify(isaacLab/runs/Saves) by extension 'ignore'
[0.224s] [34mcolcon.colcon_core.package_identification[0m [1;30mLevel 1[0m _identify(isaacLab/runs/Saves) by extension 'ignore_ament_install'
[0.224s] [34mcolcon.colcon_core.package_identification[0m [1;30mLevel 1[0m _identify(isaacLab/runs/Saves) by extensions ['colcon_pkg']
[0.224s] [34mcolcon.colcon_core.package_identification[0m [1;30mLevel 1[0m _identify(isaacLab/runs/Saves) by extension 'colcon_pkg'
[0.224s] [34mcolcon.colcon_core.package_identification[0m [1;30mLevel 1[0m _identify(isaacLab/runs/Saves) by extensions ['colcon_meta']
[0.224s] [34mcolcon.colcon_core.package_identification[0m [1;30mLevel 1[0m _identify(isaacLab/runs/Saves) by extension 'colcon_meta'
[0.224s] [34mcolcon.colcon_core.package_identification[0m [1;30mLevel 1[0m _identify(isaacLab/runs/Saves) by extensions ['ros']
[0.224s] [34mcolcon.colcon_core.package_identification[0m [1;30mLevel 1[0m _identify(isaacLab/runs/Saves) by extension 'ros'
[0.224s] [34mcolcon.colcon_core.package_identification[0m [1;30mLevel 1[0m _identify(isaacLab/runs/Saves) by extensions ['cmake', 'python']
[0.225s] [34mcolcon.colcon_core.package_identification[0m [1;30mLevel 1[0m _identify(isaacLab/runs/Saves) by extension 'cmake'
[0.225s] [34mcolcon.colcon_core.package_identification[0m [1;30mLevel 1[0m _identify(isaacLab/runs/Saves) by extension 'python'
[0.225s] [34mcolcon.colcon_core.package_identification[0m [1;30mLevel 1[0m _identify(isaacLab/runs/Saves) by extensions ['python_setup_py']
[0.225s] [34mcolcon.colcon_core.package_identification[0m [1;30mLevel 1[0m _identify(isaacLab/runs/Saves) by extension 'python_setup_py'
[0.225s] [34mcolcon.colcon_core.package_identification[0m [1;30mLevel 1[0m _identify(isaacLab/runs/Saves/Dance) by extensions ['ignore', 'ignore_ament_install']
[0.225s] [34mcolcon.colcon_core.package_identification[0m [1;30mLevel 1[0m _identify(isaacLab/runs/Saves/Dance) by extension 'ignore'
[0.225s] [34mcolcon.colcon_core.package_identification[0m [1;30mLevel 1[0m _identify(isaacLab/runs/Saves/Dance) by extension 'ignore_ament_install'
[0.225s] [34mcolcon.colcon_core.package_identification[0m [1;30mLevel 1[0m _identify(isaacLab/runs/Saves/Dance) by extensions ['colcon_pkg']
[0.225s] [34mcolcon.colcon_core.package_identification[0m [1;30mLevel 1[0m _identify(isaacLab/runs/Saves/Dance) by extension 'colcon_pkg'
[0.225s] [34mcolcon.colcon_core.package_identification[0m [1;30mLevel 1[0m _identify(isaacLab/runs/Saves/Dance) by extensions ['colcon_meta']
[0.225s] [34mcolcon.colcon_core.package_identification[0m [1;30mLevel 1[0m _identify(isaacLab/runs/Saves/Dance) by extension 'colcon_meta'
[0.225s] [34mcolcon.colcon_core.package_identification[0m [1;30mLevel 1[0m _identify(isaacLab/runs/Saves/Dance) by extensions ['ros']
[0.225s] [34mcolcon.colcon_core.package_identification[0m [1;30mLevel 1[0m _identify(isaacLab/runs/Saves/Dance) by extension 'ros'
[0.225s] [34mcolcon.colcon_core.package_identification[0m [1;30mLevel 1[0m _identify(isaacLab/runs/Saves/Dance) by extensions ['cmake', 'python']
[0.225s] [34mcolcon.colcon_core.package_identification[0m [1;30mLevel 1[0m _identify(isaacLab/runs/Saves/Dance) by extension 'cmake'
[0.225s] [34mcolcon.colcon_core.package_identification[0m [1;30mLevel 1[0m _identify(isaacLab/runs/Saves/Dance) by extension 'python'
[0.225s] [34mcolcon.colcon_core.package_identification[0m [1;30mLevel 1[0m _identify(isaacLab/runs/Saves/Dance) by extensions ['python_setup_py']
[0.225s] [34mcolcon.colcon_core.package_identification[0m [1;30mLevel 1[0m _identify(isaacLab/runs/Saves/Dance) by extension 'python_setup_py'
[0.225s] [34mcolcon.colcon_core.package_identification[0m [1;30mLevel 1[0m _identify(isaacLab/runs/cobot) by extensions ['ignore', 'ignore_ament_install']
[0.225s] [34mcolcon.colcon_core.package_identification[0m [1;30mLevel 1[0m _identify(isaacLab/runs/cobot) by extension 'ignore'
[0.225s] [34mcolcon.colcon_core.package_identification[0m [1;30mLevel 1[0m _identify(isaacLab/runs/cobot) by extension 'ignore_ament_install'
[0.225s] [34mcolcon.colcon_core.package_identification[0m [1;30mLevel 1[0m _identify(isaacLab/runs/cobot) by extensions ['colcon_pkg']
[0.225s] [34mcolcon.colcon_core.package_identification[0m [1;30mLevel 1[0m _identify(isaacLab/runs/cobot) by extension 'colcon_pkg'
[0.225s] [34mcolcon.colcon_core.package_identification[0m [1;30mLevel 1[0m _identify(isaacLab/runs/cobot) by extensions ['colcon_meta']
[0.225s] [34mcolcon.colcon_core.package_identification[0m [1;30mLevel 1[0m _identify(isaacLab/runs/cobot) by extension 'colcon_meta'
[0.226s] [34mcolcon.colcon_core.package_identification[0m [1;30mLevel 1[0m _identify(isaacLab/runs/cobot) by extensions ['ros']
[0.226s] [34mcolcon.colcon_core.package_identification[0m [1;30mLevel 1[0m _identify(isaacLab/runs/cobot) by extension 'ros'
[0.226s] [34mcolcon.colcon_core.package_identification[0m [1;30mLevel 1[0m _identify(isaacLab/runs/cobot) by extensions ['cmake', 'python']
[0.226s] [34mcolcon.colcon_core.package_identification[0m [1;30mLevel 1[0m _identify(isaacLab/runs/cobot) by extension 'cmake'
[0.226s] [34mcolcon.colcon_core.package_identification[0m [1;30mLevel 1[0m _identify(isaacLab/runs/cobot) by extension 'python'
[0.226s] [34mcolcon.colcon_core.package_identification[0m [1;30mLevel 1[0m _identify(isaacLab/runs/cobot) by extensions ['python_setup_py']
[0.226s] [34mcolcon.colcon_core.package_identification[0m [1;30mLevel 1[0m _identify(isaacLab/runs/cobot) by extension 'python_setup_py'
[0.226s] [34mcolcon.colcon_core.package_identification[0m [1;30mLevel 1[0m _identify(isaacLab/runs/cobot/26-06-28_20-01-51-350802_PPO) by extensions ['ignore', 'ignore_ament_install']
[0.226s] [34mcolcon.colcon_core.package_identification[0m [1;30mLevel 1[0m _identify(isaacLab/runs/cobot/26-06-28_20-01-51-350802_PPO) by extension 'ignore'
[0.226s] [34mcolcon.colcon_core.package_identification[0m [1;30mLevel 1[0m _identify(isaacLab/runs/cobot/26-06-28_20-01-51-350802_PPO) by extension 'ignore_ament_install'
[0.226s] [34mcolcon.colcon_core.package_identification[0m [1;30mLevel 1[0m _identify(isaacLab/runs/cobot/26-06-28_20-01-51-350802_PPO) by extensions ['colcon_pkg']
[0.226s] [34mcolcon.colcon_core.package_identification[0m [1;30mLevel 1[0m _identify(isaacLab/runs/cobot/26-06-28_20-01-51-350802_PPO) by extension 'colcon_pkg'
[0.226s] [34mcolcon.colcon_core.package_identification[0m [1;30mLevel 1[0m _identify(isaacLab/runs/cobot/26-06-28_20-01-51-350802_PPO) by extensions ['colcon_meta']
[0.226s] [34mcolcon.colcon_core.package_identification[0m [1;30mLevel 1[0m _identify(isaacLab/runs/cobot/26-06-28_20-01-51-350802_PPO) by extension 'colcon_meta'
[0.226s] [34mcolcon.colcon_core.package_identification[0m [1;30mLevel 1[0m _identify(isaacLab/runs/cobot/26-06-28_20-01-51-350802_PPO) by extensions ['ros']
[0.226s] [34mcolcon.colcon_core.package_identification[0m [1;30mLevel 1[0m _identify(isaacLab/runs/cobot/26-06-28_20-01-51-350802_PPO) by extension 'ros'
[0.226s] [34mcolcon.colcon_core.package_identification[0m [1;30mLevel 1[0m _identify(isaacLab/runs/cobot/26-06-28_20-01-51-350802_PPO) by extensions ['cmake', 'python']
[0.226s] [34mcolcon.colcon_core.package_identification[0m [1;30mLevel 1[0m _identify(isaacLab/runs/cobot/26-06-28_20-01-51-350802_PPO) by extension 'cmake'
[0.226s] [34mcolcon.colcon_core.package_identification[0m [1;30mLevel 1[0m _identify(isaacLab/runs/cobot/26-06-28_20-01-51-350802_PPO) by extension 'python'
[0.226s] [34mcolcon.colcon_core.package_identification[0m [1;30mLevel 1[0m _identify(isaacLab/runs/cobot/26-06-28_20-01-51-350802_PPO) by extensions ['python_setup_py']
[0.226s] [34mcolcon.colcon_core.package_identification[0m [1;30mLevel 1[0m _identify(isaacLab/runs/cobot/26-06-28_20-01-51-350802_PPO) by extension 'python_setup_py'
[0.226s] [34mcolcon.colcon_core.package_identification[0m [1;30mLevel 1[0m _identify(isaacLab/runs/cobot/26-06-28_20-01-51-350802_PPO/checkpoints) by extensions ['ignore', 'ignore_ament_install']
[0.226s] [34mcolcon.colcon_core.package_identification[0m [1;30mLevel 1[0m _identify(isaacLab/runs/cobot/26-06-28_20-01-51-350802_PPO/checkpoints) by extension 'ignore'
[0.227s] [34mcolcon.colcon_core.package_identification[0m [1;30mLevel 1[0m _identify(isaacLab/runs/cobot/26-06-28_20-01-51-350802_PPO/checkpoints) by extension 'ignore_ament_install'
[0.227s] [34mcolcon.colcon_core.package_identification[0m [1;30mLevel 1[0m _identify(isaacLab/runs/cobot/26-06-28_20-01-51-350802_PPO/checkpoints) by extensions ['colcon_pkg']
[0.227s] [34mcolcon.colcon_core.package_identification[0m [1;30mLevel 1[0m _identify(isaacLab/runs/cobot/26-06-28_20-01-51-350802_PPO/checkpoints) by extension 'colcon_pkg'
[0.227s] [34mcolcon.colcon_core.package_identification[0m [1;30mLevel 1[0m _identify(isaacLab/runs/cobot/26-06-28_20-01-51-350802_PPO/checkpoints) by extensions ['colcon_meta']
[0.227s] [34mcolcon.colcon_core.package_identification[0m [1;30mLevel 1[0m _identify(isaacLab/runs/cobot/26-06-28_20-01-51-350802_PPO/checkpoints) by extension 'colcon_meta'
[0.227s] [34mcolcon.colcon_core.package_identification[0m [1;30mLevel 1[0m _identify(isaacLab/runs/cobot/26-06-28_20-01-51-350802_PPO/checkpoints) by extensions ['ros']
[0.227s] [34mcolcon.colcon_core.package_identification[0m [1;30mLevel 1[0m _identify(isaacLab/runs/cobot/26-06-28_20-01-51-350802_PPO/checkpoints) by extension 'ros'
[0.227s] [34mcolcon.colcon_core.package_identification[0m [1;30mLevel 1[0m _identify(isaacLab/runs/cobot/26-06-28_20-01-51-350802_PPO/checkpoints) by extensions ['cmake', 'python']
[0.227s] [34mcolcon.colcon_core.package_identification[0m [1;30mLevel 1[0m _identify(isaacLab/runs/cobot/26-06-28_20-01-51-350802_PPO/checkpoints) by extension 'cmake'
[0.227s] [34mcolcon.colcon_core.package_identification[0m [1;30mLevel 1[0m _identify(isaacLab/runs/cobot/26-06-28_20-01-51-350802_PPO/checkpoints) by extension 'python'
[0.227s] [34mcolcon.colcon_core.package_identification[0m [1;30mLevel 1[0m _identify(isaacLab/runs/cobot/26-06-28_20-01-51-350802_PPO/checkpoints) by extensions ['python_setup_py']
[0.227s] [34mcolcon.colcon_core.package_identification[0m [1;30mLevel 1[0m _identify(isaacLab/runs/cobot/26-06-28_20-01-51-350802_PPO/checkpoints) by extension 'python_setup_py'
[0.227s] [34mcolcon.colcon_core.package_identification[0m [1;30mLevel 1[0m _identify(isaacLab/runs/cobot/26-06-28_20-04-07-577843_PPO) by extensions ['ignore', 'ignore_ament_install']
[0.227s] [34mcolcon.colcon_core.package_identification[0m [1;30mLevel 1[0m _identify(isaacLab/runs/cobot/26-06-28_20-04-07-577843_PPO) by extension 'ignore'
[0.227s] [34mcolcon.colcon_core.package_identification[0m [1;30mLevel 1[0m _identify(isaacLab/runs/cobot/26-06-28_20-04-07-577843_PPO) by extension 'ignore_ament_install'
[0.227s] [34mcolcon.colcon_core.package_identification[0m [1;30mLevel 1[0m _identify(isaacLab/runs/cobot/26-06-28_20-04-07-577843_PPO) by extensions ['colcon_pkg']
[0.227s] [34mcolcon.colcon_core.package_identification[0m [1;30mLevel 1[0m _identify(isaacLab/runs/cobot/26-06-28_20-04-07-577843_PPO) by extension 'colcon_pkg'
[0.227s] [34mcolcon.colcon_core.package_identification[0m [1;30mLevel 1[0m _identify(isaacLab/runs/cobot/26-06-28_20-04-07-577843_PPO) by extensions ['colcon_meta']
[0.227s] [34mcolcon.colcon_core.package_identification[0m [1;30mLevel 1[0m _identify(isaacLab/runs/cobot/26-06-28_20-04-07-577843_PPO) by extension 'colcon_meta'
[0.227s] [34mcolcon.colcon_core.package_identification[0m [1;30mLevel 1[0m _identify(isaacLab/runs/cobot/26-06-28_20-04-07-577843_PPO) by extensions ['ros']
[0.227s] [34mcolcon.colcon_core.package_identification[0m [1;30mLevel 1[0m _identify(isaacLab/runs/cobot/26-06-28_20-04-07-577843_PPO) by extension 'ros'
[0.227s] [34mcolcon.colcon_core.package_identification[0m [1;30mLevel 1[0m _identify(isaacLab/runs/cobot/26-06-28_20-04-07-577843_PPO) by extensions ['cmake', 'python']
[0.227s] [34mcolcon.colcon_core.package_identification[0m [1;30mLevel 1[0m _identify(isaacLab/runs/cobot/26-06-28_20-04-07-577843_PPO) by extension 'cmake'
[0.227s] [34mcolcon.colcon_core.package_identification[0m [1;30mLevel 1[0m _identify(isaacLab/runs/cobot/26-06-28_20-04-07-577843_PPO) by extension 'python'
[0.227s] [34mcolcon.colcon_core.package_identification[0m [1;30mLevel 1[0m _identify(isaacLab/runs/cobot/26-06-28_20-04-07-577843_PPO) by extensions ['python_setup_py']
[0.227s] [34mcolcon.colcon_core.package_identification[0m [1;30mLevel 1[0m _identify(isaacLab/runs/cobot/26-06-28_20-04-07-577843_PPO) by extension 'python_setup_py'
[0.228s] [34mcolcon.colcon_core.package_identification[0m [1;30mLevel 1[0m _identify(isaacLab/runs/cobot/26-06-28_20-04-07-577843_PPO/checkpoints) by extensions ['ignore', 'ignore_ament_install']
[0.228s] [34mcolcon.colcon_core.package_identification[0m [1;30mLevel 1[0m _identify(isaacLab/runs/cobot/26-06-28_20-04-07-577843_PPO/checkpoints) by extension 'ignore'
[0.228s] [34mcolcon.colcon_core.package_identification[0m [1;30mLevel 1[0m _identify(isaacLab/runs/cobot/26-06-28_20-04-07-577843_PPO/checkpoints) by extension 'ignore_ament_install'
[0.228s] [34mcolcon.colcon_core.package_identification[0m [1;30mLevel 1[0m _identify(isaacLab/runs/cobot/26-06-28_20-04-07-577843_PPO/checkpoints) by extensions ['colcon_pkg']
[0.228s] [34mcolcon.colcon_core.package_identification[0m [1;30mLevel 1[0m _identify(isaacLab/runs/cobot/26-06-28_20-04-07-577843_PPO/checkpoints) by extension 'colcon_pkg'
[0.228s] [34mcolcon.colcon_core.package_identification[0m [1;30mLevel 1[0m _identify(isaacLab/runs/cobot/26-06-28_20-04-07-577843_PPO/checkpoints) by extensions ['colcon_meta']
[0.228s] [34mcolcon.colcon_core.package_identification[0m [1;30mLevel 1[0m _identify(isaacLab/runs/cobot/26-06-28_20-04-07-577843_PPO/checkpoints) by extension 'colcon_meta'
[0.228s] [34mcolcon.colcon_core.package_identification[0m [1;30mLevel 1[0m _identify(isaacLab/runs/cobot/26-06-28_20-04-07-577843_PPO/checkpoints) by extensions ['ros']
[0.228s] [34mcolcon.colcon_core.package_identification[0m [1;30mLevel 1[0m _identify(isaacLab/runs/cobot/26-06-28_20-04-07-577843_PPO/checkpoints) by extension 'ros'
[0.228s] [34mcolcon.colcon_core.package_identification[0m [1;30mLevel 1[0m _identify(isaacLab/runs/cobot/26-06-28_20-04-07-577843_PPO/checkpoints) by extensions ['cmake', 'python']
[0.228s] [34mcolcon.colcon_core.package_identification[0m [1;30mLevel 1[0m _identify(isaacLab/runs/cobot/26-06-28_20-04-07-577843_PPO/checkpoints) by extension 'cmake'
[0.228s] [34mcolcon.colcon_core.package_identification[0m [1;30mLevel 1[0m _identify(isaacLab/runs/cobot/26-06-28_20-04-07-577843_PPO/checkpoints) by extension 'python'
[0.228s] [34mcolcon.colcon_core.package_identification[0m [1;30mLevel 1[0m _identify(isaacLab/runs/cobot/26-06-28_20-04-07-577843_PPO/checkpoints) by extensions ['python_setup_py']
[0.228s] [34mcolcon.colcon_core.package_identification[0m [1;30mLevel 1[0m _identify(isaacLab/runs/cobot/26-06-28_20-04-07-577843_PPO/checkpoints) by extension 'python_setup_py'
[0.228s] [34mcolcon.colcon_core.package_identification[0m [1;30mLevel 1[0m _identify(log) by extensions ['ignore', 'ignore_ament_install']
[0.228s] [34mcolcon.colcon_core.package_identification[0m [1;30mLevel 1[0m _identify(log) by extension 'ignore'
[0.228s] [34mcolcon.colcon_core.package_identification[0m [1;30mLevel 1[0m _identify(log) ignored
[0.228s] [34mcolcon.colcon_core.package_identification[0m [1;30mLevel 1[0m _identify(scripts) by extensions ['ignore', 'ignore_ament_install']
[0.228s] [34mcolcon.colcon_core.package_identification[0m [1;30mLevel 1[0m _identify(scripts) by extension 'ignore'
[0.228s] [34mcolcon.colcon_core.package_identification[0m [1;30mLevel 1[0m _identify(scripts) by extension 'ignore_ament_install'
[0.228s] [34mcolcon.colcon_core.package_identification[0m [1;30mLevel 1[0m _identify(scripts) by extensions ['colcon_pkg']
[0.228s] [34mcolcon.colcon_core.package_identification[0m [1;30mLevel 1[0m _identify(scripts) by extension 'colcon_pkg'
[0.229s] [34mcolcon.colcon_core.package_identification[0m [1;30mLevel 1[0m _identify(scripts) by extensions ['colcon_meta']
[0.229s] [34mcolcon.colcon_core.package_identification[0m [1;30mLevel 1[0m _identify(scripts) by extension 'colcon_meta'
[0.229s] [34mcolcon.colcon_core.package_identification[0m [1;30mLevel 1[0m _identify(scripts) by extensions ['ros']
[0.229s] [34mcolcon.colcon_core.package_identification[0m [1;30mLevel 1[0m _identify(scripts) by extension 'ros'
[0.229s] [34mcolcon.colcon_core.package_identification[0m [1;30mLevel 1[0m _identify(scripts) by extensions ['cmake', 'python']
[0.229s] [34mcolcon.colcon_core.package_identification[0m [1;30mLevel 1[0m _identify(scripts) by extension 'cmake'
[0.229s] [34mcolcon.colcon_core.package_identification[0m [1;30mLevel 1[0m _identify(scripts) by extension 'python'
[0.229s] [34mcolcon.colcon_core.package_identification[0m [1;30mLevel 1[0m _identify(scripts) by extensions ['python_setup_py']
[0.229s] [34mcolcon.colcon_core.package_identification[0m [1;30mLevel 1[0m _identify(scripts) by extension 'python_setup_py'
[0.229s] [34mcolcon.colcon_core.package_identification[0m [1;30mLevel 1[0m _identify(src) by extensions ['ignore', 'ignore_ament_install']
[0.229s] [34mcolcon.colcon_core.package_identification[0m [1;30mLevel 1[0m _identify(src) by extension 'ignore'
[0.229s] [34mcolcon.colcon_core.package_identification[0m [1;30mLevel 1[0m _identify(src) by extension 'ignore_ament_install'
[0.229s] [34mcolcon.colcon_core.package_identification[0m [1;30mLevel 1[0m _identify(src) by extensions ['colcon_pkg']
[0.229s] [34mcolcon.colcon_core.package_identification[0m [1;30mLevel 1[0m _identify(src) by extension 'colcon_pkg'
[0.229s] [34mcolcon.colcon_core.package_identification[0m [1;30mLevel 1[0m _identify(src) by extensions ['colcon_meta']
[0.229s] [34mcolcon.colcon_core.package_identification[0m [1;30mLevel 1[0m _identify(src) by extension 'colcon_meta'
[0.229s] [34mcolcon.colcon_core.package_identification[0m [1;30mLevel 1[0m _identify(src) by extensions ['ros']
[0.229s] [34mcolcon.colcon_core.package_identification[0m [1;30mLevel 1[0m _identify(src) by extension 'ros'
[0.229s] [34mcolcon.colcon_core.package_identification[0m [1;30mLevel 1[0m _identify(src) by extensions ['cmake', 'python']
[0.229s] [34mcolcon.colcon_core.package_identification[0m [1;30mLevel 1[0m _identify(src) by extension 'cmake'
[0.229s] [34mcolcon.colcon_core.package_identification[0m [1;30mLevel 1[0m _identify(src) by extension 'python'
[0.229s] [34mcolcon.colcon_core.package_identification[0m [1;30mLevel 1[0m _identify(src) by extensions ['python_setup_py']
[0.229s] [34mcolcon.colcon_core.package_identification[0m [1;30mLevel 1[0m _identify(src) by extension 'python_setup_py'
[0.229s] [34mcolcon.colcon_core.package_identification[0m [1;30mLevel 1[0m _identify(src/cobot_control) by extensions ['ignore', 'ignore_ament_install']
[0.229s] [34mcolcon.colcon_core.package_identification[0m [1;30mLevel 1[0m _identify(src/cobot_control) by extension 'ignore'
[0.230s] [34mcolcon.colcon_core.package_identification[0m [1;30mLevel 1[0m _identify(src/cobot_control) by extension 'ignore_ament_install'
[0.230s] [34mcolcon.colcon_core.package_identification[0m [1;30mLevel 1[0m _identify(src/cobot_control) by extensions ['colcon_pkg']
[0.230s] [34mcolcon.colcon_core.package_identification[0m [1;30mLevel 1[0m _identify(src/cobot_control) by extension 'colcon_pkg'
[0.230s] [34mcolcon.colcon_core.package_identification[0m [1;30mLevel 1[0m _identify(src/cobot_control) by extensions ['colcon_meta']
[0.230s] [34mcolcon.colcon_core.package_identification[0m [1;30mLevel 1[0m _identify(src/cobot_control) by extension 'colcon_meta'
[0.230s] [34mcolcon.colcon_core.package_identification[0m [1;30mLevel 1[0m _identify(src/cobot_control) by extensions ['ros']
[0.230s] [34mcolcon.colcon_core.package_identification[0m [1;30mLevel 1[0m _identify(src/cobot_control) by extension 'ros'
[0.231s] [34mcolcon.colcon_core.package_identification[0m [1;30mDEBUG[0m [32mPackage 'src/cobot_control' with type 'ros.ament_python' and name 'cobot_control'[0m
[0.232s] [34mcolcon.colcon_core.package_identification[0m [1;30mLevel 1[0m _identify(src/cobot_description) by extensions ['ignore', 'ignore_ament_install']
[0.232s] [34mcolcon.colcon_core.package_identification[0m [1;30mLevel 1[0m _identify(src/cobot_description) by extension 'ignore'
[0.232s] [34mcolcon.colcon_core.package_identification[0m [1;30mLevel 1[0m _identify(src/cobot_description) by extension 'ignore_ament_install'
[0.232s] [34mcolcon.colcon_core.package_identification[0m [1;30mLevel 1[0m _identify(src/cobot_description) by extensions ['colcon_pkg']
[0.232s] [34mcolcon.colcon_core.package_identification[0m [1;30mLevel 1[0m _identify(src/cobot_description) by extension 'colcon_pkg'
[0.232s] [34mcolcon.colcon_core.package_identification[0m [1;30mLevel 1[0m _identify(src/cobot_description) by extensions ['colcon_meta']
[0.232s] [34mcolcon.colcon_core.package_identification[0m [1;30mLevel 1[0m _identify(src/cobot_description) by extension 'colcon_meta'
[0.232s] [34mcolcon.colcon_core.package_identification[0m [1;30mLevel 1[0m _identify(src/cobot_description) by extensions ['ros']
[0.232s] [34mcolcon.colcon_core.package_identification[0m [1;30mLevel 1[0m _identify(src/cobot_description) by extension 'ros'
[0.232s] [34mcolcon.colcon_core.package_identification[0m [1;30mDEBUG[0m [32mPackage 'src/cobot_description' with type 'ros.ament_cmake' and name 'cobot_description'[0m
[0.232s] [34mcolcon.colcon_core.package_identification[0m [1;30mLevel 1[0m _identify(src/cobot_interfaces) by extensions ['ignore', 'ignore_ament_install']
[0.232s] [34mcolcon.colcon_core.package_identification[0m [1;30mLevel 1[0m _identify(src/cobot_interfaces) by extension 'ignore'
[0.232s] [34mcolcon.colcon_core.package_identification[0m [1;30mLevel 1[0m _identify(src/cobot_interfaces) by extension 'ignore_ament_install'
[0.232s] [34mcolcon.colcon_core.package_identification[0m [1;30mLevel 1[0m _identify(src/cobot_interfaces) by extensions ['colcon_pkg']
[0.232s] [34mcolcon.colcon_core.package_identification[0m [1;30mLevel 1[0m _identify(src/cobot_interfaces) by extension 'colcon_pkg'
[0.233s] [34mcolcon.colcon_core.package_identification[0m [1;30mLevel 1[0m _identify(src/cobot_interfaces) by extensions ['colcon_meta']
[0.233s] [34mcolcon.colcon_core.package_identification[0m [1;30mLevel 1[0m _identify(src/cobot_interfaces) by extension 'colcon_meta'
[0.233s] [34mcolcon.colcon_core.package_identification[0m [1;30mLevel 1[0m _identify(src/cobot_interfaces) by extensions ['ros']
[0.233s] [34mcolcon.colcon_core.package_identification[0m [1;30mLevel 1[0m _identify(src/cobot_interfaces) by extension 'ros'
[0.233s] [34mcolcon.colcon_core.package_identification[0m [1;30mDEBUG[0m [32mPackage 'src/cobot_interfaces' with type 'ros.ament_cmake' and name 'cobot_interfaces'[0m
[0.233s] [34mcolcon.colcon_core.package_identification[0m [1;30mLevel 1[0m _identify(src/cobot_perception) by extensions ['ignore', 'ignore_ament_install']
[0.233s] [34mcolcon.colcon_core.package_identification[0m [1;30mLevel 1[0m _identify(src/cobot_perception) by extension 'ignore'
[0.233s] [34mcolcon.colcon_core.package_identification[0m [1;30mLevel 1[0m _identify(src/cobot_perception) by extension 'ignore_ament_install'
[0.233s] [34mcolcon.colcon_core.package_identification[0m [1;30mLevel 1[0m _identify(src/cobot_perception) by extensions ['colcon_pkg']
[0.233s] [34mcolcon.colcon_core.package_identification[0m [1;30mLevel 1[0m _identify(src/cobot_perception) by extension 'colcon_pkg'
[0.233s] [34mcolcon.colcon_core.package_identification[0m [1;30mLevel 1[0m _identify(src/cobot_perception) by extensions ['colcon_meta']
[0.233s] [34mcolcon.colcon_core.package_identification[0m [1;30mLevel 1[0m _identify(src/cobot_perception) by extension 'colcon_meta'
[0.233s] [34mcolcon.colcon_core.package_identification[0m [1;30mLevel 1[0m _identify(src/cobot_perception) by extensions ['ros']
[0.233s] [34mcolcon.colcon_core.package_identification[0m [1;30mLevel 1[0m _identify(src/cobot_perception) by extension 'ros'
[0.234s] [34mcolcon.colcon_core.package_identification[0m [1;30mDEBUG[0m [32mPackage 'src/cobot_perception' with type 'ros.ament_python' and name 'cobot_perception'[0m
[0.234s] [34mcolcon.colcon_core.package_discovery[0m [1;30mLevel 1[0m discover_packages(recursive) using defaults
[0.234s] [34mcolcon.colcon_core.package_discovery[0m [1;30mLevel 1[0m discover_packages(ignore) discover
[0.234s] [34mcolcon.colcon_core.package_discovery[0m [1;30mLevel 1[0m discover_packages(ignore) using defaults
[0.234s] [34mcolcon.colcon_core.package_discovery[0m [1;30mLevel 1[0m discover_packages(path) discover
[0.234s] [34mcolcon.colcon_core.package_discovery[0m [1;30mLevel 1[0m discover_packages(path) using defaults
[0.246s] [34mcolcon.colcon_core.package_discovery[0m [1;30mLevel 1[0m discover_packages(prefix_path) check parameters
[0.246s] [34mcolcon.colcon_core.package_discovery[0m [1;30mLevel 1[0m discover_packages(prefix_path) discover
[0.247s] [34mcolcon.colcon_installed_package_information.package_discovery[0m [1;30mDEBUG[0m [32mFound 4 installed packages in /home/brian/Projects/Cobot/ros2_cobot/install[0m
[0.248s] [34mcolcon.colcon_installed_package_information.package_discovery[0m [1;30mDEBUG[0m [32mFound 273 installed packages in /opt/ros/humble[0m
[0.249s] [34mcolcon.colcon_core.package_discovery[0m [1;30mLevel 1[0m discover_packages(prefix_path) using defaults
[0.275s] [34mcolcon.colcon_core.verb[0m [1;30mLevel 5[0m set package 'cobot_description' build argument 'cmake_args' from command line to 'None'
[0.275s] [34mcolcon.colcon_core.verb[0m [1;30mLevel 5[0m set package 'cobot_description' build argument 'cmake_target' from command line to 'None'
[0.275s] [34mcolcon.colcon_core.verb[0m [1;30mLevel 5[0m set package 'cobot_description' build argument 'cmake_target_skip_unavailable' from command line to 'False'
[0.275s] [34mcolcon.colcon_core.verb[0m [1;30mLevel 5[0m set package 'cobot_description' build argument 'cmake_clean_cache' from command line to 'False'
[0.275s] [34mcolcon.colcon_core.verb[0m [1;30mLevel 5[0m set package 'cobot_description' build argument 'cmake_clean_first' from command line to 'False'
[0.275s] [34mcolcon.colcon_core.verb[0m [1;30mLevel 5[0m set package 'cobot_description' build argument 'cmake_force_configure' from command line to 'False'
[0.275s] [34mcolcon.colcon_core.verb[0m [1;30mLevel 5[0m set package 'cobot_description' build argument 'ament_cmake_args' from command line to 'None'
[0.275s] [34mcolcon.colcon_core.verb[0m [1;30mLevel 5[0m set package 'cobot_description' build argument 'catkin_cmake_args' from command line to 'None'
[0.275s] [34mcolcon.colcon_core.verb[0m [1;30mLevel 5[0m set package 'cobot_description' build argument 'catkin_skip_building_tests' from command line to 'False'
[0.275s] [34mcolcon.colcon_core.verb[0m [1;30mDEBUG[0m [32mBuilding package 'cobot_description' with the following arguments: {'ament_cmake_args': None, 'build_base': '/home/brian/Projects/Cobot/ros2_cobot/build/cobot_description', 'catkin_cmake_args': None, 'catkin_skip_building_tests': False, 'cmake_args': None, 'cmake_clean_cache': False, 'cmake_clean_first': False, 'cmake_force_configure': False, 'cmake_target': None, 'cmake_target_skip_unavailable': False, 'install_base': '/home/brian/Projects/Cobot/ros2_cobot/install/cobot_description', 'merge_install': False, 'path': '/home/brian/Projects/Cobot/ros2_cobot/src/cobot_description', 'symlink_install': False, 'test_result_base': None}[0m
[0.275s] [34mcolcon.colcon_core.verb[0m [1;30mLevel 5[0m set package 'cobot_interfaces' build argument 'cmake_args' from command line to 'None'
[0.275s] [34mcolcon.colcon_core.verb[0m [1;30mLevel 5[0m set package 'cobot_interfaces' build argument 'cmake_target' from command line to 'None'
[0.275s] [34mcolcon.colcon_core.verb[0m [1;30mLevel 5[0m set package 'cobot_interfaces' build argument 'cmake_target_skip_unavailable' from command line to 'False'
[0.275s] [34mcolcon.colcon_core.verb[0m [1;30mLevel 5[0m set package 'cobot_interfaces' build argument 'cmake_clean_cache' from command line to 'False'
[0.275s] [34mcolcon.colcon_core.verb[0m [1;30mLevel 5[0m set package 'cobot_interfaces' build argument 'cmake_clean_first' from command line to 'False'
[0.275s] [34mcolcon.colcon_core.verb[0m [1;30mLevel 5[0m set package 'cobot_interfaces' build argument 'cmake_force_configure' from command line to 'False'
[0.275s] [34mcolcon.colcon_core.verb[0m [1;30mLevel 5[0m set package 'cobot_interfaces' build argument 'ament_cmake_args' from command line to 'None'
[0.276s] [34mcolcon.colcon_core.verb[0m [1;30mLevel 5[0m set package 'cobot_interfaces' build argument 'catkin_cmake_args' from command line to 'None'
[0.276s] [34mcolcon.colcon_core.verb[0m [1;30mLevel 5[0m set package 'cobot_interfaces' build argument 'catkin_skip_building_tests' from command line to 'False'
[0.276s] [34mcolcon.colcon_core.verb[0m [1;30mDEBUG[0m [32mBuilding package 'cobot_interfaces' with the following arguments: {'ament_cmake_args': None, 'build_base': '/home/brian/Projects/Cobot/ros2_cobot/build/cobot_interfaces', 'catkin_cmake_args': None, 'catkin_skip_building_tests': False, 'cmake_args': None, 'cmake_clean_cache': False, 'cmake_clean_first': False, 'cmake_force_configure': False, 'cmake_target': None, 'cmake_target_skip_unavailable': False, 'install_base': '/home/brian/Projects/Cobot/ros2_cobot/install/cobot_interfaces', 'merge_install': False, 'path': '/home/brian/Projects/Cobot/ros2_cobot/src/cobot_interfaces', 'symlink_install': False, 'test_result_base': None}[0m
[0.276s] [34mcolcon.colcon_core.verb[0m [1;30mLevel 5[0m set package 'cobot_control' build argument 'cmake_args' from command line to 'None'
[0.276s] [34mcolcon.colcon_core.verb[0m [1;30mLevel 5[0m set package 'cobot_control' build argument 'cmake_target' from command line to 'None'
[0.276s] [34mcolcon.colcon_core.verb[0m [1;30mLevel 5[0m set package 'cobot_control' build argument 'cmake_target_skip_unavailable' from command line to 'False'
[0.276s] [34mcolcon.colcon_core.verb[0m [1;30mLevel 5[0m set package 'cobot_control' build argument 'cmake_clean_cache' from command line to 'False'
[0.276s] [34mcolcon.colcon_core.verb[0m [1;30mLevel 5[0m set package 'cobot_control' build argument 'cmake_clean_first' from command line to 'False'
[0.276s] [34mcolcon.colcon_core.verb[0m [1;30mLevel 5[0m set package 'cobot_control' build argument 'cmake_force_configure' from command line to 'False'
[0.276s] [34mcolcon.colcon_core.verb[0m [1;30mLevel 5[0m set package 'cobot_control' build argument 'ament_cmake_args' from command line to 'None'
[0.276s] [34mcolcon.colcon_core.verb[0m [1;30mLevel 5[0m set package 'cobot_control' build argument 'catkin_cmake_args' from command line to 'None'
[0.276s] [34mcolcon.colcon_core.verb[0m [1;30mLevel 5[0m set package 'cobot_control' build argument 'catkin_skip_building_tests' from command line to 'False'
[0.276s] [34mcolcon.colcon_core.verb[0m [1;30mDEBUG[0m [32mBuilding package 'cobot_control' with the following arguments: {'ament_cmake_args': None, 'build_base': '/home/brian/Projects/Cobot/ros2_cobot/build/cobot_control', 'catkin_cmake_args': None, 'catkin_skip_building_tests': False, 'cmake_args': None, 'cmake_clean_cache': False, 'cmake_clean_first': False, 'cmake_force_configure': False, 'cmake_target': None, 'cmake_target_skip_unavailable': False, 'install_base': '/home/brian/Projects/Cobot/ros2_cobot/install/cobot_control', 'merge_install': False, 'path': '/home/brian/Projects/Cobot/ros2_cobot/src/cobot_control', 'symlink_install': False, 'test_result_base': None}[0m
[0.276s] [34mcolcon.colcon_core.verb[0m [1;30mLevel 5[0m set package 'cobot_perception' build argument 'cmake_args' from command line to 'None'
[0.276s] [34mcolcon.colcon_core.verb[0m [1;30mLevel 5[0m set package 'cobot_perception' build argument 'cmake_target' from command line to 'None'
[0.276s] [34mcolcon.colcon_core.verb[0m [1;30mLevel 5[0m set package 'cobot_perception' build argument 'cmake_target_skip_unavailable' from command line to 'False'
[0.276s] [34mcolcon.colcon_core.verb[0m [1;30mLevel 5[0m set package 'cobot_perception' build argument 'cmake_clean_cache' from command line to 'False'
[0.276s] [34mcolcon.colcon_core.verb[0m [1;30mLevel 5[0m set package 'cobot_perception' build argument 'cmake_clean_first' from command line to 'False'
[0.276s] [34mcolcon.colcon_core.verb[0m [1;30mLevel 5[0m set package 'cobot_perception' build argument 'cmake_force_configure' from command line to 'False'
[0.276s] [34mcolcon.colcon_core.verb[0m [1;30mLevel 5[0m set package 'cobot_perception' build argument 'ament_cmake_args' from command line to 'None'
[0.276s] [34mcolcon.colcon_core.verb[0m [1;30mLevel 5[0m set package 'cobot_perception' build argument 'catkin_cmake_args' from command line to 'None'
[0.276s] [34mcolcon.colcon_core.verb[0m [1;30mLevel 5[0m set package 'cobot_perception' build argument 'catkin_skip_building_tests' from command line to 'False'
[0.276s] [34mcolcon.colcon_core.verb[0m [1;30mDEBUG[0m [32mBuilding package 'cobot_perception' with the following arguments: {'ament_cmake_args': None, 'build_base': '/home/brian/Projects/Cobot/ros2_cobot/build/cobot_perception', 'catkin_cmake_args': None, 'catkin_skip_building_tests': False, 'cmake_args': None, 'cmake_clean_cache': False, 'cmake_clean_first': False, 'cmake_force_configure': False, 'cmake_target': None, 'cmake_target_skip_unavailable': False, 'install_base': '/home/brian/Projects/Cobot/ros2_cobot/install/cobot_perception', 'merge_install': False, 'path': '/home/brian/Projects/Cobot/ros2_cobot/src/cobot_perception', 'symlink_install': False, 'test_result_base': None}[0m
[0.277s] [34mcolcon.colcon_core.executor[0m [1;30mINFO[0m Executing jobs using 'parallel' executor
[0.277s] [34mcolcon.colcon_parallel_executor.executor.parallel[0m [1;30mDEBUG[0m [32mrun_until_complete[0m
[0.278s] [34mcolcon.colcon_ros.task.ament_cmake.build[0m [1;30mINFO[0m Building ROS package in '/home/brian/Projects/Cobot/ros2_cobot/src/cobot_interfaces' with build type 'ament_cmake'
[0.278s] [34mcolcon.colcon_cmake.task.cmake.build[0m [1;30mINFO[0m Building CMake package in '/home/brian/Projects/Cobot/ros2_cobot/src/cobot_interfaces'
[0.279s] [34mcolcon.colcon_core.plugin_system[0m [1;30mINFO[0m Skipping extension 'colcon_core.shell.bat': Not used on non-Windows systems
[0.279s] [34mcolcon.colcon_core.shell[0m [1;30mINFO[0m Skip shell extension 'powershell' for command environment: Not usable outside of PowerShell
[0.279s] [34mcolcon.colcon_core.shell[0m [1;30mDEBUG[0m [32mSkip shell extension 'dsv' for command environment[0m
[0.282s] [34mcolcon.colcon_ros.task.ament_cmake.build[0m [1;30mINFO[0m Building ROS package in '/home/brian/Projects/Cobot/ros2_cobot/src/cobot_description' with build type 'ament_cmake'
[0.282s] [34mcolcon.colcon_cmake.task.cmake.build[0m [1;30mINFO[0m Building CMake package in '/home/brian/Projects/Cobot/ros2_cobot/src/cobot_description'
[0.282s] [34mcolcon.colcon_core.shell[0m [1;30mINFO[0m Skip shell extension 'powershell' for command environment: Not usable outside of PowerShell
[0.282s] [34mcolcon.colcon_core.shell[0m [1;30mDEBUG[0m [32mSkip shell extension 'dsv' for command environment[0m
[0.287s] [34mcolcon.colcon_core.event_handler.log_command[0m [1;30mDEBUG[0m [32mInvoking command in '/home/brian/Projects/Cobot/ros2_cobot/build/cobot_interfaces': CMAKE_PREFIX_PATH=${CMAKE_PREFIX_PATH}:/home/brian/Projects/Cobot/ros2_cobot/install/cobot_perception:/home/brian/Projects/Cobot/ros2_cobot/install/cobot_control:/opt/ros/humble CONDA_PROMPT_MODIFIER=(base) /usr/bin/cmake --build /home/brian/Projects/Cobot/ros2_cobot/build/cobot_interfaces -- -j16 -l16[0m
[0.289s] [34mcolcon.colcon_core.event_handler.log_command[0m [1;30mDEBUG[0m [32mInvoking command in '/home/brian/Projects/Cobot/ros2_cobot/build/cobot_description': CMAKE_PREFIX_PATH=${CMAKE_PREFIX_PATH}:/home/brian/Projects/Cobot/ros2_cobot/install/cobot_perception:/home/brian/Projects/Cobot/ros2_cobot/install/cobot_control:/opt/ros/humble CONDA_PROMPT_MODIFIER=(base) /usr/bin/cmake --build /home/brian/Projects/Cobot/ros2_cobot/build/cobot_description -- -j16 -l16[0m
[0.312s] [34mcolcon.colcon_core.event_handler.log_command[0m [1;30mDEBUG[0m [32mInvoked command in '/home/brian/Projects/Cobot/ros2_cobot/build/cobot_description' returned '0': CMAKE_PREFIX_PATH=${CMAKE_PREFIX_PATH}:/home/brian/Projects/Cobot/ros2_cobot/install/cobot_perception:/home/brian/Projects/Cobot/ros2_cobot/install/cobot_control:/opt/ros/humble CONDA_PROMPT_MODIFIER=(base) /usr/bin/cmake --build /home/brian/Projects/Cobot/ros2_cobot/build/cobot_description -- -j16 -l16[0m
[0.318s] [34mcolcon.colcon_core.event_handler.log_command[0m [1;30mDEBUG[0m [32mInvoking command in '/home/brian/Projects/Cobot/ros2_cobot/build/cobot_description': CMAKE_PREFIX_PATH=${CMAKE_PREFIX_PATH}:/home/brian/Projects/Cobot/ros2_cobot/install/cobot_perception:/home/brian/Projects/Cobot/ros2_cobot/install/cobot_control:/opt/ros/humble CONDA_PROMPT_MODIFIER=(base) /usr/bin/cmake --install /home/brian/Projects/Cobot/ros2_cobot/build/cobot_description[0m
[0.326s] [34mcolcon.colcon_core.environment[0m [1;30mLevel 1[0m create_environment_scripts_only(cobot_description)
[0.331s] [34mcolcon.colcon_core.event_handler.log_command[0m [1;30mDEBUG[0m [32mInvoked command in '/home/brian/Projects/Cobot/ros2_cobot/build/cobot_description' returned '0': CMAKE_PREFIX_PATH=${CMAKE_PREFIX_PATH}:/home/brian/Projects/Cobot/ros2_cobot/install/cobot_perception:/home/brian/Projects/Cobot/ros2_cobot/install/cobot_control:/opt/ros/humble CONDA_PROMPT_MODIFIER=(base) /usr/bin/cmake --install /home/brian/Projects/Cobot/ros2_cobot/build/cobot_description[0m
[0.333s] [34mcolcon.colcon_core.environment[0m [1;30mLevel 1[0m checking '/home/brian/Projects/Cobot/ros2_cobot/install/cobot_description' for CMake module files
[0.333s] [34mcolcon.colcon_core.environment[0m [1;30mLevel 1[0m checking '/home/brian/Projects/Cobot/ros2_cobot/install/cobot_description' for CMake config files
[0.333s] [34mcolcon.colcon_core.shell[0m [1;30mLevel 1[0m create_environment_hook('cobot_description', 'cmake_prefix_path')
[0.334s] [34mcolcon.colcon_core.shell[0m [1;30mINFO[0m Creating environment hook '/home/brian/Projects/Cobot/ros2_cobot/install/cobot_description/share/cobot_description/hook/cmake_prefix_path.ps1'
[0.335s] [34mcolcon.colcon_core.shell[0m [1;30mINFO[0m Creating environment descriptor '/home/brian/Projects/Cobot/ros2_cobot/install/cobot_description/share/cobot_description/hook/cmake_prefix_path.dsv'
[0.335s] [34mcolcon.colcon_core.shell[0m [1;30mINFO[0m Creating environment hook '/home/brian/Projects/Cobot/ros2_cobot/install/cobot_description/share/cobot_description/hook/cmake_prefix_path.sh'
[0.337s] [34mcolcon.colcon_core.environment[0m [1;30mLevel 1[0m checking '/home/brian/Projects/Cobot/ros2_cobot/install/cobot_description/bin'
[0.337s] [34mcolcon.colcon_core.environment[0m [1;30mLevel 1[0m checking '/home/brian/Projects/Cobot/ros2_cobot/install/cobot_description/lib/pkgconfig/cobot_description.pc'
[0.337s] [34mcolcon.colcon_core.environment[0m [1;30mLevel 1[0m checking '/home/brian/Projects/Cobot/ros2_cobot/install/cobot_description/lib/python3.10/site-packages'
[0.337s] [34mcolcon.colcon_core.environment[0m [1;30mLevel 1[0m checking '/home/brian/Projects/Cobot/ros2_cobot/install/cobot_description/bin'
[0.338s] [34mcolcon.colcon_core.shell[0m [1;30mINFO[0m Creating package script '/home/brian/Projects/Cobot/ros2_cobot/install/cobot_description/share/cobot_description/package.ps1'
[0.339s] [34mcolcon.colcon_core.shell[0m [1;30mINFO[0m Creating package descriptor '/home/brian/Projects/Cobot/ros2_cobot/install/cobot_description/share/cobot_description/package.dsv'
[0.340s] [34mcolcon.colcon_core.shell[0m [1;30mINFO[0m Creating package script '/home/brian/Projects/Cobot/ros2_cobot/install/cobot_description/share/cobot_description/package.sh'
[0.341s] [34mcolcon.colcon_core.shell[0m [1;30mINFO[0m Creating package script '/home/brian/Projects/Cobot/ros2_cobot/install/cobot_description/share/cobot_description/package.bash'
[0.342s] [34mcolcon.colcon_core.shell[0m [1;30mINFO[0m Creating package script '/home/brian/Projects/Cobot/ros2_cobot/install/cobot_description/share/cobot_description/package.zsh'
[0.342s] [34mcolcon.colcon_core.environment[0m [1;30mLevel 1[0m create_file_with_runtime_dependencies(/home/brian/Projects/Cobot/ros2_cobot/install/cobot_description/share/colcon-core/packages/cobot_description)
[0.343s] [34mcolcon.colcon_core.environment[0m [1;30mLevel 1[0m create_environment_scripts_only(cobot_description)
[0.343s] [34mcolcon.colcon_core.environment[0m [1;30mLevel 1[0m checking '/home/brian/Projects/Cobot/ros2_cobot/install/cobot_description' for CMake module files
[0.344s] [34mcolcon.colcon_core.environment[0m [1;30mLevel 1[0m checking '/home/brian/Projects/Cobot/ros2_cobot/install/cobot_description' for CMake config files
[0.344s] [34mcolcon.colcon_core.shell[0m [1;30mLevel 1[0m create_environment_hook('cobot_description', 'cmake_prefix_path')
[0.344s] [34mcolcon.colcon_core.shell[0m [1;30mINFO[0m Creating environment hook '/home/brian/Projects/Cobot/ros2_cobot/install/cobot_description/share/cobot_description/hook/cmake_prefix_path.ps1'
[0.345s] [34mcolcon.colcon_core.shell[0m [1;30mINFO[0m Creating environment descriptor '/home/brian/Projects/Cobot/ros2_cobot/install/cobot_description/share/cobot_description/hook/cmake_prefix_path.dsv'
[0.345s] [34mcolcon.colcon_core.shell[0m [1;30mINFO[0m Creating environment hook '/home/brian/Projects/Cobot/ros2_cobot/install/cobot_description/share/cobot_description/hook/cmake_prefix_path.sh'
[0.392s] [34mcolcon.colcon_core.environment[0m [1;30mLevel 1[0m checking '/home/brian/Projects/Cobot/ros2_cobot/install/cobot_description/bin'
[0.392s] [34mcolcon.colcon_core.environment[0m [1;30mLevel 1[0m checking '/home/brian/Projects/Cobot/ros2_cobot/install/cobot_description/lib/pkgconfig/cobot_description.pc'
[0.392s] [34mcolcon.colcon_core.environment[0m [1;30mLevel 1[0m checking '/home/brian/Projects/Cobot/ros2_cobot/install/cobot_description/lib/python3.10/site-packages'
[0.392s] [34mcolcon.colcon_core.environment[0m [1;30mLevel 1[0m checking '/home/brian/Projects/Cobot/ros2_cobot/install/cobot_description/bin'
[0.393s] [34mcolcon.colcon_core.shell[0m [1;30mINFO[0m Creating package script '/home/brian/Projects/Cobot/ros2_cobot/install/cobot_description/share/cobot_description/package.ps1'
[0.393s] [34mcolcon.colcon_core.shell[0m [1;30mINFO[0m Creating package descriptor '/home/brian/Projects/Cobot/ros2_cobot/install/cobot_description/share/cobot_description/package.dsv'
[0.394s] [34mcolcon.colcon_core.shell[0m [1;30mINFO[0m Creating package script '/home/brian/Projects/Cobot/ros2_cobot/install/cobot_description/share/cobot_description/package.sh'
[0.394s] [34mcolcon.colcon_core.shell[0m [1;30mINFO[0m Creating package script '/home/brian/Projects/Cobot/ros2_cobot/install/cobot_description/share/cobot_description/package.bash'
[0.395s] [34mcolcon.colcon_core.shell[0m [1;30mINFO[0m Creating package script '/home/brian/Projects/Cobot/ros2_cobot/install/cobot_description/share/cobot_description/package.zsh'
[0.395s] [34mcolcon.colcon_core.environment[0m [1;30mLevel 1[0m create_file_with_runtime_dependencies(/home/brian/Projects/Cobot/ros2_cobot/install/cobot_description/share/colcon-core/packages/cobot_description)
[0.568s] [34mcolcon.colcon_core.event_handler.log_command[0m [1;30mDEBUG[0m [32mInvoked command in '/home/brian/Projects/Cobot/ros2_cobot/build/cobot_interfaces' returned '0': CMAKE_PREFIX_PATH=${CMAKE_PREFIX_PATH}:/home/brian/Projects/Cobot/ros2_cobot/install/cobot_perception:/home/brian/Projects/Cobot/ros2_cobot/install/cobot_control:/opt/ros/humble CONDA_PROMPT_MODIFIER=(base) /usr/bin/cmake --build /home/brian/Projects/Cobot/ros2_cobot/build/cobot_interfaces -- -j16 -l16[0m
[0.569s] [34mcolcon.colcon_core.event_handler.log_command[0m [1;30mDEBUG[0m [32mInvoking command in '/home/brian/Projects/Cobot/ros2_cobot/build/cobot_interfaces': CMAKE_PREFIX_PATH=${CMAKE_PREFIX_PATH}:/home/brian/Projects/Cobot/ros2_cobot/install/cobot_perception:/home/brian/Projects/Cobot/ros2_cobot/install/cobot_control:/opt/ros/humble CONDA_PROMPT_MODIFIER=(base) /usr/bin/cmake --install /home/brian/Projects/Cobot/ros2_cobot/build/cobot_interfaces[0m
[0.610s] [34mcolcon.colcon_core.environment[0m [1;30mLevel 1[0m create_environment_scripts_only(cobot_interfaces)
[0.611s] [34mcolcon.colcon_core.environment[0m [1;30mLevel 1[0m checking '/home/brian/Projects/Cobot/ros2_cobot/install/cobot_interfaces' for CMake module files
[0.611s] [34mcolcon.colcon_core.event_handler.log_command[0m [1;30mDEBUG[0m [32mInvoked command in '/home/brian/Projects/Cobot/ros2_cobot/build/cobot_interfaces' returned '0': CMAKE_PREFIX_PATH=${CMAKE_PREFIX_PATH}:/home/brian/Projects/Cobot/ros2_cobot/install/cobot_perception:/home/brian/Projects/Cobot/ros2_cobot/install/cobot_control:/opt/ros/humble CONDA_PROMPT_MODIFIER=(base) /usr/bin/cmake --install /home/brian/Projects/Cobot/ros2_cobot/build/cobot_interfaces[0m
[0.611s] [34mcolcon.colcon_core.environment[0m [1;30mLevel 1[0m checking '/home/brian/Projects/Cobot/ros2_cobot/install/cobot_interfaces' for CMake config files
[0.611s] [34mcolcon.colcon_core.shell[0m [1;30mLevel 1[0m create_environment_hook('cobot_interfaces', 'cmake_prefix_path')
[0.612s] [34mcolcon.colcon_core.shell[0m [1;30mINFO[0m Creating environment hook '/home/brian/Projects/Cobot/ros2_cobot/install/cobot_interfaces/share/cobot_interfaces/hook/cmake_prefix_path.ps1'
[0.612s] [34mcolcon.colcon_core.shell[0m [1;30mINFO[0m Creating environment descriptor '/home/brian/Projects/Cobot/ros2_cobot/install/cobot_interfaces/share/cobot_interfaces/hook/cmake_prefix_path.dsv'
[0.612s] [34mcolcon.colcon_core.shell[0m [1;30mINFO[0m Creating environment hook '/home/brian/Projects/Cobot/ros2_cobot/install/cobot_interfaces/share/cobot_interfaces/hook/cmake_prefix_path.sh'
[0.613s] [34mcolcon.colcon_core.environment[0m [1;30mLevel 1[0m checking '/home/brian/Projects/Cobot/ros2_cobot/install/cobot_interfaces/lib'
[0.613s] [34mcolcon.colcon_core.shell[0m [1;30mLevel 1[0m create_environment_hook('cobot_interfaces', 'ld_library_path_lib')
[0.613s] [34mcolcon.colcon_core.shell[0m [1;30mINFO[0m Creating environment hook '/home/brian/Projects/Cobot/ros2_cobot/install/cobot_interfaces/share/cobot_interfaces/hook/ld_library_path_lib.ps1'
[0.613s] [34mcolcon.colcon_core.shell[0m [1;30mINFO[0m Creating environment descriptor '/home/brian/Projects/Cobot/ros2_cobot/install/cobot_interfaces/share/cobot_interfaces/hook/ld_library_path_lib.dsv'
[0.614s] [34mcolcon.colcon_core.shell[0m [1;30mINFO[0m Creating environment hook '/home/brian/Projects/Cobot/ros2_cobot/install/cobot_interfaces/share/cobot_interfaces/hook/ld_library_path_lib.sh'
[0.614s] [34mcolcon.colcon_core.environment[0m [1;30mLevel 1[0m checking '/home/brian/Projects/Cobot/ros2_cobot/install/cobot_interfaces/bin'
[0.614s] [34mcolcon.colcon_core.environment[0m [1;30mLevel 1[0m checking '/home/brian/Projects/Cobot/ros2_cobot/install/cobot_interfaces/lib/pkgconfig/cobot_interfaces.pc'
[0.614s] [34mcolcon.colcon_core.environment[0m [1;30mLevel 1[0m checking '/home/brian/Projects/Cobot/ros2_cobot/install/cobot_interfaces/lib/python3.10/site-packages'
[0.614s] [34mcolcon.colcon_core.environment[0m [1;30mLevel 1[0m checking '/home/brian/Projects/Cobot/ros2_cobot/install/cobot_interfaces/bin'
[0.615s] [34mcolcon.colcon_core.shell[0m [1;30mINFO[0m Creating package script '/home/brian/Projects/Cobot/ros2_cobot/install/cobot_interfaces/share/cobot_interfaces/package.ps1'
[0.615s] [34mcolcon.colcon_core.shell[0m [1;30mINFO[0m Creating package descriptor '/home/brian/Projects/Cobot/ros2_cobot/install/cobot_interfaces/share/cobot_interfaces/package.dsv'
[0.615s] [34mcolcon.colcon_core.shell[0m [1;30mINFO[0m Creating package script '/home/brian/Projects/Cobot/ros2_cobot/install/cobot_interfaces/share/cobot_interfaces/package.sh'
[0.616s] [34mcolcon.colcon_core.shell[0m [1;30mINFO[0m Creating package script '/home/brian/Projects/Cobot/ros2_cobot/install/cobot_interfaces/share/cobot_interfaces/package.bash'
[0.616s] [34mcolcon.colcon_core.shell[0m [1;30mINFO[0m Creating package script '/home/brian/Projects/Cobot/ros2_cobot/install/cobot_interfaces/share/cobot_interfaces/package.zsh'
[0.616s] [34mcolcon.colcon_core.environment[0m [1;30mLevel 1[0m create_file_with_runtime_dependencies(/home/brian/Projects/Cobot/ros2_cobot/install/cobot_interfaces/share/colcon-core/packages/cobot_interfaces)
[0.617s] [34mcolcon.colcon_core.environment[0m [1;30mLevel 1[0m create_environment_scripts_only(cobot_interfaces)
[0.617s] [34mcolcon.colcon_core.environment[0m [1;30mLevel 1[0m checking '/home/brian/Projects/Cobot/ros2_cobot/install/cobot_interfaces' for CMake module files
[0.617s] [34mcolcon.colcon_core.environment[0m [1;30mLevel 1[0m checking '/home/brian/Projects/Cobot/ros2_cobot/install/cobot_interfaces' for CMake config files
[0.618s] [34mcolcon.colcon_core.shell[0m [1;30mLevel 1[0m create_environment_hook('cobot_interfaces', 'cmake_prefix_path')
[0.618s] [34mcolcon.colcon_core.shell[0m [1;30mINFO[0m Creating environment hook '/home/brian/Projects/Cobot/ros2_cobot/install/cobot_interfaces/share/cobot_interfaces/hook/cmake_prefix_path.ps1'
[0.618s] [34mcolcon.colcon_core.shell[0m [1;30mINFO[0m Creating environment descriptor '/home/brian/Projects/Cobot/ros2_cobot/install/cobot_interfaces/share/cobot_interfaces/hook/cmake_prefix_path.dsv'
[0.618s] [34mcolcon.colcon_core.shell[0m [1;30mINFO[0m Creating environment hook '/home/brian/Projects/Cobot/ros2_cobot/install/cobot_interfaces/share/cobot_interfaces/hook/cmake_prefix_path.sh'
[0.619s] [34mcolcon.colcon_core.environment[0m [1;30mLevel 1[0m checking '/home/brian/Projects/Cobot/ros2_cobot/install/cobot_interfaces/lib'
[0.619s] [34mcolcon.colcon_core.shell[0m [1;30mLevel 1[0m create_environment_hook('cobot_interfaces', 'ld_library_path_lib')
[0.619s] [34mcolcon.colcon_core.shell[0m [1;30mINFO[0m Creating environment hook '/home/brian/Projects/Cobot/ros2_cobot/install/cobot_interfaces/share/cobot_interfaces/hook/ld_library_path_lib.ps1'
[0.619s] [34mcolcon.colcon_core.shell[0m [1;30mINFO[0m Creating environment descriptor '/home/brian/Projects/Cobot/ros2_cobot/install/cobot_interfaces/share/cobot_interfaces/hook/ld_library_path_lib.dsv'
[0.620s] [34mcolcon.colcon_core.shell[0m [1;30mINFO[0m Creating environment hook '/home/brian/Projects/Cobot/ros2_cobot/install/cobot_interfaces/share/cobot_interfaces/hook/ld_library_path_lib.sh'
[0.620s] [34mcolcon.colcon_core.environment[0m [1;30mLevel 1[0m checking '/home/brian/Projects/Cobot/ros2_cobot/install/cobot_interfaces/bin'
[0.620s] [34mcolcon.colcon_core.environment[0m [1;30mLevel 1[0m checking '/home/brian/Projects/Cobot/ros2_cobot/install/cobot_interfaces/lib/pkgconfig/cobot_interfaces.pc'
[0.620s] [34mcolcon.colcon_core.environment[0m [1;30mLevel 1[0m checking '/home/brian/Projects/Cobot/ros2_cobot/install/cobot_interfaces/lib/python3.10/site-packages'
[0.620s] [34mcolcon.colcon_core.environment[0m [1;30mLevel 1[0m checking '/home/brian/Projects/Cobot/ros2_cobot/install/cobot_interfaces/bin'
[0.621s] [34mcolcon.colcon_core.shell[0m [1;30mINFO[0m Creating package script '/home/brian/Projects/Cobot/ros2_cobot/install/cobot_interfaces/share/cobot_interfaces/package.ps1'
[0.621s] [34mcolcon.colcon_core.shell[0m [1;30mINFO[0m Creating package descriptor '/home/brian/Projects/Cobot/ros2_cobot/install/cobot_interfaces/share/cobot_interfaces/package.dsv'
[0.622s] [34mcolcon.colcon_core.shell[0m [1;30mINFO[0m Creating package script '/home/brian/Projects/Cobot/ros2_cobot/install/cobot_interfaces/share/cobot_interfaces/package.sh'
[0.622s] [34mcolcon.colcon_core.shell[0m [1;30mINFO[0m Creating package script '/home/brian/Projects/Cobot/ros2_cobot/install/cobot_interfaces/share/cobot_interfaces/package.bash'
[0.622s] [34mcolcon.colcon_core.shell[0m [1;30mINFO[0m Creating package script '/home/brian/Projects/Cobot/ros2_cobot/install/cobot_interfaces/share/cobot_interfaces/package.zsh'
[0.623s] [34mcolcon.colcon_core.environment[0m [1;30mLevel 1[0m create_file_with_runtime_dependencies(/home/brian/Projects/Cobot/ros2_cobot/install/cobot_interfaces/share/colcon-core/packages/cobot_interfaces)
[0.623s] [34mcolcon.colcon_ros.task.ament_python.build[0m [1;30mINFO[0m Building ROS package in '/home/brian/Projects/Cobot/ros2_cobot/src/cobot_control' with build type 'ament_python'
[0.623s] [34mcolcon.colcon_core.shell[0m [1;30mLevel 1[0m create_environment_hook('cobot_control', 'ament_prefix_path')
[0.623s] [34mcolcon.colcon_core.shell[0m [1;30mINFO[0m Creating environment hook '/home/brian/Projects/Cobot/ros2_cobot/install/cobot_control/share/cobot_control/hook/ament_prefix_path.ps1'
[0.624s] [34mcolcon.colcon_core.shell[0m [1;30mINFO[0m Creating environment descriptor '/home/brian/Projects/Cobot/ros2_cobot/install/cobot_control/share/cobot_control/hook/ament_prefix_path.dsv'
[0.624s] [34mcolcon.colcon_core.shell[0m [1;30mINFO[0m Creating environment hook '/home/brian/Projects/Cobot/ros2_cobot/install/cobot_control/share/cobot_control/hook/ament_prefix_path.sh'
[0.624s] [34mcolcon.colcon_core.shell[0m [1;30mINFO[0m Skip shell extension 'powershell' for command environment: Not usable outside of PowerShell
[0.624s] [34mcolcon.colcon_core.shell[0m [1;30mDEBUG[0m [32mSkip shell extension 'dsv' for command environment[0m
[0.626s] [34mcolcon.colcon_ros.task.ament_python.build[0m [1;30mINFO[0m Building ROS package in '/home/brian/Projects/Cobot/ros2_cobot/src/cobot_perception' with build type 'ament_python'
[0.627s] [34mcolcon.colcon_core.shell[0m [1;30mLevel 1[0m create_environment_hook('cobot_perception', 'ament_prefix_path')
[0.627s] [34mcolcon.colcon_core.shell[0m [1;30mINFO[0m Creating environment hook '/home/brian/Projects/Cobot/ros2_cobot/install/cobot_perception/share/cobot_perception/hook/ament_prefix_path.ps1'
[0.627s] [34mcolcon.colcon_core.shell[0m [1;30mINFO[0m Creating environment descriptor '/home/brian/Projects/Cobot/ros2_cobot/install/cobot_perception/share/cobot_perception/hook/ament_prefix_path.dsv'
[0.627s] [34mcolcon.colcon_core.shell[0m [1;30mINFO[0m Creating environment hook '/home/brian/Projects/Cobot/ros2_cobot/install/cobot_perception/share/cobot_perception/hook/ament_prefix_path.sh'
[0.628s] [34mcolcon.colcon_core.shell[0m [1;30mINFO[0m Skip shell extension 'powershell' for command environment: Not usable outside of PowerShell
[0.628s] [34mcolcon.colcon_core.shell[0m [1;30mDEBUG[0m [32mSkip shell extension 'dsv' for command environment[0m
[0.835s] [34mcolcon.colcon_core.task.python.build[0m [1;30mINFO[0m Building Python package in '/home/brian/Projects/Cobot/ros2_cobot/src/cobot_control'
[0.835s] [34mcolcon.colcon_core.shell[0m [1;30mINFO[0m Skip shell extension 'powershell' for command environment: Not usable outside of PowerShell
[0.836s] [34mcolcon.colcon_core.shell[0m [1;30mDEBUG[0m [32mSkip shell extension 'dsv' for command environment[0m
[1.021s] [34mcolcon.colcon_core.task.python.build[0m [1;30mINFO[0m Building Python package in '/home/brian/Projects/Cobot/ros2_cobot/src/cobot_perception'
[1.021s] [34mcolcon.colcon_core.shell[0m [1;30mINFO[0m Skip shell extension 'powershell' for command environment: Not usable outside of PowerShell
[1.021s] [34mcolcon.colcon_core.shell[0m [1;30mDEBUG[0m [32mSkip shell extension 'dsv' for command environment[0m
[1.263s] [34mcolcon.colcon_core.event_handler.log_command[0m [1;30mDEBUG[0m [32mInvoking command in '/home/brian/Projects/Cobot/ros2_cobot/src/cobot_control': CONDA_PROMPT_MODIFIER=(base) PYTHONPATH=/home/brian/Projects/Cobot/ros2_cobot/build/cobot_control/prefix_override:/usr/lib/python3/dist-packages/colcon_core/task/python/colcon_distutils_commands:/home/brian/Projects/Cobot/ros2_cobot/install/cobot_control/lib/python3.10/site-packages:${PYTHONPATH} /usr/bin/python3 -W ignore:setup.py install is deprecated -W ignore:easy_install command is deprecated setup.py egg_info --egg-base ../../build/cobot_control build --build-base /home/brian/Projects/Cobot/ros2_cobot/build/cobot_control/build install --record /home/brian/Projects/Cobot/ros2_cobot/build/cobot_control/install.log --single-version-externally-managed install_data[0m
[1.264s] [34mcolcon.colcon_core.event_handler.log_command[0m [1;30mDEBUG[0m [32mInvoking command in '/home/brian/Projects/Cobot/ros2_cobot/src/cobot_perception': CONDA_PROMPT_MODIFIER=(base) PYTHONPATH=/home/brian/Projects/Cobot/ros2_cobot/build/cobot_perception/prefix_override:/usr/lib/python3/dist-packages/colcon_core/task/python/colcon_distutils_commands:/home/brian/Projects/Cobot/ros2_cobot/install/cobot_perception/lib/python3.10/site-packages:${PYTHONPATH} /usr/bin/python3 -W ignore:setup.py install is deprecated -W ignore:easy_install command is deprecated setup.py egg_info --egg-base ../../build/cobot_perception build --build-base /home/brian/Projects/Cobot/ros2_cobot/build/cobot_perception/build install --record /home/brian/Projects/Cobot/ros2_cobot/build/cobot_perception/install.log --single-version-externally-managed install_data[0m
[1.472s] [34mcolcon.colcon_core.environment[0m [1;30mLevel 1[0m checking '/home/brian/Projects/Cobot/ros2_cobot/install/cobot_perception' for CMake module files
[1.473s] [34mcolcon.colcon_core.event_handler.log_command[0m [1;30mDEBUG[0m [32mInvoked command in '/home/brian/Projects/Cobot/ros2_cobot/src/cobot_perception' returned '0': CONDA_PROMPT_MODIFIER=(base) PYTHONPATH=/home/brian/Projects/Cobot/ros2_cobot/build/cobot_perception/prefix_override:/usr/lib/python3/dist-packages/colcon_core/task/python/colcon_distutils_commands:/home/brian/Projects/Cobot/ros2_cobot/install/cobot_perception/lib/python3.10/site-packages:${PYTHONPATH} /usr/bin/python3 -W ignore:setup.py install is deprecated -W ignore:easy_install command is deprecated setup.py egg_info --egg-base ../../build/cobot_perception build --build-base /home/brian/Projects/Cobot/ros2_cobot/build/cobot_perception/build install --record /home/brian/Projects/Cobot/ros2_cobot/build/cobot_perception/install.log --single-version-externally-managed install_data[0m
[1.473s] [34mcolcon.colcon_core.environment[0m [1;30mLevel 1[0m checking '/home/brian/Projects/Cobot/ros2_cobot/install/cobot_perception' for CMake config files
[1.473s] [34mcolcon.colcon_core.environment[0m [1;30mLevel 1[0m checking '/home/brian/Projects/Cobot/ros2_cobot/install/cobot_perception/lib'
[1.473s] [34mcolcon.colcon_core.environment[0m [1;30mLevel 1[0m checking '/home/brian/Projects/Cobot/ros2_cobot/install/cobot_perception/bin'
[1.474s] [34mcolcon.colcon_core.environment[0m [1;30mLevel 1[0m checking '/home/brian/Projects/Cobot/ros2_cobot/install/cobot_perception/lib/pkgconfig/cobot_perception.pc'
[1.474s] [34mcolcon.colcon_core.environment[0m [1;30mLevel 1[0m checking '/home/brian/Projects/Cobot/ros2_cobot/install/cobot_perception/lib/python3.10/site-packages'
[1.474s] [34mcolcon.colcon_core.shell[0m [1;30mLevel 1[0m create_environment_hook('cobot_perception', 'pythonpath')
[1.474s] [34mcolcon.colcon_core.shell[0m [1;30mINFO[0m Creating environment hook '/home/brian/Projects/Cobot/ros2_cobot/install/cobot_perception/share/cobot_perception/hook/pythonpath.ps1'
[1.474s] [34mcolcon.colcon_core.shell[0m [1;30mINFO[0m Creating environment descriptor '/home/brian/Projects/Cobot/ros2_cobot/install/cobot_perception/share/cobot_perception/hook/pythonpath.dsv'
[1.475s] [34mcolcon.colcon_core.shell[0m [1;30mINFO[0m Creating environment hook '/home/brian/Projects/Cobot/ros2_cobot/install/cobot_perception/share/cobot_perception/hook/pythonpath.sh'
[1.475s] [34mcolcon.colcon_core.environment[0m [1;30mLevel 1[0m checking '/home/brian/Projects/Cobot/ros2_cobot/install/cobot_perception/bin'
[1.475s] [34mcolcon.colcon_core.environment[0m [1;30mLevel 1[0m create_environment_scripts_only(cobot_perception)
[1.475s] [34mcolcon.colcon_core.shell[0m [1;30mINFO[0m Creating package script '/home/brian/Projects/Cobot/ros2_cobot/install/cobot_perception/share/cobot_perception/package.ps1'
[1.476s] [34mcolcon.colcon_core.shell[0m [1;30mINFO[0m Creating package descriptor '/home/brian/Projects/Cobot/ros2_cobot/install/cobot_perception/share/cobot_perception/package.dsv'
[1.476s] [34mcolcon.colcon_core.shell[0m [1;30mINFO[0m Creating package script '/home/brian/Projects/Cobot/ros2_cobot/install/cobot_perception/share/cobot_perception/package.sh'
[1.477s] [34mcolcon.colcon_core.shell[0m [1;30mINFO[0m Creating package script '/home/brian/Projects/Cobot/ros2_cobot/install/cobot_perception/share/cobot_perception/package.bash'
[1.477s] [34mcolcon.colcon_core.shell[0m [1;30mINFO[0m Creating package script '/home/brian/Projects/Cobot/ros2_cobot/install/cobot_perception/share/cobot_perception/package.zsh'
[1.477s] [34mcolcon.colcon_core.environment[0m [1;30mLevel 1[0m create_file_with_runtime_dependencies(/home/brian/Projects/Cobot/ros2_cobot/install/cobot_perception/share/colcon-core/packages/cobot_perception)
[1.478s] [34mcolcon.colcon_core.environment[0m [1;30mLevel 1[0m checking '/home/brian/Projects/Cobot/ros2_cobot/install/cobot_control' for CMake module files
[1.478s] [34mcolcon.colcon_core.event_handler.log_command[0m [1;30mDEBUG[0m [32mInvoked command in '/home/brian/Projects/Cobot/ros2_cobot/src/cobot_control' returned '0': CONDA_PROMPT_MODIFIER=(base) PYTHONPATH=/home/brian/Projects/Cobot/ros2_cobot/build/cobot_control/prefix_override:/usr/lib/python3/dist-packages/colcon_core/task/python/colcon_distutils_commands:/home/brian/Projects/Cobot/ros2_cobot/install/cobot_control/lib/python3.10/site-packages:${PYTHONPATH} /usr/bin/python3 -W ignore:setup.py install is deprecated -W ignore:easy_install command is deprecated setup.py egg_info --egg-base ../../build/cobot_control build --build-base /home/brian/Projects/Cobot/ros2_cobot/build/cobot_control/build install --record /home/brian/Projects/Cobot/ros2_cobot/build/cobot_control/install.log --single-version-externally-managed install_data[0m
[1.479s] [34mcolcon.colcon_core.environment[0m [1;30mLevel 1[0m checking '/home/brian/Projects/Cobot/ros2_cobot/install/cobot_control' for CMake config files
[1.479s] [34mcolcon.colcon_core.environment[0m [1;30mLevel 1[0m checking '/home/brian/Projects/Cobot/ros2_cobot/install/cobot_control/lib'
[1.479s] [34mcolcon.colcon_core.environment[0m [1;30mLevel 1[0m checking '/home/brian/Projects/Cobot/ros2_cobot/install/cobot_control/bin'
[1.479s] [34mcolcon.colcon_core.environment[0m [1;30mLevel 1[0m checking '/home/brian/Projects/Cobot/ros2_cobot/install/cobot_control/lib/pkgconfig/cobot_control.pc'
[1.479s] [34mcolcon.colcon_core.environment[0m [1;30mLevel 1[0m checking '/home/brian/Projects/Cobot/ros2_cobot/install/cobot_control/lib/python3.10/site-packages'
[1.479s] [34mcolcon.colcon_core.shell[0m [1;30mLevel 1[0m create_environment_hook('cobot_control', 'pythonpath')
[1.480s] [34mcolcon.colcon_core.shell[0m [1;30mINFO[0m Creating environment hook '/home/brian/Projects/Cobot/ros2_cobot/install/cobot_control/share/cobot_control/hook/pythonpath.ps1'
[1.480s] [34mcolcon.colcon_core.shell[0m [1;30mINFO[0m Creating environment descriptor '/home/brian/Projects/Cobot/ros2_cobot/install/cobot_control/share/cobot_control/hook/pythonpath.dsv'
[1.480s] [34mcolcon.colcon_core.shell[0m [1;30mINFO[0m Creating environment hook '/home/brian/Projects/Cobot/ros2_cobot/install/cobot_control/share/cobot_control/hook/pythonpath.sh'
[1.481s] [34mcolcon.colcon_core.environment[0m [1;30mLevel 1[0m checking '/home/brian/Projects/Cobot/ros2_cobot/install/cobot_control/bin'
[1.481s] [34mcolcon.colcon_core.environment[0m [1;30mLevel 1[0m create_environment_scripts_only(cobot_control)
[1.481s] [34mcolcon.colcon_core.shell[0m [1;30mINFO[0m Creating package script '/home/brian/Projects/Cobot/ros2_cobot/install/cobot_control/share/cobot_control/package.ps1'
[1.481s] [34mcolcon.colcon_core.shell[0m [1;30mINFO[0m Creating package descriptor '/home/brian/Projects/Cobot/ros2_cobot/install/cobot_control/share/cobot_control/package.dsv'
[1.482s] [34mcolcon.colcon_core.shell[0m [1;30mINFO[0m Creating package script '/home/brian/Projects/Cobot/ros2_cobot/install/cobot_control/share/cobot_control/package.sh'
[1.482s] [34mcolcon.colcon_core.shell[0m [1;30mINFO[0m Creating package script '/home/brian/Projects/Cobot/ros2_cobot/install/cobot_control/share/cobot_control/package.bash'
[1.482s] [34mcolcon.colcon_core.shell[0m [1;30mINFO[0m Creating package script '/home/brian/Projects/Cobot/ros2_cobot/install/cobot_control/share/cobot_control/package.zsh'
[1.483s] [34mcolcon.colcon_core.environment[0m [1;30mLevel 1[0m create_file_with_runtime_dependencies(/home/brian/Projects/Cobot/ros2_cobot/install/cobot_control/share/colcon-core/packages/cobot_control)
[1.483s] [34mcolcon.colcon_parallel_executor.executor.parallel[0m [1;30mDEBUG[0m [32mclosing loop[0m
[1.483s] [34mcolcon.colcon_parallel_executor.executor.parallel[0m [1;30mDEBUG[0m [32mloop closed[0m
[1.483s] [34mcolcon.colcon_parallel_executor.executor.parallel[0m [1;30mDEBUG[0m [32mrun_until_complete finished with '0'[0m
[1.483s] [34mcolcon.colcon_core.event_reactor[0m [1;30mDEBUG[0m [32mjoining thread[0m
[1.487s] [34mcolcon.colcon_core.plugin_system[0m [1;30mINFO[0m Skipping extension 'colcon_notification.desktop_notification.terminal_notifier': Not used on non-Darwin systems
[1.487s] [34mcolcon.colcon_core.plugin_system[0m [1;30mINFO[0m Skipping extension 'colcon_notification.desktop_notification.win32': Not used on non-Windows systems
[1.487s] [34mcolcon.colcon_notification.desktop_notification[0m [1;30mINFO[0m Sending desktop notification using 'notify2'
[1.495s] [34mcolcon.colcon_core.event_reactor[0m [1;30mDEBUG[0m [32mjoined thread[0m
[1.496s] [34mcolcon.colcon_core.shell[0m [1;30mINFO[0m Creating prefix script '/home/brian/Projects/Cobot/ros2_cobot/install/local_setup.ps1'
[1.496s] [34mcolcon.colcon_core.shell[0m [1;30mINFO[0m Creating prefix util module '/home/brian/Projects/Cobot/ros2_cobot/install/_local_setup_util_ps1.py'
[1.497s] [34mcolcon.colcon_core.shell[0m [1;30mINFO[0m Creating prefix chain script '/home/brian/Projects/Cobot/ros2_cobot/install/setup.ps1'
[1.498s] [34mcolcon.colcon_core.shell[0m [1;30mINFO[0m Creating prefix script '/home/brian/Projects/Cobot/ros2_cobot/install/local_setup.sh'
[1.499s] [34mcolcon.colcon_core.shell[0m [1;30mINFO[0m Creating prefix util module '/home/brian/Projects/Cobot/ros2_cobot/install/_local_setup_util_sh.py'
[1.499s] [34mcolcon.colcon_core.shell[0m [1;30mINFO[0m Creating prefix chain script '/home/brian/Projects/Cobot/ros2_cobot/install/setup.sh'
[1.500s] [34mcolcon.colcon_core.shell[0m [1;30mINFO[0m Creating prefix script '/home/brian/Projects/Cobot/ros2_cobot/install/local_setup.bash'
[1.500s] [34mcolcon.colcon_core.shell[0m [1;30mINFO[0m Creating prefix chain script '/home/brian/Projects/Cobot/ros2_cobot/install/setup.bash'
[1.501s] [34mcolcon.colcon_core.shell[0m [1;30mINFO[0m Creating prefix script '/home/brian/Projects/Cobot/ros2_cobot/install/local_setup.zsh'
[1.502s] [34mcolcon.colcon_core.shell[0m [1;30mINFO[0m Creating prefix chain script '/home/brian/Projects/Cobot/ros2_cobot/install/setup.zsh'
