running egg_info
creating ../../build/cobot_control/cobot_control.egg-info
writing ../../build/cobot_control/cobot_control.egg-info/PKG-INFO
writing dependency_links to ../../build/cobot_control/cobot_control.egg-info/dependency_links.txt
writing entry points to ../../build/cobot_control/cobot_control.egg-info/entry_points.txt
writing requirements to ../../build/cobot_control/cobot_control.egg-info/requires.txt
writing top-level names to ../../build/cobot_control/cobot_control.egg-info/top_level.txt
writing manifest file '../../build/cobot_control/cobot_control.egg-info/SOURCES.txt'
reading manifest file '../../build/cobot_control/cobot_control.egg-info/SOURCES.txt'
writing manifest file '../../build/cobot_control/cobot_control.egg-info/SOURCES.txt'
running build
running build_py
creating /home/brian/Projects/Cobot/ros2_cobot/build/cobot_control/build
creating /home/brian/Projects/Cobot/ros2_cobot/build/cobot_control/build/lib
creating /home/brian/Projects/Cobot/ros2_cobot/build/cobot_control/build/lib/cobot_control
copying cobot_control/__init__.py -> /home/brian/Projects/Cobot/ros2_cobot/build/cobot_control/build/lib/cobot_control
running install
running install_lib
creating /home/brian/Projects/Cobot/ros2_cobot/install/cobot_control/lib/python3.10/site-packages/cobot_control
copying /home/brian/Projects/Cobot/ros2_cobot/build/cobot_control/build/lib/cobot_control/__init__.py -> /home/brian/Projects/Cobot/ros2_cobot/install/cobot_control/lib/python3.10/site-packages/cobot_control
byte-compiling /home/brian/Projects/Cobot/ros2_cobot/install/cobot_control/lib/python3.10/site-packages/cobot_control/__init__.py to __init__.cpython-310.pyc
running install_data
creating /home/brian/Projects/Cobot/ros2_cobot/install/cobot_control/share/ament_index
creating /home/brian/Projects/Cobot/ros2_cobot/install/cobot_control/share/ament_index/resource_index
creating /home/brian/Projects/Cobot/ros2_cobot/install/cobot_control/share/ament_index/resource_index/packages
copying resource/cobot_control -> /home/brian/Projects/Cobot/ros2_cobot/install/cobot_control/share/ament_index/resource_index/packages
copying package.xml -> /home/brian/Projects/Cobot/ros2_cobot/install/cobot_control/share/cobot_control
running install_egg_info
Copying ../../build/cobot_control/cobot_control.egg-info to /home/brian/Projects/Cobot/ros2_cobot/install/cobot_control/lib/python3.10/site-packages/cobot_control-0.0.0-py3.10.egg-info
running install_scripts
writing list of installed files to '/home/brian/Projects/Cobot/ros2_cobot/build/cobot_control/install.log'
