[1.112s] Invoking command in '/home/brian/Projects/Cobot/ros2_cobot/src/cobot_control': PYTHONPATH=/home/brian/Projects/Cobot/ros2_cobot/build/cobot_control/prefix_override:/usr/lib/python3/dist-packages/colcon_core/task/python/colcon_distutils_commands:/home/brian/Projects/Cobot/ros2_cobot/install/cobot_control/lib/python3.10/site-packages:${PYTHONPATH} /usr/bin/python3 -W ignore:setup.py install is deprecated -W ignore:easy_install command is deprecated setup.py egg_info --egg-base ../../build/cobot_control build --build-base /home/brian/Projects/Cobot/ros2_cobot/build/cobot_control/build install --record /home/brian/Projects/Cobot/ros2_cobot/build/cobot_control/install.log --single-version-externally-managed install_data
[1.271s] running egg_info
[1.272s] creating ../../build/cobot_control/cobot_control.egg-info
[1.272s] writing ../../build/cobot_control/cobot_control.egg-info/PKG-INFO
[1.272s] writing dependency_links to ../../build/cobot_control/cobot_control.egg-info/dependency_links.txt
[1.272s] writing entry points to ../../build/cobot_control/cobot_control.egg-info/entry_points.txt
[1.272s] writing requirements to ../../build/cobot_control/cobot_control.egg-info/requires.txt
[1.272s] writing top-level names to ../../build/cobot_control/cobot_control.egg-info/top_level.txt
[1.272s] writing manifest file '../../build/cobot_control/cobot_control.egg-info/SOURCES.txt'
[1.273s] reading manifest file '../../build/cobot_control/cobot_control.egg-info/SOURCES.txt'
[1.274s] writing manifest file '../../build/cobot_control/cobot_control.egg-info/SOURCES.txt'
[1.274s] running build
[1.274s] running build_py
[1.274s] creating /home/brian/Projects/Cobot/ros2_cobot/build/cobot_control/build
[1.274s] creating /home/brian/Projects/Cobot/ros2_cobot/build/cobot_control/build/lib
[1.274s] creating /home/brian/Projects/Cobot/ros2_cobot/build/cobot_control/build/lib/cobot_control
[1.274s] copying cobot_control/__init__.py -> /home/brian/Projects/Cobot/ros2_cobot/build/cobot_control/build/lib/cobot_control
[1.274s] running install
[1.274s] running install_lib
[1.275s] creating /home/brian/Projects/Cobot/ros2_cobot/install/cobot_control/lib/python3.10/site-packages/cobot_control
[1.275s] copying /home/brian/Projects/Cobot/ros2_cobot/build/cobot_control/build/lib/cobot_control/__init__.py -> /home/brian/Projects/Cobot/ros2_cobot/install/cobot_control/lib/python3.10/site-packages/cobot_control
[1.275s] byte-compiling /home/brian/Projects/Cobot/ros2_cobot/install/cobot_control/lib/python3.10/site-packages/cobot_control/__init__.py to __init__.cpython-310.pyc
[1.275s] running install_data
[1.276s] creating /home/brian/Projects/Cobot/ros2_cobot/install/cobot_control/share/ament_index
[1.276s] creating /home/brian/Projects/Cobot/ros2_cobot/install/cobot_control/share/ament_index/resource_index
[1.276s] creating /home/brian/Projects/Cobot/ros2_cobot/install/cobot_control/share/ament_index/resource_index/packages
[1.276s] copying resource/cobot_control -> /home/brian/Projects/Cobot/ros2_cobot/install/cobot_control/share/ament_index/resource_index/packages
[1.276s] copying package.xml -> /home/brian/Projects/Cobot/ros2_cobot/install/cobot_control/share/cobot_control
[1.276s] running install_egg_info
[1.277s] Copying ../../build/cobot_control/cobot_control.egg-info to /home/brian/Projects/Cobot/ros2_cobot/install/cobot_control/lib/python3.10/site-packages/cobot_control-0.0.0-py3.10.egg-info
[1.278s] running install_scripts
[1.292s] writing list of installed files to '/home/brian/Projects/Cobot/ros2_cobot/build/cobot_control/install.log'
[1.308s] Invoked command in '/home/brian/Projects/Cobot/ros2_cobot/src/cobot_control' returned '0': PYTHONPATH=/home/brian/Projects/Cobot/ros2_cobot/build/cobot_control/prefix_override:/usr/lib/python3/dist-packages/colcon_core/task/python/colcon_distutils_commands:/home/brian/Projects/Cobot/ros2_cobot/install/cobot_control/lib/python3.10/site-packages:${PYTHONPATH} /usr/bin/python3 -W ignore:setup.py install is deprecated -W ignore:easy_install command is deprecated setup.py egg_info --egg-base ../../build/cobot_control build --build-base /home/brian/Projects/Cobot/ros2_cobot/build/cobot_control/build install --record /home/brian/Projects/Cobot/ros2_cobot/build/cobot_control/install.log --single-version-externally-managed install_data
