[1.021s] Invoking command in '/home/brian/Projects/Cobot/ros2_cobot/src/cobot_control': AMENT_PREFIX_PATH=/home/brian/Projects/Cobot/ros2_cobot/install/cobot_interfaces:${AMENT_PREFIX_PATH} CMAKE_PREFIX_PATH=/home/brian/Projects/Cobot/ros2_cobot/install/cobot_interfaces CONDA_PROMPT_MODIFIER=(base) LD_LIBRARY_PATH=/home/brian/Projects/Cobot/ros2_cobot/install/cobot_interfaces/lib:${LD_LIBRARY_PATH} PYTHONPATH=/home/brian/Projects/Cobot/ros2_cobot/build/cobot_control/prefix_override:/usr/lib/python3/dist-packages/colcon_core/task/python/colcon_distutils_commands:/home/brian/Projects/Cobot/ros2_cobot/install/cobot_control/lib/python3.10/site-packages:/home/brian/Projects/Cobot/ros2_cobot/install/cobot_interfaces/lib/python3.13/site-packages:${PYTHONPATH} /usr/bin/python3 -W ignore:setup.py install is deprecated -W ignore:easy_install command is deprecated setup.py egg_info --egg-base ../../build/cobot_control build --build-base /home/brian/Projects/Cobot/ros2_cobot/build/cobot_control/build install --record /home/brian/Projects/Cobot/ros2_cobot/build/cobot_control/install.log --single-version-externally-managed install_data
[1.184s] running egg_info
[1.184s] writing ../../build/cobot_control/cobot_control.egg-info/PKG-INFO
[1.184s] writing dependency_links to ../../build/cobot_control/cobot_control.egg-info/dependency_links.txt
[1.184s] writing entry points to ../../build/cobot_control/cobot_control.egg-info/entry_points.txt
[1.184s] writing requirements to ../../build/cobot_control/cobot_control.egg-info/requires.txt
[1.184s] writing top-level names to ../../build/cobot_control/cobot_control.egg-info/top_level.txt
[1.186s] reading manifest file '../../build/cobot_control/cobot_control.egg-info/SOURCES.txt'
[1.187s] writing manifest file '../../build/cobot_control/cobot_control.egg-info/SOURCES.txt'
[1.187s] running build
[1.187s] running build_py
[1.188s] running install
[1.188s] running install_lib
[1.190s] running install_data
[1.190s] running install_egg_info
[1.191s] removing '/home/brian/Projects/Cobot/ros2_cobot/install/cobot_control/lib/python3.10/site-packages/cobot_control-0.0.0-py3.10.egg-info' (and everything under it)
[1.192s] Copying ../../build/cobot_control/cobot_control.egg-info to /home/brian/Projects/Cobot/ros2_cobot/install/cobot_control/lib/python3.10/site-packages/cobot_control-0.0.0-py3.10.egg-info
[1.192s] running install_scripts
[1.207s] Installing cobot script to /home/brian/Projects/Cobot/ros2_cobot/install/cobot_control/lib/cobot_control
[1.207s] writing list of installed files to '/home/brian/Projects/Cobot/ros2_cobot/build/cobot_control/install.log'
[1.225s] Invoked command in '/home/brian/Projects/Cobot/ros2_cobot/src/cobot_control' returned '0': AMENT_PREFIX_PATH=/home/brian/Projects/Cobot/ros2_cobot/install/cobot_interfaces:${AMENT_PREFIX_PATH} CMAKE_PREFIX_PATH=/home/brian/Projects/Cobot/ros2_cobot/install/cobot_interfaces CONDA_PROMPT_MODIFIER=(base) LD_LIBRARY_PATH=/home/brian/Projects/Cobot/ros2_cobot/install/cobot_interfaces/lib:${LD_LIBRARY_PATH} PYTHONPATH=/home/brian/Projects/Cobot/ros2_cobot/build/cobot_control/prefix_override:/usr/lib/python3/dist-packages/colcon_core/task/python/colcon_distutils_commands:/home/brian/Projects/Cobot/ros2_cobot/install/cobot_control/lib/python3.10/site-packages:/home/brian/Projects/Cobot/ros2_cobot/install/cobot_interfaces/lib/python3.13/site-packages:${PYTHONPATH} /usr/bin/python3 -W ignore:setup.py install is deprecated -W ignore:easy_install command is deprecated setup.py egg_info --egg-base ../../build/cobot_control build --build-base /home/brian/Projects/Cobot/ros2_cobot/build/cobot_control/build install --record /home/brian/Projects/Cobot/ros2_cobot/build/cobot_control/install.log --single-version-externally-managed install_data
