[0.074s] DEBUG:colcon:Command line arguments: ['/usr/bin/colcon', 'build']
[0.074s] DEBUG:colcon:Parsed command line arguments: Namespace(log_base=None, log_level=None, verb_name='build', build_base='build', install_base='install', merge_install=False, symlink_install=False, test_result_base=None, continue_on_error=False, executor='parallel', parallel_workers=16, event_handlers=None, ignore_user_meta=False, metas=['./colcon.meta'], base_paths=['.'], packages_ignore=None, packages_ignore_regex=None, paths=None, packages_up_to=None, packages_up_to_regex=None, packages_above=None, packages_above_and_dependencies=None, packages_above_depth=None, packages_select_by_dep=None, packages_skip_by_dep=None, packages_skip_up_to=None, packages_select_build_failed=False, packages_skip_build_finished=False, packages_select_test_failures=False, packages_skip_test_passed=False, packages_select=None, packages_skip=None, packages_select_regex=None, packages_skip_regex=None, packages_start=None, packages_end=None, allow_overriding=[], cmake_args=None, cmake_target=None, cmake_target_skip_unavailable=False, cmake_clean_cache=False, cmake_clean_first=False, cmake_force_configure=False, ament_cmake_args=None, catkin_cmake_args=None, catkin_skip_building_tests=False, verb_parser=<colcon_defaults.argument_parser.defaults.DefaultArgumentsDecorator object at 0x76caf113b4f0>, verb_extension=<colcon_core.verb.build.BuildVerb object at 0x76caf113b010>, main=<bound method BuildVerb.main of <colcon_core.verb.build.BuildVerb object at 0x76caf113b010>>)
[0.186s] Level 1:colcon.colcon_core.package_discovery:discover_packages(colcon_meta) check parameters
[0.186s] Level 1:colcon.colcon_core.package_discovery:discover_packages(recursive) check parameters
[0.186s] Level 1:colcon.colcon_core.package_discovery:discover_packages(ignore) check parameters
[0.186s] Level 1:colcon.colcon_core.package_discovery:discover_packages(path) check parameters
[0.186s] Level 1:colcon.colcon_core.package_discovery:discover_packages(colcon_meta) discover
[0.186s] Level 1:colcon.colcon_core.package_discovery:discover_packages(recursive) discover
[0.186s] INFO:colcon.colcon_core.package_discovery:Crawling recursively for packages in '/home/brian/Projects/Cobot/ros2_cobot'
[0.187s] Level 1:colcon.colcon_core.package_identification:_identify(.) by extensions ['ignore', 'ignore_ament_install']
[0.187s] Level 1:colcon.colcon_core.package_identification:_identify(.) by extension 'ignore'
[0.187s] Level 1:colcon.colcon_core.package_identification:_identify(.) by extension 'ignore_ament_install'
[0.187s] Level 1:colcon.colcon_core.package_identification:_identify(.) by extensions ['colcon_pkg']
[0.187s] Level 1:colcon.colcon_core.package_identification:_identify(.) by extension 'colcon_pkg'
[0.187s] Level 1:colcon.colcon_core.package_identification:_identify(.) by extensions ['colcon_meta']
[0.187s] Level 1:colcon.colcon_core.package_identification:_identify(.) by extension 'colcon_meta'
[0.187s] Level 1:colcon.colcon_core.package_identification:_identify(.) by extensions ['ros']
[0.187s] Level 1:colcon.colcon_core.package_identification:_identify(.) by extension 'ros'
[0.212s] Level 1:colcon.colcon_core.package_identification:_identify(.) by extensions ['cmake', 'python']
[0.212s] Level 1:colcon.colcon_core.package_identification:_identify(.) by extension 'cmake'
[0.212s] Level 1:colcon.colcon_core.package_identification:_identify(.) by extension 'python'
[0.212s] Level 1:colcon.colcon_core.package_identification:_identify(.) by extensions ['python_setup_py']
[0.213s] Level 1:colcon.colcon_core.package_identification:_identify(.) by extension 'python_setup_py'
[0.213s] Level 1:colcon.colcon_core.package_identification:_identify(build) by extensions ['ignore', 'ignore_ament_install']
[0.213s] Level 1:colcon.colcon_core.package_identification:_identify(build) by extension 'ignore'
[0.213s] Level 1:colcon.colcon_core.package_identification:_identify(build) ignored
[0.213s] Level 1:colcon.colcon_core.package_identification:_identify(install) by extensions ['ignore', 'ignore_ament_install']
[0.213s] Level 1:colcon.colcon_core.package_identification:_identify(install) by extension 'ignore'
[0.213s] Level 1:colcon.colcon_core.package_identification:_identify(install) ignored
[0.213s] Level 1:colcon.colcon_core.package_identification:_identify(isaacLab) by extensions ['ignore', 'ignore_ament_install']
[0.213s] Level 1:colcon.colcon_core.package_identification:_identify(isaacLab) by extension 'ignore'
[0.213s] Level 1:colcon.colcon_core.package_identification:_identify(isaacLab) by extension 'ignore_ament_install'
[0.213s] Level 1:colcon.colcon_core.package_identification:_identify(isaacLab) by extensions ['colcon_pkg']
[0.213s] Level 1:colcon.colcon_core.package_identification:_identify(isaacLab) by extension 'colcon_pkg'
[0.213s] Level 1:colcon.colcon_core.package_identification:_identify(isaacLab) by extensions ['colcon_meta']
[0.213s] Level 1:colcon.colcon_core.package_identification:_identify(isaacLab) by extension 'colcon_meta'
[0.213s] Level 1:colcon.colcon_core.package_identification:_identify(isaacLab) by extensions ['ros']
[0.213s] Level 1:colcon.colcon_core.package_identification:_identify(isaacLab) by extension 'ros'
[0.214s] Level 1:colcon.colcon_core.package_identification:_identify(isaacLab) by extensions ['cmake', 'python']
[0.214s] Level 1:colcon.colcon_core.package_identification:_identify(isaacLab) by extension 'cmake'
[0.214s] Level 1:colcon.colcon_core.package_identification:_identify(isaacLab) by extension 'python'
[0.214s] Level 1:colcon.colcon_core.package_identification:_identify(isaacLab) by extensions ['python_setup_py']
[0.214s] Level 1:colcon.colcon_core.package_identification:_identify(isaacLab) by extension 'python_setup_py'
[0.214s] Level 1:colcon.colcon_core.package_identification:_identify(isaacLab/runs) by extensions ['ignore', 'ignore_ament_install']
[0.214s] Level 1:colcon.colcon_core.package_identification:_identify(isaacLab/runs) by extension 'ignore'
[0.214s] Level 1:colcon.colcon_core.package_identification:_identify(isaacLab/runs) by extension 'ignore_ament_install'
[0.214s] Level 1:colcon.colcon_core.package_identification:_identify(isaacLab/runs) by extensions ['colcon_pkg']
[0.214s] Level 1:colcon.colcon_core.package_identification:_identify(isaacLab/runs) by extension 'colcon_pkg'
[0.214s] Level 1:colcon.colcon_core.package_identification:_identify(isaacLab/runs) by extensions ['colcon_meta']
[0.214s] Level 1:colcon.colcon_core.package_identification:_identify(isaacLab/runs) by extension 'colcon_meta'
[0.214s] Level 1:colcon.colcon_core.package_identification:_identify(isaacLab/runs) by extensions ['ros']
[0.214s] Level 1:colcon.colcon_core.package_identification:_identify(isaacLab/runs) by extension 'ros'
[0.214s] Level 1:colcon.colcon_core.package_identification:_identify(isaacLab/runs) by extensions ['cmake', 'python']
[0.214s] Level 1:colcon.colcon_core.package_identification:_identify(isaacLab/runs) by extension 'cmake'
[0.214s] Level 1:colcon.colcon_core.package_identification:_identify(isaacLab/runs) by extension 'python'
[0.214s] Level 1:colcon.colcon_core.package_identification:_identify(isaacLab/runs) by extensions ['python_setup_py']
[0.214s] Level 1:colcon.colcon_core.package_identification:_identify(isaacLab/runs) by extension 'python_setup_py'
[0.214s] Level 1:colcon.colcon_core.package_identification:_identify(isaacLab/runs/Saves) by extensions ['ignore', 'ignore_ament_install']
[0.214s] Level 1:colcon.colcon_core.package_identification:_identify(isaacLab/runs/Saves) by extension 'ignore'
[0.214s] Level 1:colcon.colcon_core.package_identification:_identify(isaacLab/runs/Saves) by extension 'ignore_ament_install'
[0.214s] Level 1:colcon.colcon_core.package_identification:_identify(isaacLab/runs/Saves) by extensions ['colcon_pkg']
[0.214s] Level 1:colcon.colcon_core.package_identification:_identify(isaacLab/runs/Saves) by extension 'colcon_pkg'
[0.215s] Level 1:colcon.colcon_core.package_identification:_identify(isaacLab/runs/Saves) by extensions ['colcon_meta']
[0.215s] Level 1:colcon.colcon_core.package_identification:_identify(isaacLab/runs/Saves) by extension 'colcon_meta'
[0.215s] Level 1:colcon.colcon_core.package_identification:_identify(isaacLab/runs/Saves) by extensions ['ros']
[0.215s] Level 1:colcon.colcon_core.package_identification:_identify(isaacLab/runs/Saves) by extension 'ros'
[0.215s] Level 1:colcon.colcon_core.package_identification:_identify(isaacLab/runs/Saves) by extensions ['cmake', 'python']
[0.215s] Level 1:colcon.colcon_core.package_identification:_identify(isaacLab/runs/Saves) by extension 'cmake'
[0.215s] Level 1:colcon.colcon_core.package_identification:_identify(isaacLab/runs/Saves) by extension 'python'
[0.215s] Level 1:colcon.colcon_core.package_identification:_identify(isaacLab/runs/Saves) by extensions ['python_setup_py']
[0.215s] Level 1:colcon.colcon_core.package_identification:_identify(isaacLab/runs/Saves) by extension 'python_setup_py'
[0.215s] Level 1:colcon.colcon_core.package_identification:_identify(isaacLab/runs/Saves/Dance) by extensions ['ignore', 'ignore_ament_install']
[0.215s] Level 1:colcon.colcon_core.package_identification:_identify(isaacLab/runs/Saves/Dance) by extension 'ignore'
[0.215s] Level 1:colcon.colcon_core.package_identification:_identify(isaacLab/runs/Saves/Dance) by extension 'ignore_ament_install'
[0.215s] Level 1:colcon.colcon_core.package_identification:_identify(isaacLab/runs/Saves/Dance) by extensions ['colcon_pkg']
[0.215s] Level 1:colcon.colcon_core.package_identification:_identify(isaacLab/runs/Saves/Dance) by extension 'colcon_pkg'
[0.215s] Level 1:colcon.colcon_core.package_identification:_identify(isaacLab/runs/Saves/Dance) by extensions ['colcon_meta']
[0.215s] Level 1:colcon.colcon_core.package_identification:_identify(isaacLab/runs/Saves/Dance) by extension 'colcon_meta'
[0.215s] Level 1:colcon.colcon_core.package_identification:_identify(isaacLab/runs/Saves/Dance) by extensions ['ros']
[0.215s] Level 1:colcon.colcon_core.package_identification:_identify(isaacLab/runs/Saves/Dance) by extension 'ros'
[0.215s] Level 1:colcon.colcon_core.package_identification:_identify(isaacLab/runs/Saves/Dance) by extensions ['cmake', 'python']
[0.215s] Level 1:colcon.colcon_core.package_identification:_identify(isaacLab/runs/Saves/Dance) by extension 'cmake'
[0.215s] Level 1:colcon.colcon_core.package_identification:_identify(isaacLab/runs/Saves/Dance) by extension 'python'
[0.215s] Level 1:colcon.colcon_core.package_identification:_identify(isaacLab/runs/Saves/Dance) by extensions ['python_setup_py']
[0.215s] Level 1:colcon.colcon_core.package_identification:_identify(isaacLab/runs/Saves/Dance) by extension 'python_setup_py'
[0.216s] Level 1:colcon.colcon_core.package_identification:_identify(isaacLab/runs/cobot) by extensions ['ignore', 'ignore_ament_install']
[0.216s] Level 1:colcon.colcon_core.package_identification:_identify(isaacLab/runs/cobot) by extension 'ignore'
[0.216s] Level 1:colcon.colcon_core.package_identification:_identify(isaacLab/runs/cobot) by extension 'ignore_ament_install'
[0.216s] Level 1:colcon.colcon_core.package_identification:_identify(isaacLab/runs/cobot) by extensions ['colcon_pkg']
[0.216s] Level 1:colcon.colcon_core.package_identification:_identify(isaacLab/runs/cobot) by extension 'colcon_pkg'
[0.216s] Level 1:colcon.colcon_core.package_identification:_identify(isaacLab/runs/cobot) by extensions ['colcon_meta']
[0.216s] Level 1:colcon.colcon_core.package_identification:_identify(isaacLab/runs/cobot) by extension 'colcon_meta'
[0.216s] Level 1:colcon.colcon_core.package_identification:_identify(isaacLab/runs/cobot) by extensions ['ros']
[0.216s] Level 1:colcon.colcon_core.package_identification:_identify(isaacLab/runs/cobot) by extension 'ros'
[0.216s] Level 1:colcon.colcon_core.package_identification:_identify(isaacLab/runs/cobot) by extensions ['cmake', 'python']
[0.216s] Level 1:colcon.colcon_core.package_identification:_identify(isaacLab/runs/cobot) by extension 'cmake'
[0.216s] Level 1:colcon.colcon_core.package_identification:_identify(isaacLab/runs/cobot) by extension 'python'
[0.216s] Level 1:colcon.colcon_core.package_identification:_identify(isaacLab/runs/cobot) by extensions ['python_setup_py']
[0.216s] Level 1:colcon.colcon_core.package_identification:_identify(isaacLab/runs/cobot) by extension 'python_setup_py'
[0.216s] Level 1:colcon.colcon_core.package_identification:_identify(isaacLab/runs/cobot/26-06-28_20-01-51-350802_PPO) by extensions ['ignore', 'ignore_ament_install']
[0.216s] Level 1:colcon.colcon_core.package_identification:_identify(isaacLab/runs/cobot/26-06-28_20-01-51-350802_PPO) by extension 'ignore'
[0.216s] Level 1:colcon.colcon_core.package_identification:_identify(isaacLab/runs/cobot/26-06-28_20-01-51-350802_PPO) by extension 'ignore_ament_install'
[0.216s] Level 1:colcon.colcon_core.package_identification:_identify(isaacLab/runs/cobot/26-06-28_20-01-51-350802_PPO) by extensions ['colcon_pkg']
[0.216s] Level 1:colcon.colcon_core.package_identification:_identify(isaacLab/runs/cobot/26-06-28_20-01-51-350802_PPO) by extension 'colcon_pkg'
[0.216s] Level 1:colcon.colcon_core.package_identification:_identify(isaacLab/runs/cobot/26-06-28_20-01-51-350802_PPO) by extensions ['colcon_meta']
[0.216s] Level 1:colcon.colcon_core.package_identification:_identify(isaacLab/runs/cobot/26-06-28_20-01-51-350802_PPO) by extension 'colcon_meta'
[0.216s] Level 1:colcon.colcon_core.package_identification:_identify(isaacLab/runs/cobot/26-06-28_20-01-51-350802_PPO) by extensions ['ros']
[0.216s] Level 1:colcon.colcon_core.package_identification:_identify(isaacLab/runs/cobot/26-06-28_20-01-51-350802_PPO) by extension 'ros'
[0.216s] Level 1:colcon.colcon_core.package_identification:_identify(isaacLab/runs/cobot/26-06-28_20-01-51-350802_PPO) by extensions ['cmake', 'python']
[0.217s] Level 1:colcon.colcon_core.package_identification:_identify(isaacLab/runs/cobot/26-06-28_20-01-51-350802_PPO) by extension 'cmake'
[0.217s] Level 1:colcon.colcon_core.package_identification:_identify(isaacLab/runs/cobot/26-06-28_20-01-51-350802_PPO) by extension 'python'
[0.217s] Level 1:colcon.colcon_core.package_identification:_identify(isaacLab/runs/cobot/26-06-28_20-01-51-350802_PPO) by extensions ['python_setup_py']
[0.217s] Level 1:colcon.colcon_core.package_identification:_identify(isaacLab/runs/cobot/26-06-28_20-01-51-350802_PPO) by extension 'python_setup_py'
[0.217s] Level 1:colcon.colcon_core.package_identification:_identify(isaacLab/runs/cobot/26-06-28_20-01-51-350802_PPO/checkpoints) by extensions ['ignore', 'ignore_ament_install']
[0.217s] Level 1:colcon.colcon_core.package_identification:_identify(isaacLab/runs/cobot/26-06-28_20-01-51-350802_PPO/checkpoints) by extension 'ignore'
[0.217s] Level 1:colcon.colcon_core.package_identification:_identify(isaacLab/runs/cobot/26-06-28_20-01-51-350802_PPO/checkpoints) by extension 'ignore_ament_install'
[0.217s] Level 1:colcon.colcon_core.package_identification:_identify(isaacLab/runs/cobot/26-06-28_20-01-51-350802_PPO/checkpoints) by extensions ['colcon_pkg']
[0.217s] Level 1:colcon.colcon_core.package_identification:_identify(isaacLab/runs/cobot/26-06-28_20-01-51-350802_PPO/checkpoints) by extension 'colcon_pkg'
[0.217s] Level 1:colcon.colcon_core.package_identification:_identify(isaacLab/runs/cobot/26-06-28_20-01-51-350802_PPO/checkpoints) by extensions ['colcon_meta']
[0.217s] Level 1:colcon.colcon_core.package_identification:_identify(isaacLab/runs/cobot/26-06-28_20-01-51-350802_PPO/checkpoints) by extension 'colcon_meta'
[0.217s] Level 1:colcon.colcon_core.package_identification:_identify(isaacLab/runs/cobot/26-06-28_20-01-51-350802_PPO/checkpoints) by extensions ['ros']
[0.217s] Level 1:colcon.colcon_core.package_identification:_identify(isaacLab/runs/cobot/26-06-28_20-01-51-350802_PPO/checkpoints) by extension 'ros'
[0.217s] Level 1:colcon.colcon_core.package_identification:_identify(isaacLab/runs/cobot/26-06-28_20-01-51-350802_PPO/checkpoints) by extensions ['cmake', 'python']
[0.217s] Level 1:colcon.colcon_core.package_identification:_identify(isaacLab/runs/cobot/26-06-28_20-01-51-350802_PPO/checkpoints) by extension 'cmake'
[0.217s] Level 1:colcon.colcon_core.package_identification:_identify(isaacLab/runs/cobot/26-06-28_20-01-51-350802_PPO/checkpoints) by extension 'python'
[0.217s] Level 1:colcon.colcon_core.package_identification:_identify(isaacLab/runs/cobot/26-06-28_20-01-51-350802_PPO/checkpoints) by extensions ['python_setup_py']
[0.217s] Level 1:colcon.colcon_core.package_identification:_identify(isaacLab/runs/cobot/26-06-28_20-01-51-350802_PPO/checkpoints) by extension 'python_setup_py'
[0.217s] Level 1:colcon.colcon_core.package_identification:_identify(isaacLab/runs/cobot/26-06-28_20-04-07-577843_PPO) by extensions ['ignore', 'ignore_ament_install']
[0.217s] Level 1:colcon.colcon_core.package_identification:_identify(isaacLab/runs/cobot/26-06-28_20-04-07-577843_PPO) by extension 'ignore'
[0.217s] Level 1:colcon.colcon_core.package_identification:_identify(isaacLab/runs/cobot/26-06-28_20-04-07-577843_PPO) by extension 'ignore_ament_install'
[0.217s] Level 1:colcon.colcon_core.package_identification:_identify(isaacLab/runs/cobot/26-06-28_20-04-07-577843_PPO) by extensions ['colcon_pkg']
[0.217s] Level 1:colcon.colcon_core.package_identification:_identify(isaacLab/runs/cobot/26-06-28_20-04-07-577843_PPO) by extension 'colcon_pkg'
[0.218s] Level 1:colcon.colcon_core.package_identification:_identify(isaacLab/runs/cobot/26-06-28_20-04-07-577843_PPO) by extensions ['colcon_meta']
[0.218s] Level 1:colcon.colcon_core.package_identification:_identify(isaacLab/runs/cobot/26-06-28_20-04-07-577843_PPO) by extension 'colcon_meta'
[0.218s] Level 1:colcon.colcon_core.package_identification:_identify(isaacLab/runs/cobot/26-06-28_20-04-07-577843_PPO) by extensions ['ros']
[0.218s] Level 1:colcon.colcon_core.package_identification:_identify(isaacLab/runs/cobot/26-06-28_20-04-07-577843_PPO) by extension 'ros'
[0.218s] Level 1:colcon.colcon_core.package_identification:_identify(isaacLab/runs/cobot/26-06-28_20-04-07-577843_PPO) by extensions ['cmake', 'python']
[0.218s] Level 1:colcon.colcon_core.package_identification:_identify(isaacLab/runs/cobot/26-06-28_20-04-07-577843_PPO) by extension 'cmake'
[0.218s] Level 1:colcon.colcon_core.package_identification:_identify(isaacLab/runs/cobot/26-06-28_20-04-07-577843_PPO) by extension 'python'
[0.218s] Level 1:colcon.colcon_core.package_identification:_identify(isaacLab/runs/cobot/26-06-28_20-04-07-577843_PPO) by extensions ['python_setup_py']
[0.218s] Level 1:colcon.colcon_core.package_identification:_identify(isaacLab/runs/cobot/26-06-28_20-04-07-577843_PPO) by extension 'python_setup_py'
[0.218s] Level 1:colcon.colcon_core.package_identification:_identify(isaacLab/runs/cobot/26-06-28_20-04-07-577843_PPO/checkpoints) by extensions ['ignore', 'ignore_ament_install']
[0.218s] Level 1:colcon.colcon_core.package_identification:_identify(isaacLab/runs/cobot/26-06-28_20-04-07-577843_PPO/checkpoints) by extension 'ignore'
[0.218s] Level 1:colcon.colcon_core.package_identification:_identify(isaacLab/runs/cobot/26-06-28_20-04-07-577843_PPO/checkpoints) by extension 'ignore_ament_install'
[0.218s] Level 1:colcon.colcon_core.package_identification:_identify(isaacLab/runs/cobot/26-06-28_20-04-07-577843_PPO/checkpoints) by extensions ['colcon_pkg']
[0.218s] Level 1:colcon.colcon_core.package_identification:_identify(isaacLab/runs/cobot/26-06-28_20-04-07-577843_PPO/checkpoints) by extension 'colcon_pkg'
[0.218s] Level 1:colcon.colcon_core.package_identification:_identify(isaacLab/runs/cobot/26-06-28_20-04-07-577843_PPO/checkpoints) by extensions ['colcon_meta']
[0.218s] Level 1:colcon.colcon_core.package_identification:_identify(isaacLab/runs/cobot/26-06-28_20-04-07-577843_PPO/checkpoints) by extension 'colcon_meta'
[0.218s] Level 1:colcon.colcon_core.package_identification:_identify(isaacLab/runs/cobot/26-06-28_20-04-07-577843_PPO/checkpoints) by extensions ['ros']
[0.218s] Level 1:colcon.colcon_core.package_identification:_identify(isaacLab/runs/cobot/26-06-28_20-04-07-577843_PPO/checkpoints) by extension 'ros'
[0.218s] Level 1:colcon.colcon_core.package_identification:_identify(isaacLab/runs/cobot/26-06-28_20-04-07-577843_PPO/checkpoints) by extensions ['cmake', 'python']
[0.218s] Level 1:colcon.colcon_core.package_identification:_identify(isaacLab/runs/cobot/26-06-28_20-04-07-577843_PPO/checkpoints) by extension 'cmake'
[0.218s] Level 1:colcon.colcon_core.package_identification:_identify(isaacLab/runs/cobot/26-06-28_20-04-07-577843_PPO/checkpoints) by extension 'python'
[0.218s] Level 1:colcon.colcon_core.package_identification:_identify(isaacLab/runs/cobot/26-06-28_20-04-07-577843_PPO/checkpoints) by extensions ['python_setup_py']
[0.218s] Level 1:colcon.colcon_core.package_identification:_identify(isaacLab/runs/cobot/26-06-28_20-04-07-577843_PPO/checkpoints) by extension 'python_setup_py'
[0.219s] Level 1:colcon.colcon_core.package_identification:_identify(log) by extensions ['ignore', 'ignore_ament_install']
[0.219s] Level 1:colcon.colcon_core.package_identification:_identify(log) by extension 'ignore'
[0.219s] Level 1:colcon.colcon_core.package_identification:_identify(log) ignored
[0.219s] Level 1:colcon.colcon_core.package_identification:_identify(scripts) by extensions ['ignore', 'ignore_ament_install']
[0.219s] Level 1:colcon.colcon_core.package_identification:_identify(scripts) by extension 'ignore'
[0.219s] Level 1:colcon.colcon_core.package_identification:_identify(scripts) by extension 'ignore_ament_install'
[0.219s] Level 1:colcon.colcon_core.package_identification:_identify(scripts) by extensions ['colcon_pkg']
[0.219s] Level 1:colcon.colcon_core.package_identification:_identify(scripts) by extension 'colcon_pkg'
[0.219s] Level 1:colcon.colcon_core.package_identification:_identify(scripts) by extensions ['colcon_meta']
[0.219s] Level 1:colcon.colcon_core.package_identification:_identify(scripts) by extension 'colcon_meta'
[0.219s] Level 1:colcon.colcon_core.package_identification:_identify(scripts) by extensions ['ros']
[0.219s] Level 1:colcon.colcon_core.package_identification:_identify(scripts) by extension 'ros'
[0.219s] Level 1:colcon.colcon_core.package_identification:_identify(scripts) by extensions ['cmake', 'python']
[0.219s] Level 1:colcon.colcon_core.package_identification:_identify(scripts) by extension 'cmake'
[0.219s] Level 1:colcon.colcon_core.package_identification:_identify(scripts) by extension 'python'
[0.219s] Level 1:colcon.colcon_core.package_identification:_identify(scripts) by extensions ['python_setup_py']
[0.219s] Level 1:colcon.colcon_core.package_identification:_identify(scripts) by extension 'python_setup_py'
[0.219s] Level 1:colcon.colcon_core.package_identification:_identify(src) by extensions ['ignore', 'ignore_ament_install']
[0.219s] Level 1:colcon.colcon_core.package_identification:_identify(src) by extension 'ignore'
[0.219s] Level 1:colcon.colcon_core.package_identification:_identify(src) by extension 'ignore_ament_install'
[0.219s] Level 1:colcon.colcon_core.package_identification:_identify(src) by extensions ['colcon_pkg']
[0.219s] Level 1:colcon.colcon_core.package_identification:_identify(src) by extension 'colcon_pkg'
[0.219s] Level 1:colcon.colcon_core.package_identification:_identify(src) by extensions ['colcon_meta']
[0.220s] Level 1:colcon.colcon_core.package_identification:_identify(src) by extension 'colcon_meta'
[0.220s] Level 1:colcon.colcon_core.package_identification:_identify(src) by extensions ['ros']
[0.220s] Level 1:colcon.colcon_core.package_identification:_identify(src) by extension 'ros'
[0.220s] Level 1:colcon.colcon_core.package_identification:_identify(src) by extensions ['cmake', 'python']
[0.220s] Level 1:colcon.colcon_core.package_identification:_identify(src) by extension 'cmake'
[0.220s] Level 1:colcon.colcon_core.package_identification:_identify(src) by extension 'python'
[0.220s] Level 1:colcon.colcon_core.package_identification:_identify(src) by extensions ['python_setup_py']
[0.220s] Level 1:colcon.colcon_core.package_identification:_identify(src) by extension 'python_setup_py'
[0.220s] Level 1:colcon.colcon_core.package_identification:_identify(src/cobot_control) by extensions ['ignore', 'ignore_ament_install']
[0.220s] Level 1:colcon.colcon_core.package_identification:_identify(src/cobot_control) by extension 'ignore'
[0.220s] Level 1:colcon.colcon_core.package_identification:_identify(src/cobot_control) by extension 'ignore_ament_install'
[0.220s] Level 1:colcon.colcon_core.package_identification:_identify(src/cobot_control) by extensions ['colcon_pkg']
[0.220s] Level 1:colcon.colcon_core.package_identification:_identify(src/cobot_control) by extension 'colcon_pkg'
[0.220s] Level 1:colcon.colcon_core.package_identification:_identify(src/cobot_control) by extensions ['colcon_meta']
[0.220s] Level 1:colcon.colcon_core.package_identification:_identify(src/cobot_control) by extension 'colcon_meta'
[0.220s] Level 1:colcon.colcon_core.package_identification:_identify(src/cobot_control) by extensions ['ros']
[0.220s] Level 1:colcon.colcon_core.package_identification:_identify(src/cobot_control) by extension 'ros'
[0.222s] DEBUG:colcon.colcon_core.package_identification:Package 'src/cobot_control' with type 'ros.ament_python' and name 'cobot_control'
[0.222s] Level 1:colcon.colcon_core.package_identification:_identify(src/cobot_description) by extensions ['ignore', 'ignore_ament_install']
[0.222s] Level 1:colcon.colcon_core.package_identification:_identify(src/cobot_description) by extension 'ignore'
[0.222s] Level 1:colcon.colcon_core.package_identification:_identify(src/cobot_description) by extension 'ignore_ament_install'
[0.222s] Level 1:colcon.colcon_core.package_identification:_identify(src/cobot_description) by extensions ['colcon_pkg']
[0.222s] Level 1:colcon.colcon_core.package_identification:_identify(src/cobot_description) by extension 'colcon_pkg'
[0.222s] Level 1:colcon.colcon_core.package_identification:_identify(src/cobot_description) by extensions ['colcon_meta']
[0.222s] Level 1:colcon.colcon_core.package_identification:_identify(src/cobot_description) by extension 'colcon_meta'
[0.222s] Level 1:colcon.colcon_core.package_identification:_identify(src/cobot_description) by extensions ['ros']
[0.222s] Level 1:colcon.colcon_core.package_identification:_identify(src/cobot_description) by extension 'ros'
[0.223s] DEBUG:colcon.colcon_core.package_identification:Package 'src/cobot_description' with type 'ros.ament_cmake' and name 'cobot_description'
[0.223s] Level 1:colcon.colcon_core.package_identification:_identify(src/cobot_interfaces) by extensions ['ignore', 'ignore_ament_install']
[0.223s] Level 1:colcon.colcon_core.package_identification:_identify(src/cobot_interfaces) by extension 'ignore'
[0.223s] Level 1:colcon.colcon_core.package_identification:_identify(src/cobot_interfaces) by extension 'ignore_ament_install'
[0.223s] Level 1:colcon.colcon_core.package_identification:_identify(src/cobot_interfaces) by extensions ['colcon_pkg']
[0.223s] Level 1:colcon.colcon_core.package_identification:_identify(src/cobot_interfaces) by extension 'colcon_pkg'
[0.223s] Level 1:colcon.colcon_core.package_identification:_identify(src/cobot_interfaces) by extensions ['colcon_meta']
[0.223s] Level 1:colcon.colcon_core.package_identification:_identify(src/cobot_interfaces) by extension 'colcon_meta'
[0.223s] Level 1:colcon.colcon_core.package_identification:_identify(src/cobot_interfaces) by extensions ['ros']
[0.223s] Level 1:colcon.colcon_core.package_identification:_identify(src/cobot_interfaces) by extension 'ros'
[0.224s] DEBUG:colcon.colcon_core.package_identification:Package 'src/cobot_interfaces' with type 'ros.ament_cmake' and name 'cobot_interfaces'
[0.224s] Level 1:colcon.colcon_core.package_identification:_identify(src/cobot_perception) by extensions ['ignore', 'ignore_ament_install']
[0.224s] Level 1:colcon.colcon_core.package_identification:_identify(src/cobot_perception) by extension 'ignore'
[0.224s] Level 1:colcon.colcon_core.package_identification:_identify(src/cobot_perception) by extension 'ignore_ament_install'
[0.224s] Level 1:colcon.colcon_core.package_identification:_identify(src/cobot_perception) by extensions ['colcon_pkg']
[0.224s] Level 1:colcon.colcon_core.package_identification:_identify(src/cobot_perception) by extension 'colcon_pkg'
[0.224s] Level 1:colcon.colcon_core.package_identification:_identify(src/cobot_perception) by extensions ['colcon_meta']
[0.224s] Level 1:colcon.colcon_core.package_identification:_identify(src/cobot_perception) by extension 'colcon_meta'
[0.224s] Level 1:colcon.colcon_core.package_identification:_identify(src/cobot_perception) by extensions ['ros']
[0.224s] Level 1:colcon.colcon_core.package_identification:_identify(src/cobot_perception) by extension 'ros'
[0.225s] DEBUG:colcon.colcon_core.package_identification:Package 'src/cobot_perception' with type 'ros.ament_python' and name 'cobot_perception'
[0.225s] Level 1:colcon.colcon_core.package_discovery:discover_packages(recursive) using defaults
[0.225s] Level 1:colcon.colcon_core.package_discovery:discover_packages(ignore) discover
[0.225s] Level 1:colcon.colcon_core.package_discovery:discover_packages(ignore) using defaults
[0.225s] Level 1:colcon.colcon_core.package_discovery:discover_packages(path) discover
[0.225s] Level 1:colcon.colcon_core.package_discovery:discover_packages(path) using defaults
[0.238s] Level 1:colcon.colcon_core.package_discovery:discover_packages(prefix_path) check parameters
[0.239s] Level 1:colcon.colcon_core.package_discovery:discover_packages(prefix_path) discover
[0.241s] DEBUG:colcon.colcon_installed_package_information.package_discovery:Found 273 installed packages in /opt/ros/humble
[0.241s] Level 1:colcon.colcon_core.package_discovery:discover_packages(prefix_path) using defaults
[0.266s] Level 5:colcon.colcon_core.verb:set package 'cobot_description' build argument 'cmake_args' from command line to 'None'
[0.266s] Level 5:colcon.colcon_core.verb:set package 'cobot_description' build argument 'cmake_target' from command line to 'None'
[0.266s] Level 5:colcon.colcon_core.verb:set package 'cobot_description' build argument 'cmake_target_skip_unavailable' from command line to 'False'
[0.267s] Level 5:colcon.colcon_core.verb:set package 'cobot_description' build argument 'cmake_clean_cache' from command line to 'False'
[0.267s] Level 5:colcon.colcon_core.verb:set package 'cobot_description' build argument 'cmake_clean_first' from command line to 'False'
[0.267s] Level 5:colcon.colcon_core.verb:set package 'cobot_description' build argument 'cmake_force_configure' from command line to 'False'
[0.267s] Level 5:colcon.colcon_core.verb:set package 'cobot_description' build argument 'ament_cmake_args' from command line to 'None'
[0.267s] Level 5:colcon.colcon_core.verb:set package 'cobot_description' build argument 'catkin_cmake_args' from command line to 'None'
[0.267s] Level 5:colcon.colcon_core.verb:set package 'cobot_description' build argument 'catkin_skip_building_tests' from command line to 'False'
[0.267s] DEBUG:colcon.colcon_core.verb:Building package 'cobot_description' with the following arguments: {'ament_cmake_args': None, 'build_base': '/home/brian/Projects/Cobot/ros2_cobot/build/cobot_description', 'catkin_cmake_args': None, 'catkin_skip_building_tests': False, 'cmake_args': None, 'cmake_clean_cache': False, 'cmake_clean_first': False, 'cmake_force_configure': False, 'cmake_target': None, 'cmake_target_skip_unavailable': False, 'install_base': '/home/brian/Projects/Cobot/ros2_cobot/install/cobot_description', 'merge_install': False, 'path': '/home/brian/Projects/Cobot/ros2_cobot/src/cobot_description', 'symlink_install': False, 'test_result_base': None}
[0.267s] Level 5:colcon.colcon_core.verb:set package 'cobot_interfaces' build argument 'cmake_args' from command line to 'None'
[0.267s] Level 5:colcon.colcon_core.verb:set package 'cobot_interfaces' build argument 'cmake_target' from command line to 'None'
[0.267s] Level 5:colcon.colcon_core.verb:set package 'cobot_interfaces' build argument 'cmake_target_skip_unavailable' from command line to 'False'
[0.267s] Level 5:colcon.colcon_core.verb:set package 'cobot_interfaces' build argument 'cmake_clean_cache' from command line to 'False'
[0.267s] Level 5:colcon.colcon_core.verb:set package 'cobot_interfaces' build argument 'cmake_clean_first' from command line to 'False'
[0.267s] Level 5:colcon.colcon_core.verb:set package 'cobot_interfaces' build argument 'cmake_force_configure' from command line to 'False'
[0.267s] Level 5:colcon.colcon_core.verb:set package 'cobot_interfaces' build argument 'ament_cmake_args' from command line to 'None'
[0.267s] Level 5:colcon.colcon_core.verb:set package 'cobot_interfaces' build argument 'catkin_cmake_args' from command line to 'None'
[0.267s] Level 5:colcon.colcon_core.verb:set package 'cobot_interfaces' build argument 'catkin_skip_building_tests' from command line to 'False'
[0.267s] DEBUG:colcon.colcon_core.verb:Building package 'cobot_interfaces' with the following arguments: {'ament_cmake_args': None, 'build_base': '/home/brian/Projects/Cobot/ros2_cobot/build/cobot_interfaces', 'catkin_cmake_args': None, 'catkin_skip_building_tests': False, 'cmake_args': None, 'cmake_clean_cache': False, 'cmake_clean_first': False, 'cmake_force_configure': False, 'cmake_target': None, 'cmake_target_skip_unavailable': False, 'install_base': '/home/brian/Projects/Cobot/ros2_cobot/install/cobot_interfaces', 'merge_install': False, 'path': '/home/brian/Projects/Cobot/ros2_cobot/src/cobot_interfaces', 'symlink_install': False, 'test_result_base': None}
[0.268s] Level 5:colcon.colcon_core.verb:set package 'cobot_control' build argument 'cmake_args' from command line to 'None'
[0.268s] Level 5:colcon.colcon_core.verb:set package 'cobot_control' build argument 'cmake_target' from command line to 'None'
[0.268s] Level 5:colcon.colcon_core.verb:set package 'cobot_control' build argument 'cmake_target_skip_unavailable' from command line to 'False'
[0.268s] Level 5:colcon.colcon_core.verb:set package 'cobot_control' build argument 'cmake_clean_cache' from command line to 'False'
[0.268s] Level 5:colcon.colcon_core.verb:set package 'cobot_control' build argument 'cmake_clean_first' from command line to 'False'
[0.268s] Level 5:colcon.colcon_core.verb:set package 'cobot_control' build argument 'cmake_force_configure' from command line to 'False'
[0.268s] Level 5:colcon.colcon_core.verb:set package 'cobot_control' build argument 'ament_cmake_args' from command line to 'None'
[0.268s] Level 5:colcon.colcon_core.verb:set package 'cobot_control' build argument 'catkin_cmake_args' from command line to 'None'
[0.268s] Level 5:colcon.colcon_core.verb:set package 'cobot_control' build argument 'catkin_skip_building_tests' from command line to 'False'
[0.268s] DEBUG:colcon.colcon_core.verb:Building package 'cobot_control' with the following arguments: {'ament_cmake_args': None, 'build_base': '/home/brian/Projects/Cobot/ros2_cobot/build/cobot_control', 'catkin_cmake_args': None, 'catkin_skip_building_tests': False, 'cmake_args': None, 'cmake_clean_cache': False, 'cmake_clean_first': False, 'cmake_force_configure': False, 'cmake_target': None, 'cmake_target_skip_unavailable': False, 'install_base': '/home/brian/Projects/Cobot/ros2_cobot/install/cobot_control', 'merge_install': False, 'path': '/home/brian/Projects/Cobot/ros2_cobot/src/cobot_control', 'symlink_install': False, 'test_result_base': None}
[0.268s] Level 5:colcon.colcon_core.verb:set package 'cobot_perception' build argument 'cmake_args' from command line to 'None'
[0.268s] Level 5:colcon.colcon_core.verb:set package 'cobot_perception' build argument 'cmake_target' from command line to 'None'
[0.268s] Level 5:colcon.colcon_core.verb:set package 'cobot_perception' build argument 'cmake_target_skip_unavailable' from command line to 'False'
[0.268s] Level 5:colcon.colcon_core.verb:set package 'cobot_perception' build argument 'cmake_clean_cache' from command line to 'False'
[0.268s] Level 5:colcon.colcon_core.verb:set package 'cobot_perception' build argument 'cmake_clean_first' from command line to 'False'
[0.268s] Level 5:colcon.colcon_core.verb:set package 'cobot_perception' build argument 'cmake_force_configure' from command line to 'False'
[0.268s] Level 5:colcon.colcon_core.verb:set package 'cobot_perception' build argument 'ament_cmake_args' from command line to 'None'
[0.268s] Level 5:colcon.colcon_core.verb:set package 'cobot_perception' build argument 'catkin_cmake_args' from command line to 'None'
[0.268s] Level 5:colcon.colcon_core.verb:set package 'cobot_perception' build argument 'catkin_skip_building_tests' from command line to 'False'
[0.268s] DEBUG:colcon.colcon_core.verb:Building package 'cobot_perception' with the following arguments: {'ament_cmake_args': None, 'build_base': '/home/brian/Projects/Cobot/ros2_cobot/build/cobot_perception', 'catkin_cmake_args': None, 'catkin_skip_building_tests': False, 'cmake_args': None, 'cmake_clean_cache': False, 'cmake_clean_first': False, 'cmake_force_configure': False, 'cmake_target': None, 'cmake_target_skip_unavailable': False, 'install_base': '/home/brian/Projects/Cobot/ros2_cobot/install/cobot_perception', 'merge_install': False, 'path': '/home/brian/Projects/Cobot/ros2_cobot/src/cobot_perception', 'symlink_install': False, 'test_result_base': None}
[0.268s] INFO:colcon.colcon_core.executor:Executing jobs using 'parallel' executor
[0.269s] DEBUG:colcon.colcon_parallel_executor.executor.parallel:run_until_complete
[0.269s] INFO:colcon.colcon_ros.task.ament_cmake.build:Building ROS package in '/home/brian/Projects/Cobot/ros2_cobot/src/cobot_interfaces' with build type 'ament_cmake'
[0.269s] INFO:colcon.colcon_cmake.task.cmake.build:Building CMake package in '/home/brian/Projects/Cobot/ros2_cobot/src/cobot_interfaces'
[0.271s] INFO:colcon.colcon_core.plugin_system:Skipping extension 'colcon_core.shell.bat': Not used on non-Windows systems
[0.271s] INFO:colcon.colcon_core.shell:Skip shell extension 'powershell' for command environment: Not usable outside of PowerShell
[0.271s] DEBUG:colcon.colcon_core.shell:Skip shell extension 'dsv' for command environment
[0.273s] INFO:colcon.colcon_ros.task.ament_cmake.build:Building ROS package in '/home/brian/Projects/Cobot/ros2_cobot/src/cobot_description' with build type 'ament_cmake'
[0.273s] INFO:colcon.colcon_cmake.task.cmake.build:Building CMake package in '/home/brian/Projects/Cobot/ros2_cobot/src/cobot_description'
[0.273s] INFO:colcon.colcon_core.shell:Skip shell extension 'powershell' for command environment: Not usable outside of PowerShell
[0.273s] DEBUG:colcon.colcon_core.shell:Skip shell extension 'dsv' for command environment
[0.277s] DEBUG:colcon.colcon_core.event_handler.log_command:Invoking command in '/home/brian/Projects/Cobot/ros2_cobot/build/cobot_interfaces': CMAKE_PREFIX_PATH=/opt/ros/humble CONDA_PROMPT_MODIFIER=(base) /usr/bin/cmake --build /home/brian/Projects/Cobot/ros2_cobot/build/cobot_interfaces -- -j16 -l16
[0.280s] DEBUG:colcon.colcon_core.event_handler.log_command:Invoking command in '/home/brian/Projects/Cobot/ros2_cobot/build/cobot_description': CMAKE_PREFIX_PATH=/opt/ros/humble CONDA_PROMPT_MODIFIER=(base) /usr/bin/cmake --build /home/brian/Projects/Cobot/ros2_cobot/build/cobot_description -- -j16 -l16
[0.302s] DEBUG:colcon.colcon_core.event_handler.log_command:Invoked command in '/home/brian/Projects/Cobot/ros2_cobot/build/cobot_description' returned '0': CMAKE_PREFIX_PATH=/opt/ros/humble CONDA_PROMPT_MODIFIER=(base) /usr/bin/cmake --build /home/brian/Projects/Cobot/ros2_cobot/build/cobot_description -- -j16 -l16
[0.309s] DEBUG:colcon.colcon_core.event_handler.log_command:Invoking command in '/home/brian/Projects/Cobot/ros2_cobot/build/cobot_description': CMAKE_PREFIX_PATH=/opt/ros/humble CONDA_PROMPT_MODIFIER=(base) /usr/bin/cmake --install /home/brian/Projects/Cobot/ros2_cobot/build/cobot_description
[0.317s] Level 1:colcon.colcon_core.environment:create_environment_scripts_only(cobot_description)
[0.319s] DEBUG:colcon.colcon_core.event_handler.log_command:Invoked command in '/home/brian/Projects/Cobot/ros2_cobot/build/cobot_description' returned '0': CMAKE_PREFIX_PATH=/opt/ros/humble CONDA_PROMPT_MODIFIER=(base) /usr/bin/cmake --install /home/brian/Projects/Cobot/ros2_cobot/build/cobot_description
[0.321s] Level 1:colcon.colcon_core.environment:checking '/home/brian/Projects/Cobot/ros2_cobot/install/cobot_description' for CMake module files
[0.322s] Level 1:colcon.colcon_core.environment:checking '/home/brian/Projects/Cobot/ros2_cobot/install/cobot_description' for CMake config files
[0.322s] Level 1:colcon.colcon_core.shell:create_environment_hook('cobot_description', 'cmake_prefix_path')
[0.322s] INFO:colcon.colcon_core.shell:Creating environment hook '/home/brian/Projects/Cobot/ros2_cobot/install/cobot_description/share/cobot_description/hook/cmake_prefix_path.ps1'
[0.323s] INFO:colcon.colcon_core.shell:Creating environment descriptor '/home/brian/Projects/Cobot/ros2_cobot/install/cobot_description/share/cobot_description/hook/cmake_prefix_path.dsv'
[0.323s] INFO:colcon.colcon_core.shell:Creating environment hook '/home/brian/Projects/Cobot/ros2_cobot/install/cobot_description/share/cobot_description/hook/cmake_prefix_path.sh'
[0.324s] Level 1:colcon.colcon_core.environment:checking '/home/brian/Projects/Cobot/ros2_cobot/install/cobot_description/bin'
[0.324s] Level 1:colcon.colcon_core.environment:checking '/home/brian/Projects/Cobot/ros2_cobot/install/cobot_description/lib/pkgconfig/cobot_description.pc'
[0.324s] Level 1:colcon.colcon_core.environment:checking '/home/brian/Projects/Cobot/ros2_cobot/install/cobot_description/lib/python3.10/site-packages'
[0.324s] Level 1:colcon.colcon_core.environment:checking '/home/brian/Projects/Cobot/ros2_cobot/install/cobot_description/bin'
[0.324s] INFO:colcon.colcon_core.shell:Creating package script '/home/brian/Projects/Cobot/ros2_cobot/install/cobot_description/share/cobot_description/package.ps1'
[0.325s] INFO:colcon.colcon_core.shell:Creating package descriptor '/home/brian/Projects/Cobot/ros2_cobot/install/cobot_description/share/cobot_description/package.dsv'
[0.326s] INFO:colcon.colcon_core.shell:Creating package script '/home/brian/Projects/Cobot/ros2_cobot/install/cobot_description/share/cobot_description/package.sh'
[0.326s] INFO:colcon.colcon_core.shell:Creating package script '/home/brian/Projects/Cobot/ros2_cobot/install/cobot_description/share/cobot_description/package.bash'
[0.327s] INFO:colcon.colcon_core.shell:Creating package script '/home/brian/Projects/Cobot/ros2_cobot/install/cobot_description/share/cobot_description/package.zsh'
[0.327s] Level 1:colcon.colcon_core.environment:create_file_with_runtime_dependencies(/home/brian/Projects/Cobot/ros2_cobot/install/cobot_description/share/colcon-core/packages/cobot_description)
[0.328s] Level 1:colcon.colcon_core.environment:create_environment_scripts_only(cobot_description)
[0.328s] Level 1:colcon.colcon_core.environment:checking '/home/brian/Projects/Cobot/ros2_cobot/install/cobot_description' for CMake module files
[0.328s] Level 1:colcon.colcon_core.environment:checking '/home/brian/Projects/Cobot/ros2_cobot/install/cobot_description' for CMake config files
[0.328s] Level 1:colcon.colcon_core.shell:create_environment_hook('cobot_description', 'cmake_prefix_path')
[0.329s] INFO:colcon.colcon_core.shell:Creating environment hook '/home/brian/Projects/Cobot/ros2_cobot/install/cobot_description/share/cobot_description/hook/cmake_prefix_path.ps1'
[0.329s] INFO:colcon.colcon_core.shell:Creating environment descriptor '/home/brian/Projects/Cobot/ros2_cobot/install/cobot_description/share/cobot_description/hook/cmake_prefix_path.dsv'
[0.329s] INFO:colcon.colcon_core.shell:Creating environment hook '/home/brian/Projects/Cobot/ros2_cobot/install/cobot_description/share/cobot_description/hook/cmake_prefix_path.sh'
[0.330s] Level 1:colcon.colcon_core.environment:checking '/home/brian/Projects/Cobot/ros2_cobot/install/cobot_description/bin'
[0.330s] Level 1:colcon.colcon_core.environment:checking '/home/brian/Projects/Cobot/ros2_cobot/install/cobot_description/lib/pkgconfig/cobot_description.pc'
[0.330s] Level 1:colcon.colcon_core.environment:checking '/home/brian/Projects/Cobot/ros2_cobot/install/cobot_description/lib/python3.10/site-packages'
[0.330s] Level 1:colcon.colcon_core.environment:checking '/home/brian/Projects/Cobot/ros2_cobot/install/cobot_description/bin'
[0.330s] INFO:colcon.colcon_core.shell:Creating package script '/home/brian/Projects/Cobot/ros2_cobot/install/cobot_description/share/cobot_description/package.ps1'
[0.331s] INFO:colcon.colcon_core.shell:Creating package descriptor '/home/brian/Projects/Cobot/ros2_cobot/install/cobot_description/share/cobot_description/package.dsv'
[0.331s] INFO:colcon.colcon_core.shell:Creating package script '/home/brian/Projects/Cobot/ros2_cobot/install/cobot_description/share/cobot_description/package.sh'
[0.405s] INFO:colcon.colcon_core.shell:Creating package script '/home/brian/Projects/Cobot/ros2_cobot/install/cobot_description/share/cobot_description/package.bash'
[0.406s] INFO:colcon.colcon_core.shell:Creating package script '/home/brian/Projects/Cobot/ros2_cobot/install/cobot_description/share/cobot_description/package.zsh'
[0.406s] Level 1:colcon.colcon_core.environment:create_file_with_runtime_dependencies(/home/brian/Projects/Cobot/ros2_cobot/install/cobot_description/share/colcon-core/packages/cobot_description)
[0.552s] DEBUG:colcon.colcon_core.event_handler.log_command:Invoked command in '/home/brian/Projects/Cobot/ros2_cobot/build/cobot_interfaces' returned '0': CMAKE_PREFIX_PATH=/opt/ros/humble CONDA_PROMPT_MODIFIER=(base) /usr/bin/cmake --build /home/brian/Projects/Cobot/ros2_cobot/build/cobot_interfaces -- -j16 -l16
[0.553s] DEBUG:colcon.colcon_core.event_handler.log_command:Invoking command in '/home/brian/Projects/Cobot/ros2_cobot/build/cobot_interfaces': CMAKE_PREFIX_PATH=/opt/ros/humble CONDA_PROMPT_MODIFIER=(base) /usr/bin/cmake --install /home/brian/Projects/Cobot/ros2_cobot/build/cobot_interfaces
[0.591s] Level 1:colcon.colcon_core.environment:create_environment_scripts_only(cobot_interfaces)
[0.591s] Level 1:colcon.colcon_core.environment:checking '/home/brian/Projects/Cobot/ros2_cobot/install/cobot_interfaces' for CMake module files
[0.592s] DEBUG:colcon.colcon_core.event_handler.log_command:Invoked command in '/home/brian/Projects/Cobot/ros2_cobot/build/cobot_interfaces' returned '0': CMAKE_PREFIX_PATH=/opt/ros/humble CONDA_PROMPT_MODIFIER=(base) /usr/bin/cmake --install /home/brian/Projects/Cobot/ros2_cobot/build/cobot_interfaces
[0.592s] Level 1:colcon.colcon_core.environment:checking '/home/brian/Projects/Cobot/ros2_cobot/install/cobot_interfaces' for CMake config files
[0.592s] Level 1:colcon.colcon_core.shell:create_environment_hook('cobot_interfaces', 'cmake_prefix_path')
[0.592s] INFO:colcon.colcon_core.shell:Creating environment hook '/home/brian/Projects/Cobot/ros2_cobot/install/cobot_interfaces/share/cobot_interfaces/hook/cmake_prefix_path.ps1'
[0.593s] INFO:colcon.colcon_core.shell:Creating environment descriptor '/home/brian/Projects/Cobot/ros2_cobot/install/cobot_interfaces/share/cobot_interfaces/hook/cmake_prefix_path.dsv'
[0.593s] INFO:colcon.colcon_core.shell:Creating environment hook '/home/brian/Projects/Cobot/ros2_cobot/install/cobot_interfaces/share/cobot_interfaces/hook/cmake_prefix_path.sh'
[0.593s] Level 1:colcon.colcon_core.environment:checking '/home/brian/Projects/Cobot/ros2_cobot/install/cobot_interfaces/lib'
[0.593s] Level 1:colcon.colcon_core.shell:create_environment_hook('cobot_interfaces', 'ld_library_path_lib')
[0.594s] INFO:colcon.colcon_core.shell:Creating environment hook '/home/brian/Projects/Cobot/ros2_cobot/install/cobot_interfaces/share/cobot_interfaces/hook/ld_library_path_lib.ps1'
[0.594s] INFO:colcon.colcon_core.shell:Creating environment descriptor '/home/brian/Projects/Cobot/ros2_cobot/install/cobot_interfaces/share/cobot_interfaces/hook/ld_library_path_lib.dsv'
[0.594s] INFO:colcon.colcon_core.shell:Creating environment hook '/home/brian/Projects/Cobot/ros2_cobot/install/cobot_interfaces/share/cobot_interfaces/hook/ld_library_path_lib.sh'
[0.594s] Level 1:colcon.colcon_core.environment:checking '/home/brian/Projects/Cobot/ros2_cobot/install/cobot_interfaces/bin'
[0.594s] Level 1:colcon.colcon_core.environment:checking '/home/brian/Projects/Cobot/ros2_cobot/install/cobot_interfaces/lib/pkgconfig/cobot_interfaces.pc'
[0.595s] Level 1:colcon.colcon_core.environment:checking '/home/brian/Projects/Cobot/ros2_cobot/install/cobot_interfaces/lib/python3.10/site-packages'
[0.595s] Level 1:colcon.colcon_core.environment:checking '/home/brian/Projects/Cobot/ros2_cobot/install/cobot_interfaces/bin'
[0.595s] INFO:colcon.colcon_core.shell:Creating package script '/home/brian/Projects/Cobot/ros2_cobot/install/cobot_interfaces/share/cobot_interfaces/package.ps1'
[0.596s] INFO:colcon.colcon_core.shell:Creating package descriptor '/home/brian/Projects/Cobot/ros2_cobot/install/cobot_interfaces/share/cobot_interfaces/package.dsv'
[0.596s] INFO:colcon.colcon_core.shell:Creating package script '/home/brian/Projects/Cobot/ros2_cobot/install/cobot_interfaces/share/cobot_interfaces/package.sh'
[0.596s] INFO:colcon.colcon_core.shell:Creating package script '/home/brian/Projects/Cobot/ros2_cobot/install/cobot_interfaces/share/cobot_interfaces/package.bash'
[0.660s] INFO:colcon.colcon_core.shell:Creating package script '/home/brian/Projects/Cobot/ros2_cobot/install/cobot_interfaces/share/cobot_interfaces/package.zsh'
[0.663s] Level 1:colcon.colcon_core.environment:create_file_with_runtime_dependencies(/home/brian/Projects/Cobot/ros2_cobot/install/cobot_interfaces/share/colcon-core/packages/cobot_interfaces)
[0.667s] Level 1:colcon.colcon_core.environment:create_environment_scripts_only(cobot_interfaces)
[0.667s] Level 1:colcon.colcon_core.environment:checking '/home/brian/Projects/Cobot/ros2_cobot/install/cobot_interfaces' for CMake module files
[0.667s] Level 1:colcon.colcon_core.environment:checking '/home/brian/Projects/Cobot/ros2_cobot/install/cobot_interfaces' for CMake config files
[0.667s] Level 1:colcon.colcon_core.shell:create_environment_hook('cobot_interfaces', 'cmake_prefix_path')
[0.668s] INFO:colcon.colcon_core.shell:Creating environment hook '/home/brian/Projects/Cobot/ros2_cobot/install/cobot_interfaces/share/cobot_interfaces/hook/cmake_prefix_path.ps1'
[0.670s] INFO:colcon.colcon_core.shell:Creating environment descriptor '/home/brian/Projects/Cobot/ros2_cobot/install/cobot_interfaces/share/cobot_interfaces/hook/cmake_prefix_path.dsv'
[0.674s] INFO:colcon.colcon_core.shell:Creating environment hook '/home/brian/Projects/Cobot/ros2_cobot/install/cobot_interfaces/share/cobot_interfaces/hook/cmake_prefix_path.sh'
[0.675s] Level 1:colcon.colcon_core.environment:checking '/home/brian/Projects/Cobot/ros2_cobot/install/cobot_interfaces/lib'
[0.675s] Level 1:colcon.colcon_core.shell:create_environment_hook('cobot_interfaces', 'ld_library_path_lib')
[0.675s] INFO:colcon.colcon_core.shell:Creating environment hook '/home/brian/Projects/Cobot/ros2_cobot/install/cobot_interfaces/share/cobot_interfaces/hook/ld_library_path_lib.ps1'
[0.676s] INFO:colcon.colcon_core.shell:Creating environment descriptor '/home/brian/Projects/Cobot/ros2_cobot/install/cobot_interfaces/share/cobot_interfaces/hook/ld_library_path_lib.dsv'
[0.676s] INFO:colcon.colcon_core.shell:Creating environment hook '/home/brian/Projects/Cobot/ros2_cobot/install/cobot_interfaces/share/cobot_interfaces/hook/ld_library_path_lib.sh'
[0.676s] Level 1:colcon.colcon_core.environment:checking '/home/brian/Projects/Cobot/ros2_cobot/install/cobot_interfaces/bin'
[0.676s] Level 1:colcon.colcon_core.environment:checking '/home/brian/Projects/Cobot/ros2_cobot/install/cobot_interfaces/lib/pkgconfig/cobot_interfaces.pc'
[0.677s] Level 1:colcon.colcon_core.environment:checking '/home/brian/Projects/Cobot/ros2_cobot/install/cobot_interfaces/lib/python3.10/site-packages'
[0.677s] Level 1:colcon.colcon_core.environment:checking '/home/brian/Projects/Cobot/ros2_cobot/install/cobot_interfaces/bin'
[0.677s] INFO:colcon.colcon_core.shell:Creating package script '/home/brian/Projects/Cobot/ros2_cobot/install/cobot_interfaces/share/cobot_interfaces/package.ps1'
[0.678s] INFO:colcon.colcon_core.shell:Creating package descriptor '/home/brian/Projects/Cobot/ros2_cobot/install/cobot_interfaces/share/cobot_interfaces/package.dsv'
[0.678s] INFO:colcon.colcon_core.shell:Creating package script '/home/brian/Projects/Cobot/ros2_cobot/install/cobot_interfaces/share/cobot_interfaces/package.sh'
[0.678s] INFO:colcon.colcon_core.shell:Creating package script '/home/brian/Projects/Cobot/ros2_cobot/install/cobot_interfaces/share/cobot_interfaces/package.bash'
[0.679s] INFO:colcon.colcon_core.shell:Creating package script '/home/brian/Projects/Cobot/ros2_cobot/install/cobot_interfaces/share/cobot_interfaces/package.zsh'
[0.679s] Level 1:colcon.colcon_core.environment:create_file_with_runtime_dependencies(/home/brian/Projects/Cobot/ros2_cobot/install/cobot_interfaces/share/colcon-core/packages/cobot_interfaces)
[0.679s] INFO:colcon.colcon_ros.task.ament_python.build:Building ROS package in '/home/brian/Projects/Cobot/ros2_cobot/src/cobot_control' with build type 'ament_python'
[0.679s] Level 1:colcon.colcon_core.shell:create_environment_hook('cobot_control', 'ament_prefix_path')
[0.679s] INFO:colcon.colcon_core.shell:Creating environment hook '/home/brian/Projects/Cobot/ros2_cobot/install/cobot_control/share/cobot_control/hook/ament_prefix_path.ps1'
[0.853s] INFO:colcon.colcon_core.shell:Creating environment descriptor '/home/brian/Projects/Cobot/ros2_cobot/install/cobot_control/share/cobot_control/hook/ament_prefix_path.dsv'
[0.854s] INFO:colcon.colcon_core.shell:Creating environment hook '/home/brian/Projects/Cobot/ros2_cobot/install/cobot_control/share/cobot_control/hook/ament_prefix_path.sh'
[0.857s] INFO:colcon.colcon_core.shell:Skip shell extension 'powershell' for command environment: Not usable outside of PowerShell
[0.857s] DEBUG:colcon.colcon_core.shell:Skip shell extension 'dsv' for command environment
[0.866s] INFO:colcon.colcon_ros.task.ament_python.build:Building ROS package in '/home/brian/Projects/Cobot/ros2_cobot/src/cobot_perception' with build type 'ament_python'
[0.866s] Level 1:colcon.colcon_core.shell:create_environment_hook('cobot_perception', 'ament_prefix_path')
[0.867s] INFO:colcon.colcon_core.shell:Creating environment hook '/home/brian/Projects/Cobot/ros2_cobot/install/cobot_perception/share/cobot_perception/hook/ament_prefix_path.ps1'
[0.870s] INFO:colcon.colcon_core.shell:Creating environment descriptor '/home/brian/Projects/Cobot/ros2_cobot/install/cobot_perception/share/cobot_perception/hook/ament_prefix_path.dsv'
[0.872s] INFO:colcon.colcon_core.shell:Creating environment hook '/home/brian/Projects/Cobot/ros2_cobot/install/cobot_perception/share/cobot_perception/hook/ament_prefix_path.sh'
[0.874s] INFO:colcon.colcon_core.shell:Skip shell extension 'powershell' for command environment: Not usable outside of PowerShell
[0.874s] DEBUG:colcon.colcon_core.shell:Skip shell extension 'dsv' for command environment
[1.301s] INFO:colcon.colcon_core.task.python.build:Building Python package in '/home/brian/Projects/Cobot/ros2_cobot/src/cobot_control'
[1.302s] INFO:colcon.colcon_core.shell:Skip shell extension 'powershell' for command environment: Not usable outside of PowerShell
[1.302s] DEBUG:colcon.colcon_core.shell:Skip shell extension 'dsv' for command environment
[1.473s] INFO:colcon.colcon_core.task.python.build:Building Python package in '/home/brian/Projects/Cobot/ros2_cobot/src/cobot_perception'
[1.473s] INFO:colcon.colcon_core.shell:Skip shell extension 'powershell' for command environment: Not usable outside of PowerShell
[1.473s] DEBUG:colcon.colcon_core.shell:Skip shell extension 'dsv' for command environment
[1.701s] DEBUG:colcon.colcon_core.event_handler.log_command:Invoking command in '/home/brian/Projects/Cobot/ros2_cobot/src/cobot_control': AMENT_PREFIX_PATH=/home/brian/Projects/Cobot/ros2_cobot/install/cobot_interfaces:${AMENT_PREFIX_PATH} CMAKE_PREFIX_PATH=/home/brian/Projects/Cobot/ros2_cobot/install/cobot_interfaces CONDA_PROMPT_MODIFIER=(base) LD_LIBRARY_PATH=/home/brian/Projects/Cobot/ros2_cobot/install/cobot_interfaces/lib:${LD_LIBRARY_PATH} PYTHONPATH=/home/brian/Projects/Cobot/ros2_cobot/build/cobot_control/prefix_override:/usr/lib/python3/dist-packages/colcon_core/task/python/colcon_distutils_commands:/home/brian/Projects/Cobot/ros2_cobot/install/cobot_control/lib/python3.10/site-packages:/home/brian/Projects/Cobot/ros2_cobot/install/cobot_interfaces/lib/python3.13/site-packages:${PYTHONPATH} /usr/bin/python3 -W ignore:setup.py install is deprecated -W ignore:easy_install command is deprecated setup.py egg_info --egg-base ../../build/cobot_control build --build-base /home/brian/Projects/Cobot/ros2_cobot/build/cobot_control/build install --record /home/brian/Projects/Cobot/ros2_cobot/build/cobot_control/install.log --single-version-externally-managed install_data
[1.701s] DEBUG:colcon.colcon_core.event_handler.log_command:Invoking command in '/home/brian/Projects/Cobot/ros2_cobot/src/cobot_perception': AMENT_PREFIX_PATH=/home/brian/Projects/Cobot/ros2_cobot/install/cobot_interfaces:${AMENT_PREFIX_PATH} CMAKE_PREFIX_PATH=/home/brian/Projects/Cobot/ros2_cobot/install/cobot_interfaces CONDA_PROMPT_MODIFIER=(base) LD_LIBRARY_PATH=/home/brian/Projects/Cobot/ros2_cobot/install/cobot_interfaces/lib:${LD_LIBRARY_PATH} PYTHONPATH=/home/brian/Projects/Cobot/ros2_cobot/build/cobot_perception/prefix_override:/usr/lib/python3/dist-packages/colcon_core/task/python/colcon_distutils_commands:/home/brian/Projects/Cobot/ros2_cobot/install/cobot_perception/lib/python3.10/site-packages:/home/brian/Projects/Cobot/ros2_cobot/install/cobot_interfaces/lib/python3.13/site-packages:${PYTHONPATH} /usr/bin/python3 -W ignore:setup.py install is deprecated -W ignore:easy_install command is deprecated setup.py egg_info --egg-base ../../build/cobot_perception build --build-base /home/brian/Projects/Cobot/ros2_cobot/build/cobot_perception/build install --record /home/brian/Projects/Cobot/ros2_cobot/build/cobot_perception/install.log --single-version-externally-managed install_data
[1.904s] Level 1:colcon.colcon_core.environment:checking '/home/brian/Projects/Cobot/ros2_cobot/install/cobot_control' for CMake module files
[1.905s] DEBUG:colcon.colcon_core.event_handler.log_command:Invoked command in '/home/brian/Projects/Cobot/ros2_cobot/src/cobot_control' returned '0': AMENT_PREFIX_PATH=/home/brian/Projects/Cobot/ros2_cobot/install/cobot_interfaces:${AMENT_PREFIX_PATH} CMAKE_PREFIX_PATH=/home/brian/Projects/Cobot/ros2_cobot/install/cobot_interfaces CONDA_PROMPT_MODIFIER=(base) LD_LIBRARY_PATH=/home/brian/Projects/Cobot/ros2_cobot/install/cobot_interfaces/lib:${LD_LIBRARY_PATH} PYTHONPATH=/home/brian/Projects/Cobot/ros2_cobot/build/cobot_control/prefix_override:/usr/lib/python3/dist-packages/colcon_core/task/python/colcon_distutils_commands:/home/brian/Projects/Cobot/ros2_cobot/install/cobot_control/lib/python3.10/site-packages:/home/brian/Projects/Cobot/ros2_cobot/install/cobot_interfaces/lib/python3.13/site-packages:${PYTHONPATH} /usr/bin/python3 -W ignore:setup.py install is deprecated -W ignore:easy_install command is deprecated setup.py egg_info --egg-base ../../build/cobot_control build --build-base /home/brian/Projects/Cobot/ros2_cobot/build/cobot_control/build install --record /home/brian/Projects/Cobot/ros2_cobot/build/cobot_control/install.log --single-version-externally-managed install_data
[1.905s] Level 1:colcon.colcon_core.environment:checking '/home/brian/Projects/Cobot/ros2_cobot/install/cobot_control' for CMake config files
[1.905s] Level 1:colcon.colcon_core.environment:checking '/home/brian/Projects/Cobot/ros2_cobot/install/cobot_control/lib'
[1.906s] Level 1:colcon.colcon_core.environment:checking '/home/brian/Projects/Cobot/ros2_cobot/install/cobot_control/bin'
[1.906s] Level 1:colcon.colcon_core.environment:checking '/home/brian/Projects/Cobot/ros2_cobot/install/cobot_control/lib/pkgconfig/cobot_control.pc'
[1.906s] Level 1:colcon.colcon_core.environment:checking '/home/brian/Projects/Cobot/ros2_cobot/install/cobot_control/lib/python3.10/site-packages'
[1.906s] Level 1:colcon.colcon_core.shell:create_environment_hook('cobot_control', 'pythonpath')
[1.906s] INFO:colcon.colcon_core.shell:Creating environment hook '/home/brian/Projects/Cobot/ros2_cobot/install/cobot_control/share/cobot_control/hook/pythonpath.ps1'
[1.907s] INFO:colcon.colcon_core.shell:Creating environment descriptor '/home/brian/Projects/Cobot/ros2_cobot/install/cobot_control/share/cobot_control/hook/pythonpath.dsv'
[1.907s] INFO:colcon.colcon_core.shell:Creating environment hook '/home/brian/Projects/Cobot/ros2_cobot/install/cobot_control/share/cobot_control/hook/pythonpath.sh'
[1.908s] Level 1:colcon.colcon_core.environment:checking '/home/brian/Projects/Cobot/ros2_cobot/install/cobot_control/bin'
[1.908s] Level 1:colcon.colcon_core.environment:create_environment_scripts_only(cobot_control)
[1.908s] INFO:colcon.colcon_core.shell:Creating package script '/home/brian/Projects/Cobot/ros2_cobot/install/cobot_control/share/cobot_control/package.ps1'
[1.909s] INFO:colcon.colcon_core.shell:Creating package descriptor '/home/brian/Projects/Cobot/ros2_cobot/install/cobot_control/share/cobot_control/package.dsv'
[1.909s] INFO:colcon.colcon_core.shell:Creating package script '/home/brian/Projects/Cobot/ros2_cobot/install/cobot_control/share/cobot_control/package.sh'
[1.910s] INFO:colcon.colcon_core.shell:Creating package script '/home/brian/Projects/Cobot/ros2_cobot/install/cobot_control/share/cobot_control/package.bash'
[1.910s] INFO:colcon.colcon_core.shell:Creating package script '/home/brian/Projects/Cobot/ros2_cobot/install/cobot_control/share/cobot_control/package.zsh'
[2.009s] Level 1:colcon.colcon_core.environment:create_file_with_runtime_dependencies(/home/brian/Projects/Cobot/ros2_cobot/install/cobot_control/share/colcon-core/packages/cobot_control)
[2.011s] Level 1:colcon.colcon_core.environment:checking '/home/brian/Projects/Cobot/ros2_cobot/install/cobot_perception' for CMake module files
[2.012s] DEBUG:colcon.colcon_core.event_handler.log_command:Invoked command in '/home/brian/Projects/Cobot/ros2_cobot/src/cobot_perception' returned '0': AMENT_PREFIX_PATH=/home/brian/Projects/Cobot/ros2_cobot/install/cobot_interfaces:${AMENT_PREFIX_PATH} CMAKE_PREFIX_PATH=/home/brian/Projects/Cobot/ros2_cobot/install/cobot_interfaces CONDA_PROMPT_MODIFIER=(base) LD_LIBRARY_PATH=/home/brian/Projects/Cobot/ros2_cobot/install/cobot_interfaces/lib:${LD_LIBRARY_PATH} PYTHONPATH=/home/brian/Projects/Cobot/ros2_cobot/build/cobot_perception/prefix_override:/usr/lib/python3/dist-packages/colcon_core/task/python/colcon_distutils_commands:/home/brian/Projects/Cobot/ros2_cobot/install/cobot_perception/lib/python3.10/site-packages:/home/brian/Projects/Cobot/ros2_cobot/install/cobot_interfaces/lib/python3.13/site-packages:${PYTHONPATH} /usr/bin/python3 -W ignore:setup.py install is deprecated -W ignore:easy_install command is deprecated setup.py egg_info --egg-base ../../build/cobot_perception build --build-base /home/brian/Projects/Cobot/ros2_cobot/build/cobot_perception/build install --record /home/brian/Projects/Cobot/ros2_cobot/build/cobot_perception/install.log --single-version-externally-managed install_data
[2.012s] Level 1:colcon.colcon_core.environment:checking '/home/brian/Projects/Cobot/ros2_cobot/install/cobot_perception' for CMake config files
[2.012s] Level 1:colcon.colcon_core.environment:checking '/home/brian/Projects/Cobot/ros2_cobot/install/cobot_perception/lib'
[2.012s] Level 1:colcon.colcon_core.environment:checking '/home/brian/Projects/Cobot/ros2_cobot/install/cobot_perception/bin'
[2.012s] Level 1:colcon.colcon_core.environment:checking '/home/brian/Projects/Cobot/ros2_cobot/install/cobot_perception/lib/pkgconfig/cobot_perception.pc'
[2.013s] Level 1:colcon.colcon_core.environment:checking '/home/brian/Projects/Cobot/ros2_cobot/install/cobot_perception/lib/python3.10/site-packages'
[2.013s] Level 1:colcon.colcon_core.shell:create_environment_hook('cobot_perception', 'pythonpath')
[2.013s] INFO:colcon.colcon_core.shell:Creating environment hook '/home/brian/Projects/Cobot/ros2_cobot/install/cobot_perception/share/cobot_perception/hook/pythonpath.ps1'
[2.013s] INFO:colcon.colcon_core.shell:Creating environment descriptor '/home/brian/Projects/Cobot/ros2_cobot/install/cobot_perception/share/cobot_perception/hook/pythonpath.dsv'
[2.014s] INFO:colcon.colcon_core.shell:Creating environment hook '/home/brian/Projects/Cobot/ros2_cobot/install/cobot_perception/share/cobot_perception/hook/pythonpath.sh'
[2.015s] Level 1:colcon.colcon_core.environment:checking '/home/brian/Projects/Cobot/ros2_cobot/install/cobot_perception/bin'
[2.015s] Level 1:colcon.colcon_core.environment:create_environment_scripts_only(cobot_perception)
[2.015s] INFO:colcon.colcon_core.shell:Creating package script '/home/brian/Projects/Cobot/ros2_cobot/install/cobot_perception/share/cobot_perception/package.ps1'
[2.016s] INFO:colcon.colcon_core.shell:Creating package descriptor '/home/brian/Projects/Cobot/ros2_cobot/install/cobot_perception/share/cobot_perception/package.dsv'
[2.016s] INFO:colcon.colcon_core.shell:Creating package script '/home/brian/Projects/Cobot/ros2_cobot/install/cobot_perception/share/cobot_perception/package.sh'
[2.017s] INFO:colcon.colcon_core.shell:Creating package script '/home/brian/Projects/Cobot/ros2_cobot/install/cobot_perception/share/cobot_perception/package.bash'
[2.017s] INFO:colcon.colcon_core.shell:Creating package script '/home/brian/Projects/Cobot/ros2_cobot/install/cobot_perception/share/cobot_perception/package.zsh'
[2.017s] Level 1:colcon.colcon_core.environment:create_file_with_runtime_dependencies(/home/brian/Projects/Cobot/ros2_cobot/install/cobot_perception/share/colcon-core/packages/cobot_perception)
[2.018s] DEBUG:colcon.colcon_parallel_executor.executor.parallel:closing loop
[2.018s] DEBUG:colcon.colcon_parallel_executor.executor.parallel:loop closed
[2.018s] DEBUG:colcon.colcon_parallel_executor.executor.parallel:run_until_complete finished with '0'
[2.018s] DEBUG:colcon.colcon_core.event_reactor:joining thread
[2.022s] INFO:colcon.colcon_core.plugin_system:Skipping extension 'colcon_notification.desktop_notification.terminal_notifier': Not used on non-Darwin systems
[2.022s] INFO:colcon.colcon_core.plugin_system:Skipping extension 'colcon_notification.desktop_notification.win32': Not used on non-Windows systems
[2.022s] INFO:colcon.colcon_notification.desktop_notification:Sending desktop notification using 'notify2'
[2.029s] DEBUG:colcon.colcon_core.event_reactor:joined thread
[2.030s] INFO:colcon.colcon_core.shell:Creating prefix script '/home/brian/Projects/Cobot/ros2_cobot/install/local_setup.ps1'
[2.030s] INFO:colcon.colcon_core.shell:Creating prefix util module '/home/brian/Projects/Cobot/ros2_cobot/install/_local_setup_util_ps1.py'
[2.031s] INFO:colcon.colcon_core.shell:Creating prefix chain script '/home/brian/Projects/Cobot/ros2_cobot/install/setup.ps1'
[2.032s] INFO:colcon.colcon_core.shell:Creating prefix script '/home/brian/Projects/Cobot/ros2_cobot/install/local_setup.sh'
[2.033s] INFO:colcon.colcon_core.shell:Creating prefix util module '/home/brian/Projects/Cobot/ros2_cobot/install/_local_setup_util_sh.py'
[2.033s] INFO:colcon.colcon_core.shell:Creating prefix chain script '/home/brian/Projects/Cobot/ros2_cobot/install/setup.sh'
[2.034s] INFO:colcon.colcon_core.shell:Creating prefix script '/home/brian/Projects/Cobot/ros2_cobot/install/local_setup.bash'
[2.034s] INFO:colcon.colcon_core.shell:Creating prefix chain script '/home/brian/Projects/Cobot/ros2_cobot/install/setup.bash'
[2.035s] INFO:colcon.colcon_core.shell:Creating prefix script '/home/brian/Projects/Cobot/ros2_cobot/install/local_setup.zsh'
[2.035s] INFO:colcon.colcon_core.shell:Creating prefix chain script '/home/brian/Projects/Cobot/ros2_cobot/install/setup.zsh'
