[  9%] Built target cobot_interfaces__rs
[ 15%] Built target cobot_interfaces__cpp
[ 15%] Built target cobot_interfaces__rosidl_generator_c
[ 15%] Built target ament_cmake_python_copy_cobot_interfaces
[ 25%] Built target cobot_interfaces__rosidl_typesupport_c
[ 40%] Built target cobot_interfaces__rosidl_typesupport_cpp
[ 53%] Built target cobot_interfaces__rosidl_typesupport_fastrtps_cpp
[ 53%] Built target cobot_interfaces__rosidl_typesupport_introspection_cpp
[ 62%] Built target cobot_interfaces__rosidl_typesupport_introspection_c
[ 71%] Built target cobot_interfaces__rosidl_typesupport_fastrtps_c
[ 71%] Built target cobot_interfaces
[ 75%] Built target cobot_interfaces__py
[ 81%] Built target cobot_interfaces__rosidl_generator_py
[100%] Built target cobot_interfaces__rosidl_typesupport_introspection_c__pyext
[100%] Built target cobot_interfaces__rosidl_typesupport_fastrtps_c__pyext
[100%] Built target cobot_interfaces__rosidl_typesupport_c__pyext
running egg_info
writing cobot_interfaces.egg-info/PKG-INFO
writing dependency_links to cobot_interfaces.egg-info/dependency_links.txt
writing top-level names to cobot_interfaces.egg-info/top_level.txt
reading manifest file 'cobot_interfaces.egg-info/SOURCES.txt'
writing manifest file 'cobot_interfaces.egg-info/SOURCES.txt'
[100%] Built target ament_cmake_python_build_cobot_interfaces_egg
-- Install configuration: ""
-- Up-to-date: /home/brian/Projects/Cobot/ros2_cobot/install/cobot_interfaces/share/ament_index/resource_index/rosidl_interfaces/cobot_interfaces
-- Up-to-date: /home/brian/Projects/Cobot/ros2_cobot/install/cobot_interfaces/include/cobot_interfaces/cobot_interfaces
-- Up-to-date: /home/brian/Projects/Cobot/ros2_cobot/install/cobot_interfaces/include/cobot_interfaces/cobot_interfaces/msg
-- Up-to-date: /home/brian/Projects/Cobot/ros2_cobot/install/cobot_interfaces/include/cobot_interfaces/cobot_interfaces/msg/detail
-- Up-to-date: /home/brian/Projects/Cobot/ros2_cobot/install/cobot_interfaces/include/cobot_interfaces/cobot_interfaces/msg/detail/observation__functions.c
-- Up-to-date: /home/brian/Projects/Cobot/ros2_cobot/install/cobot_interfaces/include/cobot_interfaces/cobot_interfaces/msg/detail/observation__functions.h
-- Up-to-date: /home/brian/Projects/Cobot/ros2_cobot/install/cobot_interfaces/include/cobot_interfaces/cobot_interfaces/msg/detail/observation__type_support.h
-- Up-to-date: /home/brian/Projects/Cobot/ros2_cobot/install/cobot_interfaces/include/cobot_interfaces/cobot_interfaces/msg/detail/observation__struct.h
-- Up-to-date: /home/brian/Projects/Cobot/ros2_cobot/install/cobot_interfaces/include/cobot_interfaces/cobot_interfaces/msg/observation.h
-- Up-to-date: /home/brian/Projects/Cobot/ros2_cobot/install/cobot_interfaces/include/cobot_interfaces/cobot_interfaces/msg/rosidl_generator_c__visibility_control.h
-- Up-to-date: /home/brian/Projects/Cobot/ros2_cobot/install/cobot_interfaces/share/cobot_interfaces/environment/library_path.sh
-- Up-to-date: /home/brian/Projects/Cobot/ros2_cobot/install/cobot_interfaces/share/cobot_interfaces/environment/library_path.dsv
-- Up-to-date: /home/brian/Projects/Cobot/ros2_cobot/install/cobot_interfaces/lib/libcobot_interfaces__rosidl_generator_c.so
-- Up-to-date: /home/brian/Projects/Cobot/ros2_cobot/install/cobot_interfaces/include/cobot_interfaces/cobot_interfaces
-- Up-to-date: /home/brian/Projects/Cobot/ros2_cobot/install/cobot_interfaces/include/cobot_interfaces/cobot_interfaces/msg
-- Up-to-date: /home/brian/Projects/Cobot/ros2_cobot/install/cobot_interfaces/include/cobot_interfaces/cobot_interfaces/msg/detail
-- Up-to-date: /home/brian/Projects/Cobot/ros2_cobot/install/cobot_interfaces/include/cobot_interfaces/cobot_interfaces/msg/detail/observation__rosidl_typesupport_fastrtps_c.h
-- Up-to-date: /home/brian/Projects/Cobot/ros2_cobot/install/cobot_interfaces/include/cobot_interfaces/cobot_interfaces/msg/rosidl_typesupport_fastrtps_c__visibility_control.h
-- Up-to-date: /home/brian/Projects/Cobot/ros2_cobot/install/cobot_interfaces/lib/libcobot_interfaces__rosidl_typesupport_fastrtps_c.so
-- Up-to-date: /home/brian/Projects/Cobot/ros2_cobot/install/cobot_interfaces/include/cobot_interfaces/cobot_interfaces
-- Up-to-date: /home/brian/Projects/Cobot/ros2_cobot/install/cobot_interfaces/include/cobot_interfaces/cobot_interfaces/msg
-- Up-to-date: /home/brian/Projects/Cobot/ros2_cobot/install/cobot_interfaces/include/cobot_interfaces/cobot_interfaces/msg/detail
-- Up-to-date: /home/brian/Projects/Cobot/ros2_cobot/install/cobot_interfaces/include/cobot_interfaces/cobot_interfaces/msg/detail/observation__type_support.c
-- Up-to-date: /home/brian/Projects/Cobot/ros2_cobot/install/cobot_interfaces/include/cobot_interfaces/cobot_interfaces/msg/detail/observation__rosidl_typesupport_introspection_c.h
-- Up-to-date: /home/brian/Projects/Cobot/ros2_cobot/install/cobot_interfaces/include/cobot_interfaces/cobot_interfaces/msg/rosidl_typesupport_introspection_c__visibility_control.h
-- Up-to-date: /home/brian/Projects/Cobot/ros2_cobot/install/cobot_interfaces/lib/libcobot_interfaces__rosidl_typesupport_introspection_c.so
-- Up-to-date: /home/brian/Projects/Cobot/ros2_cobot/install/cobot_interfaces/lib/libcobot_interfaces__rosidl_typesupport_c.so
-- Up-to-date: /home/brian/Projects/Cobot/ros2_cobot/install/cobot_interfaces/include/cobot_interfaces/cobot_interfaces
-- Up-to-date: /home/brian/Projects/Cobot/ros2_cobot/install/cobot_interfaces/include/cobot_interfaces/cobot_interfaces/msg
-- Up-to-date: /home/brian/Projects/Cobot/ros2_cobot/install/cobot_interfaces/include/cobot_interfaces/cobot_interfaces/msg/detail
-- Up-to-date: /home/brian/Projects/Cobot/ros2_cobot/install/cobot_interfaces/include/cobot_interfaces/cobot_interfaces/msg/detail/observation__struct.hpp
-- Up-to-date: /home/brian/Projects/Cobot/ros2_cobot/install/cobot_interfaces/include/cobot_interfaces/cobot_interfaces/msg/detail/observation__traits.hpp
-- Up-to-date: /home/brian/Projects/Cobot/ros2_cobot/install/cobot_interfaces/include/cobot_interfaces/cobot_interfaces/msg/detail/observation__type_support.hpp
-- Up-to-date: /home/brian/Projects/Cobot/ros2_cobot/install/cobot_interfaces/include/cobot_interfaces/cobot_interfaces/msg/detail/observation__builder.hpp
-- Up-to-date: /home/brian/Projects/Cobot/ros2_cobot/install/cobot_interfaces/include/cobot_interfaces/cobot_interfaces/msg/observation.hpp
-- Up-to-date: /home/brian/Projects/Cobot/ros2_cobot/install/cobot_interfaces/include/cobot_interfaces/cobot_interfaces/msg/rosidl_generator_cpp__visibility_control.hpp
-- Up-to-date: /home/brian/Projects/Cobot/ros2_cobot/install/cobot_interfaces/include/cobot_interfaces/cobot_interfaces
-- Up-to-date: /home/brian/Projects/Cobot/ros2_cobot/install/cobot_interfaces/include/cobot_interfaces/cobot_interfaces/msg
-- Up-to-date: /home/brian/Projects/Cobot/ros2_cobot/install/cobot_interfaces/include/cobot_interfaces/cobot_interfaces/msg/detail
-- Up-to-date: /home/brian/Projects/Cobot/ros2_cobot/install/cobot_interfaces/include/cobot_interfaces/cobot_interfaces/msg/detail/dds_fastrtps
-- Up-to-date: /home/brian/Projects/Cobot/ros2_cobot/install/cobot_interfaces/include/cobot_interfaces/cobot_interfaces/msg/detail/observation__rosidl_typesupport_fastrtps_cpp.hpp
-- Up-to-date: /home/brian/Projects/Cobot/ros2_cobot/install/cobot_interfaces/include/cobot_interfaces/cobot_interfaces/msg/rosidl_typesupport_fastrtps_cpp__visibility_control.h
-- Up-to-date: /home/brian/Projects/Cobot/ros2_cobot/install/cobot_interfaces/lib/libcobot_interfaces__rosidl_typesupport_fastrtps_cpp.so
-- Up-to-date: /home/brian/Projects/Cobot/ros2_cobot/install/cobot_interfaces/include/cobot_interfaces/cobot_interfaces
-- Up-to-date: /home/brian/Projects/Cobot/ros2_cobot/install/cobot_interfaces/include/cobot_interfaces/cobot_interfaces/msg
-- Up-to-date: /home/brian/Projects/Cobot/ros2_cobot/install/cobot_interfaces/include/cobot_interfaces/cobot_interfaces/msg/detail
-- Up-to-date: /home/brian/Projects/Cobot/ros2_cobot/install/cobot_interfaces/include/cobot_interfaces/cobot_interfaces/msg/detail/observation__type_support.cpp
-- Up-to-date: /home/brian/Projects/Cobot/ros2_cobot/install/cobot_interfaces/include/cobot_interfaces/cobot_interfaces/msg/detail/observation__rosidl_typesupport_introspection_cpp.hpp
-- Up-to-date: /home/brian/Projects/Cobot/ros2_cobot/install/cobot_interfaces/lib/libcobot_interfaces__rosidl_typesupport_introspection_cpp.so
-- Up-to-date: /home/brian/Projects/Cobot/ros2_cobot/install/cobot_interfaces/lib/libcobot_interfaces__rosidl_typesupport_cpp.so
-- Up-to-date: /home/brian/Projects/Cobot/ros2_cobot/install/cobot_interfaces/share/cobot_interfaces/environment/pythonpath.sh
-- Up-to-date: /home/brian/Projects/Cobot/ros2_cobot/install/cobot_interfaces/share/cobot_interfaces/environment/pythonpath.dsv
-- Up-to-date: /home/brian/Projects/Cobot/ros2_cobot/install/cobot_interfaces/lib/python3.13/site-packages/cobot_interfaces-0.0.0-py3.13.egg-info
-- Installing: /home/brian/Projects/Cobot/ros2_cobot/install/cobot_interfaces/lib/python3.13/site-packages/cobot_interfaces-0.0.0-py3.13.egg-info/PKG-INFO
-- Installing: /home/brian/Projects/Cobot/ros2_cobot/install/cobot_interfaces/lib/python3.13/site-packages/cobot_interfaces-0.0.0-py3.13.egg-info/SOURCES.txt
-- Installing: /home/brian/Projects/Cobot/ros2_cobot/install/cobot_interfaces/lib/python3.13/site-packages/cobot_interfaces-0.0.0-py3.13.egg-info/dependency_links.txt
-- Installing: /home/brian/Projects/Cobot/ros2_cobot/install/cobot_interfaces/lib/python3.13/site-packages/cobot_interfaces-0.0.0-py3.13.egg-info/top_level.txt
-- Up-to-date: /home/brian/Projects/Cobot/ros2_cobot/install/cobot_interfaces/lib/python3.13/site-packages/cobot_interfaces
-- Up-to-date: /home/brian/Projects/Cobot/ros2_cobot/install/cobot_interfaces/lib/python3.13/site-packages/cobot_interfaces/_cobot_interfaces_s.ep.rosidl_typesupport_introspection_c.c
-- Up-to-date: /home/brian/Projects/Cobot/ros2_cobot/install/cobot_interfaces/lib/python3.13/site-packages/cobot_interfaces/__init__.py
-- Up-to-date: /home/brian/Projects/Cobot/ros2_cobot/install/cobot_interfaces/lib/python3.13/site-packages/cobot_interfaces/cobot_interfaces_s__rosidl_typesupport_fastrtps_c.cpython-313-x86_64-linux-gnu.so
-- Up-to-date: /home/brian/Projects/Cobot/ros2_cobot/install/cobot_interfaces/lib/python3.13/site-packages/cobot_interfaces/_cobot_interfaces_s.ep.rosidl_typesupport_c.c
-- Up-to-date: /home/brian/Projects/Cobot/ros2_cobot/install/cobot_interfaces/lib/python3.13/site-packages/cobot_interfaces/_cobot_interfaces_s.ep.rosidl_typesupport_fastrtps_c.c
-- Up-to-date: /home/brian/Projects/Cobot/ros2_cobot/install/cobot_interfaces/lib/python3.13/site-packages/cobot_interfaces/libcobot_interfaces__rosidl_generator_py.so
-- Up-to-date: /home/brian/Projects/Cobot/ros2_cobot/install/cobot_interfaces/lib/python3.13/site-packages/cobot_interfaces/cobot_interfaces_s__rosidl_typesupport_c.cpython-313-x86_64-linux-gnu.so
-- Up-to-date: /home/brian/Projects/Cobot/ros2_cobot/install/cobot_interfaces/lib/python3.13/site-packages/cobot_interfaces/cobot_interfaces_s__rosidl_typesupport_introspection_c.cpython-313-x86_64-linux-gnu.so
-- Up-to-date: /home/brian/Projects/Cobot/ros2_cobot/install/cobot_interfaces/lib/python3.13/site-packages/cobot_interfaces/msg
-- Up-to-date: /home/brian/Projects/Cobot/ros2_cobot/install/cobot_interfaces/lib/python3.13/site-packages/cobot_interfaces/msg/_observation_s.c
-- Up-to-date: /home/brian/Projects/Cobot/ros2_cobot/install/cobot_interfaces/lib/python3.13/site-packages/cobot_interfaces/msg/__init__.py
-- Up-to-date: /home/brian/Projects/Cobot/ros2_cobot/install/cobot_interfaces/lib/python3.13/site-packages/cobot_interfaces/msg/_observation.py
Listing '/home/brian/Projects/Cobot/ros2_cobot/install/cobot_interfaces/lib/python3.13/site-packages/cobot_interfaces'...
Listing '/home/brian/Projects/Cobot/ros2_cobot/install/cobot_interfaces/lib/python3.13/site-packages/cobot_interfaces/msg'...
-- Up-to-date: /home/brian/Projects/Cobot/ros2_cobot/install/cobot_interfaces/lib/python3.13/site-packages/cobot_interfaces/cobot_interfaces_s__rosidl_typesupport_fastrtps_c.cpython-313-x86_64-linux-gnu.so
-- Up-to-date: /home/brian/Projects/Cobot/ros2_cobot/install/cobot_interfaces/lib/python3.13/site-packages/cobot_interfaces/cobot_interfaces_s__rosidl_typesupport_introspection_c.cpython-313-x86_64-linux-gnu.so
-- Up-to-date: /home/brian/Projects/Cobot/ros2_cobot/install/cobot_interfaces/lib/python3.13/site-packages/cobot_interfaces/cobot_interfaces_s__rosidl_typesupport_c.cpython-313-x86_64-linux-gnu.so
-- Up-to-date: /home/brian/Projects/Cobot/ros2_cobot/install/cobot_interfaces/lib/libcobot_interfaces__rosidl_generator_py.so
-- Up-to-date: /home/brian/Projects/Cobot/ros2_cobot/install/cobot_interfaces/share/ament_index/resource_index/rust_packages/cobot_interfaces
-- Up-to-date: /home/brian/Projects/Cobot/ros2_cobot/install/cobot_interfaces/share/cobot_interfaces/rust
-- Up-to-date: /home/brian/Projects/Cobot/ros2_cobot/install/cobot_interfaces/share/cobot_interfaces/rust/build.rs
-- Up-to-date: /home/brian/Projects/Cobot/ros2_cobot/install/cobot_interfaces/share/cobot_interfaces/rust/Cargo.toml
-- Up-to-date: /home/brian/Projects/Cobot/ros2_cobot/install/cobot_interfaces/share/cobot_interfaces/rust/src
-- Up-to-date: /home/brian/Projects/Cobot/ros2_cobot/install/cobot_interfaces/share/cobot_interfaces/rust/src/msg.rs
-- Up-to-date: /home/brian/Projects/Cobot/ros2_cobot/install/cobot_interfaces/share/cobot_interfaces/rust/src/lib.rs
-- Up-to-date: /home/brian/Projects/Cobot/ros2_cobot/install/cobot_interfaces/share/cobot_interfaces/rust/src/msg
-- Up-to-date: /home/brian/Projects/Cobot/ros2_cobot/install/cobot_interfaces/share/cobot_interfaces/rust/src/msg/rmw.rs
-- Up-to-date: /home/brian/Projects/Cobot/ros2_cobot/install/cobot_interfaces/share/cobot_interfaces/msg/Observation.idl
-- Up-to-date: /home/brian/Projects/Cobot/ros2_cobot/install/cobot_interfaces/share/cobot_interfaces/msg/Observation.msg
-- Up-to-date: /home/brian/Projects/Cobot/ros2_cobot/install/cobot_interfaces/share/ament_index/resource_index/package_run_dependencies/cobot_interfaces
-- Up-to-date: /home/brian/Projects/Cobot/ros2_cobot/install/cobot_interfaces/share/ament_index/resource_index/parent_prefix_path/cobot_interfaces
-- Up-to-date: /home/brian/Projects/Cobot/ros2_cobot/install/cobot_interfaces/share/cobot_interfaces/environment/ament_prefix_path.sh
-- Up-to-date: /home/brian/Projects/Cobot/ros2_cobot/install/cobot_interfaces/share/cobot_interfaces/environment/ament_prefix_path.dsv
-- Up-to-date: /home/brian/Projects/Cobot/ros2_cobot/install/cobot_interfaces/share/cobot_interfaces/environment/path.sh
-- Up-to-date: /home/brian/Projects/Cobot/ros2_cobot/install/cobot_interfaces/share/cobot_interfaces/environment/path.dsv
-- Up-to-date: /home/brian/Projects/Cobot/ros2_cobot/install/cobot_interfaces/share/cobot_interfaces/local_setup.bash
-- Up-to-date: /home/brian/Projects/Cobot/ros2_cobot/install/cobot_interfaces/share/cobot_interfaces/local_setup.sh
-- Up-to-date: /home/brian/Projects/Cobot/ros2_cobot/install/cobot_interfaces/share/cobot_interfaces/local_setup.zsh
-- Up-to-date: /home/brian/Projects/Cobot/ros2_cobot/install/cobot_interfaces/share/cobot_interfaces/local_setup.dsv
-- Installing: /home/brian/Projects/Cobot/ros2_cobot/install/cobot_interfaces/share/cobot_interfaces/package.dsv
-- Up-to-date: /home/brian/Projects/Cobot/ros2_cobot/install/cobot_interfaces/share/ament_index/resource_index/packages/cobot_interfaces
-- Up-to-date: /home/brian/Projects/Cobot/ros2_cobot/install/cobot_interfaces/share/cobot_interfaces/cmake/export_cobot_interfaces__rosidl_generator_cExport.cmake
-- Up-to-date: /home/brian/Projects/Cobot/ros2_cobot/install/cobot_interfaces/share/cobot_interfaces/cmake/export_cobot_interfaces__rosidl_generator_cExport-noconfig.cmake
-- Up-to-date: /home/brian/Projects/Cobot/ros2_cobot/install/cobot_interfaces/share/cobot_interfaces/cmake/export_cobot_interfaces__rosidl_typesupport_fastrtps_cExport.cmake
-- Up-to-date: /home/brian/Projects/Cobot/ros2_cobot/install/cobot_interfaces/share/cobot_interfaces/cmake/export_cobot_interfaces__rosidl_typesupport_fastrtps_cExport-noconfig.cmake
-- Up-to-date: /home/brian/Projects/Cobot/ros2_cobot/install/cobot_interfaces/share/cobot_interfaces/cmake/cobot_interfaces__rosidl_typesupport_introspection_cExport.cmake
-- Up-to-date: /home/brian/Projects/Cobot/ros2_cobot/install/cobot_interfaces/share/cobot_interfaces/cmake/cobot_interfaces__rosidl_typesupport_introspection_cExport-noconfig.cmake
-- Up-to-date: /home/brian/Projects/Cobot/ros2_cobot/install/cobot_interfaces/share/cobot_interfaces/cmake/cobot_interfaces__rosidl_typesupport_cExport.cmake
-- Up-to-date: /home/brian/Projects/Cobot/ros2_cobot/install/cobot_interfaces/share/cobot_interfaces/cmake/cobot_interfaces__rosidl_typesupport_cExport-noconfig.cmake
-- Up-to-date: /home/brian/Projects/Cobot/ros2_cobot/install/cobot_interfaces/share/cobot_interfaces/cmake/export_cobot_interfaces__rosidl_generator_cppExport.cmake
-- Up-to-date: /home/brian/Projects/Cobot/ros2_cobot/install/cobot_interfaces/share/cobot_interfaces/cmake/export_cobot_interfaces__rosidl_typesupport_fastrtps_cppExport.cmake
-- Up-to-date: /home/brian/Projects/Cobot/ros2_cobot/install/cobot_interfaces/share/cobot_interfaces/cmake/export_cobot_interfaces__rosidl_typesupport_fastrtps_cppExport-noconfig.cmake
-- Up-to-date: /home/brian/Projects/Cobot/ros2_cobot/install/cobot_interfaces/share/cobot_interfaces/cmake/cobot_interfaces__rosidl_typesupport_introspection_cppExport.cmake
-- Up-to-date: /home/brian/Projects/Cobot/ros2_cobot/install/cobot_interfaces/share/cobot_interfaces/cmake/cobot_interfaces__rosidl_typesupport_introspection_cppExport-noconfig.cmake
-- Up-to-date: /home/brian/Projects/Cobot/ros2_cobot/install/cobot_interfaces/share/cobot_interfaces/cmake/cobot_interfaces__rosidl_typesupport_cppExport.cmake
-- Up-to-date: /home/brian/Projects/Cobot/ros2_cobot/install/cobot_interfaces/share/cobot_interfaces/cmake/cobot_interfaces__rosidl_typesupport_cppExport-noconfig.cmake
-- Up-to-date: /home/brian/Projects/Cobot/ros2_cobot/install/cobot_interfaces/share/cobot_interfaces/cmake/export_cobot_interfaces__rosidl_generator_pyExport.cmake
-- Up-to-date: /home/brian/Projects/Cobot/ros2_cobot/install/cobot_interfaces/share/cobot_interfaces/cmake/export_cobot_interfaces__rosidl_generator_pyExport-noconfig.cmake
-- Up-to-date: /home/brian/Projects/Cobot/ros2_cobot/install/cobot_interfaces/share/cobot_interfaces/cmake/rosidl_cmake-extras.cmake
-- Up-to-date: /home/brian/Projects/Cobot/ros2_cobot/install/cobot_interfaces/share/cobot_interfaces/cmake/ament_cmake_export_include_directories-extras.cmake
-- Up-to-date: /home/brian/Projects/Cobot/ros2_cobot/install/cobot_interfaces/share/cobot_interfaces/cmake/ament_cmake_export_libraries-extras.cmake
-- Up-to-date: /home/brian/Projects/Cobot/ros2_cobot/install/cobot_interfaces/share/cobot_interfaces/cmake/ament_cmake_export_targets-extras.cmake
-- Up-to-date: /home/brian/Projects/Cobot/ros2_cobot/install/cobot_interfaces/share/cobot_interfaces/cmake/rosidl_cmake_export_typesupport_targets-extras.cmake
-- Up-to-date: /home/brian/Projects/Cobot/ros2_cobot/install/cobot_interfaces/share/cobot_interfaces/cmake/ament_cmake_export_dependencies-extras.cmake
-- Up-to-date: /home/brian/Projects/Cobot/ros2_cobot/install/cobot_interfaces/share/cobot_interfaces/cmake/rosidl_cmake_export_typesupport_libraries-extras.cmake
-- Up-to-date: /home/brian/Projects/Cobot/ros2_cobot/install/cobot_interfaces/share/cobot_interfaces/cmake/cobot_interfacesConfig.cmake
-- Up-to-date: /home/brian/Projects/Cobot/ros2_cobot/install/cobot_interfaces/share/cobot_interfaces/cmake/cobot_interfacesConfig-version.cmake
-- Up-to-date: /home/brian/Projects/Cobot/ros2_cobot/install/cobot_interfaces/share/cobot_interfaces/package.xml
