[0.009s] Invoking command in '/home/brian/Projects/Cobot/ros2_cobot/build/cobot_interfaces': CMAKE_PREFIX_PATH=${CMAKE_PREFIX_PATH}:/home/brian/Projects/Cobot/ros2_cobot/install/cobot_perception:/home/brian/Projects/Cobot/ros2_cobot/install/cobot_control:/opt/ros/humble CONDA_PROMPT_MODIFIER=(base) /usr/bin/cmake --build /home/brian/Projects/Cobot/ros2_cobot/build/cobot_interfaces -- -j16 -l16
[0.040s] [  9%] Built target cobot_interfaces__rs
[0.040s] [ 15%] Built target cobot_interfaces__cpp
[0.040s] [ 15%] Built target cobot_interfaces__rosidl_generator_c
[0.047s] [ 15%] Built target ament_cmake_python_copy_cobot_interfaces
[0.054s] [ 25%] Built target cobot_interfaces__rosidl_typesupport_c
[0.054s] [ 40%] Built target cobot_interfaces__rosidl_typesupport_cpp
[0.055s] [ 53%] Built target cobot_interfaces__rosidl_typesupport_fastrtps_cpp
[0.055s] [ 53%] Built target cobot_interfaces__rosidl_typesupport_introspection_cpp
[0.055s] [ 62%] Built target cobot_interfaces__rosidl_typesupport_introspection_c
[0.056s] [ 71%] Built target cobot_interfaces__rosidl_typesupport_fastrtps_c
[0.069s] [ 71%] Built target cobot_interfaces
[0.083s] [ 75%] Built target cobot_interfaces__py
[0.097s] [ 81%] Built target cobot_interfaces__rosidl_generator_py
[0.112s] [100%] Built target cobot_interfaces__rosidl_typesupport_introspection_c__pyext
[0.112s] [100%] Built target cobot_interfaces__rosidl_typesupport_fastrtps_c__pyext
[0.112s] [100%] Built target cobot_interfaces__rosidl_typesupport_c__pyext
[0.213s] running egg_info
[0.226s] writing cobot_interfaces.egg-info/PKG-INFO
[0.226s] writing dependency_links to cobot_interfaces.egg-info/dependency_links.txt
[0.226s] writing top-level names to cobot_interfaces.egg-info/top_level.txt
[0.266s] reading manifest file 'cobot_interfaces.egg-info/SOURCES.txt'
[0.267s] writing manifest file 'cobot_interfaces.egg-info/SOURCES.txt'
[0.288s] [100%] Built target ament_cmake_python_build_cobot_interfaces_egg
[0.296s] Invoked command in '/home/brian/Projects/Cobot/ros2_cobot/build/cobot_interfaces' returned '0': CMAKE_PREFIX_PATH=${CMAKE_PREFIX_PATH}:/home/brian/Projects/Cobot/ros2_cobot/install/cobot_perception:/home/brian/Projects/Cobot/ros2_cobot/install/cobot_control:/opt/ros/humble CONDA_PROMPT_MODIFIER=(base) /usr/bin/cmake --build /home/brian/Projects/Cobot/ros2_cobot/build/cobot_interfaces -- -j16 -l16
[0.297s] Invoking command in '/home/brian/Projects/Cobot/ros2_cobot/build/cobot_interfaces': CMAKE_PREFIX_PATH=${CMAKE_PREFIX_PATH}:/home/brian/Projects/Cobot/ros2_cobot/install/cobot_perception:/home/brian/Projects/Cobot/ros2_cobot/install/cobot_control:/opt/ros/humble CONDA_PROMPT_MODIFIER=(base) /usr/bin/cmake --install /home/brian/Projects/Cobot/ros2_cobot/build/cobot_interfaces
[0.302s] -- Install configuration: ""
[0.303s] -- Up-to-date: /home/brian/Projects/Cobot/ros2_cobot/install/cobot_interfaces/share/ament_index/resource_index/rosidl_interfaces/cobot_interfaces
[0.303s] -- Up-to-date: /home/brian/Projects/Cobot/ros2_cobot/install/cobot_interfaces/include/cobot_interfaces/cobot_interfaces
[0.303s] -- Up-to-date: /home/brian/Projects/Cobot/ros2_cobot/install/cobot_interfaces/include/cobot_interfaces/cobot_interfaces/msg
[0.303s] -- Up-to-date: /home/brian/Projects/Cobot/ros2_cobot/install/cobot_interfaces/include/cobot_interfaces/cobot_interfaces/msg/detail
[0.303s] -- Up-to-date: /home/brian/Projects/Cobot/ros2_cobot/install/cobot_interfaces/include/cobot_interfaces/cobot_interfaces/msg/detail/observation__functions.c
[0.303s] -- Up-to-date: /home/brian/Projects/Cobot/ros2_cobot/install/cobot_interfaces/include/cobot_interfaces/cobot_interfaces/msg/detail/observation__functions.h
[0.303s] -- Up-to-date: /home/brian/Projects/Cobot/ros2_cobot/install/cobot_interfaces/include/cobot_interfaces/cobot_interfaces/msg/detail/observation__type_support.h
[0.303s] -- Up-to-date: /home/brian/Projects/Cobot/ros2_cobot/install/cobot_interfaces/include/cobot_interfaces/cobot_interfaces/msg/detail/observation__struct.h
[0.303s] -- Up-to-date: /home/brian/Projects/Cobot/ros2_cobot/install/cobot_interfaces/include/cobot_interfaces/cobot_interfaces/msg/observation.h
[0.303s] -- Up-to-date: /home/brian/Projects/Cobot/ros2_cobot/install/cobot_interfaces/include/cobot_interfaces/cobot_interfaces/msg/rosidl_generator_c__visibility_control.h
[0.303s] -- Up-to-date: /home/brian/Projects/Cobot/ros2_cobot/install/cobot_interfaces/share/cobot_interfaces/environment/library_path.sh
[0.303s] -- Up-to-date: /home/brian/Projects/Cobot/ros2_cobot/install/cobot_interfaces/share/cobot_interfaces/environment/library_path.dsv
[0.303s] -- Up-to-date: /home/brian/Projects/Cobot/ros2_cobot/install/cobot_interfaces/lib/libcobot_interfaces__rosidl_generator_c.so
[0.303s] -- Up-to-date: /home/brian/Projects/Cobot/ros2_cobot/install/cobot_interfaces/include/cobot_interfaces/cobot_interfaces
[0.303s] -- Up-to-date: /home/brian/Projects/Cobot/ros2_cobot/install/cobot_interfaces/include/cobot_interfaces/cobot_interfaces/msg
[0.303s] -- Up-to-date: /home/brian/Projects/Cobot/ros2_cobot/install/cobot_interfaces/include/cobot_interfaces/cobot_interfaces/msg/detail
[0.304s] -- Up-to-date: /home/brian/Projects/Cobot/ros2_cobot/install/cobot_interfaces/include/cobot_interfaces/cobot_interfaces/msg/detail/observation__rosidl_typesupport_fastrtps_c.h
[0.304s] -- Up-to-date: /home/brian/Projects/Cobot/ros2_cobot/install/cobot_interfaces/include/cobot_interfaces/cobot_interfaces/msg/rosidl_typesupport_fastrtps_c__visibility_control.h
[0.304s] -- Up-to-date: /home/brian/Projects/Cobot/ros2_cobot/install/cobot_interfaces/lib/libcobot_interfaces__rosidl_typesupport_fastrtps_c.so
[0.304s] -- Up-to-date: /home/brian/Projects/Cobot/ros2_cobot/install/cobot_interfaces/include/cobot_interfaces/cobot_interfaces
[0.304s] -- Up-to-date: /home/brian/Projects/Cobot/ros2_cobot/install/cobot_interfaces/include/cobot_interfaces/cobot_interfaces/msg
[0.304s] -- Up-to-date: /home/brian/Projects/Cobot/ros2_cobot/install/cobot_interfaces/include/cobot_interfaces/cobot_interfaces/msg/detail
[0.304s] -- Up-to-date: /home/brian/Projects/Cobot/ros2_cobot/install/cobot_interfaces/include/cobot_interfaces/cobot_interfaces/msg/detail/observation__type_support.c
[0.304s] -- Up-to-date: /home/brian/Projects/Cobot/ros2_cobot/install/cobot_interfaces/include/cobot_interfaces/cobot_interfaces/msg/detail/observation__rosidl_typesupport_introspection_c.h
[0.304s] -- Up-to-date: /home/brian/Projects/Cobot/ros2_cobot/install/cobot_interfaces/include/cobot_interfaces/cobot_interfaces/msg/rosidl_typesupport_introspection_c__visibility_control.h
[0.304s] -- Up-to-date: /home/brian/Projects/Cobot/ros2_cobot/install/cobot_interfaces/lib/libcobot_interfaces__rosidl_typesupport_introspection_c.so
[0.304s] -- Up-to-date: /home/brian/Projects/Cobot/ros2_cobot/install/cobot_interfaces/lib/libcobot_interfaces__rosidl_typesupport_c.so
[0.304s] -- Up-to-date: /home/brian/Projects/Cobot/ros2_cobot/install/cobot_interfaces/include/cobot_interfaces/cobot_interfaces
[0.304s] -- Up-to-date: /home/brian/Projects/Cobot/ros2_cobot/install/cobot_interfaces/include/cobot_interfaces/cobot_interfaces/msg
[0.304s] -- Up-to-date: /home/brian/Projects/Cobot/ros2_cobot/install/cobot_interfaces/include/cobot_interfaces/cobot_interfaces/msg/detail
[0.304s] -- Up-to-date: /home/brian/Projects/Cobot/ros2_cobot/install/cobot_interfaces/include/cobot_interfaces/cobot_interfaces/msg/detail/observation__struct.hpp
[0.304s] -- Up-to-date: /home/brian/Projects/Cobot/ros2_cobot/install/cobot_interfaces/include/cobot_interfaces/cobot_interfaces/msg/detail/observation__traits.hpp
[0.305s] -- Up-to-date: /home/brian/Projects/Cobot/ros2_cobot/install/cobot_interfaces/include/cobot_interfaces/cobot_interfaces/msg/detail/observation__type_support.hpp
[0.305s] -- Up-to-date: /home/brian/Projects/Cobot/ros2_cobot/install/cobot_interfaces/include/cobot_interfaces/cobot_interfaces/msg/detail/observation__builder.hpp
[0.305s] -- Up-to-date: /home/brian/Projects/Cobot/ros2_cobot/install/cobot_interfaces/include/cobot_interfaces/cobot_interfaces/msg/observation.hpp
[0.305s] -- Up-to-date: /home/brian/Projects/Cobot/ros2_cobot/install/cobot_interfaces/include/cobot_interfaces/cobot_interfaces/msg/rosidl_generator_cpp__visibility_control.hpp
[0.305s] -- Up-to-date: /home/brian/Projects/Cobot/ros2_cobot/install/cobot_interfaces/include/cobot_interfaces/cobot_interfaces
[0.305s] -- Up-to-date: /home/brian/Projects/Cobot/ros2_cobot/install/cobot_interfaces/include/cobot_interfaces/cobot_interfaces/msg
[0.305s] -- Up-to-date: /home/brian/Projects/Cobot/ros2_cobot/install/cobot_interfaces/include/cobot_interfaces/cobot_interfaces/msg/detail
[0.305s] -- Up-to-date: /home/brian/Projects/Cobot/ros2_cobot/install/cobot_interfaces/include/cobot_interfaces/cobot_interfaces/msg/detail/dds_fastrtps
[0.305s] -- Up-to-date: /home/brian/Projects/Cobot/ros2_cobot/install/cobot_interfaces/include/cobot_interfaces/cobot_interfaces/msg/detail/observation__rosidl_typesupport_fastrtps_cpp.hpp
[0.305s] -- Up-to-date: /home/brian/Projects/Cobot/ros2_cobot/install/cobot_interfaces/include/cobot_interfaces/cobot_interfaces/msg/rosidl_typesupport_fastrtps_cpp__visibility_control.h
[0.305s] -- Up-to-date: /home/brian/Projects/Cobot/ros2_cobot/install/cobot_interfaces/lib/libcobot_interfaces__rosidl_typesupport_fastrtps_cpp.so
[0.305s] -- Up-to-date: /home/brian/Projects/Cobot/ros2_cobot/install/cobot_interfaces/include/cobot_interfaces/cobot_interfaces
[0.305s] -- Up-to-date: /home/brian/Projects/Cobot/ros2_cobot/install/cobot_interfaces/include/cobot_interfaces/cobot_interfaces/msg
[0.305s] -- Up-to-date: /home/brian/Projects/Cobot/ros2_cobot/install/cobot_interfaces/include/cobot_interfaces/cobot_interfaces/msg/detail
[0.305s] -- Up-to-date: /home/brian/Projects/Cobot/ros2_cobot/install/cobot_interfaces/include/cobot_interfaces/cobot_interfaces/msg/detail/observation__type_support.cpp
[0.305s] -- Up-to-date: /home/brian/Projects/Cobot/ros2_cobot/install/cobot_interfaces/include/cobot_interfaces/cobot_interfaces/msg/detail/observation__rosidl_typesupport_introspection_cpp.hpp
[0.306s] -- Up-to-date: /home/brian/Projects/Cobot/ros2_cobot/install/cobot_interfaces/lib/libcobot_interfaces__rosidl_typesupport_introspection_cpp.so
[0.306s] -- Up-to-date: /home/brian/Projects/Cobot/ros2_cobot/install/cobot_interfaces/lib/libcobot_interfaces__rosidl_typesupport_cpp.so
[0.306s] -- Up-to-date: /home/brian/Projects/Cobot/ros2_cobot/install/cobot_interfaces/share/cobot_interfaces/environment/pythonpath.sh
[0.306s] -- Up-to-date: /home/brian/Projects/Cobot/ros2_cobot/install/cobot_interfaces/share/cobot_interfaces/environment/pythonpath.dsv
[0.306s] -- Up-to-date: /home/brian/Projects/Cobot/ros2_cobot/install/cobot_interfaces/lib/python3.13/site-packages/cobot_interfaces-0.0.0-py3.13.egg-info
[0.306s] -- Installing: /home/brian/Projects/Cobot/ros2_cobot/install/cobot_interfaces/lib/python3.13/site-packages/cobot_interfaces-0.0.0-py3.13.egg-info/PKG-INFO
[0.306s] -- Installing: /home/brian/Projects/Cobot/ros2_cobot/install/cobot_interfaces/lib/python3.13/site-packages/cobot_interfaces-0.0.0-py3.13.egg-info/SOURCES.txt
[0.306s] -- Installing: /home/brian/Projects/Cobot/ros2_cobot/install/cobot_interfaces/lib/python3.13/site-packages/cobot_interfaces-0.0.0-py3.13.egg-info/dependency_links.txt
[0.306s] -- Installing: /home/brian/Projects/Cobot/ros2_cobot/install/cobot_interfaces/lib/python3.13/site-packages/cobot_interfaces-0.0.0-py3.13.egg-info/top_level.txt
[0.306s] -- Up-to-date: /home/brian/Projects/Cobot/ros2_cobot/install/cobot_interfaces/lib/python3.13/site-packages/cobot_interfaces
[0.306s] -- Up-to-date: /home/brian/Projects/Cobot/ros2_cobot/install/cobot_interfaces/lib/python3.13/site-packages/cobot_interfaces/_cobot_interfaces_s.ep.rosidl_typesupport_introspection_c.c
[0.306s] -- Up-to-date: /home/brian/Projects/Cobot/ros2_cobot/install/cobot_interfaces/lib/python3.13/site-packages/cobot_interfaces/__init__.py
[0.306s] -- Up-to-date: /home/brian/Projects/Cobot/ros2_cobot/install/cobot_interfaces/lib/python3.13/site-packages/cobot_interfaces/cobot_interfaces_s__rosidl_typesupport_fastrtps_c.cpython-313-x86_64-linux-gnu.so
[0.306s] -- Up-to-date: /home/brian/Projects/Cobot/ros2_cobot/install/cobot_interfaces/lib/python3.13/site-packages/cobot_interfaces/_cobot_interfaces_s.ep.rosidl_typesupport_c.c
[0.306s] -- Up-to-date: /home/brian/Projects/Cobot/ros2_cobot/install/cobot_interfaces/lib/python3.13/site-packages/cobot_interfaces/_cobot_interfaces_s.ep.rosidl_typesupport_fastrtps_c.c
[0.306s] -- Up-to-date: /home/brian/Projects/Cobot/ros2_cobot/install/cobot_interfaces/lib/python3.13/site-packages/cobot_interfaces/libcobot_interfaces__rosidl_generator_py.so
[0.306s] -- Up-to-date: /home/brian/Projects/Cobot/ros2_cobot/install/cobot_interfaces/lib/python3.13/site-packages/cobot_interfaces/cobot_interfaces_s__rosidl_typesupport_c.cpython-313-x86_64-linux-gnu.so
[0.306s] -- Up-to-date: /home/brian/Projects/Cobot/ros2_cobot/install/cobot_interfaces/lib/python3.13/site-packages/cobot_interfaces/cobot_interfaces_s__rosidl_typesupport_introspection_c.cpython-313-x86_64-linux-gnu.so
[0.306s] -- Up-to-date: /home/brian/Projects/Cobot/ros2_cobot/install/cobot_interfaces/lib/python3.13/site-packages/cobot_interfaces/msg
[0.306s] -- Up-to-date: /home/brian/Projects/Cobot/ros2_cobot/install/cobot_interfaces/lib/python3.13/site-packages/cobot_interfaces/msg/_observation_s.c
[0.306s] -- Up-to-date: /home/brian/Projects/Cobot/ros2_cobot/install/cobot_interfaces/lib/python3.13/site-packages/cobot_interfaces/msg/__init__.py
[0.307s] -- Up-to-date: /home/brian/Projects/Cobot/ros2_cobot/install/cobot_interfaces/lib/python3.13/site-packages/cobot_interfaces/msg/_observation.py
[0.329s] Listing '/home/brian/Projects/Cobot/ros2_cobot/install/cobot_interfaces/lib/python3.13/site-packages/cobot_interfaces'...
[0.329s] Listing '/home/brian/Projects/Cobot/ros2_cobot/install/cobot_interfaces/lib/python3.13/site-packages/cobot_interfaces/msg'...
[0.332s] -- Up-to-date: /home/brian/Projects/Cobot/ros2_cobot/install/cobot_interfaces/lib/python3.13/site-packages/cobot_interfaces/cobot_interfaces_s__rosidl_typesupport_fastrtps_c.cpython-313-x86_64-linux-gnu.so
[0.333s] -- Up-to-date: /home/brian/Projects/Cobot/ros2_cobot/install/cobot_interfaces/lib/python3.13/site-packages/cobot_interfaces/cobot_interfaces_s__rosidl_typesupport_introspection_c.cpython-313-x86_64-linux-gnu.so
[0.333s] -- Up-to-date: /home/brian/Projects/Cobot/ros2_cobot/install/cobot_interfaces/lib/python3.13/site-packages/cobot_interfaces/cobot_interfaces_s__rosidl_typesupport_c.cpython-313-x86_64-linux-gnu.so
[0.333s] -- Up-to-date: /home/brian/Projects/Cobot/ros2_cobot/install/cobot_interfaces/lib/libcobot_interfaces__rosidl_generator_py.so
[0.333s] -- Up-to-date: /home/brian/Projects/Cobot/ros2_cobot/install/cobot_interfaces/share/ament_index/resource_index/rust_packages/cobot_interfaces
[0.333s] -- Up-to-date: /home/brian/Projects/Cobot/ros2_cobot/install/cobot_interfaces/share/cobot_interfaces/rust
[0.333s] -- Up-to-date: /home/brian/Projects/Cobot/ros2_cobot/install/cobot_interfaces/share/cobot_interfaces/rust/build.rs
[0.333s] -- Up-to-date: /home/brian/Projects/Cobot/ros2_cobot/install/cobot_interfaces/share/cobot_interfaces/rust/Cargo.toml
[0.333s] -- Up-to-date: /home/brian/Projects/Cobot/ros2_cobot/install/cobot_interfaces/share/cobot_interfaces/rust/src
[0.333s] -- Up-to-date: /home/brian/Projects/Cobot/ros2_cobot/install/cobot_interfaces/share/cobot_interfaces/rust/src/msg.rs
[0.334s] -- Up-to-date: /home/brian/Projects/Cobot/ros2_cobot/install/cobot_interfaces/share/cobot_interfaces/rust/src/lib.rs
[0.334s] -- Up-to-date: /home/brian/Projects/Cobot/ros2_cobot/install/cobot_interfaces/share/cobot_interfaces/rust/src/msg
[0.334s] -- Up-to-date: /home/brian/Projects/Cobot/ros2_cobot/install/cobot_interfaces/share/cobot_interfaces/rust/src/msg/rmw.rs
[0.334s] -- Up-to-date: /home/brian/Projects/Cobot/ros2_cobot/install/cobot_interfaces/share/cobot_interfaces/msg/Observation.idl
[0.334s] -- Up-to-date: /home/brian/Projects/Cobot/ros2_cobot/install/cobot_interfaces/share/cobot_interfaces/msg/Observation.msg
[0.334s] -- Up-to-date: /home/brian/Projects/Cobot/ros2_cobot/install/cobot_interfaces/share/ament_index/resource_index/package_run_dependencies/cobot_interfaces
[0.334s] -- Up-to-date: /home/brian/Projects/Cobot/ros2_cobot/install/cobot_interfaces/share/ament_index/resource_index/parent_prefix_path/cobot_interfaces
[0.334s] -- Up-to-date: /home/brian/Projects/Cobot/ros2_cobot/install/cobot_interfaces/share/cobot_interfaces/environment/ament_prefix_path.sh
[0.334s] -- Up-to-date: /home/brian/Projects/Cobot/ros2_cobot/install/cobot_interfaces/share/cobot_interfaces/environment/ament_prefix_path.dsv
[0.334s] -- Up-to-date: /home/brian/Projects/Cobot/ros2_cobot/install/cobot_interfaces/share/cobot_interfaces/environment/path.sh
[0.334s] -- Up-to-date: /home/brian/Projects/Cobot/ros2_cobot/install/cobot_interfaces/share/cobot_interfaces/environment/path.dsv
[0.334s] -- Up-to-date: /home/brian/Projects/Cobot/ros2_cobot/install/cobot_interfaces/share/cobot_interfaces/local_setup.bash
[0.334s] -- Up-to-date: /home/brian/Projects/Cobot/ros2_cobot/install/cobot_interfaces/share/cobot_interfaces/local_setup.sh
[0.334s] -- Up-to-date: /home/brian/Projects/Cobot/ros2_cobot/install/cobot_interfaces/share/cobot_interfaces/local_setup.zsh
[0.334s] -- Up-to-date: /home/brian/Projects/Cobot/ros2_cobot/install/cobot_interfaces/share/cobot_interfaces/local_setup.dsv
[0.334s] -- Installing: /home/brian/Projects/Cobot/ros2_cobot/install/cobot_interfaces/share/cobot_interfaces/package.dsv
[0.334s] -- Up-to-date: /home/brian/Projects/Cobot/ros2_cobot/install/cobot_interfaces/share/ament_index/resource_index/packages/cobot_interfaces
[0.335s] -- Up-to-date: /home/brian/Projects/Cobot/ros2_cobot/install/cobot_interfaces/share/cobot_interfaces/cmake/export_cobot_interfaces__rosidl_generator_cExport.cmake
[0.335s] -- Up-to-date: /home/brian/Projects/Cobot/ros2_cobot/install/cobot_interfaces/share/cobot_interfaces/cmake/export_cobot_interfaces__rosidl_generator_cExport-noconfig.cmake
[0.335s] -- Up-to-date: /home/brian/Projects/Cobot/ros2_cobot/install/cobot_interfaces/share/cobot_interfaces/cmake/export_cobot_interfaces__rosidl_typesupport_fastrtps_cExport.cmake
[0.335s] -- Up-to-date: /home/brian/Projects/Cobot/ros2_cobot/install/cobot_interfaces/share/cobot_interfaces/cmake/export_cobot_interfaces__rosidl_typesupport_fastrtps_cExport-noconfig.cmake
[0.335s] -- Up-to-date: /home/brian/Projects/Cobot/ros2_cobot/install/cobot_interfaces/share/cobot_interfaces/cmake/cobot_interfaces__rosidl_typesupport_introspection_cExport.cmake
[0.335s] -- Up-to-date: /home/brian/Projects/Cobot/ros2_cobot/install/cobot_interfaces/share/cobot_interfaces/cmake/cobot_interfaces__rosidl_typesupport_introspection_cExport-noconfig.cmake
[0.335s] -- Up-to-date: /home/brian/Projects/Cobot/ros2_cobot/install/cobot_interfaces/share/cobot_interfaces/cmake/cobot_interfaces__rosidl_typesupport_cExport.cmake
[0.335s] -- Up-to-date: /home/brian/Projects/Cobot/ros2_cobot/install/cobot_interfaces/share/cobot_interfaces/cmake/cobot_interfaces__rosidl_typesupport_cExport-noconfig.cmake
[0.335s] -- Up-to-date: /home/brian/Projects/Cobot/ros2_cobot/install/cobot_interfaces/share/cobot_interfaces/cmake/export_cobot_interfaces__rosidl_generator_cppExport.cmake
[0.335s] -- Up-to-date: /home/brian/Projects/Cobot/ros2_cobot/install/cobot_interfaces/share/cobot_interfaces/cmake/export_cobot_interfaces__rosidl_typesupport_fastrtps_cppExport.cmake
[0.335s] -- Up-to-date: /home/brian/Projects/Cobot/ros2_cobot/install/cobot_interfaces/share/cobot_interfaces/cmake/export_cobot_interfaces__rosidl_typesupport_fastrtps_cppExport-noconfig.cmake
[0.335s] -- Up-to-date: /home/brian/Projects/Cobot/ros2_cobot/install/cobot_interfaces/share/cobot_interfaces/cmake/cobot_interfaces__rosidl_typesupport_introspection_cppExport.cmake
[0.335s] -- Up-to-date: /home/brian/Projects/Cobot/ros2_cobot/install/cobot_interfaces/share/cobot_interfaces/cmake/cobot_interfaces__rosidl_typesupport_introspection_cppExport-noconfig.cmake
[0.335s] -- Up-to-date: /home/brian/Projects/Cobot/ros2_cobot/install/cobot_interfaces/share/cobot_interfaces/cmake/cobot_interfaces__rosidl_typesupport_cppExport.cmake
[0.335s] -- Up-to-date: /home/brian/Projects/Cobot/ros2_cobot/install/cobot_interfaces/share/cobot_interfaces/cmake/cobot_interfaces__rosidl_typesupport_cppExport-noconfig.cmake
[0.335s] -- Up-to-date: /home/brian/Projects/Cobot/ros2_cobot/install/cobot_interfaces/share/cobot_interfaces/cmake/export_cobot_interfaces__rosidl_generator_pyExport.cmake
[0.335s] -- Up-to-date: /home/brian/Projects/Cobot/ros2_cobot/install/cobot_interfaces/share/cobot_interfaces/cmake/export_cobot_interfaces__rosidl_generator_pyExport-noconfig.cmake
[0.335s] -- Up-to-date: /home/brian/Projects/Cobot/ros2_cobot/install/cobot_interfaces/share/cobot_interfaces/cmake/rosidl_cmake-extras.cmake
[0.336s] -- Up-to-date: /home/brian/Projects/Cobot/ros2_cobot/install/cobot_interfaces/share/cobot_interfaces/cmake/ament_cmake_export_include_directories-extras.cmake
[0.336s] -- Up-to-date: /home/brian/Projects/Cobot/ros2_cobot/install/cobot_interfaces/share/cobot_interfaces/cmake/ament_cmake_export_libraries-extras.cmake
[0.336s] -- Up-to-date: /home/brian/Projects/Cobot/ros2_cobot/install/cobot_interfaces/share/cobot_interfaces/cmake/ament_cmake_export_targets-extras.cmake
[0.336s] -- Up-to-date: /home/brian/Projects/Cobot/ros2_cobot/install/cobot_interfaces/share/cobot_interfaces/cmake/rosidl_cmake_export_typesupport_targets-extras.cmake
[0.336s] -- Up-to-date: /home/brian/Projects/Cobot/ros2_cobot/install/cobot_interfaces/share/cobot_interfaces/cmake/ament_cmake_export_dependencies-extras.cmake
[0.336s] -- Up-to-date: /home/brian/Projects/Cobot/ros2_cobot/install/cobot_interfaces/share/cobot_interfaces/cmake/rosidl_cmake_export_typesupport_libraries-extras.cmake
[0.336s] -- Up-to-date: /home/brian/Projects/Cobot/ros2_cobot/install/cobot_interfaces/share/cobot_interfaces/cmake/cobot_interfacesConfig.cmake
[0.336s] -- Up-to-date: /home/brian/Projects/Cobot/ros2_cobot/install/cobot_interfaces/share/cobot_interfaces/cmake/cobot_interfacesConfig-version.cmake
[0.336s] -- Up-to-date: /home/brian/Projects/Cobot/ros2_cobot/install/cobot_interfaces/share/cobot_interfaces/package.xml
[0.337s] Invoked command in '/home/brian/Projects/Cobot/ros2_cobot/build/cobot_interfaces' returned '0': CMAKE_PREFIX_PATH=${CMAKE_PREFIX_PATH}:/home/brian/Projects/Cobot/ros2_cobot/install/cobot_perception:/home/brian/Projects/Cobot/ros2_cobot/install/cobot_control:/opt/ros/humble CONDA_PROMPT_MODIFIER=(base) /usr/bin/cmake --install /home/brian/Projects/Cobot/ros2_cobot/build/cobot_interfaces
