[0.007s] Invoking command in '/home/brian/Projects/Cobot/ros2_cobot/build/cobot_interfaces': CMAKE_PREFIX_PATH=/opt/ros/humble CONDA_PROMPT_MODIFIER=(base) /usr/bin/cmake /home/brian/Projects/Cobot/ros2_cobot/src/cobot_interfaces -DCMAKE_INSTALL_PREFIX=/home/brian/Projects/Cobot/ros2_cobot/install/cobot_interfaces
[0.042s] -- The C compiler identification is GNU 11.4.0
[0.078s] -- The CXX compiler identification is GNU 11.4.0
[0.083s] -- Detecting C compiler ABI info
[0.166s] -- Detecting C compiler ABI info - done
[0.173s] -- Check for working C compiler: /usr/bin/cc - skipped
[0.173s] -- Detecting C compile features
[0.173s] -- Detecting C compile features - done
[0.176s] -- Detecting CXX compiler ABI info
[0.225s] -- Detecting CXX compiler ABI info - done
[0.230s] -- Check for working CXX compiler: /usr/bin/c++ - skipped
[0.231s] -- Detecting CXX compile features
[0.231s] -- Detecting CXX compile features - done
[0.232s] -- Found ament_cmake: 1.3.14 (/opt/ros/humble/share/ament_cmake/cmake)
[0.980s] -- Found Python3: /home/brian/miniconda3/bin/python3 (found version "3.13.13") found components: Interpreter 
[1.076s] -- Found rosidl_default_generators: 1.2.1 (/opt/ros/humble/share/rosidl_default_generators/cmake)
[1.078s] -- Using all available rosidl_typesupport_c: rosidl_typesupport_fastrtps_c;rosidl_typesupport_introspection_c
[1.081s] -- Found rosidl_adapter: 3.1.8 (/opt/ros/humble/share/rosidl_adapter/cmake)
[1.106s] -- Using all available rosidl_typesupport_cpp: rosidl_typesupport_fastrtps_cpp;rosidl_typesupport_introspection_cpp
[1.159s] -- Found ament_lint_auto: 0.12.15 (/opt/ros/humble/share/ament_lint_auto/cmake)
[1.179s] Traceback (most recent call last):
[1.181s]   File "/opt/ros/humble/share/ament_cmake_core/cmake/core/package_xml_2_cmake.py", line 22, in <module>
[1.181s]     from catkin_pkg.package import parse_package_string
[1.181s] ModuleNotFoundError: No module named 'catkin_pkg'
[1.185s] [31mCMake Error at /opt/ros/humble/share/ament_cmake_core/cmake/core/ament_package_xml.cmake:95 (message):
[1.185s]   execute_process(/home/brian/miniconda3/bin/python3
[1.185s]   /opt/ros/humble/share/ament_cmake_core/cmake/core/package_xml_2_cmake.py
[1.185s]   /home/brian/Projects/Cobot/ros2_cobot/src/cobot_interfaces/package.xml
[1.185s]   /home/brian/Projects/Cobot/ros2_cobot/build/cobot_interfaces/ament_cmake_core/package.cmake)
[1.185s]   returned error code 1
[1.185s] Call Stack (most recent call first):
[1.185s]   /opt/ros/humble/share/ament_cmake_core/cmake/core/ament_package_xml.cmake:49 (_ament_package_xml)
[1.185s]   /opt/ros/humble/share/ament_lint_auto/cmake/ament_lint_auto_find_test_dependencies.cmake:31 (ament_package_xml)
[1.185s]   CMakeLists.txt:23 (ament_lint_auto_find_test_dependencies)
[1.185s] 
[1.185s] [0m
[1.185s] -- Configuring incomplete, errors occurred!
[1.185s] See also "/home/brian/Projects/Cobot/ros2_cobot/build/cobot_interfaces/CMakeFiles/CMakeOutput.log".
[1.191s] Invoked command in '/home/brian/Projects/Cobot/ros2_cobot/build/cobot_interfaces' returned '1': CMAKE_PREFIX_PATH=/opt/ros/humble CONDA_PROMPT_MODIFIER=(base) /usr/bin/cmake /home/brian/Projects/Cobot/ros2_cobot/src/cobot_interfaces -DCMAKE_INSTALL_PREFIX=/home/brian/Projects/Cobot/ros2_cobot/install/cobot_interfaces
