[0.471s] DEBUG:colcon:Command line arguments: ['/usr/bin/colcon', 'build', '--packages-select', 'cobot_interfaces']
[0.471s] DEBUG:colcon:Parsed command line arguments: Namespace(log_base=None, log_level=None, verb_name='build', build_base='build', install_base='install', merge_install=False, symlink_install=False, test_result_base=None, continue_on_error=False, executor='parallel', parallel_workers=16, event_handlers=None, ignore_user_meta=False, metas=['./colcon.meta'], base_paths=['.'], packages_ignore=None, packages_ignore_regex=None, paths=None, packages_up_to=None, packages_up_to_regex=None, packages_above=None, packages_above_and_dependencies=None, packages_above_depth=None, packages_select_by_dep=None, packages_skip_by_dep=None, packages_skip_up_to=None, packages_select_build_failed=False, packages_skip_build_finished=False, packages_select_test_failures=False, packages_skip_test_passed=False, packages_select=['cobot_interfaces'], packages_skip=None, packages_select_regex=None, packages_skip_regex=None, packages_start=None, packages_end=None, allow_overriding=[], cmake_args=None, cmake_target=None, cmake_target_skip_unavailable=False, cmake_clean_cache=False, cmake_clean_first=False, cmake_force_configure=False, ament_cmake_args=None, catkin_cmake_args=None, catkin_skip_building_tests=False, verb_parser=<colcon_defaults.argument_parser.defaults.DefaultArgumentsDecorator object at 0x79cdd1433850>, verb_extension=<colcon_core.verb.build.BuildVerb object at 0x79cdd1433370>, main=<bound method BuildVerb.main of <colcon_core.verb.build.BuildVerb object at 0x79cdd1433370>>)
[3.784s] Level 1:colcon.colcon_core.package_discovery:discover_packages(colcon_meta) check parameters
[3.785s] Level 1:colcon.colcon_core.package_discovery:discover_packages(recursive) check parameters
[3.785s] Level 1:colcon.colcon_core.package_discovery:discover_packages(ignore) check parameters
[3.785s] Level 1:colcon.colcon_core.package_discovery:discover_packages(path) check parameters
[3.786s] Level 1:colcon.colcon_core.package_discovery:discover_packages(colcon_meta) discover
[3.786s] Level 1:colcon.colcon_core.package_discovery:discover_packages(recursive) discover
[3.786s] INFO:colcon.colcon_core.package_discovery:Crawling recursively for packages in '/home/brian/Projects/Cobot/ros2_cobot'
[3.787s] Level 1:colcon.colcon_core.package_identification:_identify(.) by extensions ['ignore', 'ignore_ament_install']
[3.788s] Level 1:colcon.colcon_core.package_identification:_identify(.) by extension 'ignore'
[3.788s] Level 1:colcon.colcon_core.package_identification:_identify(.) by extension 'ignore_ament_install'
[3.789s] Level 1:colcon.colcon_core.package_identification:_identify(.) by extensions ['colcon_pkg']
[3.789s] Level 1:colcon.colcon_core.package_identification:_identify(.) by extension 'colcon_pkg'
[3.789s] Level 1:colcon.colcon_core.package_identification:_identify(.) by extensions ['colcon_meta']
[3.790s] Level 1:colcon.colcon_core.package_identification:_identify(.) by extension 'colcon_meta'
[3.790s] Level 1:colcon.colcon_core.package_identification:_identify(.) by extensions ['ros']
[3.790s] Level 1:colcon.colcon_core.package_identification:_identify(.) by extension 'ros'
[4.066s] Level 1:colcon.colcon_core.package_identification:_identify(.) by extensions ['cmake', 'python']
[4.067s] Level 1:colcon.colcon_core.package_identification:_identify(.) by extension 'cmake'
[4.067s] Level 1:colcon.colcon_core.package_identification:_identify(.) by extension 'python'
[4.067s] Level 1:colcon.colcon_core.package_identification:_identify(.) by extensions ['python_setup_py']
[4.067s] Level 1:colcon.colcon_core.package_identification:_identify(.) by extension 'python_setup_py'
[4.067s] Level 1:colcon.colcon_core.package_identification:_identify(build) by extensions ['ignore', 'ignore_ament_install']
[4.068s] Level 1:colcon.colcon_core.package_identification:_identify(build) by extension 'ignore'
[4.068s] Level 1:colcon.colcon_core.package_identification:_identify(build) ignored
[4.068s] Level 1:colcon.colcon_core.package_identification:_identify(install) by extensions ['ignore', 'ignore_ament_install']
[4.068s] Level 1:colcon.colcon_core.package_identification:_identify(install) by extension 'ignore'
[4.068s] Level 1:colcon.colcon_core.package_identification:_identify(install) ignored
[4.069s] Level 1:colcon.colcon_core.package_identification:_identify(isaacLab) by extensions ['ignore', 'ignore_ament_install']
[4.069s] Level 1:colcon.colcon_core.package_identification:_identify(isaacLab) by extension 'ignore'
[4.069s] Level 1:colcon.colcon_core.package_identification:_identify(isaacLab) by extension 'ignore_ament_install'
[4.069s] Level 1:colcon.colcon_core.package_identification:_identify(isaacLab) by extensions ['colcon_pkg']
[4.069s] Level 1:colcon.colcon_core.package_identification:_identify(isaacLab) by extension 'colcon_pkg'
[4.069s] Level 1:colcon.colcon_core.package_identification:_identify(isaacLab) by extensions ['colcon_meta']
[4.069s] Level 1:colcon.colcon_core.package_identification:_identify(isaacLab) by extension 'colcon_meta'
[4.070s] Level 1:colcon.colcon_core.package_identification:_identify(isaacLab) by extensions ['ros']
[4.070s] Level 1:colcon.colcon_core.package_identification:_identify(isaacLab) by extension 'ros'
[4.070s] Level 1:colcon.colcon_core.package_identification:_identify(isaacLab) by extensions ['cmake', 'python']
[4.070s] Level 1:colcon.colcon_core.package_identification:_identify(isaacLab) by extension 'cmake'
[4.070s] Level 1:colcon.colcon_core.package_identification:_identify(isaacLab) by extension 'python'
[4.070s] Level 1:colcon.colcon_core.package_identification:_identify(isaacLab) by extensions ['python_setup_py']
[4.070s] Level 1:colcon.colcon_core.package_identification:_identify(isaacLab) by extension 'python_setup_py'
[4.070s] Level 1:colcon.colcon_core.package_identification:_identify(isaacLab/runs) by extensions ['ignore', 'ignore_ament_install']
[4.070s] Level 1:colcon.colcon_core.package_identification:_identify(isaacLab/runs) by extension 'ignore'
[4.070s] Level 1:colcon.colcon_core.package_identification:_identify(isaacLab/runs) by extension 'ignore_ament_install'
[4.070s] Level 1:colcon.colcon_core.package_identification:_identify(isaacLab/runs) by extensions ['colcon_pkg']
[4.071s] Level 1:colcon.colcon_core.package_identification:_identify(isaacLab/runs) by extension 'colcon_pkg'
[4.071s] Level 1:colcon.colcon_core.package_identification:_identify(isaacLab/runs) by extensions ['colcon_meta']
[4.071s] Level 1:colcon.colcon_core.package_identification:_identify(isaacLab/runs) by extension 'colcon_meta'
[4.071s] Level 1:colcon.colcon_core.package_identification:_identify(isaacLab/runs) by extensions ['ros']
[4.071s] Level 1:colcon.colcon_core.package_identification:_identify(isaacLab/runs) by extension 'ros'
[4.071s] Level 1:colcon.colcon_core.package_identification:_identify(isaacLab/runs) by extensions ['cmake', 'python']
[4.071s] Level 1:colcon.colcon_core.package_identification:_identify(isaacLab/runs) by extension 'cmake'
[4.071s] Level 1:colcon.colcon_core.package_identification:_identify(isaacLab/runs) by extension 'python'
[4.071s] Level 1:colcon.colcon_core.package_identification:_identify(isaacLab/runs) by extensions ['python_setup_py']
[4.071s] Level 1:colcon.colcon_core.package_identification:_identify(isaacLab/runs) by extension 'python_setup_py'
[4.071s] Level 1:colcon.colcon_core.package_identification:_identify(isaacLab/runs/Saves) by extensions ['ignore', 'ignore_ament_install']
[4.071s] Level 1:colcon.colcon_core.package_identification:_identify(isaacLab/runs/Saves) by extension 'ignore'
[4.071s] Level 1:colcon.colcon_core.package_identification:_identify(isaacLab/runs/Saves) by extension 'ignore_ament_install'
[4.072s] Level 1:colcon.colcon_core.package_identification:_identify(isaacLab/runs/Saves) by extensions ['colcon_pkg']
[4.072s] Level 1:colcon.colcon_core.package_identification:_identify(isaacLab/runs/Saves) by extension 'colcon_pkg'
[4.072s] Level 1:colcon.colcon_core.package_identification:_identify(isaacLab/runs/Saves) by extensions ['colcon_meta']
[4.072s] Level 1:colcon.colcon_core.package_identification:_identify(isaacLab/runs/Saves) by extension 'colcon_meta'
[4.072s] Level 1:colcon.colcon_core.package_identification:_identify(isaacLab/runs/Saves) by extensions ['ros']
[4.072s] Level 1:colcon.colcon_core.package_identification:_identify(isaacLab/runs/Saves) by extension 'ros'
[4.072s] Level 1:colcon.colcon_core.package_identification:_identify(isaacLab/runs/Saves) by extensions ['cmake', 'python']
[4.072s] Level 1:colcon.colcon_core.package_identification:_identify(isaacLab/runs/Saves) by extension 'cmake'
[4.072s] Level 1:colcon.colcon_core.package_identification:_identify(isaacLab/runs/Saves) by extension 'python'
[4.072s] Level 1:colcon.colcon_core.package_identification:_identify(isaacLab/runs/Saves) by extensions ['python_setup_py']
[4.072s] Level 1:colcon.colcon_core.package_identification:_identify(isaacLab/runs/Saves) by extension 'python_setup_py'
[4.072s] Level 1:colcon.colcon_core.package_identification:_identify(isaacLab/runs/Saves/Dance) by extensions ['ignore', 'ignore_ament_install']
[4.072s] Level 1:colcon.colcon_core.package_identification:_identify(isaacLab/runs/Saves/Dance) by extension 'ignore'
[4.072s] Level 1:colcon.colcon_core.package_identification:_identify(isaacLab/runs/Saves/Dance) by extension 'ignore_ament_install'
[4.073s] Level 1:colcon.colcon_core.package_identification:_identify(isaacLab/runs/Saves/Dance) by extensions ['colcon_pkg']
[4.073s] Level 1:colcon.colcon_core.package_identification:_identify(isaacLab/runs/Saves/Dance) by extension 'colcon_pkg'
[4.073s] Level 1:colcon.colcon_core.package_identification:_identify(isaacLab/runs/Saves/Dance) by extensions ['colcon_meta']
[4.073s] Level 1:colcon.colcon_core.package_identification:_identify(isaacLab/runs/Saves/Dance) by extension 'colcon_meta'
[4.073s] Level 1:colcon.colcon_core.package_identification:_identify(isaacLab/runs/Saves/Dance) by extensions ['ros']
[4.073s] Level 1:colcon.colcon_core.package_identification:_identify(isaacLab/runs/Saves/Dance) by extension 'ros'
[4.073s] Level 1:colcon.colcon_core.package_identification:_identify(isaacLab/runs/Saves/Dance) by extensions ['cmake', 'python']
[4.073s] Level 1:colcon.colcon_core.package_identification:_identify(isaacLab/runs/Saves/Dance) by extension 'cmake'
[4.073s] Level 1:colcon.colcon_core.package_identification:_identify(isaacLab/runs/Saves/Dance) by extension 'python'
[4.073s] Level 1:colcon.colcon_core.package_identification:_identify(isaacLab/runs/Saves/Dance) by extensions ['python_setup_py']
[4.073s] Level 1:colcon.colcon_core.package_identification:_identify(isaacLab/runs/Saves/Dance) by extension 'python_setup_py'
[4.073s] Level 1:colcon.colcon_core.package_identification:_identify(isaacLab/runs/cobot) by extensions ['ignore', 'ignore_ament_install']
[4.073s] Level 1:colcon.colcon_core.package_identification:_identify(isaacLab/runs/cobot) by extension 'ignore'
[4.073s] Level 1:colcon.colcon_core.package_identification:_identify(isaacLab/runs/cobot) by extension 'ignore_ament_install'
[4.073s] Level 1:colcon.colcon_core.package_identification:_identify(isaacLab/runs/cobot) by extensions ['colcon_pkg']
[4.073s] Level 1:colcon.colcon_core.package_identification:_identify(isaacLab/runs/cobot) by extension 'colcon_pkg'
[4.074s] Level 1:colcon.colcon_core.package_identification:_identify(isaacLab/runs/cobot) by extensions ['colcon_meta']
[4.074s] Level 1:colcon.colcon_core.package_identification:_identify(isaacLab/runs/cobot) by extension 'colcon_meta'
[4.074s] Level 1:colcon.colcon_core.package_identification:_identify(isaacLab/runs/cobot) by extensions ['ros']
[4.074s] Level 1:colcon.colcon_core.package_identification:_identify(isaacLab/runs/cobot) by extension 'ros'
[4.074s] Level 1:colcon.colcon_core.package_identification:_identify(isaacLab/runs/cobot) by extensions ['cmake', 'python']
[4.074s] Level 1:colcon.colcon_core.package_identification:_identify(isaacLab/runs/cobot) by extension 'cmake'
[4.074s] Level 1:colcon.colcon_core.package_identification:_identify(isaacLab/runs/cobot) by extension 'python'
[4.074s] Level 1:colcon.colcon_core.package_identification:_identify(isaacLab/runs/cobot) by extensions ['python_setup_py']
[4.074s] Level 1:colcon.colcon_core.package_identification:_identify(isaacLab/runs/cobot) by extension 'python_setup_py'
[4.074s] Level 1:colcon.colcon_core.package_identification:_identify(isaacLab/runs/cobot/26-06-28_20-01-51-350802_PPO) by extensions ['ignore', 'ignore_ament_install']
[4.074s] Level 1:colcon.colcon_core.package_identification:_identify(isaacLab/runs/cobot/26-06-28_20-01-51-350802_PPO) by extension 'ignore'
[4.074s] Level 1:colcon.colcon_core.package_identification:_identify(isaacLab/runs/cobot/26-06-28_20-01-51-350802_PPO) by extension 'ignore_ament_install'
[4.074s] Level 1:colcon.colcon_core.package_identification:_identify(isaacLab/runs/cobot/26-06-28_20-01-51-350802_PPO) by extensions ['colcon_pkg']
[4.074s] Level 1:colcon.colcon_core.package_identification:_identify(isaacLab/runs/cobot/26-06-28_20-01-51-350802_PPO) by extension 'colcon_pkg'
[4.075s] Level 1:colcon.colcon_core.package_identification:_identify(isaacLab/runs/cobot/26-06-28_20-01-51-350802_PPO) by extensions ['colcon_meta']
[4.075s] Level 1:colcon.colcon_core.package_identification:_identify(isaacLab/runs/cobot/26-06-28_20-01-51-350802_PPO) by extension 'colcon_meta'
[4.075s] Level 1:colcon.colcon_core.package_identification:_identify(isaacLab/runs/cobot/26-06-28_20-01-51-350802_PPO) by extensions ['ros']
[4.075s] Level 1:colcon.colcon_core.package_identification:_identify(isaacLab/runs/cobot/26-06-28_20-01-51-350802_PPO) by extension 'ros'
[4.075s] Level 1:colcon.colcon_core.package_identification:_identify(isaacLab/runs/cobot/26-06-28_20-01-51-350802_PPO) by extensions ['cmake', 'python']
[4.075s] Level 1:colcon.colcon_core.package_identification:_identify(isaacLab/runs/cobot/26-06-28_20-01-51-350802_PPO) by extension 'cmake'
[4.075s] Level 1:colcon.colcon_core.package_identification:_identify(isaacLab/runs/cobot/26-06-28_20-01-51-350802_PPO) by extension 'python'
[4.075s] Level 1:colcon.colcon_core.package_identification:_identify(isaacLab/runs/cobot/26-06-28_20-01-51-350802_PPO) by extensions ['python_setup_py']
[4.075s] Level 1:colcon.colcon_core.package_identification:_identify(isaacLab/runs/cobot/26-06-28_20-01-51-350802_PPO) by extension 'python_setup_py'
[4.075s] Level 1:colcon.colcon_core.package_identification:_identify(isaacLab/runs/cobot/26-06-28_20-01-51-350802_PPO/checkpoints) by extensions ['ignore', 'ignore_ament_install']
[4.075s] Level 1:colcon.colcon_core.package_identification:_identify(isaacLab/runs/cobot/26-06-28_20-01-51-350802_PPO/checkpoints) by extension 'ignore'
[4.075s] Level 1:colcon.colcon_core.package_identification:_identify(isaacLab/runs/cobot/26-06-28_20-01-51-350802_PPO/checkpoints) by extension 'ignore_ament_install'
[4.075s] Level 1:colcon.colcon_core.package_identification:_identify(isaacLab/runs/cobot/26-06-28_20-01-51-350802_PPO/checkpoints) by extensions ['colcon_pkg']
[4.075s] Level 1:colcon.colcon_core.package_identification:_identify(isaacLab/runs/cobot/26-06-28_20-01-51-350802_PPO/checkpoints) by extension 'colcon_pkg'
[4.075s] Level 1:colcon.colcon_core.package_identification:_identify(isaacLab/runs/cobot/26-06-28_20-01-51-350802_PPO/checkpoints) by extensions ['colcon_meta']
[4.076s] Level 1:colcon.colcon_core.package_identification:_identify(isaacLab/runs/cobot/26-06-28_20-01-51-350802_PPO/checkpoints) by extension 'colcon_meta'
[4.076s] Level 1:colcon.colcon_core.package_identification:_identify(isaacLab/runs/cobot/26-06-28_20-01-51-350802_PPO/checkpoints) by extensions ['ros']
[4.076s] Level 1:colcon.colcon_core.package_identification:_identify(isaacLab/runs/cobot/26-06-28_20-01-51-350802_PPO/checkpoints) by extension 'ros'
[4.076s] Level 1:colcon.colcon_core.package_identification:_identify(isaacLab/runs/cobot/26-06-28_20-01-51-350802_PPO/checkpoints) by extensions ['cmake', 'python']
[4.076s] Level 1:colcon.colcon_core.package_identification:_identify(isaacLab/runs/cobot/26-06-28_20-01-51-350802_PPO/checkpoints) by extension 'cmake'
[4.076s] Level 1:colcon.colcon_core.package_identification:_identify(isaacLab/runs/cobot/26-06-28_20-01-51-350802_PPO/checkpoints) by extension 'python'
[4.076s] Level 1:colcon.colcon_core.package_identification:_identify(isaacLab/runs/cobot/26-06-28_20-01-51-350802_PPO/checkpoints) by extensions ['python_setup_py']
[4.076s] Level 1:colcon.colcon_core.package_identification:_identify(isaacLab/runs/cobot/26-06-28_20-01-51-350802_PPO/checkpoints) by extension 'python_setup_py'
[4.076s] Level 1:colcon.colcon_core.package_identification:_identify(isaacLab/runs/cobot/26-06-28_20-04-07-577843_PPO) by extensions ['ignore', 'ignore_ament_install']
[4.076s] Level 1:colcon.colcon_core.package_identification:_identify(isaacLab/runs/cobot/26-06-28_20-04-07-577843_PPO) by extension 'ignore'
[4.076s] Level 1:colcon.colcon_core.package_identification:_identify(isaacLab/runs/cobot/26-06-28_20-04-07-577843_PPO) by extension 'ignore_ament_install'
[4.077s] Level 1:colcon.colcon_core.package_identification:_identify(isaacLab/runs/cobot/26-06-28_20-04-07-577843_PPO) by extensions ['colcon_pkg']
[4.077s] Level 1:colcon.colcon_core.package_identification:_identify(isaacLab/runs/cobot/26-06-28_20-04-07-577843_PPO) by extension 'colcon_pkg'
[4.077s] Level 1:colcon.colcon_core.package_identification:_identify(isaacLab/runs/cobot/26-06-28_20-04-07-577843_PPO) by extensions ['colcon_meta']
[4.077s] Level 1:colcon.colcon_core.package_identification:_identify(isaacLab/runs/cobot/26-06-28_20-04-07-577843_PPO) by extension 'colcon_meta'
[4.077s] Level 1:colcon.colcon_core.package_identification:_identify(isaacLab/runs/cobot/26-06-28_20-04-07-577843_PPO) by extensions ['ros']
[4.077s] Level 1:colcon.colcon_core.package_identification:_identify(isaacLab/runs/cobot/26-06-28_20-04-07-577843_PPO) by extension 'ros'
[4.077s] Level 1:colcon.colcon_core.package_identification:_identify(isaacLab/runs/cobot/26-06-28_20-04-07-577843_PPO) by extensions ['cmake', 'python']
[4.077s] Level 1:colcon.colcon_core.package_identification:_identify(isaacLab/runs/cobot/26-06-28_20-04-07-577843_PPO) by extension 'cmake'
[4.077s] Level 1:colcon.colcon_core.package_identification:_identify(isaacLab/runs/cobot/26-06-28_20-04-07-577843_PPO) by extension 'python'
[4.077s] Level 1:colcon.colcon_core.package_identification:_identify(isaacLab/runs/cobot/26-06-28_20-04-07-577843_PPO) by extensions ['python_setup_py']
[4.077s] Level 1:colcon.colcon_core.package_identification:_identify(isaacLab/runs/cobot/26-06-28_20-04-07-577843_PPO) by extension 'python_setup_py'
[4.077s] Level 1:colcon.colcon_core.package_identification:_identify(isaacLab/runs/cobot/26-06-28_20-04-07-577843_PPO/checkpoints) by extensions ['ignore', 'ignore_ament_install']
[4.077s] Level 1:colcon.colcon_core.package_identification:_identify(isaacLab/runs/cobot/26-06-28_20-04-07-577843_PPO/checkpoints) by extension 'ignore'
[4.077s] Level 1:colcon.colcon_core.package_identification:_identify(isaacLab/runs/cobot/26-06-28_20-04-07-577843_PPO/checkpoints) by extension 'ignore_ament_install'
[4.078s] Level 1:colcon.colcon_core.package_identification:_identify(isaacLab/runs/cobot/26-06-28_20-04-07-577843_PPO/checkpoints) by extensions ['colcon_pkg']
[4.078s] Level 1:colcon.colcon_core.package_identification:_identify(isaacLab/runs/cobot/26-06-28_20-04-07-577843_PPO/checkpoints) by extension 'colcon_pkg'
[4.078s] Level 1:colcon.colcon_core.package_identification:_identify(isaacLab/runs/cobot/26-06-28_20-04-07-577843_PPO/checkpoints) by extensions ['colcon_meta']
[4.078s] Level 1:colcon.colcon_core.package_identification:_identify(isaacLab/runs/cobot/26-06-28_20-04-07-577843_PPO/checkpoints) by extension 'colcon_meta'
[4.078s] Level 1:colcon.colcon_core.package_identification:_identify(isaacLab/runs/cobot/26-06-28_20-04-07-577843_PPO/checkpoints) by extensions ['ros']
[4.078s] Level 1:colcon.colcon_core.package_identification:_identify(isaacLab/runs/cobot/26-06-28_20-04-07-577843_PPO/checkpoints) by extension 'ros'
[4.078s] Level 1:colcon.colcon_core.package_identification:_identify(isaacLab/runs/cobot/26-06-28_20-04-07-577843_PPO/checkpoints) by extensions ['cmake', 'python']
[4.078s] Level 1:colcon.colcon_core.package_identification:_identify(isaacLab/runs/cobot/26-06-28_20-04-07-577843_PPO/checkpoints) by extension 'cmake'
[4.078s] Level 1:colcon.colcon_core.package_identification:_identify(isaacLab/runs/cobot/26-06-28_20-04-07-577843_PPO/checkpoints) by extension 'python'
[4.078s] Level 1:colcon.colcon_core.package_identification:_identify(isaacLab/runs/cobot/26-06-28_20-04-07-577843_PPO/checkpoints) by extensions ['python_setup_py']
[4.078s] Level 1:colcon.colcon_core.package_identification:_identify(isaacLab/runs/cobot/26-06-28_20-04-07-577843_PPO/checkpoints) by extension 'python_setup_py'
[4.078s] Level 1:colcon.colcon_core.package_identification:_identify(log) by extensions ['ignore', 'ignore_ament_install']
[4.078s] Level 1:colcon.colcon_core.package_identification:_identify(log) by extension 'ignore'
[4.078s] Level 1:colcon.colcon_core.package_identification:_identify(log) ignored
[4.079s] Level 1:colcon.colcon_core.package_identification:_identify(src) by extensions ['ignore', 'ignore_ament_install']
[4.079s] Level 1:colcon.colcon_core.package_identification:_identify(src) by extension 'ignore'
[4.079s] Level 1:colcon.colcon_core.package_identification:_identify(src) by extension 'ignore_ament_install'
[4.079s] Level 1:colcon.colcon_core.package_identification:_identify(src) by extensions ['colcon_pkg']
[4.079s] Level 1:colcon.colcon_core.package_identification:_identify(src) by extension 'colcon_pkg'
[4.079s] Level 1:colcon.colcon_core.package_identification:_identify(src) by extensions ['colcon_meta']
[4.079s] Level 1:colcon.colcon_core.package_identification:_identify(src) by extension 'colcon_meta'
[4.079s] Level 1:colcon.colcon_core.package_identification:_identify(src) by extensions ['ros']
[4.079s] Level 1:colcon.colcon_core.package_identification:_identify(src) by extension 'ros'
[4.079s] Level 1:colcon.colcon_core.package_identification:_identify(src) by extensions ['cmake', 'python']
[4.079s] Level 1:colcon.colcon_core.package_identification:_identify(src) by extension 'cmake'
[4.079s] Level 1:colcon.colcon_core.package_identification:_identify(src) by extension 'python'
[4.079s] Level 1:colcon.colcon_core.package_identification:_identify(src) by extensions ['python_setup_py']
[4.079s] Level 1:colcon.colcon_core.package_identification:_identify(src) by extension 'python_setup_py'
[4.079s] Level 1:colcon.colcon_core.package_identification:_identify(src/cobot_control) by extensions ['ignore', 'ignore_ament_install']
[4.080s] Level 1:colcon.colcon_core.package_identification:_identify(src/cobot_control) by extension 'ignore'
[4.080s] Level 1:colcon.colcon_core.package_identification:_identify(src/cobot_control) by extension 'ignore_ament_install'
[4.080s] Level 1:colcon.colcon_core.package_identification:_identify(src/cobot_control) by extensions ['colcon_pkg']
[4.080s] Level 1:colcon.colcon_core.package_identification:_identify(src/cobot_control) by extension 'colcon_pkg'
[4.080s] Level 1:colcon.colcon_core.package_identification:_identify(src/cobot_control) by extensions ['colcon_meta']
[4.080s] Level 1:colcon.colcon_core.package_identification:_identify(src/cobot_control) by extension 'colcon_meta'
[4.080s] Level 1:colcon.colcon_core.package_identification:_identify(src/cobot_control) by extensions ['ros']
[4.080s] Level 1:colcon.colcon_core.package_identification:_identify(src/cobot_control) by extension 'ros'
[4.103s] DEBUG:colcon.colcon_core.package_identification:Package 'src/cobot_control' with type 'ros.ament_python' and name 'cobot_control'
[4.103s] Level 1:colcon.colcon_core.package_identification:_identify(src/cobot_description) by extensions ['ignore', 'ignore_ament_install']
[4.103s] Level 1:colcon.colcon_core.package_identification:_identify(src/cobot_description) by extension 'ignore'
[4.103s] Level 1:colcon.colcon_core.package_identification:_identify(src/cobot_description) by extension 'ignore_ament_install'
[4.103s] Level 1:colcon.colcon_core.package_identification:_identify(src/cobot_description) by extensions ['colcon_pkg']
[4.103s] Level 1:colcon.colcon_core.package_identification:_identify(src/cobot_description) by extension 'colcon_pkg'
[4.104s] Level 1:colcon.colcon_core.package_identification:_identify(src/cobot_description) by extensions ['colcon_meta']
[4.104s] Level 1:colcon.colcon_core.package_identification:_identify(src/cobot_description) by extension 'colcon_meta'
[4.104s] Level 1:colcon.colcon_core.package_identification:_identify(src/cobot_description) by extensions ['ros']
[4.104s] Level 1:colcon.colcon_core.package_identification:_identify(src/cobot_description) by extension 'ros'
[4.125s] DEBUG:colcon.colcon_core.package_identification:Package 'src/cobot_description' with type 'ros.ament_cmake' and name 'cobot_description'
[4.126s] Level 1:colcon.colcon_core.package_identification:_identify(src/cobot_interfaces) by extensions ['ignore', 'ignore_ament_install']
[4.126s] Level 1:colcon.colcon_core.package_identification:_identify(src/cobot_interfaces) by extension 'ignore'
[4.126s] Level 1:colcon.colcon_core.package_identification:_identify(src/cobot_interfaces) by extension 'ignore_ament_install'
[4.126s] Level 1:colcon.colcon_core.package_identification:_identify(src/cobot_interfaces) by extensions ['colcon_pkg']
[4.126s] Level 1:colcon.colcon_core.package_identification:_identify(src/cobot_interfaces) by extension 'colcon_pkg'
[4.126s] Level 1:colcon.colcon_core.package_identification:_identify(src/cobot_interfaces) by extensions ['colcon_meta']
[4.126s] Level 1:colcon.colcon_core.package_identification:_identify(src/cobot_interfaces) by extension 'colcon_meta'
[4.126s] Level 1:colcon.colcon_core.package_identification:_identify(src/cobot_interfaces) by extensions ['ros']
[4.126s] Level 1:colcon.colcon_core.package_identification:_identify(src/cobot_interfaces) by extension 'ros'
[4.127s] DEBUG:colcon.colcon_core.package_identification:Package 'src/cobot_interfaces' with type 'ros.ament_cmake' and name 'cobot_interfaces'
[4.127s] Level 1:colcon.colcon_core.package_discovery:discover_packages(recursive) using defaults
[4.127s] Level 1:colcon.colcon_core.package_discovery:discover_packages(ignore) discover
[4.127s] Level 1:colcon.colcon_core.package_discovery:discover_packages(ignore) using defaults
[4.127s] Level 1:colcon.colcon_core.package_discovery:discover_packages(path) discover
[4.127s] Level 1:colcon.colcon_core.package_discovery:discover_packages(path) using defaults
[4.368s] INFO:colcon.colcon_core.package_selection:Skipping not selected package 'cobot_control' in 'src/cobot_control'
[4.368s] INFO:colcon.colcon_core.package_selection:Skipping not selected package 'cobot_description' in 'src/cobot_description'
[4.371s] Level 1:colcon.colcon_core.package_discovery:discover_packages(prefix_path) check parameters
[4.371s] Level 1:colcon.colcon_core.package_discovery:discover_packages(prefix_path) discover
[4.381s] DEBUG:colcon.colcon_installed_package_information.package_discovery:Found 2 installed packages in /home/brian/Projects/Cobot/ros2_cobot/install
[4.386s] DEBUG:colcon.colcon_installed_package_information.package_discovery:Found 273 installed packages in /opt/ros/humble
[4.394s] Level 1:colcon.colcon_core.package_discovery:discover_packages(prefix_path) using defaults
[4.443s] Level 5:colcon.colcon_core.verb:set package 'cobot_interfaces' build argument 'cmake_args' from command line to 'None'
[4.443s] Level 5:colcon.colcon_core.verb:set package 'cobot_interfaces' build argument 'cmake_target' from command line to 'None'
[4.443s] Level 5:colcon.colcon_core.verb:set package 'cobot_interfaces' build argument 'cmake_target_skip_unavailable' from command line to 'False'
[4.443s] Level 5:colcon.colcon_core.verb:set package 'cobot_interfaces' build argument 'cmake_clean_cache' from command line to 'False'
[4.443s] Level 5:colcon.colcon_core.verb:set package 'cobot_interfaces' build argument 'cmake_clean_first' from command line to 'False'
[4.444s] Level 5:colcon.colcon_core.verb:set package 'cobot_interfaces' build argument 'cmake_force_configure' from command line to 'False'
[4.444s] Level 5:colcon.colcon_core.verb:set package 'cobot_interfaces' build argument 'ament_cmake_args' from command line to 'None'
[4.444s] Level 5:colcon.colcon_core.verb:set package 'cobot_interfaces' build argument 'catkin_cmake_args' from command line to 'None'
[4.444s] Level 5:colcon.colcon_core.verb:set package 'cobot_interfaces' build argument 'catkin_skip_building_tests' from command line to 'False'
[4.444s] DEBUG:colcon.colcon_core.verb:Building package 'cobot_interfaces' with the following arguments: {'ament_cmake_args': None, 'build_base': '/home/brian/Projects/Cobot/ros2_cobot/build/cobot_interfaces', 'catkin_cmake_args': None, 'catkin_skip_building_tests': False, 'cmake_args': None, 'cmake_clean_cache': False, 'cmake_clean_first': False, 'cmake_force_configure': False, 'cmake_target': None, 'cmake_target_skip_unavailable': False, 'install_base': '/home/brian/Projects/Cobot/ros2_cobot/install/cobot_interfaces', 'merge_install': False, 'path': '/home/brian/Projects/Cobot/ros2_cobot/src/cobot_interfaces', 'symlink_install': False, 'test_result_base': None}
[4.444s] INFO:colcon.colcon_core.executor:Executing jobs using 'parallel' executor
[4.445s] DEBUG:colcon.colcon_parallel_executor.executor.parallel:run_until_complete
[4.445s] INFO:colcon.colcon_ros.task.ament_cmake.build:Building ROS package in '/home/brian/Projects/Cobot/ros2_cobot/src/cobot_interfaces' with build type 'ament_cmake'
[4.445s] INFO:colcon.colcon_cmake.task.cmake.build:Building CMake package in '/home/brian/Projects/Cobot/ros2_cobot/src/cobot_interfaces'
[4.493s] INFO:colcon.colcon_core.plugin_system:Skipping extension 'colcon_core.shell.bat': Not used on non-Windows systems
[4.494s] INFO:colcon.colcon_core.shell:Skip shell extension 'powershell' for command environment: Not usable outside of PowerShell
[4.494s] DEBUG:colcon.colcon_core.shell:Skip shell extension 'dsv' for command environment
[4.501s] DEBUG:colcon.colcon_core.event_handler.log_command:Invoking command in '/home/brian/Projects/Cobot/ros2_cobot/build/cobot_interfaces': CMAKE_PREFIX_PATH=/home/brian/Projects/Cobot/ros2_cobot/install/cobot_control:/opt/ros/humble CONDA_PROMPT_MODIFIER=(base) /usr/bin/cmake /home/brian/Projects/Cobot/ros2_cobot/src/cobot_interfaces -DCMAKE_INSTALL_PREFIX=/home/brian/Projects/Cobot/ros2_cobot/install/cobot_interfaces
[6.650s] DEBUG:colcon.colcon_core.event_handler.log_command:Invoked command in '/home/brian/Projects/Cobot/ros2_cobot/build/cobot_interfaces' returned '1': CMAKE_PREFIX_PATH=/home/brian/Projects/Cobot/ros2_cobot/install/cobot_control:/opt/ros/humble CONDA_PROMPT_MODIFIER=(base) /usr/bin/cmake /home/brian/Projects/Cobot/ros2_cobot/src/cobot_interfaces -DCMAKE_INSTALL_PREFIX=/home/brian/Projects/Cobot/ros2_cobot/install/cobot_interfaces
[6.684s] Level 1:colcon.colcon_core.environment:create_environment_scripts_only(cobot_interfaces)
[6.812s] Level 1:colcon.colcon_core.environment:checking '/home/brian/Projects/Cobot/ros2_cobot/install/cobot_interfaces' for CMake module files
[6.815s] Level 1:colcon.colcon_core.environment:checking '/home/brian/Projects/Cobot/ros2_cobot/install/cobot_interfaces' for CMake config files
[6.817s] Level 1:colcon.colcon_core.environment:checking '/home/brian/Projects/Cobot/ros2_cobot/install/cobot_interfaces/bin'
[6.817s] Level 1:colcon.colcon_core.environment:checking '/home/brian/Projects/Cobot/ros2_cobot/install/cobot_interfaces/lib/pkgconfig/cobot_interfaces.pc'
[6.819s] Level 1:colcon.colcon_core.environment:checking '/home/brian/Projects/Cobot/ros2_cobot/install/cobot_interfaces/lib/python3.10/site-packages'
[6.821s] Level 1:colcon.colcon_core.environment:checking '/home/brian/Projects/Cobot/ros2_cobot/install/cobot_interfaces/bin'
[6.823s] INFO:colcon.colcon_core.shell:Creating package script '/home/brian/Projects/Cobot/ros2_cobot/install/cobot_interfaces/share/cobot_interfaces/package.ps1'
[6.850s] INFO:colcon.colcon_core.shell:Creating package descriptor '/home/brian/Projects/Cobot/ros2_cobot/install/cobot_interfaces/share/cobot_interfaces/package.dsv'
[6.875s] INFO:colcon.colcon_core.shell:Creating package script '/home/brian/Projects/Cobot/ros2_cobot/install/cobot_interfaces/share/cobot_interfaces/package.sh'
[6.878s] INFO:colcon.colcon_core.shell:Creating package script '/home/brian/Projects/Cobot/ros2_cobot/install/cobot_interfaces/share/cobot_interfaces/package.bash'
[6.898s] INFO:colcon.colcon_core.shell:Creating package script '/home/brian/Projects/Cobot/ros2_cobot/install/cobot_interfaces/share/cobot_interfaces/package.zsh'
[6.908s] Level 1:colcon.colcon_core.environment:create_file_with_runtime_dependencies(/home/brian/Projects/Cobot/ros2_cobot/install/cobot_interfaces/share/colcon-core/packages/cobot_interfaces)
[6.920s] DEBUG:colcon.colcon_parallel_executor.executor.parallel:closing loop
[6.920s] DEBUG:colcon.colcon_parallel_executor.executor.parallel:loop closed
[6.921s] DEBUG:colcon.colcon_parallel_executor.executor.parallel:run_until_complete finished with '1'
[6.921s] DEBUG:colcon.colcon_core.event_reactor:joining thread
[6.942s] INFO:colcon.colcon_core.plugin_system:Skipping extension 'colcon_notification.desktop_notification.terminal_notifier': Not used on non-Darwin systems
[6.943s] INFO:colcon.colcon_core.plugin_system:Skipping extension 'colcon_notification.desktop_notification.win32': Not used on non-Windows systems
[6.943s] INFO:colcon.colcon_notification.desktop_notification:Sending desktop notification using 'notify2'
[6.998s] DEBUG:colcon.colcon_core.event_reactor:joined thread
[6.999s] INFO:colcon.colcon_core.shell:Creating prefix script '/home/brian/Projects/Cobot/ros2_cobot/install/local_setup.ps1'
[7.001s] INFO:colcon.colcon_core.shell:Creating prefix util module '/home/brian/Projects/Cobot/ros2_cobot/install/_local_setup_util_ps1.py'
[7.003s] INFO:colcon.colcon_core.shell:Creating prefix chain script '/home/brian/Projects/Cobot/ros2_cobot/install/setup.ps1'
[7.005s] INFO:colcon.colcon_core.shell:Creating prefix script '/home/brian/Projects/Cobot/ros2_cobot/install/local_setup.sh'
[7.006s] INFO:colcon.colcon_core.shell:Creating prefix util module '/home/brian/Projects/Cobot/ros2_cobot/install/_local_setup_util_sh.py'
[7.007s] INFO:colcon.colcon_core.shell:Creating prefix chain script '/home/brian/Projects/Cobot/ros2_cobot/install/setup.sh'
[7.009s] INFO:colcon.colcon_core.shell:Creating prefix script '/home/brian/Projects/Cobot/ros2_cobot/install/local_setup.bash'
[7.010s] INFO:colcon.colcon_core.shell:Creating prefix chain script '/home/brian/Projects/Cobot/ros2_cobot/install/setup.bash'
[7.011s] INFO:colcon.colcon_core.shell:Creating prefix script '/home/brian/Projects/Cobot/ros2_cobot/install/local_setup.zsh'
[7.012s] INFO:colcon.colcon_core.shell:Creating prefix chain script '/home/brian/Projects/Cobot/ros2_cobot/install/setup.zsh'
