[0.072s] DEBUG:colcon:Command line arguments: ['/usr/bin/colcon', 'build', '--packages-select', 'cobot_interface']
[0.072s] DEBUG:colcon:Parsed command line arguments: Namespace(log_base=None, log_level=None, verb_name='build', build_base='build', install_base='install', merge_install=False, symlink_install=False, test_result_base=None, continue_on_error=False, executor='parallel', parallel_workers=16, event_handlers=None, ignore_user_meta=False, metas=['./colcon.meta'], base_paths=['.'], packages_ignore=None, packages_ignore_regex=None, paths=None, packages_up_to=None, packages_up_to_regex=None, packages_above=None, packages_above_and_dependencies=None, packages_above_depth=None, packages_select_by_dep=None, packages_skip_by_dep=None, packages_skip_up_to=None, packages_select_build_failed=False, packages_skip_build_finished=False, packages_select_test_failures=False, packages_skip_test_passed=False, packages_select=['cobot_interface'], packages_skip=None, packages_select_regex=None, packages_skip_regex=None, packages_start=None, packages_end=None, allow_overriding=[], cmake_args=None, cmake_target=None, cmake_target_skip_unavailable=False, cmake_clean_cache=False, cmake_clean_first=False, cmake_force_configure=False, ament_cmake_args=None, catkin_cmake_args=None, catkin_skip_building_tests=False, verb_parser=<colcon_defaults.argument_parser.defaults.DefaultArgumentsDecorator object at 0x79dd0002f850>, verb_extension=<colcon_core.verb.build.BuildVerb object at 0x79dd0002f370>, main=<bound method BuildVerb.main of <colcon_core.verb.build.BuildVerb object at 0x79dd0002f370>>)
[0.186s] Level 1:colcon.colcon_core.package_discovery:discover_packages(colcon_meta) check parameters
[0.186s] Level 1:colcon.colcon_core.package_discovery:discover_packages(recursive) check parameters
[0.186s] Level 1:colcon.colcon_core.package_discovery:discover_packages(ignore) check parameters
[0.186s] Level 1:colcon.colcon_core.package_discovery:discover_packages(path) check parameters
[0.186s] Level 1:colcon.colcon_core.package_discovery:discover_packages(colcon_meta) discover
[0.186s] Level 1:colcon.colcon_core.package_discovery:discover_packages(recursive) discover
[0.187s] INFO:colcon.colcon_core.package_discovery:Crawling recursively for packages in '/home/brian/Projects/Cobot/ros2_cobot'
[0.187s] Level 1:colcon.colcon_core.package_identification:_identify(.) by extensions ['ignore', 'ignore_ament_install']
[0.187s] Level 1:colcon.colcon_core.package_identification:_identify(.) by extension 'ignore'
[0.187s] Level 1:colcon.colcon_core.package_identification:_identify(.) by extension 'ignore_ament_install'
[0.187s] Level 1:colcon.colcon_core.package_identification:_identify(.) by extensions ['colcon_pkg']
[0.187s] Level 1:colcon.colcon_core.package_identification:_identify(.) by extension 'colcon_pkg'
[0.187s] Level 1:colcon.colcon_core.package_identification:_identify(.) by extensions ['colcon_meta']
[0.187s] Level 1:colcon.colcon_core.package_identification:_identify(.) by extension 'colcon_meta'
[0.187s] Level 1:colcon.colcon_core.package_identification:_identify(.) by extensions ['ros']
[0.187s] Level 1:colcon.colcon_core.package_identification:_identify(.) by extension 'ros'
[0.213s] Level 1:colcon.colcon_core.package_identification:_identify(.) by extensions ['cmake', 'python']
[0.213s] Level 1:colcon.colcon_core.package_identification:_identify(.) by extension 'cmake'
[0.213s] Level 1:colcon.colcon_core.package_identification:_identify(.) by extension 'python'
[0.213s] Level 1:colcon.colcon_core.package_identification:_identify(.) by extensions ['python_setup_py']
[0.213s] Level 1:colcon.colcon_core.package_identification:_identify(.) by extension 'python_setup_py'
[0.214s] Level 1:colcon.colcon_core.package_identification:_identify(build) by extensions ['ignore', 'ignore_ament_install']
[0.214s] Level 1:colcon.colcon_core.package_identification:_identify(build) by extension 'ignore'
[0.214s] Level 1:colcon.colcon_core.package_identification:_identify(build) ignored
[0.214s] Level 1:colcon.colcon_core.package_identification:_identify(install) by extensions ['ignore', 'ignore_ament_install']
[0.214s] Level 1:colcon.colcon_core.package_identification:_identify(install) by extension 'ignore'
[0.214s] Level 1:colcon.colcon_core.package_identification:_identify(install) ignored
[0.214s] Level 1:colcon.colcon_core.package_identification:_identify(isaacLab) by extensions ['ignore', 'ignore_ament_install']
[0.214s] Level 1:colcon.colcon_core.package_identification:_identify(isaacLab) by extension 'ignore'
[0.214s] Level 1:colcon.colcon_core.package_identification:_identify(isaacLab) by extension 'ignore_ament_install'
[0.214s] Level 1:colcon.colcon_core.package_identification:_identify(isaacLab) by extensions ['colcon_pkg']
[0.214s] Level 1:colcon.colcon_core.package_identification:_identify(isaacLab) by extension 'colcon_pkg'
[0.214s] Level 1:colcon.colcon_core.package_identification:_identify(isaacLab) by extensions ['colcon_meta']
[0.214s] Level 1:colcon.colcon_core.package_identification:_identify(isaacLab) by extension 'colcon_meta'
[0.214s] Level 1:colcon.colcon_core.package_identification:_identify(isaacLab) by extensions ['ros']
[0.214s] Level 1:colcon.colcon_core.package_identification:_identify(isaacLab) by extension 'ros'
[0.214s] Level 1:colcon.colcon_core.package_identification:_identify(isaacLab) by extensions ['cmake', 'python']
[0.214s] Level 1:colcon.colcon_core.package_identification:_identify(isaacLab) by extension 'cmake'
[0.215s] Level 1:colcon.colcon_core.package_identification:_identify(isaacLab) by extension 'python'
[0.215s] Level 1:colcon.colcon_core.package_identification:_identify(isaacLab) by extensions ['python_setup_py']
[0.215s] Level 1:colcon.colcon_core.package_identification:_identify(isaacLab) by extension 'python_setup_py'
[0.215s] Level 1:colcon.colcon_core.package_identification:_identify(isaacLab/runs) by extensions ['ignore', 'ignore_ament_install']
[0.215s] Level 1:colcon.colcon_core.package_identification:_identify(isaacLab/runs) by extension 'ignore'
[0.215s] Level 1:colcon.colcon_core.package_identification:_identify(isaacLab/runs) by extension 'ignore_ament_install'
[0.215s] Level 1:colcon.colcon_core.package_identification:_identify(isaacLab/runs) by extensions ['colcon_pkg']
[0.215s] Level 1:colcon.colcon_core.package_identification:_identify(isaacLab/runs) by extension 'colcon_pkg'
[0.215s] Level 1:colcon.colcon_core.package_identification:_identify(isaacLab/runs) by extensions ['colcon_meta']
[0.215s] Level 1:colcon.colcon_core.package_identification:_identify(isaacLab/runs) by extension 'colcon_meta'
[0.215s] Level 1:colcon.colcon_core.package_identification:_identify(isaacLab/runs) by extensions ['ros']
[0.215s] Level 1:colcon.colcon_core.package_identification:_identify(isaacLab/runs) by extension 'ros'
[0.215s] Level 1:colcon.colcon_core.package_identification:_identify(isaacLab/runs) by extensions ['cmake', 'python']
[0.215s] Level 1:colcon.colcon_core.package_identification:_identify(isaacLab/runs) by extension 'cmake'
[0.215s] Level 1:colcon.colcon_core.package_identification:_identify(isaacLab/runs) by extension 'python'
[0.215s] Level 1:colcon.colcon_core.package_identification:_identify(isaacLab/runs) by extensions ['python_setup_py']
[0.215s] Level 1:colcon.colcon_core.package_identification:_identify(isaacLab/runs) by extension 'python_setup_py'
[0.216s] Level 1:colcon.colcon_core.package_identification:_identify(isaacLab/runs/Saves) by extensions ['ignore', 'ignore_ament_install']
[0.216s] Level 1:colcon.colcon_core.package_identification:_identify(isaacLab/runs/Saves) by extension 'ignore'
[0.216s] Level 1:colcon.colcon_core.package_identification:_identify(isaacLab/runs/Saves) by extension 'ignore_ament_install'
[0.216s] Level 1:colcon.colcon_core.package_identification:_identify(isaacLab/runs/Saves) by extensions ['colcon_pkg']
[0.216s] Level 1:colcon.colcon_core.package_identification:_identify(isaacLab/runs/Saves) by extension 'colcon_pkg'
[0.216s] Level 1:colcon.colcon_core.package_identification:_identify(isaacLab/runs/Saves) by extensions ['colcon_meta']
[0.216s] Level 1:colcon.colcon_core.package_identification:_identify(isaacLab/runs/Saves) by extension 'colcon_meta'
[0.216s] Level 1:colcon.colcon_core.package_identification:_identify(isaacLab/runs/Saves) by extensions ['ros']
[0.216s] Level 1:colcon.colcon_core.package_identification:_identify(isaacLab/runs/Saves) by extension 'ros'
[0.216s] Level 1:colcon.colcon_core.package_identification:_identify(isaacLab/runs/Saves) by extensions ['cmake', 'python']
[0.216s] Level 1:colcon.colcon_core.package_identification:_identify(isaacLab/runs/Saves) by extension 'cmake'
[0.216s] Level 1:colcon.colcon_core.package_identification:_identify(isaacLab/runs/Saves) by extension 'python'
[0.216s] Level 1:colcon.colcon_core.package_identification:_identify(isaacLab/runs/Saves) by extensions ['python_setup_py']
[0.216s] Level 1:colcon.colcon_core.package_identification:_identify(isaacLab/runs/Saves) by extension 'python_setup_py'
[0.216s] Level 1:colcon.colcon_core.package_identification:_identify(isaacLab/runs/Saves/Dance) by extensions ['ignore', 'ignore_ament_install']
[0.216s] Level 1:colcon.colcon_core.package_identification:_identify(isaacLab/runs/Saves/Dance) by extension 'ignore'
[0.217s] Level 1:colcon.colcon_core.package_identification:_identify(isaacLab/runs/Saves/Dance) by extension 'ignore_ament_install'
[0.217s] Level 1:colcon.colcon_core.package_identification:_identify(isaacLab/runs/Saves/Dance) by extensions ['colcon_pkg']
[0.217s] Level 1:colcon.colcon_core.package_identification:_identify(isaacLab/runs/Saves/Dance) by extension 'colcon_pkg'
[0.217s] Level 1:colcon.colcon_core.package_identification:_identify(isaacLab/runs/Saves/Dance) by extensions ['colcon_meta']
[0.217s] Level 1:colcon.colcon_core.package_identification:_identify(isaacLab/runs/Saves/Dance) by extension 'colcon_meta'
[0.217s] Level 1:colcon.colcon_core.package_identification:_identify(isaacLab/runs/Saves/Dance) by extensions ['ros']
[0.217s] Level 1:colcon.colcon_core.package_identification:_identify(isaacLab/runs/Saves/Dance) by extension 'ros'
[0.217s] Level 1:colcon.colcon_core.package_identification:_identify(isaacLab/runs/Saves/Dance) by extensions ['cmake', 'python']
[0.217s] Level 1:colcon.colcon_core.package_identification:_identify(isaacLab/runs/Saves/Dance) by extension 'cmake'
[0.217s] Level 1:colcon.colcon_core.package_identification:_identify(isaacLab/runs/Saves/Dance) by extension 'python'
[0.217s] Level 1:colcon.colcon_core.package_identification:_identify(isaacLab/runs/Saves/Dance) by extensions ['python_setup_py']
[0.217s] Level 1:colcon.colcon_core.package_identification:_identify(isaacLab/runs/Saves/Dance) by extension 'python_setup_py'
[0.217s] Level 1:colcon.colcon_core.package_identification:_identify(isaacLab/runs/cobot) by extensions ['ignore', 'ignore_ament_install']
[0.217s] Level 1:colcon.colcon_core.package_identification:_identify(isaacLab/runs/cobot) by extension 'ignore'
[0.217s] Level 1:colcon.colcon_core.package_identification:_identify(isaacLab/runs/cobot) by extension 'ignore_ament_install'
[0.217s] Level 1:colcon.colcon_core.package_identification:_identify(isaacLab/runs/cobot) by extensions ['colcon_pkg']
[0.217s] Level 1:colcon.colcon_core.package_identification:_identify(isaacLab/runs/cobot) by extension 'colcon_pkg'
[0.217s] Level 1:colcon.colcon_core.package_identification:_identify(isaacLab/runs/cobot) by extensions ['colcon_meta']
[0.217s] Level 1:colcon.colcon_core.package_identification:_identify(isaacLab/runs/cobot) by extension 'colcon_meta'
[0.217s] Level 1:colcon.colcon_core.package_identification:_identify(isaacLab/runs/cobot) by extensions ['ros']
[0.217s] Level 1:colcon.colcon_core.package_identification:_identify(isaacLab/runs/cobot) by extension 'ros'
[0.217s] Level 1:colcon.colcon_core.package_identification:_identify(isaacLab/runs/cobot) by extensions ['cmake', 'python']
[0.217s] Level 1:colcon.colcon_core.package_identification:_identify(isaacLab/runs/cobot) by extension 'cmake'
[0.217s] Level 1:colcon.colcon_core.package_identification:_identify(isaacLab/runs/cobot) by extension 'python'
[0.217s] Level 1:colcon.colcon_core.package_identification:_identify(isaacLab/runs/cobot) by extensions ['python_setup_py']
[0.217s] Level 1:colcon.colcon_core.package_identification:_identify(isaacLab/runs/cobot) by extension 'python_setup_py'
[0.218s] Level 1:colcon.colcon_core.package_identification:_identify(isaacLab/runs/cobot/26-06-28_20-01-51-350802_PPO) by extensions ['ignore', 'ignore_ament_install']
[0.218s] Level 1:colcon.colcon_core.package_identification:_identify(isaacLab/runs/cobot/26-06-28_20-01-51-350802_PPO) by extension 'ignore'
[0.218s] Level 1:colcon.colcon_core.package_identification:_identify(isaacLab/runs/cobot/26-06-28_20-01-51-350802_PPO) by extension 'ignore_ament_install'
[0.218s] Level 1:colcon.colcon_core.package_identification:_identify(isaacLab/runs/cobot/26-06-28_20-01-51-350802_PPO) by extensions ['colcon_pkg']
[0.218s] Level 1:colcon.colcon_core.package_identification:_identify(isaacLab/runs/cobot/26-06-28_20-01-51-350802_PPO) by extension 'colcon_pkg'
[0.218s] Level 1:colcon.colcon_core.package_identification:_identify(isaacLab/runs/cobot/26-06-28_20-01-51-350802_PPO) by extensions ['colcon_meta']
[0.218s] Level 1:colcon.colcon_core.package_identification:_identify(isaacLab/runs/cobot/26-06-28_20-01-51-350802_PPO) by extension 'colcon_meta'
[0.218s] Level 1:colcon.colcon_core.package_identification:_identify(isaacLab/runs/cobot/26-06-28_20-01-51-350802_PPO) by extensions ['ros']
[0.218s] Level 1:colcon.colcon_core.package_identification:_identify(isaacLab/runs/cobot/26-06-28_20-01-51-350802_PPO) by extension 'ros'
[0.218s] Level 1:colcon.colcon_core.package_identification:_identify(isaacLab/runs/cobot/26-06-28_20-01-51-350802_PPO) by extensions ['cmake', 'python']
[0.218s] Level 1:colcon.colcon_core.package_identification:_identify(isaacLab/runs/cobot/26-06-28_20-01-51-350802_PPO) by extension 'cmake'
[0.218s] Level 1:colcon.colcon_core.package_identification:_identify(isaacLab/runs/cobot/26-06-28_20-01-51-350802_PPO) by extension 'python'
[0.218s] Level 1:colcon.colcon_core.package_identification:_identify(isaacLab/runs/cobot/26-06-28_20-01-51-350802_PPO) by extensions ['python_setup_py']
[0.218s] Level 1:colcon.colcon_core.package_identification:_identify(isaacLab/runs/cobot/26-06-28_20-01-51-350802_PPO) by extension 'python_setup_py'
[0.218s] Level 1:colcon.colcon_core.package_identification:_identify(isaacLab/runs/cobot/26-06-28_20-01-51-350802_PPO/checkpoints) by extensions ['ignore', 'ignore_ament_install']
[0.218s] Level 1:colcon.colcon_core.package_identification:_identify(isaacLab/runs/cobot/26-06-28_20-01-51-350802_PPO/checkpoints) by extension 'ignore'
[0.218s] Level 1:colcon.colcon_core.package_identification:_identify(isaacLab/runs/cobot/26-06-28_20-01-51-350802_PPO/checkpoints) by extension 'ignore_ament_install'
[0.218s] Level 1:colcon.colcon_core.package_identification:_identify(isaacLab/runs/cobot/26-06-28_20-01-51-350802_PPO/checkpoints) by extensions ['colcon_pkg']
[0.218s] Level 1:colcon.colcon_core.package_identification:_identify(isaacLab/runs/cobot/26-06-28_20-01-51-350802_PPO/checkpoints) by extension 'colcon_pkg'
[0.218s] Level 1:colcon.colcon_core.package_identification:_identify(isaacLab/runs/cobot/26-06-28_20-01-51-350802_PPO/checkpoints) by extensions ['colcon_meta']
[0.218s] Level 1:colcon.colcon_core.package_identification:_identify(isaacLab/runs/cobot/26-06-28_20-01-51-350802_PPO/checkpoints) by extension 'colcon_meta'
[0.218s] Level 1:colcon.colcon_core.package_identification:_identify(isaacLab/runs/cobot/26-06-28_20-01-51-350802_PPO/checkpoints) by extensions ['ros']
[0.218s] Level 1:colcon.colcon_core.package_identification:_identify(isaacLab/runs/cobot/26-06-28_20-01-51-350802_PPO/checkpoints) by extension 'ros'
[0.219s] Level 1:colcon.colcon_core.package_identification:_identify(isaacLab/runs/cobot/26-06-28_20-01-51-350802_PPO/checkpoints) by extensions ['cmake', 'python']
[0.219s] Level 1:colcon.colcon_core.package_identification:_identify(isaacLab/runs/cobot/26-06-28_20-01-51-350802_PPO/checkpoints) by extension 'cmake'
[0.219s] Level 1:colcon.colcon_core.package_identification:_identify(isaacLab/runs/cobot/26-06-28_20-01-51-350802_PPO/checkpoints) by extension 'python'
[0.219s] Level 1:colcon.colcon_core.package_identification:_identify(isaacLab/runs/cobot/26-06-28_20-01-51-350802_PPO/checkpoints) by extensions ['python_setup_py']
[0.219s] Level 1:colcon.colcon_core.package_identification:_identify(isaacLab/runs/cobot/26-06-28_20-01-51-350802_PPO/checkpoints) by extension 'python_setup_py'
[0.219s] Level 1:colcon.colcon_core.package_identification:_identify(isaacLab/runs/cobot/26-06-28_20-04-07-577843_PPO) by extensions ['ignore', 'ignore_ament_install']
[0.219s] Level 1:colcon.colcon_core.package_identification:_identify(isaacLab/runs/cobot/26-06-28_20-04-07-577843_PPO) by extension 'ignore'
[0.219s] Level 1:colcon.colcon_core.package_identification:_identify(isaacLab/runs/cobot/26-06-28_20-04-07-577843_PPO) by extension 'ignore_ament_install'
[0.219s] Level 1:colcon.colcon_core.package_identification:_identify(isaacLab/runs/cobot/26-06-28_20-04-07-577843_PPO) by extensions ['colcon_pkg']
[0.219s] Level 1:colcon.colcon_core.package_identification:_identify(isaacLab/runs/cobot/26-06-28_20-04-07-577843_PPO) by extension 'colcon_pkg'
[0.219s] Level 1:colcon.colcon_core.package_identification:_identify(isaacLab/runs/cobot/26-06-28_20-04-07-577843_PPO) by extensions ['colcon_meta']
[0.219s] Level 1:colcon.colcon_core.package_identification:_identify(isaacLab/runs/cobot/26-06-28_20-04-07-577843_PPO) by extension 'colcon_meta'
[0.219s] Level 1:colcon.colcon_core.package_identification:_identify(isaacLab/runs/cobot/26-06-28_20-04-07-577843_PPO) by extensions ['ros']
[0.219s] Level 1:colcon.colcon_core.package_identification:_identify(isaacLab/runs/cobot/26-06-28_20-04-07-577843_PPO) by extension 'ros'
[0.219s] Level 1:colcon.colcon_core.package_identification:_identify(isaacLab/runs/cobot/26-06-28_20-04-07-577843_PPO) by extensions ['cmake', 'python']
[0.219s] Level 1:colcon.colcon_core.package_identification:_identify(isaacLab/runs/cobot/26-06-28_20-04-07-577843_PPO) by extension 'cmake'
[0.219s] Level 1:colcon.colcon_core.package_identification:_identify(isaacLab/runs/cobot/26-06-28_20-04-07-577843_PPO) by extension 'python'
[0.219s] Level 1:colcon.colcon_core.package_identification:_identify(isaacLab/runs/cobot/26-06-28_20-04-07-577843_PPO) by extensions ['python_setup_py']
[0.219s] Level 1:colcon.colcon_core.package_identification:_identify(isaacLab/runs/cobot/26-06-28_20-04-07-577843_PPO) by extension 'python_setup_py'
[0.219s] Level 1:colcon.colcon_core.package_identification:_identify(isaacLab/runs/cobot/26-06-28_20-04-07-577843_PPO/checkpoints) by extensions ['ignore', 'ignore_ament_install']
[0.219s] Level 1:colcon.colcon_core.package_identification:_identify(isaacLab/runs/cobot/26-06-28_20-04-07-577843_PPO/checkpoints) by extension 'ignore'
[0.219s] Level 1:colcon.colcon_core.package_identification:_identify(isaacLab/runs/cobot/26-06-28_20-04-07-577843_PPO/checkpoints) by extension 'ignore_ament_install'
[0.219s] Level 1:colcon.colcon_core.package_identification:_identify(isaacLab/runs/cobot/26-06-28_20-04-07-577843_PPO/checkpoints) by extensions ['colcon_pkg']
[0.219s] Level 1:colcon.colcon_core.package_identification:_identify(isaacLab/runs/cobot/26-06-28_20-04-07-577843_PPO/checkpoints) by extension 'colcon_pkg'
[0.220s] Level 1:colcon.colcon_core.package_identification:_identify(isaacLab/runs/cobot/26-06-28_20-04-07-577843_PPO/checkpoints) by extensions ['colcon_meta']
[0.220s] Level 1:colcon.colcon_core.package_identification:_identify(isaacLab/runs/cobot/26-06-28_20-04-07-577843_PPO/checkpoints) by extension 'colcon_meta'
[0.220s] Level 1:colcon.colcon_core.package_identification:_identify(isaacLab/runs/cobot/26-06-28_20-04-07-577843_PPO/checkpoints) by extensions ['ros']
[0.220s] Level 1:colcon.colcon_core.package_identification:_identify(isaacLab/runs/cobot/26-06-28_20-04-07-577843_PPO/checkpoints) by extension 'ros'
[0.220s] Level 1:colcon.colcon_core.package_identification:_identify(isaacLab/runs/cobot/26-06-28_20-04-07-577843_PPO/checkpoints) by extensions ['cmake', 'python']
[0.220s] Level 1:colcon.colcon_core.package_identification:_identify(isaacLab/runs/cobot/26-06-28_20-04-07-577843_PPO/checkpoints) by extension 'cmake'
[0.220s] Level 1:colcon.colcon_core.package_identification:_identify(isaacLab/runs/cobot/26-06-28_20-04-07-577843_PPO/checkpoints) by extension 'python'
[0.220s] Level 1:colcon.colcon_core.package_identification:_identify(isaacLab/runs/cobot/26-06-28_20-04-07-577843_PPO/checkpoints) by extensions ['python_setup_py']
[0.220s] Level 1:colcon.colcon_core.package_identification:_identify(isaacLab/runs/cobot/26-06-28_20-04-07-577843_PPO/checkpoints) by extension 'python_setup_py'
[0.220s] Level 1:colcon.colcon_core.package_identification:_identify(log) by extensions ['ignore', 'ignore_ament_install']
[0.220s] Level 1:colcon.colcon_core.package_identification:_identify(log) by extension 'ignore'
[0.220s] Level 1:colcon.colcon_core.package_identification:_identify(log) ignored
[0.220s] Level 1:colcon.colcon_core.package_identification:_identify(src) by extensions ['ignore', 'ignore_ament_install']
[0.220s] Level 1:colcon.colcon_core.package_identification:_identify(src) by extension 'ignore'
[0.220s] Level 1:colcon.colcon_core.package_identification:_identify(src) by extension 'ignore_ament_install'
[0.220s] Level 1:colcon.colcon_core.package_identification:_identify(src) by extensions ['colcon_pkg']
[0.220s] Level 1:colcon.colcon_core.package_identification:_identify(src) by extension 'colcon_pkg'
[0.220s] Level 1:colcon.colcon_core.package_identification:_identify(src) by extensions ['colcon_meta']
[0.220s] Level 1:colcon.colcon_core.package_identification:_identify(src) by extension 'colcon_meta'
[0.220s] Level 1:colcon.colcon_core.package_identification:_identify(src) by extensions ['ros']
[0.220s] Level 1:colcon.colcon_core.package_identification:_identify(src) by extension 'ros'
[0.220s] Level 1:colcon.colcon_core.package_identification:_identify(src) by extensions ['cmake', 'python']
[0.220s] Level 1:colcon.colcon_core.package_identification:_identify(src) by extension 'cmake'
[0.220s] Level 1:colcon.colcon_core.package_identification:_identify(src) by extension 'python'
[0.220s] Level 1:colcon.colcon_core.package_identification:_identify(src) by extensions ['python_setup_py']
[0.221s] Level 1:colcon.colcon_core.package_identification:_identify(src) by extension 'python_setup_py'
[0.221s] Level 1:colcon.colcon_core.package_identification:_identify(src/cobot_control) by extensions ['ignore', 'ignore_ament_install']
[0.221s] Level 1:colcon.colcon_core.package_identification:_identify(src/cobot_control) by extension 'ignore'
[0.221s] Level 1:colcon.colcon_core.package_identification:_identify(src/cobot_control) by extension 'ignore_ament_install'
[0.221s] Level 1:colcon.colcon_core.package_identification:_identify(src/cobot_control) by extensions ['colcon_pkg']
[0.221s] Level 1:colcon.colcon_core.package_identification:_identify(src/cobot_control) by extension 'colcon_pkg'
[0.221s] Level 1:colcon.colcon_core.package_identification:_identify(src/cobot_control) by extensions ['colcon_meta']
[0.221s] Level 1:colcon.colcon_core.package_identification:_identify(src/cobot_control) by extension 'colcon_meta'
[0.221s] Level 1:colcon.colcon_core.package_identification:_identify(src/cobot_control) by extensions ['ros']
[0.221s] Level 1:colcon.colcon_core.package_identification:_identify(src/cobot_control) by extension 'ros'
[0.223s] DEBUG:colcon.colcon_core.package_identification:Package 'src/cobot_control' with type 'ros.ament_python' and name 'cobot_control'
[0.223s] Level 1:colcon.colcon_core.package_identification:_identify(src/cobot_description) by extensions ['ignore', 'ignore_ament_install']
[0.223s] Level 1:colcon.colcon_core.package_identification:_identify(src/cobot_description) by extension 'ignore'
[0.223s] Level 1:colcon.colcon_core.package_identification:_identify(src/cobot_description) by extension 'ignore_ament_install'
[0.223s] Level 1:colcon.colcon_core.package_identification:_identify(src/cobot_description) by extensions ['colcon_pkg']
[0.223s] Level 1:colcon.colcon_core.package_identification:_identify(src/cobot_description) by extension 'colcon_pkg'
[0.223s] Level 1:colcon.colcon_core.package_identification:_identify(src/cobot_description) by extensions ['colcon_meta']
[0.223s] Level 1:colcon.colcon_core.package_identification:_identify(src/cobot_description) by extension 'colcon_meta'
[0.223s] Level 1:colcon.colcon_core.package_identification:_identify(src/cobot_description) by extensions ['ros']
[0.223s] Level 1:colcon.colcon_core.package_identification:_identify(src/cobot_description) by extension 'ros'
[0.224s] DEBUG:colcon.colcon_core.package_identification:Package 'src/cobot_description' with type 'ros.ament_cmake' and name 'cobot_description'
[0.224s] Level 1:colcon.colcon_core.package_identification:_identify(src/cobot_interfaces) by extensions ['ignore', 'ignore_ament_install']
[0.224s] Level 1:colcon.colcon_core.package_identification:_identify(src/cobot_interfaces) by extension 'ignore'
[0.224s] Level 1:colcon.colcon_core.package_identification:_identify(src/cobot_interfaces) by extension 'ignore_ament_install'
[0.224s] Level 1:colcon.colcon_core.package_identification:_identify(src/cobot_interfaces) by extensions ['colcon_pkg']
[0.224s] Level 1:colcon.colcon_core.package_identification:_identify(src/cobot_interfaces) by extension 'colcon_pkg'
[0.224s] Level 1:colcon.colcon_core.package_identification:_identify(src/cobot_interfaces) by extensions ['colcon_meta']
[0.224s] Level 1:colcon.colcon_core.package_identification:_identify(src/cobot_interfaces) by extension 'colcon_meta'
[0.224s] Level 1:colcon.colcon_core.package_identification:_identify(src/cobot_interfaces) by extensions ['ros']
[0.224s] Level 1:colcon.colcon_core.package_identification:_identify(src/cobot_interfaces) by extension 'ros'
[0.224s] DEBUG:colcon.colcon_core.package_identification:Package 'src/cobot_interfaces' with type 'ros.ament_cmake' and name 'cobot_interfaces'
[0.224s] Level 1:colcon.colcon_core.package_discovery:discover_packages(recursive) using defaults
[0.225s] Level 1:colcon.colcon_core.package_discovery:discover_packages(ignore) discover
[0.225s] Level 1:colcon.colcon_core.package_discovery:discover_packages(ignore) using defaults
[0.225s] Level 1:colcon.colcon_core.package_discovery:discover_packages(path) discover
[0.225s] Level 1:colcon.colcon_core.package_discovery:discover_packages(path) using defaults
[0.225s] WARNING:colcon.colcon_core.package_selection:ignoring unknown package 'cobot_interface' in --packages-select
[0.238s] INFO:colcon.colcon_core.package_selection:Skipping not selected package 'cobot_control' in 'src/cobot_control'
[0.238s] INFO:colcon.colcon_core.package_selection:Skipping not selected package 'cobot_description' in 'src/cobot_description'
[0.238s] INFO:colcon.colcon_core.package_selection:Skipping not selected package 'cobot_interfaces' in 'src/cobot_interfaces'
[0.239s] Level 1:colcon.colcon_core.package_discovery:discover_packages(prefix_path) check parameters
[0.239s] Level 1:colcon.colcon_core.package_discovery:discover_packages(prefix_path) discover
[0.240s] DEBUG:colcon.colcon_installed_package_information.package_discovery:Found 2 installed packages in /home/brian/Projects/Cobot/ros2_cobot/install
[0.241s] DEBUG:colcon.colcon_installed_package_information.package_discovery:Found 273 installed packages in /opt/ros/humble
[0.242s] Level 1:colcon.colcon_core.package_discovery:discover_packages(prefix_path) using defaults
[0.267s] INFO:colcon.colcon_core.executor:Executing jobs using 'parallel' executor
[0.268s] DEBUG:colcon.colcon_parallel_executor.executor.parallel:run_until_complete
[0.268s] DEBUG:colcon.colcon_parallel_executor.executor.parallel:closing loop
[0.269s] DEBUG:colcon.colcon_parallel_executor.executor.parallel:loop closed
[0.269s] DEBUG:colcon.colcon_parallel_executor.executor.parallel:run_until_complete finished with '0'
[0.269s] DEBUG:colcon.colcon_core.event_reactor:joining thread
[0.272s] INFO:colcon.colcon_core.plugin_system:Skipping extension 'colcon_notification.desktop_notification.terminal_notifier': Not used on non-Darwin systems
[0.272s] INFO:colcon.colcon_core.plugin_system:Skipping extension 'colcon_notification.desktop_notification.win32': Not used on non-Windows systems
[0.272s] INFO:colcon.colcon_notification.desktop_notification:Sending desktop notification using 'notify2'
[0.280s] DEBUG:colcon.colcon_core.event_reactor:joined thread
[0.281s] INFO:colcon.colcon_core.plugin_system:Skipping extension 'colcon_core.shell.bat': Not used on non-Windows systems
[0.282s] INFO:colcon.colcon_core.shell:Creating prefix script '/home/brian/Projects/Cobot/ros2_cobot/install/local_setup.ps1'
[0.282s] INFO:colcon.colcon_core.shell:Creating prefix util module '/home/brian/Projects/Cobot/ros2_cobot/install/_local_setup_util_ps1.py'
[0.283s] INFO:colcon.colcon_core.shell:Creating prefix chain script '/home/brian/Projects/Cobot/ros2_cobot/install/setup.ps1'
[0.284s] INFO:colcon.colcon_core.shell:Creating prefix script '/home/brian/Projects/Cobot/ros2_cobot/install/local_setup.sh'
[0.285s] INFO:colcon.colcon_core.shell:Creating prefix util module '/home/brian/Projects/Cobot/ros2_cobot/install/_local_setup_util_sh.py'
[0.360s] INFO:colcon.colcon_core.shell:Creating prefix chain script '/home/brian/Projects/Cobot/ros2_cobot/install/setup.sh'
[0.362s] INFO:colcon.colcon_core.shell:Creating prefix script '/home/brian/Projects/Cobot/ros2_cobot/install/local_setup.bash'
[0.364s] INFO:colcon.colcon_core.shell:Creating prefix chain script '/home/brian/Projects/Cobot/ros2_cobot/install/setup.bash'
[0.366s] INFO:colcon.colcon_core.shell:Creating prefix script '/home/brian/Projects/Cobot/ros2_cobot/install/local_setup.zsh'
[0.367s] INFO:colcon.colcon_core.shell:Creating prefix chain script '/home/brian/Projects/Cobot/ros2_cobot/install/setup.zsh'
