[0.007s] Invoking command in '/home/brian/Projects/Cobot/ros2_cobot/build/cobot_description': CMAKE_PREFIX_PATH=${CMAKE_PREFIX_PATH}:/home/brian/Projects/Cobot/ros2_cobot/install/cobot_perception:/home/brian/Projects/Cobot/ros2_cobot/install/cobot_control:/opt/ros/humble CONDA_PROMPT_MODIFIER=(base) /usr/bin/cmake --build /home/brian/Projects/Cobot/ros2_cobot/build/cobot_description -- -j16 -l16
[0.031s] Invoked command in '/home/brian/Projects/Cobot/ros2_cobot/build/cobot_description' returned '0': CMAKE_PREFIX_PATH=${CMAKE_PREFIX_PATH}:/home/brian/Projects/Cobot/ros2_cobot/install/cobot_perception:/home/brian/Projects/Cobot/ros2_cobot/install/cobot_control:/opt/ros/humble CONDA_PROMPT_MODIFIER=(base) /usr/bin/cmake --build /home/brian/Projects/Cobot/ros2_cobot/build/cobot_description -- -j16 -l16
[0.037s] Invoking command in '/home/brian/Projects/Cobot/ros2_cobot/build/cobot_description': CMAKE_PREFIX_PATH=${CMAKE_PREFIX_PATH}:/home/brian/Projects/Cobot/ros2_cobot/install/cobot_perception:/home/brian/Projects/Cobot/ros2_cobot/install/cobot_control:/opt/ros/humble CONDA_PROMPT_MODIFIER=(base) /usr/bin/cmake --install /home/brian/Projects/Cobot/ros2_cobot/build/cobot_description
[0.042s] -- Install configuration: ""
[0.042s] -- Up-to-date: /home/brian/Projects/Cobot/ros2_cobot/install/cobot_description/share/cobot_description/urdf
[0.043s] -- Up-to-date: /home/brian/Projects/Cobot/ros2_cobot/install/cobot_description/share/cobot_description/urdf/Cobot
[0.043s] -- Up-to-date: /home/brian/Projects/Cobot/ros2_cobot/install/cobot_description/share/cobot_description/urdf/Cobot/Cobot.usd
[0.043s] -- Up-to-date: /home/brian/Projects/Cobot/ros2_cobot/install/cobot_description/share/cobot_description/urdf/Cobot/configuration
[0.043s] -- Up-to-date: /home/brian/Projects/Cobot/ros2_cobot/install/cobot_description/share/cobot_description/urdf/Cobot/configuration/Cobot_sensor.usd
[0.043s] -- Up-to-date: /home/brian/Projects/Cobot/ros2_cobot/install/cobot_description/share/cobot_description/urdf/Cobot/configuration/Cobot_robot.usd
[0.043s] -- Up-to-date: /home/brian/Projects/Cobot/ros2_cobot/install/cobot_description/share/cobot_description/urdf/Cobot/configuration/Cobot_base.usd
[0.043s] -- Up-to-date: /home/brian/Projects/Cobot/ros2_cobot/install/cobot_description/share/cobot_description/urdf/Cobot/configuration/Cobot_physics.usd
[0.043s] -- Up-to-date: /home/brian/Projects/Cobot/ros2_cobot/install/cobot_description/share/cobot_description/urdf/meshes
[0.043s] -- Up-to-date: /home/brian/Projects/Cobot/ros2_cobot/install/cobot_description/share/cobot_description/urdf/meshes/Link1.STL
[0.043s] -- Up-to-date: /home/brian/Projects/Cobot/ros2_cobot/install/cobot_description/share/cobot_description/urdf/meshes/Link3.STL
[0.043s] -- Up-to-date: /home/brian/Projects/Cobot/ros2_cobot/install/cobot_description/share/cobot_description/urdf/meshes/Link2.STL
[0.043s] -- Up-to-date: /home/brian/Projects/Cobot/ros2_cobot/install/cobot_description/share/cobot_description/urdf/meshes/base_link.STL
[0.043s] -- Up-to-date: /home/brian/Projects/Cobot/ros2_cobot/install/cobot_description/share/cobot_description/urdf/meshes/Link4.STL
[0.044s] -- Up-to-date: /home/brian/Projects/Cobot/ros2_cobot/install/cobot_description/share/cobot_description/urdf/launch
[0.044s] -- Up-to-date: /home/brian/Projects/Cobot/ros2_cobot/install/cobot_description/share/cobot_description/urdf/launch/display.launch
[0.044s] -- Up-to-date: /home/brian/Projects/Cobot/ros2_cobot/install/cobot_description/share/cobot_description/urdf/launch/gazebo.launch
[0.044s] -- Up-to-date: /home/brian/Projects/Cobot/ros2_cobot/install/cobot_description/share/cobot_description/urdf/Cobot.urdf
[0.044s] -- Up-to-date: /home/brian/Projects/Cobot/ros2_cobot/install/cobot_description/share/cobot_description/urdf/cobot.csv
[0.044s] -- Up-to-date: /home/brian/Projects/Cobot/ros2_cobot/install/cobot_description/share/cobot_description/urdf/config
[0.044s] -- Up-to-date: /home/brian/Projects/Cobot/ros2_cobot/install/cobot_description/share/cobot_description/urdf/config/joint_names_CobotASSY.yaml
[0.044s] -- Up-to-date: /home/brian/Projects/Cobot/ros2_cobot/install/cobot_description/share/cobot_description/usd
[0.044s] -- Up-to-date: /home/brian/Projects/Cobot/ros2_cobot/install/cobot_description/share/cobot_description/usd/Cobot.usd
[0.044s] -- Up-to-date: /home/brian/Projects/Cobot/ros2_cobot/install/cobot_description/share/ament_index/resource_index/package_run_dependencies/cobot_description
[0.045s] -- Up-to-date: /home/brian/Projects/Cobot/ros2_cobot/install/cobot_description/share/ament_index/resource_index/parent_prefix_path/cobot_description
[0.045s] -- Up-to-date: /home/brian/Projects/Cobot/ros2_cobot/install/cobot_description/share/cobot_description/environment/ament_prefix_path.sh
[0.045s] -- Up-to-date: /home/brian/Projects/Cobot/ros2_cobot/install/cobot_description/share/cobot_description/environment/ament_prefix_path.dsv
[0.045s] -- Up-to-date: /home/brian/Projects/Cobot/ros2_cobot/install/cobot_description/share/cobot_description/environment/path.sh
[0.046s] -- Up-to-date: /home/brian/Projects/Cobot/ros2_cobot/install/cobot_description/share/cobot_description/environment/path.dsv
[0.046s] -- Up-to-date: /home/brian/Projects/Cobot/ros2_cobot/install/cobot_description/share/cobot_description/local_setup.bash
[0.046s] -- Up-to-date: /home/brian/Projects/Cobot/ros2_cobot/install/cobot_description/share/cobot_description/local_setup.sh
[0.047s] -- Up-to-date: /home/brian/Projects/Cobot/ros2_cobot/install/cobot_description/share/cobot_description/local_setup.zsh
[0.047s] -- Up-to-date: /home/brian/Projects/Cobot/ros2_cobot/install/cobot_description/share/cobot_description/local_setup.dsv
[0.047s] -- Installing: /home/brian/Projects/Cobot/ros2_cobot/install/cobot_description/share/cobot_description/package.dsv
[0.047s] -- Up-to-date: /home/brian/Projects/Cobot/ros2_cobot/install/cobot_description/share/ament_index/resource_index/packages/cobot_description
[0.047s] -- Up-to-date: /home/brian/Projects/Cobot/ros2_cobot/install/cobot_description/share/cobot_description/cmake/cobot_descriptionConfig.cmake
[0.047s] -- Up-to-date: /home/brian/Projects/Cobot/ros2_cobot/install/cobot_description/share/cobot_description/cmake/cobot_descriptionConfig-version.cmake
[0.048s] -- Up-to-date: /home/brian/Projects/Cobot/ros2_cobot/install/cobot_description/share/cobot_description/package.xml
[0.048s] Invoked command in '/home/brian/Projects/Cobot/ros2_cobot/build/cobot_description' returned '0': CMAKE_PREFIX_PATH=${CMAKE_PREFIX_PATH}:/home/brian/Projects/Cobot/ros2_cobot/install/cobot_perception:/home/brian/Projects/Cobot/ros2_cobot/install/cobot_control:/opt/ros/humble CONDA_PROMPT_MODIFIER=(base) /usr/bin/cmake --install /home/brian/Projects/Cobot/ros2_cobot/build/cobot_description
