[0.833s] Invoking command in '/home/brian/Projects/Cobot/ros2_cobot/src/cobot_perception': AMENT_PREFIX_PATH=/home/brian/Projects/Cobot/ros2_cobot/install/cobot_interfaces:${AMENT_PREFIX_PATH} CMAKE_PREFIX_PATH=/home/brian/Projects/Cobot/ros2_cobot/install/cobot_interfaces CONDA_PROMPT_MODIFIER=(base) LD_LIBRARY_PATH=/home/brian/Projects/Cobot/ros2_cobot/install/cobot_interfaces/lib:${LD_LIBRARY_PATH} PYTHONPATH=/home/brian/Projects/Cobot/ros2_cobot/build/cobot_perception/prefix_override:/usr/lib/python3/dist-packages/colcon_core/task/python/colcon_distutils_commands:/home/brian/Projects/Cobot/ros2_cobot/install/cobot_perception/lib/python3.10/site-packages:/home/brian/Projects/Cobot/ros2_cobot/install/cobot_interfaces/lib/python3.13/site-packages:${PYTHONPATH} /usr/bin/python3 -W ignore:setup.py install is deprecated -W ignore:easy_install command is deprecated setup.py egg_info --egg-base ../../build/cobot_perception build --build-base /home/brian/Projects/Cobot/ros2_cobot/build/cobot_perception/build install --record /home/brian/Projects/Cobot/ros2_cobot/build/cobot_perception/install.log --single-version-externally-managed install_data
[0.998s] running egg_info
[0.999s] writing ../../build/cobot_perception/cobot_perception.egg-info/PKG-INFO
[0.999s] writing dependency_links to ../../build/cobot_perception/cobot_perception.egg-info/dependency_links.txt
[0.999s] writing entry points to ../../build/cobot_perception/cobot_perception.egg-info/entry_points.txt
[0.999s] writing requirements to ../../build/cobot_perception/cobot_perception.egg-info/requires.txt
[0.999s] writing top-level names to ../../build/cobot_perception/cobot_perception.egg-info/top_level.txt
[1.000s] reading manifest file '../../build/cobot_perception/cobot_perception.egg-info/SOURCES.txt'
[1.001s] writing manifest file '../../build/cobot_perception/cobot_perception.egg-info/SOURCES.txt'
[1.006s] running build
[1.006s] running build_py
[1.006s] copying cobot_perception/speech_to_text.py -> /home/brian/Projects/Cobot/ros2_cobot/build/cobot_perception/build/lib/cobot_perception
[1.006s] running install
[1.006s] running install_lib
[1.008s] copying /home/brian/Projects/Cobot/ros2_cobot/build/cobot_perception/build/lib/cobot_perception/speech_to_text.py -> /home/brian/Projects/Cobot/ros2_cobot/install/cobot_perception/lib/python3.10/site-packages/cobot_perception
[1.008s] byte-compiling /home/brian/Projects/Cobot/ros2_cobot/install/cobot_perception/lib/python3.10/site-packages/cobot_perception/speech_to_text.py to speech_to_text.cpython-310.pyc
[1.009s] running install_data
[1.009s] copying package.xml -> /home/brian/Projects/Cobot/ros2_cobot/install/cobot_perception/share/cobot_perception
[1.009s] running install_egg_info
[1.010s] removing '/home/brian/Projects/Cobot/ros2_cobot/install/cobot_perception/lib/python3.10/site-packages/cobot_perception-0.0.0-py3.10.egg-info' (and everything under it)
[1.010s] Copying ../../build/cobot_perception/cobot_perception.egg-info to /home/brian/Projects/Cobot/ros2_cobot/install/cobot_perception/lib/python3.10/site-packages/cobot_perception-0.0.0-py3.10.egg-info
[1.011s] running install_scripts
[1.025s] Installing camera_node script to /home/brian/Projects/Cobot/ros2_cobot/install/cobot_perception/lib/cobot_perception
[1.026s] Installing speech_to_text_node script to /home/brian/Projects/Cobot/ros2_cobot/install/cobot_perception/lib/cobot_perception
[1.026s] writing list of installed files to '/home/brian/Projects/Cobot/ros2_cobot/build/cobot_perception/install.log'
[1.143s] Invoked command in '/home/brian/Projects/Cobot/ros2_cobot/src/cobot_perception' returned '0': AMENT_PREFIX_PATH=/home/brian/Projects/Cobot/ros2_cobot/install/cobot_interfaces:${AMENT_PREFIX_PATH} CMAKE_PREFIX_PATH=/home/brian/Projects/Cobot/ros2_cobot/install/cobot_interfaces CONDA_PROMPT_MODIFIER=(base) LD_LIBRARY_PATH=/home/brian/Projects/Cobot/ros2_cobot/install/cobot_interfaces/lib:${LD_LIBRARY_PATH} PYTHONPATH=/home/brian/Projects/Cobot/ros2_cobot/build/cobot_perception/prefix_override:/usr/lib/python3/dist-packages/colcon_core/task/python/colcon_distutils_commands:/home/brian/Projects/Cobot/ros2_cobot/install/cobot_perception/lib/python3.10/site-packages:/home/brian/Projects/Cobot/ros2_cobot/install/cobot_interfaces/lib/python3.13/site-packages:${PYTHONPATH} /usr/bin/python3 -W ignore:setup.py install is deprecated -W ignore:easy_install command is deprecated setup.py egg_info --egg-base ../../build/cobot_perception build --build-base /home/brian/Projects/Cobot/ros2_cobot/build/cobot_perception/build install --record /home/brian/Projects/Cobot/ros2_cobot/build/cobot_perception/install.log --single-version-externally-managed install_data
