running egg_info
writing ../../build/cobot_control/cobot_control.egg-info/PKG-INFO
writing dependency_links to ../../build/cobot_control/cobot_control.egg-info/dependency_links.txt
writing entry points to ../../build/cobot_control/cobot_control.egg-info/entry_points.txt
writing requirements to ../../build/cobot_control/cobot_control.egg-info/requires.txt
writing top-level names to ../../build/cobot_control/cobot_control.egg-info/top_level.txt
reading manifest file '../../build/cobot_control/cobot_control.egg-info/SOURCES.txt'
writing manifest file '../../build/cobot_control/cobot_control.egg-info/SOURCES.txt'
running build
running build_py
running install
running install_lib
running install_data
copying package.xml -> /home/brian/Projects/Cobot/ros2_cobot/install/cobot_control/share/cobot_control
running install_egg_info
removing '/home/brian/Projects/Cobot/ros2_cobot/install/cobot_control/lib/python3.10/site-packages/cobot_control-0.0.0-py3.10.egg-info' (and everything under it)
Copying ../../build/cobot_control/cobot_control.egg-info to /home/brian/Projects/Cobot/ros2_cobot/install/cobot_control/lib/python3.10/site-packages/cobot_control-0.0.0-py3.10.egg-info
running install_scripts
Installing cobot script to /home/brian/Projects/Cobot/ros2_cobot/install/cobot_control/lib/cobot_control
writing list of installed files to '/home/brian/Projects/Cobot/ros2_cobot/build/cobot_control/install.log'
