running egg_info
writing ../../build/cobot_perception/cobot_perception.egg-info/PKG-INFO
writing dependency_links to ../../build/cobot_perception/cobot_perception.egg-info/dependency_links.txt
writing entry points to ../../build/cobot_perception/cobot_perception.egg-info/entry_points.txt
writing requirements to ../../build/cobot_perception/cobot_perception.egg-info/requires.txt
writing top-level names to ../../build/cobot_perception/cobot_perception.egg-info/top_level.txt
reading manifest file '../../build/cobot_perception/cobot_perception.egg-info/SOURCES.txt'
writing manifest file '../../build/cobot_perception/cobot_perception.egg-info/SOURCES.txt'
running build
running build_py
copying cobot_perception/camera_node.py -> /home/brian/Projects/Cobot/ros2_cobot/build/cobot_perception/build/lib/cobot_perception
running install
running install_lib
copying /home/brian/Projects/Cobot/ros2_cobot/build/cobot_perception/build/lib/cobot_perception/camera_node.py -> /home/brian/Projects/Cobot/ros2_cobot/install/cobot_perception/lib/python3.10/site-packages/cobot_perception
byte-compiling /home/brian/Projects/Cobot/ros2_cobot/install/cobot_perception/lib/python3.10/site-packages/cobot_perception/camera_node.py to camera_node.cpython-310.pyc
running install_data
running install_egg_info
removing '/home/brian/Projects/Cobot/ros2_cobot/install/cobot_perception/lib/python3.10/site-packages/cobot_perception-0.0.0-py3.10.egg-info' (and everything under it)
Copying ../../build/cobot_perception/cobot_perception.egg-info to /home/brian/Projects/Cobot/ros2_cobot/install/cobot_perception/lib/python3.10/site-packages/cobot_perception-0.0.0-py3.10.egg-info
running install_scripts
Installing camera_node script to /home/brian/Projects/Cobot/ros2_cobot/install/cobot_perception/lib/cobot_perception
writing list of installed files to '/home/brian/Projects/Cobot/ros2_cobot/build/cobot_perception/install.log'
