running egg_info
creating ../../build/cobot_perception/cobot_perception.egg-info
writing ../../build/cobot_perception/cobot_perception.egg-info/PKG-INFO
writing dependency_links to ../../build/cobot_perception/cobot_perception.egg-info/dependency_links.txt
writing entry points to ../../build/cobot_perception/cobot_perception.egg-info/entry_points.txt
writing requirements to ../../build/cobot_perception/cobot_perception.egg-info/requires.txt
writing top-level names to ../../build/cobot_perception/cobot_perception.egg-info/top_level.txt
writing manifest file '../../build/cobot_perception/cobot_perception.egg-info/SOURCES.txt'
reading manifest file '../../build/cobot_perception/cobot_perception.egg-info/SOURCES.txt'
writing manifest file '../../build/cobot_perception/cobot_perception.egg-info/SOURCES.txt'
running build
running build_py
creating /home/brian/Projects/Cobot/ros2_cobot/build/cobot_perception/build
creating /home/brian/Projects/Cobot/ros2_cobot/build/cobot_perception/build/lib
creating /home/brian/Projects/Cobot/ros2_cobot/build/cobot_perception/build/lib/cobot_perception
copying cobot_perception/camera_node.py -> /home/brian/Projects/Cobot/ros2_cobot/build/cobot_perception/build/lib/cobot_perception
copying cobot_perception/__init__.py -> /home/brian/Projects/Cobot/ros2_cobot/build/cobot_perception/build/lib/cobot_perception
running install
running install_lib
creating /home/brian/Projects/Cobot/ros2_cobot/install/cobot_perception/lib/python3.10/site-packages/cobot_perception
copying /home/brian/Projects/Cobot/ros2_cobot/build/cobot_perception/build/lib/cobot_perception/camera_node.py -> /home/brian/Projects/Cobot/ros2_cobot/install/cobot_perception/lib/python3.10/site-packages/cobot_perception
copying /home/brian/Projects/Cobot/ros2_cobot/build/cobot_perception/build/lib/cobot_perception/__init__.py -> /home/brian/Projects/Cobot/ros2_cobot/install/cobot_perception/lib/python3.10/site-packages/cobot_perception
byte-compiling /home/brian/Projects/Cobot/ros2_cobot/install/cobot_perception/lib/python3.10/site-packages/cobot_perception/camera_node.py to camera_node.cpython-310.pyc
byte-compiling /home/brian/Projects/Cobot/ros2_cobot/install/cobot_perception/lib/python3.10/site-packages/cobot_perception/__init__.py to __init__.cpython-310.pyc
running install_data
creating /home/brian/Projects/Cobot/ros2_cobot/install/cobot_perception/share
creating /home/brian/Projects/Cobot/ros2_cobot/install/cobot_perception/share/ament_index
creating /home/brian/Projects/Cobot/ros2_cobot/install/cobot_perception/share/ament_index/resource_index
creating /home/brian/Projects/Cobot/ros2_cobot/install/cobot_perception/share/ament_index/resource_index/packages
copying resource/cobot_perception -> /home/brian/Projects/Cobot/ros2_cobot/install/cobot_perception/share/ament_index/resource_index/packages
creating /home/brian/Projects/Cobot/ros2_cobot/install/cobot_perception/share/cobot_perception
copying package.xml -> /home/brian/Projects/Cobot/ros2_cobot/install/cobot_perception/share/cobot_perception
running install_egg_info
Copying ../../build/cobot_perception/cobot_perception.egg-info to /home/brian/Projects/Cobot/ros2_cobot/install/cobot_perception/lib/python3.10/site-packages/cobot_perception-0.0.0-py3.10.egg-info
running install_scripts
writing list of installed files to '/home/brian/Projects/Cobot/ros2_cobot/build/cobot_perception/install.log'
