running egg_info
writing ../../build/cobot_control/cobot_control.egg-info/PKG-INFO
writing dependency_links to ../../build/cobot_control/cobot_control.egg-info/dependency_links.txt
writing entry points to ../../build/cobot_control/cobot_control.egg-info/entry_points.txt
writing requirements to ../../build/cobot_control/cobot_control.egg-info/requires.txt
writing top-level names to ../../build/cobot_control/cobot_control.egg-info/top_level.txt
reading manifest file '../../build/cobot_control/cobot_control.egg-info/SOURCES.txt'
writing manifest file '../../build/cobot_control/cobot_control.egg-info/SOURCES.txt'
running build
running build_py
copying cobot_control/motor.py -> /home/brian/Projects/Cobot/ros2_cobot/build/cobot_control/build/lib/cobot_control
creating /home/brian/Projects/Cobot/ros2_cobot/build/cobot_control/build/lib/cobot_control/nodes
copying cobot_control/nodes/trajectory_node.py -> /home/brian/Projects/Cobot/ros2_cobot/build/cobot_control/build/lib/cobot_control/nodes
copying cobot_control/nodes/__init__.py -> /home/brian/Projects/Cobot/ros2_cobot/build/cobot_control/build/lib/cobot_control/nodes
copying cobot_control/nodes/hardware_interface.py -> /home/brian/Projects/Cobot/ros2_cobot/build/cobot_control/build/lib/cobot_control/nodes
copying cobot_control/nodes/ik-node.py -> /home/brian/Projects/Cobot/ros2_cobot/build/cobot_control/build/lib/cobot_control/nodes
creating /home/brian/Projects/Cobot/ros2_cobot/build/cobot_control/build/lib/cobot_control/trajectory
copying cobot_control/trajectory/__init__.py -> /home/brian/Projects/Cobot/ros2_cobot/build/cobot_control/build/lib/cobot_control/trajectory
copying cobot_control/trajectory/planner.py -> /home/brian/Projects/Cobot/ros2_cobot/build/cobot_control/build/lib/cobot_control/trajectory
creating /home/brian/Projects/Cobot/ros2_cobot/build/cobot_control/build/lib/cobot_control/kinematics
copying cobot_control/kinematics/__init__.py -> /home/brian/Projects/Cobot/ros2_cobot/build/cobot_control/build/lib/cobot_control/kinematics
copying cobot_control/kinematics/ik_solver.py -> /home/brian/Projects/Cobot/ros2_cobot/build/cobot_control/build/lib/cobot_control/kinematics
creating /home/brian/Projects/Cobot/ros2_cobot/build/cobot_control/build/lib/cobot_control/controllers
copying cobot_control/controllers/__init__.py -> /home/brian/Projects/Cobot/ros2_cobot/build/cobot_control/build/lib/cobot_control/controllers
copying cobot_control/controllers/joint_controller.py -> /home/brian/Projects/Cobot/ros2_cobot/build/cobot_control/build/lib/cobot_control/controllers
running install
running install_lib
creating /home/brian/Projects/Cobot/ros2_cobot/install/cobot_control/lib/python3.10/site-packages/cobot_control/nodes
copying /home/brian/Projects/Cobot/ros2_cobot/build/cobot_control/build/lib/cobot_control/nodes/trajectory_node.py -> /home/brian/Projects/Cobot/ros2_cobot/install/cobot_control/lib/python3.10/site-packages/cobot_control/nodes
copying /home/brian/Projects/Cobot/ros2_cobot/build/cobot_control/build/lib/cobot_control/nodes/__init__.py -> /home/brian/Projects/Cobot/ros2_cobot/install/cobot_control/lib/python3.10/site-packages/cobot_control/nodes
copying /home/brian/Projects/Cobot/ros2_cobot/build/cobot_control/build/lib/cobot_control/nodes/hardware_interface.py -> /home/brian/Projects/Cobot/ros2_cobot/install/cobot_control/lib/python3.10/site-packages/cobot_control/nodes
copying /home/brian/Projects/Cobot/ros2_cobot/build/cobot_control/build/lib/cobot_control/nodes/ik-node.py -> /home/brian/Projects/Cobot/ros2_cobot/install/cobot_control/lib/python3.10/site-packages/cobot_control/nodes
copying /home/brian/Projects/Cobot/ros2_cobot/build/cobot_control/build/lib/cobot_control/motor.py -> /home/brian/Projects/Cobot/ros2_cobot/install/cobot_control/lib/python3.10/site-packages/cobot_control
creating /home/brian/Projects/Cobot/ros2_cobot/install/cobot_control/lib/python3.10/site-packages/cobot_control/trajectory
copying /home/brian/Projects/Cobot/ros2_cobot/build/cobot_control/build/lib/cobot_control/trajectory/__init__.py -> /home/brian/Projects/Cobot/ros2_cobot/install/cobot_control/lib/python3.10/site-packages/cobot_control/trajectory
copying /home/brian/Projects/Cobot/ros2_cobot/build/cobot_control/build/lib/cobot_control/trajectory/planner.py -> /home/brian/Projects/Cobot/ros2_cobot/install/cobot_control/lib/python3.10/site-packages/cobot_control/trajectory
creating /home/brian/Projects/Cobot/ros2_cobot/install/cobot_control/lib/python3.10/site-packages/cobot_control/kinematics
copying /home/brian/Projects/Cobot/ros2_cobot/build/cobot_control/build/lib/cobot_control/kinematics/__init__.py -> /home/brian/Projects/Cobot/ros2_cobot/install/cobot_control/lib/python3.10/site-packages/cobot_control/kinematics
copying /home/brian/Projects/Cobot/ros2_cobot/build/cobot_control/build/lib/cobot_control/kinematics/ik_solver.py -> /home/brian/Projects/Cobot/ros2_cobot/install/cobot_control/lib/python3.10/site-packages/cobot_control/kinematics
creating /home/brian/Projects/Cobot/ros2_cobot/install/cobot_control/lib/python3.10/site-packages/cobot_control/controllers
copying /home/brian/Projects/Cobot/ros2_cobot/build/cobot_control/build/lib/cobot_control/controllers/__init__.py -> /home/brian/Projects/Cobot/ros2_cobot/install/cobot_control/lib/python3.10/site-packages/cobot_control/controllers
copying /home/brian/Projects/Cobot/ros2_cobot/build/cobot_control/build/lib/cobot_control/controllers/joint_controller.py -> /home/brian/Projects/Cobot/ros2_cobot/install/cobot_control/lib/python3.10/site-packages/cobot_control/controllers
byte-compiling /home/brian/Projects/Cobot/ros2_cobot/install/cobot_control/lib/python3.10/site-packages/cobot_control/nodes/trajectory_node.py to trajectory_node.cpython-310.pyc
byte-compiling /home/brian/Projects/Cobot/ros2_cobot/install/cobot_control/lib/python3.10/site-packages/cobot_control/nodes/__init__.py to __init__.cpython-310.pyc
byte-compiling /home/brian/Projects/Cobot/ros2_cobot/install/cobot_control/lib/python3.10/site-packages/cobot_control/nodes/hardware_interface.py to hardware_interface.cpython-310.pyc
byte-compiling /home/brian/Projects/Cobot/ros2_cobot/install/cobot_control/lib/python3.10/site-packages/cobot_control/nodes/ik-node.py to ik-node.cpython-310.pyc
byte-compiling /home/brian/Projects/Cobot/ros2_cobot/install/cobot_control/lib/python3.10/site-packages/cobot_control/motor.py to motor.cpython-310.pyc
byte-compiling /home/brian/Projects/Cobot/ros2_cobot/install/cobot_control/lib/python3.10/site-packages/cobot_control/trajectory/__init__.py to __init__.cpython-310.pyc
byte-compiling /home/brian/Projects/Cobot/ros2_cobot/install/cobot_control/lib/python3.10/site-packages/cobot_control/trajectory/planner.py to planner.cpython-310.pyc
byte-compiling /home/brian/Projects/Cobot/ros2_cobot/install/cobot_control/lib/python3.10/site-packages/cobot_control/kinematics/__init__.py to __init__.cpython-310.pyc
byte-compiling /home/brian/Projects/Cobot/ros2_cobot/install/cobot_control/lib/python3.10/site-packages/cobot_control/kinematics/ik_solver.py to ik_solver.cpython-310.pyc
byte-compiling /home/brian/Projects/Cobot/ros2_cobot/install/cobot_control/lib/python3.10/site-packages/cobot_control/controllers/__init__.py to __init__.cpython-310.pyc
byte-compiling /home/brian/Projects/Cobot/ros2_cobot/install/cobot_control/lib/python3.10/site-packages/cobot_control/controllers/joint_controller.py to joint_controller.cpython-310.pyc
running install_data
creating /home/brian/Projects/Cobot/ros2_cobot/install/cobot_control/share/cobot_control/config
copying config/joint_names_Cobot.yaml -> /home/brian/Projects/Cobot/ros2_cobot/install/cobot_control/share/cobot_control/config
copying config/servo_params.yaml -> /home/brian/Projects/Cobot/ros2_cobot/install/cobot_control/share/cobot_control/config
running install_egg_info
removing '/home/brian/Projects/Cobot/ros2_cobot/install/cobot_control/lib/python3.10/site-packages/cobot_control-0.0.0-py3.10.egg-info' (and everything under it)
Copying ../../build/cobot_control/cobot_control.egg-info to /home/brian/Projects/Cobot/ros2_cobot/install/cobot_control/lib/python3.10/site-packages/cobot_control-0.0.0-py3.10.egg-info
running install_scripts
Installing cobot script to /home/brian/Projects/Cobot/ros2_cobot/install/cobot_control/lib/cobot_control
writing list of installed files to '/home/brian/Projects/Cobot/ros2_cobot/build/cobot_control/install.log'
