[0.911s] Invoking command in '/home/brian/Projects/Cobot/ros2_cobot/src/cobot_control': PYTHONPATH=/home/brian/Projects/Cobot/ros2_cobot/build/cobot_control/prefix_override:/usr/lib/python3/dist-packages/colcon_core/task/python/colcon_distutils_commands:/home/brian/Projects/Cobot/ros2_cobot/install/cobot_control/lib/python3.10/site-packages:${PYTHONPATH} /usr/bin/python3 -W ignore:setup.py install is deprecated -W ignore:easy_install command is deprecated setup.py egg_info --egg-base ../../build/cobot_control build --build-base /home/brian/Projects/Cobot/ros2_cobot/build/cobot_control/build install --record /home/brian/Projects/Cobot/ros2_cobot/build/cobot_control/install.log --single-version-externally-managed install_data
[1.075s] running egg_info
[1.075s] writing ../../build/cobot_control/cobot_control.egg-info/PKG-INFO
[1.075s] writing dependency_links to ../../build/cobot_control/cobot_control.egg-info/dependency_links.txt
[1.075s] writing entry points to ../../build/cobot_control/cobot_control.egg-info/entry_points.txt
[1.076s] writing requirements to ../../build/cobot_control/cobot_control.egg-info/requires.txt
[1.076s] writing top-level names to ../../build/cobot_control/cobot_control.egg-info/top_level.txt
[1.077s] reading manifest file '../../build/cobot_control/cobot_control.egg-info/SOURCES.txt'
[1.078s] writing manifest file '../../build/cobot_control/cobot_control.egg-info/SOURCES.txt'
[1.078s] running build
[1.078s] running build_py
[1.078s] copying cobot_control/motor.py -> /home/brian/Projects/Cobot/ros2_cobot/build/cobot_control/build/lib/cobot_control
[1.108s] creating /home/brian/Projects/Cobot/ros2_cobot/build/cobot_control/build/lib/cobot_control/nodes
[1.109s] copying cobot_control/nodes/trajectory_node.py -> /home/brian/Projects/Cobot/ros2_cobot/build/cobot_control/build/lib/cobot_control/nodes
[1.160s] copying cobot_control/nodes/__init__.py -> /home/brian/Projects/Cobot/ros2_cobot/build/cobot_control/build/lib/cobot_control/nodes
[1.160s] copying cobot_control/nodes/hardware_interface.py -> /home/brian/Projects/Cobot/ros2_cobot/build/cobot_control/build/lib/cobot_control/nodes
[1.184s] copying cobot_control/nodes/ik-node.py -> /home/brian/Projects/Cobot/ros2_cobot/build/cobot_control/build/lib/cobot_control/nodes
[1.185s] creating /home/brian/Projects/Cobot/ros2_cobot/build/cobot_control/build/lib/cobot_control/trajectory
[1.185s] copying cobot_control/trajectory/__init__.py -> /home/brian/Projects/Cobot/ros2_cobot/build/cobot_control/build/lib/cobot_control/trajectory
[1.185s] copying cobot_control/trajectory/planner.py -> /home/brian/Projects/Cobot/ros2_cobot/build/cobot_control/build/lib/cobot_control/trajectory
[1.196s] creating /home/brian/Projects/Cobot/ros2_cobot/build/cobot_control/build/lib/cobot_control/kinematics
[1.196s] copying cobot_control/kinematics/__init__.py -> /home/brian/Projects/Cobot/ros2_cobot/build/cobot_control/build/lib/cobot_control/kinematics
[1.196s] copying cobot_control/kinematics/ik_solver.py -> /home/brian/Projects/Cobot/ros2_cobot/build/cobot_control/build/lib/cobot_control/kinematics
[1.222s] creating /home/brian/Projects/Cobot/ros2_cobot/build/cobot_control/build/lib/cobot_control/controllers
[1.223s] copying cobot_control/controllers/__init__.py -> /home/brian/Projects/Cobot/ros2_cobot/build/cobot_control/build/lib/cobot_control/controllers
[1.223s] copying cobot_control/controllers/joint_controller.py -> /home/brian/Projects/Cobot/ros2_cobot/build/cobot_control/build/lib/cobot_control/controllers
[1.251s] running install
[1.251s] running install_lib
[1.252s] creating /home/brian/Projects/Cobot/ros2_cobot/install/cobot_control/lib/python3.10/site-packages/cobot_control/nodes
[1.252s] copying /home/brian/Projects/Cobot/ros2_cobot/build/cobot_control/build/lib/cobot_control/nodes/trajectory_node.py -> /home/brian/Projects/Cobot/ros2_cobot/install/cobot_control/lib/python3.10/site-packages/cobot_control/nodes
[1.252s] copying /home/brian/Projects/Cobot/ros2_cobot/build/cobot_control/build/lib/cobot_control/nodes/__init__.py -> /home/brian/Projects/Cobot/ros2_cobot/install/cobot_control/lib/python3.10/site-packages/cobot_control/nodes
[1.252s] copying /home/brian/Projects/Cobot/ros2_cobot/build/cobot_control/build/lib/cobot_control/nodes/hardware_interface.py -> /home/brian/Projects/Cobot/ros2_cobot/install/cobot_control/lib/python3.10/site-packages/cobot_control/nodes
[1.252s] copying /home/brian/Projects/Cobot/ros2_cobot/build/cobot_control/build/lib/cobot_control/nodes/ik-node.py -> /home/brian/Projects/Cobot/ros2_cobot/install/cobot_control/lib/python3.10/site-packages/cobot_control/nodes
[1.252s] copying /home/brian/Projects/Cobot/ros2_cobot/build/cobot_control/build/lib/cobot_control/motor.py -> /home/brian/Projects/Cobot/ros2_cobot/install/cobot_control/lib/python3.10/site-packages/cobot_control
[1.253s] creating /home/brian/Projects/Cobot/ros2_cobot/install/cobot_control/lib/python3.10/site-packages/cobot_control/trajectory
[1.253s] copying /home/brian/Projects/Cobot/ros2_cobot/build/cobot_control/build/lib/cobot_control/trajectory/__init__.py -> /home/brian/Projects/Cobot/ros2_cobot/install/cobot_control/lib/python3.10/site-packages/cobot_control/trajectory
[1.253s] copying /home/brian/Projects/Cobot/ros2_cobot/build/cobot_control/build/lib/cobot_control/trajectory/planner.py -> /home/brian/Projects/Cobot/ros2_cobot/install/cobot_control/lib/python3.10/site-packages/cobot_control/trajectory
[1.253s] creating /home/brian/Projects/Cobot/ros2_cobot/install/cobot_control/lib/python3.10/site-packages/cobot_control/kinematics
[1.253s] copying /home/brian/Projects/Cobot/ros2_cobot/build/cobot_control/build/lib/cobot_control/kinematics/__init__.py -> /home/brian/Projects/Cobot/ros2_cobot/install/cobot_control/lib/python3.10/site-packages/cobot_control/kinematics
[1.253s] copying /home/brian/Projects/Cobot/ros2_cobot/build/cobot_control/build/lib/cobot_control/kinematics/ik_solver.py -> /home/brian/Projects/Cobot/ros2_cobot/install/cobot_control/lib/python3.10/site-packages/cobot_control/kinematics
[1.253s] creating /home/brian/Projects/Cobot/ros2_cobot/install/cobot_control/lib/python3.10/site-packages/cobot_control/controllers
[1.253s] copying /home/brian/Projects/Cobot/ros2_cobot/build/cobot_control/build/lib/cobot_control/controllers/__init__.py -> /home/brian/Projects/Cobot/ros2_cobot/install/cobot_control/lib/python3.10/site-packages/cobot_control/controllers
[1.253s] copying /home/brian/Projects/Cobot/ros2_cobot/build/cobot_control/build/lib/cobot_control/controllers/joint_controller.py -> /home/brian/Projects/Cobot/ros2_cobot/install/cobot_control/lib/python3.10/site-packages/cobot_control/controllers
[1.253s] byte-compiling /home/brian/Projects/Cobot/ros2_cobot/install/cobot_control/lib/python3.10/site-packages/cobot_control/nodes/trajectory_node.py to trajectory_node.cpython-310.pyc
[1.253s] byte-compiling /home/brian/Projects/Cobot/ros2_cobot/install/cobot_control/lib/python3.10/site-packages/cobot_control/nodes/__init__.py to __init__.cpython-310.pyc
[1.253s] byte-compiling /home/brian/Projects/Cobot/ros2_cobot/install/cobot_control/lib/python3.10/site-packages/cobot_control/nodes/hardware_interface.py to hardware_interface.cpython-310.pyc
[1.253s] byte-compiling /home/brian/Projects/Cobot/ros2_cobot/install/cobot_control/lib/python3.10/site-packages/cobot_control/nodes/ik-node.py to ik-node.cpython-310.pyc
[1.253s] byte-compiling /home/brian/Projects/Cobot/ros2_cobot/install/cobot_control/lib/python3.10/site-packages/cobot_control/motor.py to motor.cpython-310.pyc
[1.254s] byte-compiling /home/brian/Projects/Cobot/ros2_cobot/install/cobot_control/lib/python3.10/site-packages/cobot_control/trajectory/__init__.py to __init__.cpython-310.pyc
[1.254s] byte-compiling /home/brian/Projects/Cobot/ros2_cobot/install/cobot_control/lib/python3.10/site-packages/cobot_control/trajectory/planner.py to planner.cpython-310.pyc
[1.254s] byte-compiling /home/brian/Projects/Cobot/ros2_cobot/install/cobot_control/lib/python3.10/site-packages/cobot_control/kinematics/__init__.py to __init__.cpython-310.pyc
[1.254s] byte-compiling /home/brian/Projects/Cobot/ros2_cobot/install/cobot_control/lib/python3.10/site-packages/cobot_control/kinematics/ik_solver.py to ik_solver.cpython-310.pyc
[1.254s] byte-compiling /home/brian/Projects/Cobot/ros2_cobot/install/cobot_control/lib/python3.10/site-packages/cobot_control/controllers/__init__.py to __init__.cpython-310.pyc
[1.254s] byte-compiling /home/brian/Projects/Cobot/ros2_cobot/install/cobot_control/lib/python3.10/site-packages/cobot_control/controllers/joint_controller.py to joint_controller.cpython-310.pyc
[1.254s] running install_data
[1.255s] creating /home/brian/Projects/Cobot/ros2_cobot/install/cobot_control/share/cobot_control/config
[1.255s] copying config/joint_names_Cobot.yaml -> /home/brian/Projects/Cobot/ros2_cobot/install/cobot_control/share/cobot_control/config
[1.256s] copying config/servo_params.yaml -> /home/brian/Projects/Cobot/ros2_cobot/install/cobot_control/share/cobot_control/config
[1.256s] running install_egg_info
[1.258s] removing '/home/brian/Projects/Cobot/ros2_cobot/install/cobot_control/lib/python3.10/site-packages/cobot_control-0.0.0-py3.10.egg-info' (and everything under it)
[1.258s] Copying ../../build/cobot_control/cobot_control.egg-info to /home/brian/Projects/Cobot/ros2_cobot/install/cobot_control/lib/python3.10/site-packages/cobot_control-0.0.0-py3.10.egg-info
[1.266s] running install_scripts
[1.281s] Installing cobot script to /home/brian/Projects/Cobot/ros2_cobot/install/cobot_control/lib/cobot_control
[1.282s] writing list of installed files to '/home/brian/Projects/Cobot/ros2_cobot/build/cobot_control/install.log'
[1.298s] Invoked command in '/home/brian/Projects/Cobot/ros2_cobot/src/cobot_control' returned '0': PYTHONPATH=/home/brian/Projects/Cobot/ros2_cobot/build/cobot_control/prefix_override:/usr/lib/python3/dist-packages/colcon_core/task/python/colcon_distutils_commands:/home/brian/Projects/Cobot/ros2_cobot/install/cobot_control/lib/python3.10/site-packages:${PYTHONPATH} /usr/bin/python3 -W ignore:setup.py install is deprecated -W ignore:easy_install command is deprecated setup.py egg_info --egg-base ../../build/cobot_control build --build-base /home/brian/Projects/Cobot/ros2_cobot/build/cobot_control/build install --record /home/brian/Projects/Cobot/ros2_cobot/build/cobot_control/install.log --single-version-externally-managed install_data
