-- Install configuration: ""
-- Up-to-date: /home/brian/Projects/Cobot/ros2_cobot/install/cobot_description/share/cobot_description/urdf
-- Up-to-date: /home/brian/Projects/Cobot/ros2_cobot/install/cobot_description/share/cobot_description/urdf/Cobot
-- Up-to-date: /home/brian/Projects/Cobot/ros2_cobot/install/cobot_description/share/cobot_description/urdf/Cobot/Cobot.usd
-- Up-to-date: /home/brian/Projects/Cobot/ros2_cobot/install/cobot_description/share/cobot_description/urdf/Cobot/configuration
-- Up-to-date: /home/brian/Projects/Cobot/ros2_cobot/install/cobot_description/share/cobot_description/urdf/Cobot/configuration/Cobot_sensor.usd
-- Up-to-date: /home/brian/Projects/Cobot/ros2_cobot/install/cobot_description/share/cobot_description/urdf/Cobot/configuration/Cobot_robot.usd
-- Up-to-date: /home/brian/Projects/Cobot/ros2_cobot/install/cobot_description/share/cobot_description/urdf/Cobot/configuration/Cobot_base.usd
-- Up-to-date: /home/brian/Projects/Cobot/ros2_cobot/install/cobot_description/share/cobot_description/urdf/Cobot/configuration/Cobot_physics.usd
-- Up-to-date: /home/brian/Projects/Cobot/ros2_cobot/install/cobot_description/share/cobot_description/urdf/meshes
-- Up-to-date: /home/brian/Projects/Cobot/ros2_cobot/install/cobot_description/share/cobot_description/urdf/meshes/Link1.STL
-- Up-to-date: /home/brian/Projects/Cobot/ros2_cobot/install/cobot_description/share/cobot_description/urdf/meshes/Link3.STL
-- Up-to-date: /home/brian/Projects/Cobot/ros2_cobot/install/cobot_description/share/cobot_description/urdf/meshes/Link2.STL
-- Up-to-date: /home/brian/Projects/Cobot/ros2_cobot/install/cobot_description/share/cobot_description/urdf/meshes/base_link.STL
-- Up-to-date: /home/brian/Projects/Cobot/ros2_cobot/install/cobot_description/share/cobot_description/urdf/meshes/Link4.STL
-- Up-to-date: /home/brian/Projects/Cobot/ros2_cobot/install/cobot_description/share/cobot_description/urdf/launch
-- Up-to-date: /home/brian/Projects/Cobot/ros2_cobot/install/cobot_description/share/cobot_description/urdf/launch/display.launch
-- Up-to-date: /home/brian/Projects/Cobot/ros2_cobot/install/cobot_description/share/cobot_description/urdf/launch/gazebo.launch
-- Up-to-date: /home/brian/Projects/Cobot/ros2_cobot/install/cobot_description/share/cobot_description/urdf/Cobot.urdf
-- Up-to-date: /home/brian/Projects/Cobot/ros2_cobot/install/cobot_description/share/cobot_description/urdf/cobot.csv
-- Up-to-date: /home/brian/Projects/Cobot/ros2_cobot/install/cobot_description/share/cobot_description/urdf/config
-- Up-to-date: /home/brian/Projects/Cobot/ros2_cobot/install/cobot_description/share/cobot_description/urdf/config/joint_names_CobotASSY.yaml
-- Up-to-date: /home/brian/Projects/Cobot/ros2_cobot/install/cobot_description/share/cobot_description/usd
-- Up-to-date: /home/brian/Projects/Cobot/ros2_cobot/install/cobot_description/share/cobot_description/usd/Cobot.usd
-- Up-to-date: /home/brian/Projects/Cobot/ros2_cobot/install/cobot_description/share/ament_index/resource_index/package_run_dependencies/cobot_description
-- Up-to-date: /home/brian/Projects/Cobot/ros2_cobot/install/cobot_description/share/ament_index/resource_index/parent_prefix_path/cobot_description
-- Up-to-date: /home/brian/Projects/Cobot/ros2_cobot/install/cobot_description/share/cobot_description/environment/ament_prefix_path.sh
-- Up-to-date: /home/brian/Projects/Cobot/ros2_cobot/install/cobot_description/share/cobot_description/environment/ament_prefix_path.dsv
-- Up-to-date: /home/brian/Projects/Cobot/ros2_cobot/install/cobot_description/share/cobot_description/environment/path.sh
-- Up-to-date: /home/brian/Projects/Cobot/ros2_cobot/install/cobot_description/share/cobot_description/environment/path.dsv
-- Up-to-date: /home/brian/Projects/Cobot/ros2_cobot/install/cobot_description/share/cobot_description/local_setup.bash
-- Up-to-date: /home/brian/Projects/Cobot/ros2_cobot/install/cobot_description/share/cobot_description/local_setup.sh
-- Up-to-date: /home/brian/Projects/Cobot/ros2_cobot/install/cobot_description/share/cobot_description/local_setup.zsh
-- Up-to-date: /home/brian/Projects/Cobot/ros2_cobot/install/cobot_description/share/cobot_description/local_setup.dsv
-- Up-to-date: /home/brian/Projects/Cobot/ros2_cobot/install/cobot_description/share/cobot_description/package.dsv
-- Up-to-date: /home/brian/Projects/Cobot/ros2_cobot/install/cobot_description/share/ament_index/resource_index/packages/cobot_description
-- Up-to-date: /home/brian/Projects/Cobot/ros2_cobot/install/cobot_description/share/cobot_description/cmake/cobot_descriptionConfig.cmake
-- Up-to-date: /home/brian/Projects/Cobot/ros2_cobot/install/cobot_description/share/cobot_description/cmake/cobot_descriptionConfig-version.cmake
-- Up-to-date: /home/brian/Projects/Cobot/ros2_cobot/install/cobot_description/share/cobot_description/package.xml
