-- Found ament_cmake: 1.3.14 (/opt/ros/humble/share/ament_cmake/cmake)
-- Found rosidl_default_generators: 1.2.1 (/opt/ros/humble/share/rosidl_default_generators/cmake)
-- Using all available rosidl_typesupport_c: rosidl_typesupport_fastrtps_c;rosidl_typesupport_introspection_c
-- Found rosidl_adapter: 3.1.8 (/opt/ros/humble/share/rosidl_adapter/cmake)
-- Using all available rosidl_typesupport_cpp: rosidl_typesupport_fastrtps_cpp;rosidl_typesupport_introspection_cpp
-- Found ament_lint_auto: 0.12.15 (/opt/ros/humble/share/ament_lint_auto/cmake)
-- Found ament_cmake_ros: 0.10.0 (/opt/ros/humble/share/ament_cmake_ros/cmake)
-- Using all available rosidl_typesupport_c: rosidl_typesupport_fastrtps_c;rosidl_typesupport_introspection_c
-- Using all available rosidl_typesupport_cpp: rosidl_typesupport_fastrtps_cpp;rosidl_typesupport_introspection_cpp
-- Found PythonInterp: /home/brian/miniconda3/bin/python3 (found suitable version "3.13.13", minimum required is "3.6") 
-- Found python_cmake_module: 0.10.0 (/opt/ros/humble/share/python_cmake_module/cmake)
-- Found PythonLibs: /home/brian/miniconda3/lib/libpython3.13.so (found suitable version "3.13.13", minimum required is "3.5") 
-- Using PYTHON_EXECUTABLE: /home/brian/miniconda3/bin/python3
-- Using PYTHON_INCLUDE_DIRS: /home/brian/miniconda3/include/python3.13
-- Using PYTHON_LIBRARIES: /home/brian/miniconda3/lib/libpython3.13.so
-- Found PythonExtra: .so  
-- Using numpy include directory: /home/brian/miniconda3/lib/python3.13/site-packages/numpy/_core/include
-- Added test 'lint_cmake' to check CMake code style
-- Added test 'xmllint' to check XML markup files
-- Configuring done
-- Generating done
-- Build files have been written to: /home/brian/Projects/Cobot/ros2_cobot/build/cobot_interfaces
[  3%] Generating C code for ROS interfaces
[  9%] Generating C++ code for ROS interfaces
[  9%] Generating Rust code for ROS interfaces
[  9%] Built target ament_cmake_python_copy_cobot_interfaces
[  9%] Built target cobot_interfaces__rs
[  9%] Built target cobot_interfaces__cpp
[ 21%] Generating C++ type support for eProsima Fast-RTPS
[ 21%] Building C object CMakeFiles/cobot_interfaces__rosidl_generator_c.dir/rosidl_generator_c/cobot_interfaces/msg/detail/observation__functions.c.o
[ 21%] Generating C++ introspection for ROS interfaces
[ 21%] Generating C++ type support dispatch for ROS interfaces
running egg_info
creating cobot_interfaces.egg-info
writing cobot_interfaces.egg-info/PKG-INFO
writing dependency_links to cobot_interfaces.egg-info/dependency_links.txt
writing top-level names to cobot_interfaces.egg-info/top_level.txt
writing manifest file 'cobot_interfaces.egg-info/SOURCES.txt'
[ 25%] Building CXX object CMakeFiles/cobot_interfaces__rosidl_typesupport_cpp.dir/rosidl_typesupport_cpp/cobot_interfaces/msg/observation__type_support.cpp.o
[ 28%] Building CXX object CMakeFiles/cobot_interfaces__rosidl_typesupport_introspection_cpp.dir/rosidl_typesupport_introspection_cpp/cobot_interfaces/msg/detail/observation__type_support.cpp.o
[ 31%] Building CXX object CMakeFiles/cobot_interfaces__rosidl_typesupport_fastrtps_cpp.dir/rosidl_typesupport_fastrtps_cpp/cobot_interfaces/msg/detail/dds_fastrtps/observation__type_support.cpp.o
reading manifest file 'cobot_interfaces.egg-info/SOURCES.txt'
writing manifest file 'cobot_interfaces.egg-info/SOURCES.txt'
[ 31%] Built target ament_cmake_python_build_cobot_interfaces_egg
[ 34%] Linking C shared library libcobot_interfaces__rosidl_generator_c.so
[ 34%] Built target cobot_interfaces__rosidl_generator_c
[ 43%] Generating C introspection for ROS interfaces
[ 43%] Generating C type support for eProsima Fast-RTPS
[ 43%] Generating C type support dispatch for ROS interfaces
[ 46%] Building CXX object CMakeFiles/cobot_interfaces__rosidl_typesupport_c.dir/rosidl_typesupport_c/cobot_interfaces/msg/observation__type_support.cpp.o
[ 50%] Building C object CMakeFiles/cobot_interfaces__rosidl_typesupport_introspection_c.dir/rosidl_typesupport_introspection_c/cobot_interfaces/msg/detail/observation__type_support.c.o
[ 53%] Building CXX object CMakeFiles/cobot_interfaces__rosidl_typesupport_fastrtps_c.dir/rosidl_typesupport_fastrtps_c/cobot_interfaces/msg/detail/observation__type_support_c.cpp.o
[ 56%] Linking C shared library libcobot_interfaces__rosidl_typesupport_introspection_c.so
[ 56%] Built target cobot_interfaces__rosidl_typesupport_introspection_c
[ 59%] Linking CXX shared library libcobot_interfaces__rosidl_typesupport_c.so
[ 59%] Built target cobot_interfaces__rosidl_typesupport_c
[ 62%] Linking CXX shared library libcobot_interfaces__rosidl_typesupport_cpp.so
[ 62%] Built target cobot_interfaces__rosidl_typesupport_cpp
[ 68%] Linking CXX shared library libcobot_interfaces__rosidl_typesupport_introspection_cpp.so
[ 68%] Linking CXX shared library libcobot_interfaces__rosidl_typesupport_fastrtps_c.so
[ 71%] Linking CXX shared library libcobot_interfaces__rosidl_typesupport_fastrtps_cpp.so
[ 71%] Built target cobot_interfaces__rosidl_typesupport_introspection_cpp
[ 71%] Built target cobot_interfaces__rosidl_typesupport_fastrtps_c
[ 71%] Built target cobot_interfaces__rosidl_typesupport_fastrtps_cpp
[ 71%] Built target cobot_interfaces
[ 75%] Generating Python code for ROS interfaces
[ 75%] Built target cobot_interfaces__py
[ 78%] Building C object CMakeFiles/cobot_interfaces__rosidl_generator_py.dir/rosidl_generator_py/cobot_interfaces/msg/_observation_s.c.o
[ 81%] Linking C shared library rosidl_generator_py/cobot_interfaces/libcobot_interfaces__rosidl_generator_py.so
[ 81%] Built target cobot_interfaces__rosidl_generator_py
[ 90%] Building C object CMakeFiles/cobot_interfaces__rosidl_typesupport_introspection_c__pyext.dir/rosidl_generator_py/cobot_interfaces/_cobot_interfaces_s.ep.rosidl_typesupport_introspection_c.c.o
[ 90%] Building C object CMakeFiles/cobot_interfaces__rosidl_typesupport_fastrtps_c__pyext.dir/rosidl_generator_py/cobot_interfaces/_cobot_interfaces_s.ep.rosidl_typesupport_fastrtps_c.c.o
[ 90%] Building C object CMakeFiles/cobot_interfaces__rosidl_typesupport_c__pyext.dir/rosidl_generator_py/cobot_interfaces/_cobot_interfaces_s.ep.rosidl_typesupport_c.c.o
[100%] Linking C shared library rosidl_generator_py/cobot_interfaces/cobot_interfaces_s__rosidl_typesupport_fastrtps_c.cpython-313-x86_64-linux-gnu.so
[100%] Linking C shared library rosidl_generator_py/cobot_interfaces/cobot_interfaces_s__rosidl_typesupport_c.cpython-313-x86_64-linux-gnu.so
[100%] Linking C shared library rosidl_generator_py/cobot_interfaces/cobot_interfaces_s__rosidl_typesupport_introspection_c.cpython-313-x86_64-linux-gnu.so
[100%] Built target cobot_interfaces__rosidl_typesupport_introspection_c__pyext
[100%] Built target cobot_interfaces__rosidl_typesupport_c__pyext
[100%] Built target cobot_interfaces__rosidl_typesupport_fastrtps_c__pyext
-- Install configuration: ""
-- Installing: /home/brian/Projects/Cobot/ros2_cobot/install/cobot_interfaces/share/ament_index/resource_index/rosidl_interfaces/cobot_interfaces
-- Installing: /home/brian/Projects/Cobot/ros2_cobot/install/cobot_interfaces/include/cobot_interfaces/cobot_interfaces
-- Installing: /home/brian/Projects/Cobot/ros2_cobot/install/cobot_interfaces/include/cobot_interfaces/cobot_interfaces/msg
-- Installing: /home/brian/Projects/Cobot/ros2_cobot/install/cobot_interfaces/include/cobot_interfaces/cobot_interfaces/msg/detail
-- Installing: /home/brian/Projects/Cobot/ros2_cobot/install/cobot_interfaces/include/cobot_interfaces/cobot_interfaces/msg/detail/observation__functions.c
-- Installing: /home/brian/Projects/Cobot/ros2_cobot/install/cobot_interfaces/include/cobot_interfaces/cobot_interfaces/msg/detail/observation__functions.h
-- Installing: /home/brian/Projects/Cobot/ros2_cobot/install/cobot_interfaces/include/cobot_interfaces/cobot_interfaces/msg/detail/observation__type_support.h
-- Installing: /home/brian/Projects/Cobot/ros2_cobot/install/cobot_interfaces/include/cobot_interfaces/cobot_interfaces/msg/detail/observation__struct.h
-- Installing: /home/brian/Projects/Cobot/ros2_cobot/install/cobot_interfaces/include/cobot_interfaces/cobot_interfaces/msg/observation.h
-- Installing: /home/brian/Projects/Cobot/ros2_cobot/install/cobot_interfaces/include/cobot_interfaces/cobot_interfaces/msg/rosidl_generator_c__visibility_control.h
-- Installing: /home/brian/Projects/Cobot/ros2_cobot/install/cobot_interfaces/share/cobot_interfaces/environment/library_path.sh
-- Installing: /home/brian/Projects/Cobot/ros2_cobot/install/cobot_interfaces/share/cobot_interfaces/environment/library_path.dsv
-- Installing: /home/brian/Projects/Cobot/ros2_cobot/install/cobot_interfaces/lib/libcobot_interfaces__rosidl_generator_c.so
-- Set runtime path of "/home/brian/Projects/Cobot/ros2_cobot/install/cobot_interfaces/lib/libcobot_interfaces__rosidl_generator_c.so" to ""
-- Up-to-date: /home/brian/Projects/Cobot/ros2_cobot/install/cobot_interfaces/include/cobot_interfaces/cobot_interfaces
-- Up-to-date: /home/brian/Projects/Cobot/ros2_cobot/install/cobot_interfaces/include/cobot_interfaces/cobot_interfaces/msg
-- Up-to-date: /home/brian/Projects/Cobot/ros2_cobot/install/cobot_interfaces/include/cobot_interfaces/cobot_interfaces/msg/detail
-- Installing: /home/brian/Projects/Cobot/ros2_cobot/install/cobot_interfaces/include/cobot_interfaces/cobot_interfaces/msg/detail/observation__rosidl_typesupport_fastrtps_c.h
-- Installing: /home/brian/Projects/Cobot/ros2_cobot/install/cobot_interfaces/include/cobot_interfaces/cobot_interfaces/msg/rosidl_typesupport_fastrtps_c__visibility_control.h
-- Installing: /home/brian/Projects/Cobot/ros2_cobot/install/cobot_interfaces/lib/libcobot_interfaces__rosidl_typesupport_fastrtps_c.so
-- Set runtime path of "/home/brian/Projects/Cobot/ros2_cobot/install/cobot_interfaces/lib/libcobot_interfaces__rosidl_typesupport_fastrtps_c.so" to ""
-- Up-to-date: /home/brian/Projects/Cobot/ros2_cobot/install/cobot_interfaces/include/cobot_interfaces/cobot_interfaces
-- Up-to-date: /home/brian/Projects/Cobot/ros2_cobot/install/cobot_interfaces/include/cobot_interfaces/cobot_interfaces/msg
-- Up-to-date: /home/brian/Projects/Cobot/ros2_cobot/install/cobot_interfaces/include/cobot_interfaces/cobot_interfaces/msg/detail
-- Installing: /home/brian/Projects/Cobot/ros2_cobot/install/cobot_interfaces/include/cobot_interfaces/cobot_interfaces/msg/detail/observation__type_support.c
-- Installing: /home/brian/Projects/Cobot/ros2_cobot/install/cobot_interfaces/include/cobot_interfaces/cobot_interfaces/msg/detail/observation__rosidl_typesupport_introspection_c.h
-- Installing: /home/brian/Projects/Cobot/ros2_cobot/install/cobot_interfaces/include/cobot_interfaces/cobot_interfaces/msg/rosidl_typesupport_introspection_c__visibility_control.h
-- Installing: /home/brian/Projects/Cobot/ros2_cobot/install/cobot_interfaces/lib/libcobot_interfaces__rosidl_typesupport_introspection_c.so
-- Set runtime path of "/home/brian/Projects/Cobot/ros2_cobot/install/cobot_interfaces/lib/libcobot_interfaces__rosidl_typesupport_introspection_c.so" to ""
-- Installing: /home/brian/Projects/Cobot/ros2_cobot/install/cobot_interfaces/lib/libcobot_interfaces__rosidl_typesupport_c.so
-- Set runtime path of "/home/brian/Projects/Cobot/ros2_cobot/install/cobot_interfaces/lib/libcobot_interfaces__rosidl_typesupport_c.so" to ""
-- Up-to-date: /home/brian/Projects/Cobot/ros2_cobot/install/cobot_interfaces/include/cobot_interfaces/cobot_interfaces
-- Up-to-date: /home/brian/Projects/Cobot/ros2_cobot/install/cobot_interfaces/include/cobot_interfaces/cobot_interfaces/msg
-- Up-to-date: /home/brian/Projects/Cobot/ros2_cobot/install/cobot_interfaces/include/cobot_interfaces/cobot_interfaces/msg/detail
-- Installing: /home/brian/Projects/Cobot/ros2_cobot/install/cobot_interfaces/include/cobot_interfaces/cobot_interfaces/msg/detail/observation__struct.hpp
-- Installing: /home/brian/Projects/Cobot/ros2_cobot/install/cobot_interfaces/include/cobot_interfaces/cobot_interfaces/msg/detail/observation__traits.hpp
-- Installing: /home/brian/Projects/Cobot/ros2_cobot/install/cobot_interfaces/include/cobot_interfaces/cobot_interfaces/msg/detail/observation__type_support.hpp
-- Installing: /home/brian/Projects/Cobot/ros2_cobot/install/cobot_interfaces/include/cobot_interfaces/cobot_interfaces/msg/detail/observation__builder.hpp
-- Installing: /home/brian/Projects/Cobot/ros2_cobot/install/cobot_interfaces/include/cobot_interfaces/cobot_interfaces/msg/observation.hpp
-- Installing: /home/brian/Projects/Cobot/ros2_cobot/install/cobot_interfaces/include/cobot_interfaces/cobot_interfaces/msg/rosidl_generator_cpp__visibility_control.hpp
-- Up-to-date: /home/brian/Projects/Cobot/ros2_cobot/install/cobot_interfaces/include/cobot_interfaces/cobot_interfaces
-- Up-to-date: /home/brian/Projects/Cobot/ros2_cobot/install/cobot_interfaces/include/cobot_interfaces/cobot_interfaces/msg
-- Up-to-date: /home/brian/Projects/Cobot/ros2_cobot/install/cobot_interfaces/include/cobot_interfaces/cobot_interfaces/msg/detail
-- Installing: /home/brian/Projects/Cobot/ros2_cobot/install/cobot_interfaces/include/cobot_interfaces/cobot_interfaces/msg/detail/dds_fastrtps
-- Installing: /home/brian/Projects/Cobot/ros2_cobot/install/cobot_interfaces/include/cobot_interfaces/cobot_interfaces/msg/detail/observation__rosidl_typesupport_fastrtps_cpp.hpp
-- Installing: /home/brian/Projects/Cobot/ros2_cobot/install/cobot_interfaces/include/cobot_interfaces/cobot_interfaces/msg/rosidl_typesupport_fastrtps_cpp__visibility_control.h
-- Installing: /home/brian/Projects/Cobot/ros2_cobot/install/cobot_interfaces/lib/libcobot_interfaces__rosidl_typesupport_fastrtps_cpp.so
-- Set runtime path of "/home/brian/Projects/Cobot/ros2_cobot/install/cobot_interfaces/lib/libcobot_interfaces__rosidl_typesupport_fastrtps_cpp.so" to ""
-- Up-to-date: /home/brian/Projects/Cobot/ros2_cobot/install/cobot_interfaces/include/cobot_interfaces/cobot_interfaces
-- Up-to-date: /home/brian/Projects/Cobot/ros2_cobot/install/cobot_interfaces/include/cobot_interfaces/cobot_interfaces/msg
-- Up-to-date: /home/brian/Projects/Cobot/ros2_cobot/install/cobot_interfaces/include/cobot_interfaces/cobot_interfaces/msg/detail
-- Installing: /home/brian/Projects/Cobot/ros2_cobot/install/cobot_interfaces/include/cobot_interfaces/cobot_interfaces/msg/detail/observation__type_support.cpp
-- Installing: /home/brian/Projects/Cobot/ros2_cobot/install/cobot_interfaces/include/cobot_interfaces/cobot_interfaces/msg/detail/observation__rosidl_typesupport_introspection_cpp.hpp
-- Installing: /home/brian/Projects/Cobot/ros2_cobot/install/cobot_interfaces/lib/libcobot_interfaces__rosidl_typesupport_introspection_cpp.so
-- Set runtime path of "/home/brian/Projects/Cobot/ros2_cobot/install/cobot_interfaces/lib/libcobot_interfaces__rosidl_typesupport_introspection_cpp.so" to ""
-- Installing: /home/brian/Projects/Cobot/ros2_cobot/install/cobot_interfaces/lib/libcobot_interfaces__rosidl_typesupport_cpp.so
-- Set runtime path of "/home/brian/Projects/Cobot/ros2_cobot/install/cobot_interfaces/lib/libcobot_interfaces__rosidl_typesupport_cpp.so" to ""
-- Installing: /home/brian/Projects/Cobot/ros2_cobot/install/cobot_interfaces/share/cobot_interfaces/environment/pythonpath.sh
-- Installing: /home/brian/Projects/Cobot/ros2_cobot/install/cobot_interfaces/share/cobot_interfaces/environment/pythonpath.dsv
-- Installing: /home/brian/Projects/Cobot/ros2_cobot/install/cobot_interfaces/lib/python3.13/site-packages/cobot_interfaces-0.0.0-py3.13.egg-info
-- Installing: /home/brian/Projects/Cobot/ros2_cobot/install/cobot_interfaces/lib/python3.13/site-packages/cobot_interfaces-0.0.0-py3.13.egg-info/PKG-INFO
-- Installing: /home/brian/Projects/Cobot/ros2_cobot/install/cobot_interfaces/lib/python3.13/site-packages/cobot_interfaces-0.0.0-py3.13.egg-info/SOURCES.txt
-- Installing: /home/brian/Projects/Cobot/ros2_cobot/install/cobot_interfaces/lib/python3.13/site-packages/cobot_interfaces-0.0.0-py3.13.egg-info/dependency_links.txt
-- Installing: /home/brian/Projects/Cobot/ros2_cobot/install/cobot_interfaces/lib/python3.13/site-packages/cobot_interfaces-0.0.0-py3.13.egg-info/top_level.txt
-- Installing: /home/brian/Projects/Cobot/ros2_cobot/install/cobot_interfaces/lib/python3.13/site-packages/cobot_interfaces
-- Installing: /home/brian/Projects/Cobot/ros2_cobot/install/cobot_interfaces/lib/python3.13/site-packages/cobot_interfaces/_cobot_interfaces_s.ep.rosidl_typesupport_introspection_c.c
-- Installing: /home/brian/Projects/Cobot/ros2_cobot/install/cobot_interfaces/lib/python3.13/site-packages/cobot_interfaces/__init__.py
-- Installing: /home/brian/Projects/Cobot/ros2_cobot/install/cobot_interfaces/lib/python3.13/site-packages/cobot_interfaces/cobot_interfaces_s__rosidl_typesupport_fastrtps_c.cpython-313-x86_64-linux-gnu.so
-- Installing: /home/brian/Projects/Cobot/ros2_cobot/install/cobot_interfaces/lib/python3.13/site-packages/cobot_interfaces/_cobot_interfaces_s.ep.rosidl_typesupport_c.c
-- Installing: /home/brian/Projects/Cobot/ros2_cobot/install/cobot_interfaces/lib/python3.13/site-packages/cobot_interfaces/_cobot_interfaces_s.ep.rosidl_typesupport_fastrtps_c.c
-- Installing: /home/brian/Projects/Cobot/ros2_cobot/install/cobot_interfaces/lib/python3.13/site-packages/cobot_interfaces/libcobot_interfaces__rosidl_generator_py.so
-- Installing: /home/brian/Projects/Cobot/ros2_cobot/install/cobot_interfaces/lib/python3.13/site-packages/cobot_interfaces/cobot_interfaces_s__rosidl_typesupport_c.cpython-313-x86_64-linux-gnu.so
-- Installing: /home/brian/Projects/Cobot/ros2_cobot/install/cobot_interfaces/lib/python3.13/site-packages/cobot_interfaces/cobot_interfaces_s__rosidl_typesupport_introspection_c.cpython-313-x86_64-linux-gnu.so
-- Installing: /home/brian/Projects/Cobot/ros2_cobot/install/cobot_interfaces/lib/python3.13/site-packages/cobot_interfaces/msg
-- Installing: /home/brian/Projects/Cobot/ros2_cobot/install/cobot_interfaces/lib/python3.13/site-packages/cobot_interfaces/msg/_observation_s.c
-- Installing: /home/brian/Projects/Cobot/ros2_cobot/install/cobot_interfaces/lib/python3.13/site-packages/cobot_interfaces/msg/__init__.py
-- Installing: /home/brian/Projects/Cobot/ros2_cobot/install/cobot_interfaces/lib/python3.13/site-packages/cobot_interfaces/msg/_observation.py
Listing '/home/brian/Projects/Cobot/ros2_cobot/install/cobot_interfaces/lib/python3.13/site-packages/cobot_interfaces'...
Compiling '/home/brian/Projects/Cobot/ros2_cobot/install/cobot_interfaces/lib/python3.13/site-packages/cobot_interfaces/__init__.py'...
Listing '/home/brian/Projects/Cobot/ros2_cobot/install/cobot_interfaces/lib/python3.13/site-packages/cobot_interfaces/msg'...
Compiling '/home/brian/Projects/Cobot/ros2_cobot/install/cobot_interfaces/lib/python3.13/site-packages/cobot_interfaces/msg/__init__.py'...
Compiling '/home/brian/Projects/Cobot/ros2_cobot/install/cobot_interfaces/lib/python3.13/site-packages/cobot_interfaces/msg/_observation.py'...
-- Installing: /home/brian/Projects/Cobot/ros2_cobot/install/cobot_interfaces/lib/python3.13/site-packages/cobot_interfaces/cobot_interfaces_s__rosidl_typesupport_fastrtps_c.cpython-313-x86_64-linux-gnu.so
-- Set runtime path of "/home/brian/Projects/Cobot/ros2_cobot/install/cobot_interfaces/lib/python3.13/site-packages/cobot_interfaces/cobot_interfaces_s__rosidl_typesupport_fastrtps_c.cpython-313-x86_64-linux-gnu.so" to ""
-- Installing: /home/brian/Projects/Cobot/ros2_cobot/install/cobot_interfaces/lib/python3.13/site-packages/cobot_interfaces/cobot_interfaces_s__rosidl_typesupport_introspection_c.cpython-313-x86_64-linux-gnu.so
-- Set runtime path of "/home/brian/Projects/Cobot/ros2_cobot/install/cobot_interfaces/lib/python3.13/site-packages/cobot_interfaces/cobot_interfaces_s__rosidl_typesupport_introspection_c.cpython-313-x86_64-linux-gnu.so" to ""
-- Installing: /home/brian/Projects/Cobot/ros2_cobot/install/cobot_interfaces/lib/python3.13/site-packages/cobot_interfaces/cobot_interfaces_s__rosidl_typesupport_c.cpython-313-x86_64-linux-gnu.so
-- Set runtime path of "/home/brian/Projects/Cobot/ros2_cobot/install/cobot_interfaces/lib/python3.13/site-packages/cobot_interfaces/cobot_interfaces_s__rosidl_typesupport_c.cpython-313-x86_64-linux-gnu.so" to ""
-- Installing: /home/brian/Projects/Cobot/ros2_cobot/install/cobot_interfaces/lib/libcobot_interfaces__rosidl_generator_py.so
-- Set runtime path of "/home/brian/Projects/Cobot/ros2_cobot/install/cobot_interfaces/lib/libcobot_interfaces__rosidl_generator_py.so" to ""
-- Installing: /home/brian/Projects/Cobot/ros2_cobot/install/cobot_interfaces/share/ament_index/resource_index/rust_packages/cobot_interfaces
-- Installing: /home/brian/Projects/Cobot/ros2_cobot/install/cobot_interfaces/share/cobot_interfaces/rust
-- Installing: /home/brian/Projects/Cobot/ros2_cobot/install/cobot_interfaces/share/cobot_interfaces/rust/build.rs
-- Installing: /home/brian/Projects/Cobot/ros2_cobot/install/cobot_interfaces/share/cobot_interfaces/rust/Cargo.toml
-- Installing: /home/brian/Projects/Cobot/ros2_cobot/install/cobot_interfaces/share/cobot_interfaces/rust/src
-- Installing: /home/brian/Projects/Cobot/ros2_cobot/install/cobot_interfaces/share/cobot_interfaces/rust/src/msg.rs
-- Installing: /home/brian/Projects/Cobot/ros2_cobot/install/cobot_interfaces/share/cobot_interfaces/rust/src/lib.rs
-- Installing: /home/brian/Projects/Cobot/ros2_cobot/install/cobot_interfaces/share/cobot_interfaces/rust/src/msg
-- Installing: /home/brian/Projects/Cobot/ros2_cobot/install/cobot_interfaces/share/cobot_interfaces/rust/src/msg/rmw.rs
-- Installing: /home/brian/Projects/Cobot/ros2_cobot/install/cobot_interfaces/share/cobot_interfaces/msg/Observation.idl
-- Installing: /home/brian/Projects/Cobot/ros2_cobot/install/cobot_interfaces/share/cobot_interfaces/msg/Observation.msg
-- Installing: /home/brian/Projects/Cobot/ros2_cobot/install/cobot_interfaces/share/ament_index/resource_index/package_run_dependencies/cobot_interfaces
-- Installing: /home/brian/Projects/Cobot/ros2_cobot/install/cobot_interfaces/share/ament_index/resource_index/parent_prefix_path/cobot_interfaces
-- Installing: /home/brian/Projects/Cobot/ros2_cobot/install/cobot_interfaces/share/cobot_interfaces/environment/ament_prefix_path.sh
-- Installing: /home/brian/Projects/Cobot/ros2_cobot/install/cobot_interfaces/share/cobot_interfaces/environment/ament_prefix_path.dsv
-- Installing: /home/brian/Projects/Cobot/ros2_cobot/install/cobot_interfaces/share/cobot_interfaces/environment/path.sh
-- Installing: /home/brian/Projects/Cobot/ros2_cobot/install/cobot_interfaces/share/cobot_interfaces/environment/path.dsv
-- Installing: /home/brian/Projects/Cobot/ros2_cobot/install/cobot_interfaces/share/cobot_interfaces/local_setup.bash
-- Installing: /home/brian/Projects/Cobot/ros2_cobot/install/cobot_interfaces/share/cobot_interfaces/local_setup.sh
-- Installing: /home/brian/Projects/Cobot/ros2_cobot/install/cobot_interfaces/share/cobot_interfaces/local_setup.zsh
-- Installing: /home/brian/Projects/Cobot/ros2_cobot/install/cobot_interfaces/share/cobot_interfaces/local_setup.dsv
-- Installing: /home/brian/Projects/Cobot/ros2_cobot/install/cobot_interfaces/share/cobot_interfaces/package.dsv
-- Installing: /home/brian/Projects/Cobot/ros2_cobot/install/cobot_interfaces/share/ament_index/resource_index/packages/cobot_interfaces
-- Installing: /home/brian/Projects/Cobot/ros2_cobot/install/cobot_interfaces/share/cobot_interfaces/cmake/export_cobot_interfaces__rosidl_generator_cExport.cmake
-- Installing: /home/brian/Projects/Cobot/ros2_cobot/install/cobot_interfaces/share/cobot_interfaces/cmake/export_cobot_interfaces__rosidl_generator_cExport-noconfig.cmake
-- Installing: /home/brian/Projects/Cobot/ros2_cobot/install/cobot_interfaces/share/cobot_interfaces/cmake/export_cobot_interfaces__rosidl_typesupport_fastrtps_cExport.cmake
-- Installing: /home/brian/Projects/Cobot/ros2_cobot/install/cobot_interfaces/share/cobot_interfaces/cmake/export_cobot_interfaces__rosidl_typesupport_fastrtps_cExport-noconfig.cmake
-- Installing: /home/brian/Projects/Cobot/ros2_cobot/install/cobot_interfaces/share/cobot_interfaces/cmake/cobot_interfaces__rosidl_typesupport_introspection_cExport.cmake
-- Installing: /home/brian/Projects/Cobot/ros2_cobot/install/cobot_interfaces/share/cobot_interfaces/cmake/cobot_interfaces__rosidl_typesupport_introspection_cExport-noconfig.cmake
-- Installing: /home/brian/Projects/Cobot/ros2_cobot/install/cobot_interfaces/share/cobot_interfaces/cmake/cobot_interfaces__rosidl_typesupport_cExport.cmake
-- Installing: /home/brian/Projects/Cobot/ros2_cobot/install/cobot_interfaces/share/cobot_interfaces/cmake/cobot_interfaces__rosidl_typesupport_cExport-noconfig.cmake
-- Installing: /home/brian/Projects/Cobot/ros2_cobot/install/cobot_interfaces/share/cobot_interfaces/cmake/export_cobot_interfaces__rosidl_generator_cppExport.cmake
-- Installing: /home/brian/Projects/Cobot/ros2_cobot/install/cobot_interfaces/share/cobot_interfaces/cmake/export_cobot_interfaces__rosidl_typesupport_fastrtps_cppExport.cmake
-- Installing: /home/brian/Projects/Cobot/ros2_cobot/install/cobot_interfaces/share/cobot_interfaces/cmake/export_cobot_interfaces__rosidl_typesupport_fastrtps_cppExport-noconfig.cmake
-- Installing: /home/brian/Projects/Cobot/ros2_cobot/install/cobot_interfaces/share/cobot_interfaces/cmake/cobot_interfaces__rosidl_typesupport_introspection_cppExport.cmake
-- Installing: /home/brian/Projects/Cobot/ros2_cobot/install/cobot_interfaces/share/cobot_interfaces/cmake/cobot_interfaces__rosidl_typesupport_introspection_cppExport-noconfig.cmake
-- Installing: /home/brian/Projects/Cobot/ros2_cobot/install/cobot_interfaces/share/cobot_interfaces/cmake/cobot_interfaces__rosidl_typesupport_cppExport.cmake
-- Installing: /home/brian/Projects/Cobot/ros2_cobot/install/cobot_interfaces/share/cobot_interfaces/cmake/cobot_interfaces__rosidl_typesupport_cppExport-noconfig.cmake
-- Installing: /home/brian/Projects/Cobot/ros2_cobot/install/cobot_interfaces/share/cobot_interfaces/cmake/export_cobot_interfaces__rosidl_generator_pyExport.cmake
-- Installing: /home/brian/Projects/Cobot/ros2_cobot/install/cobot_interfaces/share/cobot_interfaces/cmake/export_cobot_interfaces__rosidl_generator_pyExport-noconfig.cmake
-- Installing: /home/brian/Projects/Cobot/ros2_cobot/install/cobot_interfaces/share/cobot_interfaces/cmake/rosidl_cmake-extras.cmake
-- Installing: /home/brian/Projects/Cobot/ros2_cobot/install/cobot_interfaces/share/cobot_interfaces/cmake/ament_cmake_export_include_directories-extras.cmake
-- Installing: /home/brian/Projects/Cobot/ros2_cobot/install/cobot_interfaces/share/cobot_interfaces/cmake/ament_cmake_export_libraries-extras.cmake
-- Installing: /home/brian/Projects/Cobot/ros2_cobot/install/cobot_interfaces/share/cobot_interfaces/cmake/ament_cmake_export_targets-extras.cmake
-- Installing: /home/brian/Projects/Cobot/ros2_cobot/install/cobot_interfaces/share/cobot_interfaces/cmake/rosidl_cmake_export_typesupport_targets-extras.cmake
-- Installing: /home/brian/Projects/Cobot/ros2_cobot/install/cobot_interfaces/share/cobot_interfaces/cmake/ament_cmake_export_dependencies-extras.cmake
-- Installing: /home/brian/Projects/Cobot/ros2_cobot/install/cobot_interfaces/share/cobot_interfaces/cmake/rosidl_cmake_export_typesupport_libraries-extras.cmake
-- Installing: /home/brian/Projects/Cobot/ros2_cobot/install/cobot_interfaces/share/cobot_interfaces/cmake/cobot_interfacesConfig.cmake
-- Installing: /home/brian/Projects/Cobot/ros2_cobot/install/cobot_interfaces/share/cobot_interfaces/cmake/cobot_interfacesConfig-version.cmake
-- Installing: /home/brian/Projects/Cobot/ros2_cobot/install/cobot_interfaces/share/cobot_interfaces/package.xml
