[0.006s] Invoking command in '/home/brian/Projects/Cobot/ros2_cobot/build/cobot_interfaces': CMAKE_PREFIX_PATH=/opt/ros/humble /usr/bin/cmake /home/brian/Projects/Cobot/ros2_cobot/src/cobot_interfaces -DCMAKE_INSTALL_PREFIX=/home/brian/Projects/Cobot/ros2_cobot/install/cobot_interfaces
[0.013s] -- Found ament_cmake: 1.3.14 (/opt/ros/humble/share/ament_cmake/cmake)
[0.220s] -- Found rosidl_default_generators: 1.2.1 (/opt/ros/humble/share/rosidl_default_generators/cmake)
[0.221s] -- Using all available rosidl_typesupport_c: rosidl_typesupport_fastrtps_c;rosidl_typesupport_introspection_c
[0.225s] -- Found rosidl_adapter: 3.1.8 (/opt/ros/humble/share/rosidl_adapter/cmake)
[0.250s] -- Using all available rosidl_typesupport_cpp: rosidl_typesupport_fastrtps_cpp;rosidl_typesupport_introspection_cpp
[0.273s] -- Found ament_lint_auto: 0.12.15 (/opt/ros/humble/share/ament_lint_auto/cmake)
[0.553s] -- Found ament_cmake_ros: 0.10.0 (/opt/ros/humble/share/ament_cmake_ros/cmake)
[0.683s] -- Using all available rosidl_typesupport_c: rosidl_typesupport_fastrtps_c;rosidl_typesupport_introspection_c
[0.910s] -- Using all available rosidl_typesupport_cpp: rosidl_typesupport_fastrtps_cpp;rosidl_typesupport_introspection_cpp
[0.943s] -- Found PythonInterp: /home/brian/miniconda3/bin/python3 (found suitable version "3.13.13", minimum required is "3.6") 
[0.950s] -- Found python_cmake_module: 0.10.0 (/opt/ros/humble/share/python_cmake_module/cmake)
[1.024s] -- Found PythonLibs: /home/brian/miniconda3/lib/libpython3.13.so (found suitable version "3.13.13", minimum required is "3.5") 
[1.024s] -- Using PYTHON_EXECUTABLE: /home/brian/miniconda3/bin/python3
[1.024s] -- Using PYTHON_INCLUDE_DIRS: /home/brian/miniconda3/include/python3.13
[1.024s] -- Using PYTHON_LIBRARIES: /home/brian/miniconda3/lib/libpython3.13.so
[1.037s] -- Found PythonExtra: .so  
[1.920s] -- Using numpy include directory: /home/brian/miniconda3/lib/python3.13/site-packages/numpy/_core/include
[2.022s] -- Added test 'lint_cmake' to check CMake code style
[2.036s] -- Added test 'xmllint' to check XML markup files
[2.085s] -- Configuring done
[2.171s] -- Generating done
[2.179s] -- Build files have been written to: /home/brian/Projects/Cobot/ros2_cobot/build/cobot_interfaces
[2.183s] Invoked command in '/home/brian/Projects/Cobot/ros2_cobot/build/cobot_interfaces' returned '0': CMAKE_PREFIX_PATH=/opt/ros/humble /usr/bin/cmake /home/brian/Projects/Cobot/ros2_cobot/src/cobot_interfaces -DCMAKE_INSTALL_PREFIX=/home/brian/Projects/Cobot/ros2_cobot/install/cobot_interfaces
[2.184s] Invoking command in '/home/brian/Projects/Cobot/ros2_cobot/build/cobot_interfaces': CMAKE_PREFIX_PATH=/opt/ros/humble /usr/bin/cmake --build /home/brian/Projects/Cobot/ros2_cobot/build/cobot_interfaces -- -j16 -l16
[2.209s] [  3%] Generating C code for ROS interfaces
[2.244s] [  9%] Generating C++ code for ROS interfaces
[2.244s] [  9%] Generating Rust code for ROS interfaces
[2.249s] [  9%] Built target ament_cmake_python_copy_cobot_interfaces
[2.592s] [  9%] Built target cobot_interfaces__rs
[2.610s] [  9%] Built target cobot_interfaces__cpp
[2.616s] [ 21%] Generating C++ type support for eProsima Fast-RTPS
[2.616s] [ 21%] Building C object CMakeFiles/cobot_interfaces__rosidl_generator_c.dir/rosidl_generator_c/cobot_interfaces/msg/detail/observation__functions.c.o
[2.616s] [ 21%] Generating C++ introspection for ROS interfaces
[2.616s] [ 21%] Generating C++ type support dispatch for ROS interfaces
[2.738s] running egg_info
[2.750s] creating cobot_interfaces.egg-info
[2.751s] writing cobot_interfaces.egg-info/PKG-INFO
[2.751s] writing dependency_links to cobot_interfaces.egg-info/dependency_links.txt
[2.751s] writing top-level names to cobot_interfaces.egg-info/top_level.txt
[2.751s] writing manifest file 'cobot_interfaces.egg-info/SOURCES.txt'
[2.763s] [ 25%] Building CXX object CMakeFiles/cobot_interfaces__rosidl_typesupport_cpp.dir/rosidl_typesupport_cpp/cobot_interfaces/msg/observation__type_support.cpp.o
[2.775s] [ 28%] Building CXX object CMakeFiles/cobot_interfaces__rosidl_typesupport_introspection_cpp.dir/rosidl_typesupport_introspection_cpp/cobot_interfaces/msg/detail/observation__type_support.cpp.o
[2.790s] [ 31%] Building CXX object CMakeFiles/cobot_interfaces__rosidl_typesupport_fastrtps_cpp.dir/rosidl_typesupport_fastrtps_cpp/cobot_interfaces/msg/detail/dds_fastrtps/observation__type_support.cpp.o
[2.952s] reading manifest file 'cobot_interfaces.egg-info/SOURCES.txt'
[2.953s] writing manifest file 'cobot_interfaces.egg-info/SOURCES.txt'
[2.974s] [ 31%] Built target ament_cmake_python_build_cobot_interfaces_egg
[3.238s] [ 34%] Linking C shared library libcobot_interfaces__rosidl_generator_c.so
[3.282s] [ 34%] Built target cobot_interfaces__rosidl_generator_c
[3.289s] [ 43%] Generating C introspection for ROS interfaces
[3.289s] [ 43%] Generating C type support for eProsima Fast-RTPS
[3.289s] [ 43%] Generating C type support dispatch for ROS interfaces
[3.437s] [ 46%] Building CXX object CMakeFiles/cobot_interfaces__rosidl_typesupport_c.dir/rosidl_typesupport_c/cobot_interfaces/msg/observation__type_support.cpp.o
[3.451s] [ 50%] Building C object CMakeFiles/cobot_interfaces__rosidl_typesupport_introspection_c.dir/rosidl_typesupport_introspection_c/cobot_interfaces/msg/detail/observation__type_support.c.o
[3.452s] [ 53%] Building CXX object CMakeFiles/cobot_interfaces__rosidl_typesupport_fastrtps_c.dir/rosidl_typesupport_fastrtps_c/cobot_interfaces/msg/detail/observation__type_support_c.cpp.o
[3.476s] [ 56%] Linking C shared library libcobot_interfaces__rosidl_typesupport_introspection_c.so
[3.496s] [ 56%] Built target cobot_interfaces__rosidl_typesupport_introspection_c
[3.571s] [ 59%] Linking CXX shared library libcobot_interfaces__rosidl_typesupport_c.so
[3.598s] [ 59%] Built target cobot_interfaces__rosidl_typesupport_c
[3.746s] [ 62%] Linking CXX shared library libcobot_interfaces__rosidl_typesupport_cpp.so
[3.774s] [ 62%] Built target cobot_interfaces__rosidl_typesupport_cpp
[3.898s] [ 68%] Linking CXX shared library libcobot_interfaces__rosidl_typesupport_introspection_cpp.so
[3.898s] [ 68%] Linking CXX shared library libcobot_interfaces__rosidl_typesupport_fastrtps_c.so
[3.918s] [ 71%] Linking CXX shared library libcobot_interfaces__rosidl_typesupport_fastrtps_cpp.so
[3.945s] [ 71%] Built target cobot_interfaces__rosidl_typesupport_introspection_cpp
[3.959s] [ 71%] Built target cobot_interfaces__rosidl_typesupport_fastrtps_c
[3.974s] [ 71%] Built target cobot_interfaces__rosidl_typesupport_fastrtps_cpp
[3.985s] [ 71%] Built target cobot_interfaces
[3.997s] [ 75%] Generating Python code for ROS interfaces
[4.191s] [ 75%] Built target cobot_interfaces__py
[4.203s] [ 78%] Building C object CMakeFiles/cobot_interfaces__rosidl_generator_py.dir/rosidl_generator_py/cobot_interfaces/msg/_observation_s.c.o
[5.789s] [ 81%] Linking C shared library rosidl_generator_py/cobot_interfaces/libcobot_interfaces__rosidl_generator_py.so
[6.575s] [ 81%] Built target cobot_interfaces__rosidl_generator_py
[6.588s] [ 90%] Building C object CMakeFiles/cobot_interfaces__rosidl_typesupport_introspection_c__pyext.dir/rosidl_generator_py/cobot_interfaces/_cobot_interfaces_s.ep.rosidl_typesupport_introspection_c.c.o
[6.588s] [ 90%] Building C object CMakeFiles/cobot_interfaces__rosidl_typesupport_fastrtps_c__pyext.dir/rosidl_generator_py/cobot_interfaces/_cobot_interfaces_s.ep.rosidl_typesupport_fastrtps_c.c.o
[6.588s] [ 90%] Building C object CMakeFiles/cobot_interfaces__rosidl_typesupport_c__pyext.dir/rosidl_generator_py/cobot_interfaces/_cobot_interfaces_s.ep.rosidl_typesupport_c.c.o
[6.851s] [100%] Linking C shared library rosidl_generator_py/cobot_interfaces/cobot_interfaces_s__rosidl_typesupport_fastrtps_c.cpython-313-x86_64-linux-gnu.so
[6.851s] [100%] Linking C shared library rosidl_generator_py/cobot_interfaces/cobot_interfaces_s__rosidl_typesupport_c.cpython-313-x86_64-linux-gnu.so
[6.851s] [100%] Linking C shared library rosidl_generator_py/cobot_interfaces/cobot_interfaces_s__rosidl_typesupport_introspection_c.cpython-313-x86_64-linux-gnu.so
[6.873s] [100%] Built target cobot_interfaces__rosidl_typesupport_introspection_c__pyext
[6.874s] [100%] Built target cobot_interfaces__rosidl_typesupport_c__pyext
[6.874s] [100%] Built target cobot_interfaces__rosidl_typesupport_fastrtps_c__pyext
[6.882s] Invoked command in '/home/brian/Projects/Cobot/ros2_cobot/build/cobot_interfaces' returned '0': CMAKE_PREFIX_PATH=/opt/ros/humble /usr/bin/cmake --build /home/brian/Projects/Cobot/ros2_cobot/build/cobot_interfaces -- -j16 -l16
[6.887s] Invoking command in '/home/brian/Projects/Cobot/ros2_cobot/build/cobot_interfaces': CMAKE_PREFIX_PATH=/opt/ros/humble /usr/bin/cmake --install /home/brian/Projects/Cobot/ros2_cobot/build/cobot_interfaces
[6.893s] -- Install configuration: ""
[6.893s] -- Installing: /home/brian/Projects/Cobot/ros2_cobot/install/cobot_interfaces/share/ament_index/resource_index/rosidl_interfaces/cobot_interfaces
[6.893s] -- Installing: /home/brian/Projects/Cobot/ros2_cobot/install/cobot_interfaces/include/cobot_interfaces/cobot_interfaces
[6.893s] -- Installing: /home/brian/Projects/Cobot/ros2_cobot/install/cobot_interfaces/include/cobot_interfaces/cobot_interfaces/msg
[6.893s] -- Installing: /home/brian/Projects/Cobot/ros2_cobot/install/cobot_interfaces/include/cobot_interfaces/cobot_interfaces/msg/detail
[6.893s] -- Installing: /home/brian/Projects/Cobot/ros2_cobot/install/cobot_interfaces/include/cobot_interfaces/cobot_interfaces/msg/detail/observation__functions.c
[6.893s] -- Installing: /home/brian/Projects/Cobot/ros2_cobot/install/cobot_interfaces/include/cobot_interfaces/cobot_interfaces/msg/detail/observation__functions.h
[6.894s] -- Installing: /home/brian/Projects/Cobot/ros2_cobot/install/cobot_interfaces/include/cobot_interfaces/cobot_interfaces/msg/detail/observation__type_support.h
[6.894s] -- Installing: /home/brian/Projects/Cobot/ros2_cobot/install/cobot_interfaces/include/cobot_interfaces/cobot_interfaces/msg/detail/observation__struct.h
[6.894s] -- Installing: /home/brian/Projects/Cobot/ros2_cobot/install/cobot_interfaces/include/cobot_interfaces/cobot_interfaces/msg/observation.h
[6.894s] -- Installing: /home/brian/Projects/Cobot/ros2_cobot/install/cobot_interfaces/include/cobot_interfaces/cobot_interfaces/msg/rosidl_generator_c__visibility_control.h
[6.894s] -- Installing: /home/brian/Projects/Cobot/ros2_cobot/install/cobot_interfaces/share/cobot_interfaces/environment/library_path.sh
[6.894s] -- Installing: /home/brian/Projects/Cobot/ros2_cobot/install/cobot_interfaces/share/cobot_interfaces/environment/library_path.dsv
[6.894s] -- Installing: /home/brian/Projects/Cobot/ros2_cobot/install/cobot_interfaces/lib/libcobot_interfaces__rosidl_generator_c.so
[6.894s] -- Set runtime path of "/home/brian/Projects/Cobot/ros2_cobot/install/cobot_interfaces/lib/libcobot_interfaces__rosidl_generator_c.so" to ""
[6.894s] -- Up-to-date: /home/brian/Projects/Cobot/ros2_cobot/install/cobot_interfaces/include/cobot_interfaces/cobot_interfaces
[6.894s] -- Up-to-date: /home/brian/Projects/Cobot/ros2_cobot/install/cobot_interfaces/include/cobot_interfaces/cobot_interfaces/msg
[6.894s] -- Up-to-date: /home/brian/Projects/Cobot/ros2_cobot/install/cobot_interfaces/include/cobot_interfaces/cobot_interfaces/msg/detail
[6.894s] -- Installing: /home/brian/Projects/Cobot/ros2_cobot/install/cobot_interfaces/include/cobot_interfaces/cobot_interfaces/msg/detail/observation__rosidl_typesupport_fastrtps_c.h
[6.894s] -- Installing: /home/brian/Projects/Cobot/ros2_cobot/install/cobot_interfaces/include/cobot_interfaces/cobot_interfaces/msg/rosidl_typesupport_fastrtps_c__visibility_control.h
[6.894s] -- Installing: /home/brian/Projects/Cobot/ros2_cobot/install/cobot_interfaces/lib/libcobot_interfaces__rosidl_typesupport_fastrtps_c.so
[6.895s] -- Set runtime path of "/home/brian/Projects/Cobot/ros2_cobot/install/cobot_interfaces/lib/libcobot_interfaces__rosidl_typesupport_fastrtps_c.so" to ""
[6.895s] -- Up-to-date: /home/brian/Projects/Cobot/ros2_cobot/install/cobot_interfaces/include/cobot_interfaces/cobot_interfaces
[6.895s] -- Up-to-date: /home/brian/Projects/Cobot/ros2_cobot/install/cobot_interfaces/include/cobot_interfaces/cobot_interfaces/msg
[6.895s] -- Up-to-date: /home/brian/Projects/Cobot/ros2_cobot/install/cobot_interfaces/include/cobot_interfaces/cobot_interfaces/msg/detail
[6.895s] -- Installing: /home/brian/Projects/Cobot/ros2_cobot/install/cobot_interfaces/include/cobot_interfaces/cobot_interfaces/msg/detail/observation__type_support.c
[6.895s] -- Installing: /home/brian/Projects/Cobot/ros2_cobot/install/cobot_interfaces/include/cobot_interfaces/cobot_interfaces/msg/detail/observation__rosidl_typesupport_introspection_c.h
[6.895s] -- Installing: /home/brian/Projects/Cobot/ros2_cobot/install/cobot_interfaces/include/cobot_interfaces/cobot_interfaces/msg/rosidl_typesupport_introspection_c__visibility_control.h
[6.895s] -- Installing: /home/brian/Projects/Cobot/ros2_cobot/install/cobot_interfaces/lib/libcobot_interfaces__rosidl_typesupport_introspection_c.so
[6.895s] -- Set runtime path of "/home/brian/Projects/Cobot/ros2_cobot/install/cobot_interfaces/lib/libcobot_interfaces__rosidl_typesupport_introspection_c.so" to ""
[6.895s] -- Installing: /home/brian/Projects/Cobot/ros2_cobot/install/cobot_interfaces/lib/libcobot_interfaces__rosidl_typesupport_c.so
[6.895s] -- Set runtime path of "/home/brian/Projects/Cobot/ros2_cobot/install/cobot_interfaces/lib/libcobot_interfaces__rosidl_typesupport_c.so" to ""
[6.895s] -- Up-to-date: /home/brian/Projects/Cobot/ros2_cobot/install/cobot_interfaces/include/cobot_interfaces/cobot_interfaces
[6.895s] -- Up-to-date: /home/brian/Projects/Cobot/ros2_cobot/install/cobot_interfaces/include/cobot_interfaces/cobot_interfaces/msg
[6.896s] -- Up-to-date: /home/brian/Projects/Cobot/ros2_cobot/install/cobot_interfaces/include/cobot_interfaces/cobot_interfaces/msg/detail
[6.896s] -- Installing: /home/brian/Projects/Cobot/ros2_cobot/install/cobot_interfaces/include/cobot_interfaces/cobot_interfaces/msg/detail/observation__struct.hpp
[6.896s] -- Installing: /home/brian/Projects/Cobot/ros2_cobot/install/cobot_interfaces/include/cobot_interfaces/cobot_interfaces/msg/detail/observation__traits.hpp
[6.896s] -- Installing: /home/brian/Projects/Cobot/ros2_cobot/install/cobot_interfaces/include/cobot_interfaces/cobot_interfaces/msg/detail/observation__type_support.hpp
[6.896s] -- Installing: /home/brian/Projects/Cobot/ros2_cobot/install/cobot_interfaces/include/cobot_interfaces/cobot_interfaces/msg/detail/observation__builder.hpp
[6.896s] -- Installing: /home/brian/Projects/Cobot/ros2_cobot/install/cobot_interfaces/include/cobot_interfaces/cobot_interfaces/msg/observation.hpp
[6.896s] -- Installing: /home/brian/Projects/Cobot/ros2_cobot/install/cobot_interfaces/include/cobot_interfaces/cobot_interfaces/msg/rosidl_generator_cpp__visibility_control.hpp
[6.896s] -- Up-to-date: /home/brian/Projects/Cobot/ros2_cobot/install/cobot_interfaces/include/cobot_interfaces/cobot_interfaces
[6.896s] -- Up-to-date: /home/brian/Projects/Cobot/ros2_cobot/install/cobot_interfaces/include/cobot_interfaces/cobot_interfaces/msg
[6.896s] -- Up-to-date: /home/brian/Projects/Cobot/ros2_cobot/install/cobot_interfaces/include/cobot_interfaces/cobot_interfaces/msg/detail
[6.896s] -- Installing: /home/brian/Projects/Cobot/ros2_cobot/install/cobot_interfaces/include/cobot_interfaces/cobot_interfaces/msg/detail/dds_fastrtps
[6.896s] -- Installing: /home/brian/Projects/Cobot/ros2_cobot/install/cobot_interfaces/include/cobot_interfaces/cobot_interfaces/msg/detail/observation__rosidl_typesupport_fastrtps_cpp.hpp
[6.896s] -- Installing: /home/brian/Projects/Cobot/ros2_cobot/install/cobot_interfaces/include/cobot_interfaces/cobot_interfaces/msg/rosidl_typesupport_fastrtps_cpp__visibility_control.h
[6.896s] -- Installing: /home/brian/Projects/Cobot/ros2_cobot/install/cobot_interfaces/lib/libcobot_interfaces__rosidl_typesupport_fastrtps_cpp.so
[6.897s] -- Set runtime path of "/home/brian/Projects/Cobot/ros2_cobot/install/cobot_interfaces/lib/libcobot_interfaces__rosidl_typesupport_fastrtps_cpp.so" to ""
[6.897s] -- Up-to-date: /home/brian/Projects/Cobot/ros2_cobot/install/cobot_interfaces/include/cobot_interfaces/cobot_interfaces
[6.897s] -- Up-to-date: /home/brian/Projects/Cobot/ros2_cobot/install/cobot_interfaces/include/cobot_interfaces/cobot_interfaces/msg
[6.897s] -- Up-to-date: /home/brian/Projects/Cobot/ros2_cobot/install/cobot_interfaces/include/cobot_interfaces/cobot_interfaces/msg/detail
[6.897s] -- Installing: /home/brian/Projects/Cobot/ros2_cobot/install/cobot_interfaces/include/cobot_interfaces/cobot_interfaces/msg/detail/observation__type_support.cpp
[6.897s] -- Installing: /home/brian/Projects/Cobot/ros2_cobot/install/cobot_interfaces/include/cobot_interfaces/cobot_interfaces/msg/detail/observation__rosidl_typesupport_introspection_cpp.hpp
[6.897s] -- Installing: /home/brian/Projects/Cobot/ros2_cobot/install/cobot_interfaces/lib/libcobot_interfaces__rosidl_typesupport_introspection_cpp.so
[6.897s] -- Set runtime path of "/home/brian/Projects/Cobot/ros2_cobot/install/cobot_interfaces/lib/libcobot_interfaces__rosidl_typesupport_introspection_cpp.so" to ""
[6.897s] -- Installing: /home/brian/Projects/Cobot/ros2_cobot/install/cobot_interfaces/lib/libcobot_interfaces__rosidl_typesupport_cpp.so
[6.897s] -- Set runtime path of "/home/brian/Projects/Cobot/ros2_cobot/install/cobot_interfaces/lib/libcobot_interfaces__rosidl_typesupport_cpp.so" to ""
[6.897s] -- Installing: /home/brian/Projects/Cobot/ros2_cobot/install/cobot_interfaces/share/cobot_interfaces/environment/pythonpath.sh
[6.897s] -- Installing: /home/brian/Projects/Cobot/ros2_cobot/install/cobot_interfaces/share/cobot_interfaces/environment/pythonpath.dsv
[6.897s] -- Installing: /home/brian/Projects/Cobot/ros2_cobot/install/cobot_interfaces/lib/python3.13/site-packages/cobot_interfaces-0.0.0-py3.13.egg-info
[6.897s] -- Installing: /home/brian/Projects/Cobot/ros2_cobot/install/cobot_interfaces/lib/python3.13/site-packages/cobot_interfaces-0.0.0-py3.13.egg-info/PKG-INFO
[6.898s] -- Installing: /home/brian/Projects/Cobot/ros2_cobot/install/cobot_interfaces/lib/python3.13/site-packages/cobot_interfaces-0.0.0-py3.13.egg-info/SOURCES.txt
[6.898s] -- Installing: /home/brian/Projects/Cobot/ros2_cobot/install/cobot_interfaces/lib/python3.13/site-packages/cobot_interfaces-0.0.0-py3.13.egg-info/dependency_links.txt
[6.898s] -- Installing: /home/brian/Projects/Cobot/ros2_cobot/install/cobot_interfaces/lib/python3.13/site-packages/cobot_interfaces-0.0.0-py3.13.egg-info/top_level.txt
[6.898s] -- Installing: /home/brian/Projects/Cobot/ros2_cobot/install/cobot_interfaces/lib/python3.13/site-packages/cobot_interfaces
[6.898s] -- Installing: /home/brian/Projects/Cobot/ros2_cobot/install/cobot_interfaces/lib/python3.13/site-packages/cobot_interfaces/_cobot_interfaces_s.ep.rosidl_typesupport_introspection_c.c
[6.898s] -- Installing: /home/brian/Projects/Cobot/ros2_cobot/install/cobot_interfaces/lib/python3.13/site-packages/cobot_interfaces/__init__.py
[6.898s] -- Installing: /home/brian/Projects/Cobot/ros2_cobot/install/cobot_interfaces/lib/python3.13/site-packages/cobot_interfaces/cobot_interfaces_s__rosidl_typesupport_fastrtps_c.cpython-313-x86_64-linux-gnu.so
[6.898s] -- Installing: /home/brian/Projects/Cobot/ros2_cobot/install/cobot_interfaces/lib/python3.13/site-packages/cobot_interfaces/_cobot_interfaces_s.ep.rosidl_typesupport_c.c
[6.898s] -- Installing: /home/brian/Projects/Cobot/ros2_cobot/install/cobot_interfaces/lib/python3.13/site-packages/cobot_interfaces/_cobot_interfaces_s.ep.rosidl_typesupport_fastrtps_c.c
[6.898s] -- Installing: /home/brian/Projects/Cobot/ros2_cobot/install/cobot_interfaces/lib/python3.13/site-packages/cobot_interfaces/libcobot_interfaces__rosidl_generator_py.so
[6.898s] -- Installing: /home/brian/Projects/Cobot/ros2_cobot/install/cobot_interfaces/lib/python3.13/site-packages/cobot_interfaces/cobot_interfaces_s__rosidl_typesupport_c.cpython-313-x86_64-linux-gnu.so
[6.898s] -- Installing: /home/brian/Projects/Cobot/ros2_cobot/install/cobot_interfaces/lib/python3.13/site-packages/cobot_interfaces/cobot_interfaces_s__rosidl_typesupport_introspection_c.cpython-313-x86_64-linux-gnu.so
[6.898s] -- Installing: /home/brian/Projects/Cobot/ros2_cobot/install/cobot_interfaces/lib/python3.13/site-packages/cobot_interfaces/msg
[6.898s] -- Installing: /home/brian/Projects/Cobot/ros2_cobot/install/cobot_interfaces/lib/python3.13/site-packages/cobot_interfaces/msg/_observation_s.c
[6.898s] -- Installing: /home/brian/Projects/Cobot/ros2_cobot/install/cobot_interfaces/lib/python3.13/site-packages/cobot_interfaces/msg/__init__.py
[6.898s] -- Installing: /home/brian/Projects/Cobot/ros2_cobot/install/cobot_interfaces/lib/python3.13/site-packages/cobot_interfaces/msg/_observation.py
[6.924s] Listing '/home/brian/Projects/Cobot/ros2_cobot/install/cobot_interfaces/lib/python3.13/site-packages/cobot_interfaces'...
[6.924s] Compiling '/home/brian/Projects/Cobot/ros2_cobot/install/cobot_interfaces/lib/python3.13/site-packages/cobot_interfaces/__init__.py'...
[6.924s] Listing '/home/brian/Projects/Cobot/ros2_cobot/install/cobot_interfaces/lib/python3.13/site-packages/cobot_interfaces/msg'...
[6.924s] Compiling '/home/brian/Projects/Cobot/ros2_cobot/install/cobot_interfaces/lib/python3.13/site-packages/cobot_interfaces/msg/__init__.py'...
[6.924s] Compiling '/home/brian/Projects/Cobot/ros2_cobot/install/cobot_interfaces/lib/python3.13/site-packages/cobot_interfaces/msg/_observation.py'...
[6.927s] -- Installing: /home/brian/Projects/Cobot/ros2_cobot/install/cobot_interfaces/lib/python3.13/site-packages/cobot_interfaces/cobot_interfaces_s__rosidl_typesupport_fastrtps_c.cpython-313-x86_64-linux-gnu.so
[6.927s] -- Set runtime path of "/home/brian/Projects/Cobot/ros2_cobot/install/cobot_interfaces/lib/python3.13/site-packages/cobot_interfaces/cobot_interfaces_s__rosidl_typesupport_fastrtps_c.cpython-313-x86_64-linux-gnu.so" to ""
[6.928s] -- Installing: /home/brian/Projects/Cobot/ros2_cobot/install/cobot_interfaces/lib/python3.13/site-packages/cobot_interfaces/cobot_interfaces_s__rosidl_typesupport_introspection_c.cpython-313-x86_64-linux-gnu.so
[6.928s] -- Set runtime path of "/home/brian/Projects/Cobot/ros2_cobot/install/cobot_interfaces/lib/python3.13/site-packages/cobot_interfaces/cobot_interfaces_s__rosidl_typesupport_introspection_c.cpython-313-x86_64-linux-gnu.so" to ""
[6.928s] -- Installing: /home/brian/Projects/Cobot/ros2_cobot/install/cobot_interfaces/lib/python3.13/site-packages/cobot_interfaces/cobot_interfaces_s__rosidl_typesupport_c.cpython-313-x86_64-linux-gnu.so
[6.928s] -- Set runtime path of "/home/brian/Projects/Cobot/ros2_cobot/install/cobot_interfaces/lib/python3.13/site-packages/cobot_interfaces/cobot_interfaces_s__rosidl_typesupport_c.cpython-313-x86_64-linux-gnu.so" to ""
[6.928s] -- Installing: /home/brian/Projects/Cobot/ros2_cobot/install/cobot_interfaces/lib/libcobot_interfaces__rosidl_generator_py.so
[6.928s] -- Set runtime path of "/home/brian/Projects/Cobot/ros2_cobot/install/cobot_interfaces/lib/libcobot_interfaces__rosidl_generator_py.so" to ""
[6.929s] -- Installing: /home/brian/Projects/Cobot/ros2_cobot/install/cobot_interfaces/share/ament_index/resource_index/rust_packages/cobot_interfaces
[6.929s] -- Installing: /home/brian/Projects/Cobot/ros2_cobot/install/cobot_interfaces/share/cobot_interfaces/rust
[6.929s] -- Installing: /home/brian/Projects/Cobot/ros2_cobot/install/cobot_interfaces/share/cobot_interfaces/rust/build.rs
[6.929s] -- Installing: /home/brian/Projects/Cobot/ros2_cobot/install/cobot_interfaces/share/cobot_interfaces/rust/Cargo.toml
[6.929s] -- Installing: /home/brian/Projects/Cobot/ros2_cobot/install/cobot_interfaces/share/cobot_interfaces/rust/src
[6.929s] -- Installing: /home/brian/Projects/Cobot/ros2_cobot/install/cobot_interfaces/share/cobot_interfaces/rust/src/msg.rs
[6.929s] -- Installing: /home/brian/Projects/Cobot/ros2_cobot/install/cobot_interfaces/share/cobot_interfaces/rust/src/lib.rs
[6.929s] -- Installing: /home/brian/Projects/Cobot/ros2_cobot/install/cobot_interfaces/share/cobot_interfaces/rust/src/msg
[6.929s] -- Installing: /home/brian/Projects/Cobot/ros2_cobot/install/cobot_interfaces/share/cobot_interfaces/rust/src/msg/rmw.rs
[6.929s] -- Installing: /home/brian/Projects/Cobot/ros2_cobot/install/cobot_interfaces/share/cobot_interfaces/msg/Observation.idl
[6.929s] -- Installing: /home/brian/Projects/Cobot/ros2_cobot/install/cobot_interfaces/share/cobot_interfaces/msg/Observation.msg
[6.929s] -- Installing: /home/brian/Projects/Cobot/ros2_cobot/install/cobot_interfaces/share/ament_index/resource_index/package_run_dependencies/cobot_interfaces
[6.929s] -- Installing: /home/brian/Projects/Cobot/ros2_cobot/install/cobot_interfaces/share/ament_index/resource_index/parent_prefix_path/cobot_interfaces
[6.930s] -- Installing: /home/brian/Projects/Cobot/ros2_cobot/install/cobot_interfaces/share/cobot_interfaces/environment/ament_prefix_path.sh
[6.930s] -- Installing: /home/brian/Projects/Cobot/ros2_cobot/install/cobot_interfaces/share/cobot_interfaces/environment/ament_prefix_path.dsv
[6.930s] -- Installing: /home/brian/Projects/Cobot/ros2_cobot/install/cobot_interfaces/share/cobot_interfaces/environment/path.sh
[6.930s] -- Installing: /home/brian/Projects/Cobot/ros2_cobot/install/cobot_interfaces/share/cobot_interfaces/environment/path.dsv
[6.930s] -- Installing: /home/brian/Projects/Cobot/ros2_cobot/install/cobot_interfaces/share/cobot_interfaces/local_setup.bash
[6.930s] -- Installing: /home/brian/Projects/Cobot/ros2_cobot/install/cobot_interfaces/share/cobot_interfaces/local_setup.sh
[6.930s] -- Installing: /home/brian/Projects/Cobot/ros2_cobot/install/cobot_interfaces/share/cobot_interfaces/local_setup.zsh
[6.930s] -- Installing: /home/brian/Projects/Cobot/ros2_cobot/install/cobot_interfaces/share/cobot_interfaces/local_setup.dsv
[6.930s] -- Installing: /home/brian/Projects/Cobot/ros2_cobot/install/cobot_interfaces/share/cobot_interfaces/package.dsv
[6.930s] -- Installing: /home/brian/Projects/Cobot/ros2_cobot/install/cobot_interfaces/share/ament_index/resource_index/packages/cobot_interfaces
[6.930s] -- Installing: /home/brian/Projects/Cobot/ros2_cobot/install/cobot_interfaces/share/cobot_interfaces/cmake/export_cobot_interfaces__rosidl_generator_cExport.cmake
[6.931s] -- Installing: /home/brian/Projects/Cobot/ros2_cobot/install/cobot_interfaces/share/cobot_interfaces/cmake/export_cobot_interfaces__rosidl_generator_cExport-noconfig.cmake
[6.931s] -- Installing: /home/brian/Projects/Cobot/ros2_cobot/install/cobot_interfaces/share/cobot_interfaces/cmake/export_cobot_interfaces__rosidl_typesupport_fastrtps_cExport.cmake
[6.931s] -- Installing: /home/brian/Projects/Cobot/ros2_cobot/install/cobot_interfaces/share/cobot_interfaces/cmake/export_cobot_interfaces__rosidl_typesupport_fastrtps_cExport-noconfig.cmake
[6.931s] -- Installing: /home/brian/Projects/Cobot/ros2_cobot/install/cobot_interfaces/share/cobot_interfaces/cmake/cobot_interfaces__rosidl_typesupport_introspection_cExport.cmake
[6.931s] -- Installing: /home/brian/Projects/Cobot/ros2_cobot/install/cobot_interfaces/share/cobot_interfaces/cmake/cobot_interfaces__rosidl_typesupport_introspection_cExport-noconfig.cmake
[6.931s] -- Installing: /home/brian/Projects/Cobot/ros2_cobot/install/cobot_interfaces/share/cobot_interfaces/cmake/cobot_interfaces__rosidl_typesupport_cExport.cmake
[6.931s] -- Installing: /home/brian/Projects/Cobot/ros2_cobot/install/cobot_interfaces/share/cobot_interfaces/cmake/cobot_interfaces__rosidl_typesupport_cExport-noconfig.cmake
[6.931s] -- Installing: /home/brian/Projects/Cobot/ros2_cobot/install/cobot_interfaces/share/cobot_interfaces/cmake/export_cobot_interfaces__rosidl_generator_cppExport.cmake
[6.931s] -- Installing: /home/brian/Projects/Cobot/ros2_cobot/install/cobot_interfaces/share/cobot_interfaces/cmake/export_cobot_interfaces__rosidl_typesupport_fastrtps_cppExport.cmake
[6.931s] -- Installing: /home/brian/Projects/Cobot/ros2_cobot/install/cobot_interfaces/share/cobot_interfaces/cmake/export_cobot_interfaces__rosidl_typesupport_fastrtps_cppExport-noconfig.cmake
[6.931s] -- Installing: /home/brian/Projects/Cobot/ros2_cobot/install/cobot_interfaces/share/cobot_interfaces/cmake/cobot_interfaces__rosidl_typesupport_introspection_cppExport.cmake
[6.932s] -- Installing: /home/brian/Projects/Cobot/ros2_cobot/install/cobot_interfaces/share/cobot_interfaces/cmake/cobot_interfaces__rosidl_typesupport_introspection_cppExport-noconfig.cmake
[6.932s] -- Installing: /home/brian/Projects/Cobot/ros2_cobot/install/cobot_interfaces/share/cobot_interfaces/cmake/cobot_interfaces__rosidl_typesupport_cppExport.cmake
[6.932s] -- Installing: /home/brian/Projects/Cobot/ros2_cobot/install/cobot_interfaces/share/cobot_interfaces/cmake/cobot_interfaces__rosidl_typesupport_cppExport-noconfig.cmake
[6.932s] -- Installing: /home/brian/Projects/Cobot/ros2_cobot/install/cobot_interfaces/share/cobot_interfaces/cmake/export_cobot_interfaces__rosidl_generator_pyExport.cmake
[6.932s] -- Installing: /home/brian/Projects/Cobot/ros2_cobot/install/cobot_interfaces/share/cobot_interfaces/cmake/export_cobot_interfaces__rosidl_generator_pyExport-noconfig.cmake
[6.932s] -- Installing: /home/brian/Projects/Cobot/ros2_cobot/install/cobot_interfaces/share/cobot_interfaces/cmake/rosidl_cmake-extras.cmake
[6.932s] -- Installing: /home/brian/Projects/Cobot/ros2_cobot/install/cobot_interfaces/share/cobot_interfaces/cmake/ament_cmake_export_include_directories-extras.cmake
[6.932s] -- Installing: /home/brian/Projects/Cobot/ros2_cobot/install/cobot_interfaces/share/cobot_interfaces/cmake/ament_cmake_export_libraries-extras.cmake
[6.932s] -- Installing: /home/brian/Projects/Cobot/ros2_cobot/install/cobot_interfaces/share/cobot_interfaces/cmake/ament_cmake_export_targets-extras.cmake
[6.932s] -- Installing: /home/brian/Projects/Cobot/ros2_cobot/install/cobot_interfaces/share/cobot_interfaces/cmake/rosidl_cmake_export_typesupport_targets-extras.cmake
[6.932s] -- Installing: /home/brian/Projects/Cobot/ros2_cobot/install/cobot_interfaces/share/cobot_interfaces/cmake/ament_cmake_export_dependencies-extras.cmake
[6.933s] -- Installing: /home/brian/Projects/Cobot/ros2_cobot/install/cobot_interfaces/share/cobot_interfaces/cmake/rosidl_cmake_export_typesupport_libraries-extras.cmake
[6.933s] -- Installing: /home/brian/Projects/Cobot/ros2_cobot/install/cobot_interfaces/share/cobot_interfaces/cmake/cobot_interfacesConfig.cmake
[6.933s] -- Installing: /home/brian/Projects/Cobot/ros2_cobot/install/cobot_interfaces/share/cobot_interfaces/cmake/cobot_interfacesConfig-version.cmake
[6.933s] -- Installing: /home/brian/Projects/Cobot/ros2_cobot/install/cobot_interfaces/share/cobot_interfaces/package.xml
[6.935s] Invoked command in '/home/brian/Projects/Cobot/ros2_cobot/build/cobot_interfaces' returned '0': CMAKE_PREFIX_PATH=/opt/ros/humble /usr/bin/cmake --install /home/brian/Projects/Cobot/ros2_cobot/build/cobot_interfaces
