[0.004s] Invoking command in '/home/brian/Projects/Cobot/ros2_cobot/build/cobot_interfaces': /usr/bin/cmake /home/brian/Projects/Cobot/ros2_cobot/src/cobot_interfaces -DCMAKE_INSTALL_PREFIX=/home/brian/Projects/Cobot/ros2_cobot/install/cobot_interfaces
[15.484s] -- The C compiler identification is GNU 11.4.0
[28.981s] -- The CXX compiler identification is GNU 11.4.0
[29.164s] -- Detecting C compiler ABI info
[30.405s] -- Detecting C compiler ABI info - done
[30.411s] -- Check for working C compiler: /usr/bin/cc - skipped
[30.411s] -- Detecting C compile features
[30.459s] -- Detecting C compile features - done
[30.462s] -- Detecting CXX compiler ABI info
[30.885s] -- Detecting CXX compiler ABI info - done
[30.891s] -- Check for working CXX compiler: /usr/bin/c++ - skipped
[30.891s] -- Detecting CXX compile features
[30.891s] -- Detecting CXX compile features - done
[30.893s] -- Found ament_cmake: 1.3.14 (/opt/ros/humble/share/ament_cmake/cmake)
[33.014s] -- Found Python3: /home/brian/miniconda3/bin/python3 (found version "3.13.13") found components: Interpreter 
[33.032s] Traceback (most recent call last):
[33.033s]   File "/opt/ros/humble/share/ament_cmake_core/cmake/package_templates/templates_2_cmake.py", line 21, in <module>
[33.033s]     from ament_package.templates import get_environment_hook_template_path
[33.034s] ModuleNotFoundError: No module named 'ament_package'
[33.037s] CMake Error at /opt/ros/humble/share/ament_cmake_core/cmake/ament_cmake_package_templates-extras.cmake:41 (message):
[33.037s]   execute_process(/home/brian/miniconda3/bin/python3
[33.037s]   /opt/ros/humble/share/ament_cmake_core/cmake/package_templates/templates_2_cmake.py
[33.037s]   /home/brian/Projects/Cobot/ros2_cobot/build/cobot_interfaces/ament_cmake_package_templates/templates.cmake)
[33.037s]   returned error code 1
[33.037s] Call Stack (most recent call first):
[33.037s]   /opt/ros/humble/share/ament_cmake_core/cmake/ament_cmake_coreConfig.cmake:41 (include)
[33.037s]   /opt/ros/humble/share/ament_cmake/cmake/ament_cmake_export_dependencies-extras.cmake:15 (find_package)
[33.037s]   /opt/ros/humble/share/ament_cmake/cmake/ament_cmakeConfig.cmake:41 (include)
[33.038s]   CMakeLists.txt:9 (find_package)
[33.038s] 
[33.038s] 
[33.038s] -- Configuring incomplete, errors occurred!
[33.038s] See also "/home/brian/Projects/Cobot/ros2_cobot/build/cobot_interfaces/CMakeFiles/CMakeOutput.log".
[33.040s] Invoked command in '/home/brian/Projects/Cobot/ros2_cobot/build/cobot_interfaces' returned '1': /usr/bin/cmake /home/brian/Projects/Cobot/ros2_cobot/src/cobot_interfaces -DCMAKE_INSTALL_PREFIX=/home/brian/Projects/Cobot/ros2_cobot/install/cobot_interfaces
