[0.075s] DEBUG:colcon:Command line arguments: ['/usr/bin/colcon', 'build', '--packages-select', 'cobot_interfaces']
[0.075s] DEBUG:colcon:Parsed command line arguments: Namespace(log_base=None, log_level=None, verb_name='build', build_base='build', install_base='install', merge_install=False, symlink_install=False, test_result_base=None, continue_on_error=False, executor='parallel', parallel_workers=16, event_handlers=None, ignore_user_meta=False, metas=['./colcon.meta'], base_paths=['.'], packages_ignore=None, packages_ignore_regex=None, paths=None, packages_up_to=None, packages_up_to_regex=None, packages_above=None, packages_above_and_dependencies=None, packages_above_depth=None, packages_select_by_dep=None, packages_skip_by_dep=None, packages_skip_up_to=None, packages_select_build_failed=False, packages_skip_build_finished=False, packages_select_test_failures=False, packages_skip_test_passed=False, packages_select=['cobot_interfaces'], packages_skip=None, packages_select_regex=None, packages_skip_regex=None, packages_start=None, packages_end=None, allow_overriding=[], cmake_args=None, cmake_target=None, cmake_target_skip_unavailable=False, cmake_clean_cache=False, cmake_clean_first=False, cmake_force_configure=False, ament_cmake_args=None, catkin_cmake_args=None, catkin_skip_building_tests=False, verb_parser=<colcon_defaults.argument_parser.defaults.DefaultArgumentsDecorator object at 0x74bd1b60ba60>, verb_extension=<colcon_core.verb.build.BuildVerb object at 0x74bd1b60b580>, main=<bound method BuildVerb.main of <colcon_core.verb.build.BuildVerb object at 0x74bd1b60b580>>)
[0.192s] Level 1:colcon.colcon_core.package_discovery:discover_packages(colcon_meta) check parameters
[0.192s] Level 1:colcon.colcon_core.package_discovery:discover_packages(recursive) check parameters
[0.192s] Level 1:colcon.colcon_core.package_discovery:discover_packages(ignore) check parameters
[0.192s] Level 1:colcon.colcon_core.package_discovery:discover_packages(path) check parameters
[0.192s] Level 1:colcon.colcon_core.package_discovery:discover_packages(colcon_meta) discover
[0.192s] Level 1:colcon.colcon_core.package_discovery:discover_packages(recursive) discover
[0.192s] INFO:colcon.colcon_core.package_discovery:Crawling recursively for packages in '/home/brian/Projects/Cobot/ros2_cobot'
[0.192s] Level 1:colcon.colcon_core.package_identification:_identify(.) by extensions ['ignore', 'ignore_ament_install']
[0.192s] Level 1:colcon.colcon_core.package_identification:_identify(.) by extension 'ignore'
[0.192s] Level 1:colcon.colcon_core.package_identification:_identify(.) by extension 'ignore_ament_install'
[0.192s] Level 1:colcon.colcon_core.package_identification:_identify(.) by extensions ['colcon_pkg']
[0.192s] Level 1:colcon.colcon_core.package_identification:_identify(.) by extension 'colcon_pkg'
[0.192s] Level 1:colcon.colcon_core.package_identification:_identify(.) by extensions ['colcon_meta']
[0.192s] Level 1:colcon.colcon_core.package_identification:_identify(.) by extension 'colcon_meta'
[0.192s] Level 1:colcon.colcon_core.package_identification:_identify(.) by extensions ['ros']
[0.192s] Level 1:colcon.colcon_core.package_identification:_identify(.) by extension 'ros'
[0.219s] Level 1:colcon.colcon_core.package_identification:_identify(.) by extensions ['cmake', 'python']
[0.220s] Level 1:colcon.colcon_core.package_identification:_identify(.) by extension 'cmake'
[0.220s] Level 1:colcon.colcon_core.package_identification:_identify(.) by extension 'python'
[0.220s] Level 1:colcon.colcon_core.package_identification:_identify(.) by extensions ['python_setup_py']
[0.220s] Level 1:colcon.colcon_core.package_identification:_identify(.) by extension 'python_setup_py'
[0.220s] Level 1:colcon.colcon_core.package_identification:_identify(build) by extensions ['ignore', 'ignore_ament_install']
[0.220s] Level 1:colcon.colcon_core.package_identification:_identify(build) by extension 'ignore'
[0.220s] Level 1:colcon.colcon_core.package_identification:_identify(build) ignored
[0.220s] Level 1:colcon.colcon_core.package_identification:_identify(install) by extensions ['ignore', 'ignore_ament_install']
[0.220s] Level 1:colcon.colcon_core.package_identification:_identify(install) by extension 'ignore'
[0.220s] Level 1:colcon.colcon_core.package_identification:_identify(install) ignored
[0.220s] Level 1:colcon.colcon_core.package_identification:_identify(isaacLab) by extensions ['ignore', 'ignore_ament_install']
[0.220s] Level 1:colcon.colcon_core.package_identification:_identify(isaacLab) by extension 'ignore'
[0.220s] Level 1:colcon.colcon_core.package_identification:_identify(isaacLab) by extension 'ignore_ament_install'
[0.220s] Level 1:colcon.colcon_core.package_identification:_identify(isaacLab) by extensions ['colcon_pkg']
[0.220s] Level 1:colcon.colcon_core.package_identification:_identify(isaacLab) by extension 'colcon_pkg'
[0.220s] Level 1:colcon.colcon_core.package_identification:_identify(isaacLab) by extensions ['colcon_meta']
[0.220s] Level 1:colcon.colcon_core.package_identification:_identify(isaacLab) by extension 'colcon_meta'
[0.220s] Level 1:colcon.colcon_core.package_identification:_identify(isaacLab) by extensions ['ros']
[0.220s] Level 1:colcon.colcon_core.package_identification:_identify(isaacLab) by extension 'ros'
[0.221s] Level 1:colcon.colcon_core.package_identification:_identify(isaacLab) by extensions ['cmake', 'python']
[0.221s] Level 1:colcon.colcon_core.package_identification:_identify(isaacLab) by extension 'cmake'
[0.221s] Level 1:colcon.colcon_core.package_identification:_identify(isaacLab) by extension 'python'
[0.221s] Level 1:colcon.colcon_core.package_identification:_identify(isaacLab) by extensions ['python_setup_py']
[0.221s] Level 1:colcon.colcon_core.package_identification:_identify(isaacLab) by extension 'python_setup_py'
[0.221s] Level 1:colcon.colcon_core.package_identification:_identify(isaacLab/runs) by extensions ['ignore', 'ignore_ament_install']
[0.221s] Level 1:colcon.colcon_core.package_identification:_identify(isaacLab/runs) by extension 'ignore'
[0.221s] Level 1:colcon.colcon_core.package_identification:_identify(isaacLab/runs) by extension 'ignore_ament_install'
[0.221s] Level 1:colcon.colcon_core.package_identification:_identify(isaacLab/runs) by extensions ['colcon_pkg']
[0.221s] Level 1:colcon.colcon_core.package_identification:_identify(isaacLab/runs) by extension 'colcon_pkg'
[0.221s] Level 1:colcon.colcon_core.package_identification:_identify(isaacLab/runs) by extensions ['colcon_meta']
[0.221s] Level 1:colcon.colcon_core.package_identification:_identify(isaacLab/runs) by extension 'colcon_meta'
[0.221s] Level 1:colcon.colcon_core.package_identification:_identify(isaacLab/runs) by extensions ['ros']
[0.221s] Level 1:colcon.colcon_core.package_identification:_identify(isaacLab/runs) by extension 'ros'
[0.221s] Level 1:colcon.colcon_core.package_identification:_identify(isaacLab/runs) by extensions ['cmake', 'python']
[0.221s] Level 1:colcon.colcon_core.package_identification:_identify(isaacLab/runs) by extension 'cmake'
[0.221s] Level 1:colcon.colcon_core.package_identification:_identify(isaacLab/runs) by extension 'python'
[0.221s] Level 1:colcon.colcon_core.package_identification:_identify(isaacLab/runs) by extensions ['python_setup_py']
[0.221s] Level 1:colcon.colcon_core.package_identification:_identify(isaacLab/runs) by extension 'python_setup_py'
[0.221s] Level 1:colcon.colcon_core.package_identification:_identify(isaacLab/runs/Saves) by extensions ['ignore', 'ignore_ament_install']
[0.221s] Level 1:colcon.colcon_core.package_identification:_identify(isaacLab/runs/Saves) by extension 'ignore'
[0.221s] Level 1:colcon.colcon_core.package_identification:_identify(isaacLab/runs/Saves) by extension 'ignore_ament_install'
[0.221s] Level 1:colcon.colcon_core.package_identification:_identify(isaacLab/runs/Saves) by extensions ['colcon_pkg']
[0.221s] Level 1:colcon.colcon_core.package_identification:_identify(isaacLab/runs/Saves) by extension 'colcon_pkg'
[0.222s] Level 1:colcon.colcon_core.package_identification:_identify(isaacLab/runs/Saves) by extensions ['colcon_meta']
[0.222s] Level 1:colcon.colcon_core.package_identification:_identify(isaacLab/runs/Saves) by extension 'colcon_meta'
[0.222s] Level 1:colcon.colcon_core.package_identification:_identify(isaacLab/runs/Saves) by extensions ['ros']
[0.222s] Level 1:colcon.colcon_core.package_identification:_identify(isaacLab/runs/Saves) by extension 'ros'
[0.222s] Level 1:colcon.colcon_core.package_identification:_identify(isaacLab/runs/Saves) by extensions ['cmake', 'python']
[0.222s] Level 1:colcon.colcon_core.package_identification:_identify(isaacLab/runs/Saves) by extension 'cmake'
[0.222s] Level 1:colcon.colcon_core.package_identification:_identify(isaacLab/runs/Saves) by extension 'python'
[0.222s] Level 1:colcon.colcon_core.package_identification:_identify(isaacLab/runs/Saves) by extensions ['python_setup_py']
[0.222s] Level 1:colcon.colcon_core.package_identification:_identify(isaacLab/runs/Saves) by extension 'python_setup_py'
[0.222s] Level 1:colcon.colcon_core.package_identification:_identify(isaacLab/runs/Saves/Dance) by extensions ['ignore', 'ignore_ament_install']
[0.222s] Level 1:colcon.colcon_core.package_identification:_identify(isaacLab/runs/Saves/Dance) by extension 'ignore'
[0.222s] Level 1:colcon.colcon_core.package_identification:_identify(isaacLab/runs/Saves/Dance) by extension 'ignore_ament_install'
[0.222s] Level 1:colcon.colcon_core.package_identification:_identify(isaacLab/runs/Saves/Dance) by extensions ['colcon_pkg']
[0.222s] Level 1:colcon.colcon_core.package_identification:_identify(isaacLab/runs/Saves/Dance) by extension 'colcon_pkg'
[0.222s] Level 1:colcon.colcon_core.package_identification:_identify(isaacLab/runs/Saves/Dance) by extensions ['colcon_meta']
[0.222s] Level 1:colcon.colcon_core.package_identification:_identify(isaacLab/runs/Saves/Dance) by extension 'colcon_meta'
[0.222s] Level 1:colcon.colcon_core.package_identification:_identify(isaacLab/runs/Saves/Dance) by extensions ['ros']
[0.222s] Level 1:colcon.colcon_core.package_identification:_identify(isaacLab/runs/Saves/Dance) by extension 'ros'
[0.222s] Level 1:colcon.colcon_core.package_identification:_identify(isaacLab/runs/Saves/Dance) by extensions ['cmake', 'python']
[0.222s] Level 1:colcon.colcon_core.package_identification:_identify(isaacLab/runs/Saves/Dance) by extension 'cmake'
[0.222s] Level 1:colcon.colcon_core.package_identification:_identify(isaacLab/runs/Saves/Dance) by extension 'python'
[0.222s] Level 1:colcon.colcon_core.package_identification:_identify(isaacLab/runs/Saves/Dance) by extensions ['python_setup_py']
[0.222s] Level 1:colcon.colcon_core.package_identification:_identify(isaacLab/runs/Saves/Dance) by extension 'python_setup_py'
[0.222s] Level 1:colcon.colcon_core.package_identification:_identify(isaacLab/runs/cobot) by extensions ['ignore', 'ignore_ament_install']
[0.222s] Level 1:colcon.colcon_core.package_identification:_identify(isaacLab/runs/cobot) by extension 'ignore'
[0.223s] Level 1:colcon.colcon_core.package_identification:_identify(isaacLab/runs/cobot) by extension 'ignore_ament_install'
[0.223s] Level 1:colcon.colcon_core.package_identification:_identify(isaacLab/runs/cobot) by extensions ['colcon_pkg']
[0.223s] Level 1:colcon.colcon_core.package_identification:_identify(isaacLab/runs/cobot) by extension 'colcon_pkg'
[0.223s] Level 1:colcon.colcon_core.package_identification:_identify(isaacLab/runs/cobot) by extensions ['colcon_meta']
[0.223s] Level 1:colcon.colcon_core.package_identification:_identify(isaacLab/runs/cobot) by extension 'colcon_meta'
[0.223s] Level 1:colcon.colcon_core.package_identification:_identify(isaacLab/runs/cobot) by extensions ['ros']
[0.223s] Level 1:colcon.colcon_core.package_identification:_identify(isaacLab/runs/cobot) by extension 'ros'
[0.223s] Level 1:colcon.colcon_core.package_identification:_identify(isaacLab/runs/cobot) by extensions ['cmake', 'python']
[0.223s] Level 1:colcon.colcon_core.package_identification:_identify(isaacLab/runs/cobot) by extension 'cmake'
[0.223s] Level 1:colcon.colcon_core.package_identification:_identify(isaacLab/runs/cobot) by extension 'python'
[0.223s] Level 1:colcon.colcon_core.package_identification:_identify(isaacLab/runs/cobot) by extensions ['python_setup_py']
[0.223s] Level 1:colcon.colcon_core.package_identification:_identify(isaacLab/runs/cobot) by extension 'python_setup_py'
[0.223s] Level 1:colcon.colcon_core.package_identification:_identify(isaacLab/runs/cobot/26-06-28_20-01-51-350802_PPO) by extensions ['ignore', 'ignore_ament_install']
[0.223s] Level 1:colcon.colcon_core.package_identification:_identify(isaacLab/runs/cobot/26-06-28_20-01-51-350802_PPO) by extension 'ignore'
[0.223s] Level 1:colcon.colcon_core.package_identification:_identify(isaacLab/runs/cobot/26-06-28_20-01-51-350802_PPO) by extension 'ignore_ament_install'
[0.223s] Level 1:colcon.colcon_core.package_identification:_identify(isaacLab/runs/cobot/26-06-28_20-01-51-350802_PPO) by extensions ['colcon_pkg']
[0.223s] Level 1:colcon.colcon_core.package_identification:_identify(isaacLab/runs/cobot/26-06-28_20-01-51-350802_PPO) by extension 'colcon_pkg'
[0.223s] Level 1:colcon.colcon_core.package_identification:_identify(isaacLab/runs/cobot/26-06-28_20-01-51-350802_PPO) by extensions ['colcon_meta']
[0.223s] Level 1:colcon.colcon_core.package_identification:_identify(isaacLab/runs/cobot/26-06-28_20-01-51-350802_PPO) by extension 'colcon_meta'
[0.223s] Level 1:colcon.colcon_core.package_identification:_identify(isaacLab/runs/cobot/26-06-28_20-01-51-350802_PPO) by extensions ['ros']
[0.223s] Level 1:colcon.colcon_core.package_identification:_identify(isaacLab/runs/cobot/26-06-28_20-01-51-350802_PPO) by extension 'ros'
[0.223s] Level 1:colcon.colcon_core.package_identification:_identify(isaacLab/runs/cobot/26-06-28_20-01-51-350802_PPO) by extensions ['cmake', 'python']
[0.223s] Level 1:colcon.colcon_core.package_identification:_identify(isaacLab/runs/cobot/26-06-28_20-01-51-350802_PPO) by extension 'cmake'
[0.223s] Level 1:colcon.colcon_core.package_identification:_identify(isaacLab/runs/cobot/26-06-28_20-01-51-350802_PPO) by extension 'python'
[0.223s] Level 1:colcon.colcon_core.package_identification:_identify(isaacLab/runs/cobot/26-06-28_20-01-51-350802_PPO) by extensions ['python_setup_py']
[0.223s] Level 1:colcon.colcon_core.package_identification:_identify(isaacLab/runs/cobot/26-06-28_20-01-51-350802_PPO) by extension 'python_setup_py'
[0.224s] Level 1:colcon.colcon_core.package_identification:_identify(isaacLab/runs/cobot/26-06-28_20-01-51-350802_PPO/checkpoints) by extensions ['ignore', 'ignore_ament_install']
[0.224s] Level 1:colcon.colcon_core.package_identification:_identify(isaacLab/runs/cobot/26-06-28_20-01-51-350802_PPO/checkpoints) by extension 'ignore'
[0.224s] Level 1:colcon.colcon_core.package_identification:_identify(isaacLab/runs/cobot/26-06-28_20-01-51-350802_PPO/checkpoints) by extension 'ignore_ament_install'
[0.224s] Level 1:colcon.colcon_core.package_identification:_identify(isaacLab/runs/cobot/26-06-28_20-01-51-350802_PPO/checkpoints) by extensions ['colcon_pkg']
[0.224s] Level 1:colcon.colcon_core.package_identification:_identify(isaacLab/runs/cobot/26-06-28_20-01-51-350802_PPO/checkpoints) by extension 'colcon_pkg'
[0.224s] Level 1:colcon.colcon_core.package_identification:_identify(isaacLab/runs/cobot/26-06-28_20-01-51-350802_PPO/checkpoints) by extensions ['colcon_meta']
[0.224s] Level 1:colcon.colcon_core.package_identification:_identify(isaacLab/runs/cobot/26-06-28_20-01-51-350802_PPO/checkpoints) by extension 'colcon_meta'
[0.224s] Level 1:colcon.colcon_core.package_identification:_identify(isaacLab/runs/cobot/26-06-28_20-01-51-350802_PPO/checkpoints) by extensions ['ros']
[0.224s] Level 1:colcon.colcon_core.package_identification:_identify(isaacLab/runs/cobot/26-06-28_20-01-51-350802_PPO/checkpoints) by extension 'ros'
[0.224s] Level 1:colcon.colcon_core.package_identification:_identify(isaacLab/runs/cobot/26-06-28_20-01-51-350802_PPO/checkpoints) by extensions ['cmake', 'python']
[0.224s] Level 1:colcon.colcon_core.package_identification:_identify(isaacLab/runs/cobot/26-06-28_20-01-51-350802_PPO/checkpoints) by extension 'cmake'
[0.224s] Level 1:colcon.colcon_core.package_identification:_identify(isaacLab/runs/cobot/26-06-28_20-01-51-350802_PPO/checkpoints) by extension 'python'
[0.224s] Level 1:colcon.colcon_core.package_identification:_identify(isaacLab/runs/cobot/26-06-28_20-01-51-350802_PPO/checkpoints) by extensions ['python_setup_py']
[0.224s] Level 1:colcon.colcon_core.package_identification:_identify(isaacLab/runs/cobot/26-06-28_20-01-51-350802_PPO/checkpoints) by extension 'python_setup_py'
[0.224s] Level 1:colcon.colcon_core.package_identification:_identify(isaacLab/runs/cobot/26-06-28_20-04-07-577843_PPO) by extensions ['ignore', 'ignore_ament_install']
[0.224s] Level 1:colcon.colcon_core.package_identification:_identify(isaacLab/runs/cobot/26-06-28_20-04-07-577843_PPO) by extension 'ignore'
[0.224s] Level 1:colcon.colcon_core.package_identification:_identify(isaacLab/runs/cobot/26-06-28_20-04-07-577843_PPO) by extension 'ignore_ament_install'
[0.224s] Level 1:colcon.colcon_core.package_identification:_identify(isaacLab/runs/cobot/26-06-28_20-04-07-577843_PPO) by extensions ['colcon_pkg']
[0.224s] Level 1:colcon.colcon_core.package_identification:_identify(isaacLab/runs/cobot/26-06-28_20-04-07-577843_PPO) by extension 'colcon_pkg'
[0.224s] Level 1:colcon.colcon_core.package_identification:_identify(isaacLab/runs/cobot/26-06-28_20-04-07-577843_PPO) by extensions ['colcon_meta']
[0.224s] Level 1:colcon.colcon_core.package_identification:_identify(isaacLab/runs/cobot/26-06-28_20-04-07-577843_PPO) by extension 'colcon_meta'
[0.224s] Level 1:colcon.colcon_core.package_identification:_identify(isaacLab/runs/cobot/26-06-28_20-04-07-577843_PPO) by extensions ['ros']
[0.224s] Level 1:colcon.colcon_core.package_identification:_identify(isaacLab/runs/cobot/26-06-28_20-04-07-577843_PPO) by extension 'ros'
[0.225s] Level 1:colcon.colcon_core.package_identification:_identify(isaacLab/runs/cobot/26-06-28_20-04-07-577843_PPO) by extensions ['cmake', 'python']
[0.225s] Level 1:colcon.colcon_core.package_identification:_identify(isaacLab/runs/cobot/26-06-28_20-04-07-577843_PPO) by extension 'cmake'
[0.225s] Level 1:colcon.colcon_core.package_identification:_identify(isaacLab/runs/cobot/26-06-28_20-04-07-577843_PPO) by extension 'python'
[0.225s] Level 1:colcon.colcon_core.package_identification:_identify(isaacLab/runs/cobot/26-06-28_20-04-07-577843_PPO) by extensions ['python_setup_py']
[0.225s] Level 1:colcon.colcon_core.package_identification:_identify(isaacLab/runs/cobot/26-06-28_20-04-07-577843_PPO) by extension 'python_setup_py'
[0.225s] Level 1:colcon.colcon_core.package_identification:_identify(isaacLab/runs/cobot/26-06-28_20-04-07-577843_PPO/checkpoints) by extensions ['ignore', 'ignore_ament_install']
[0.225s] Level 1:colcon.colcon_core.package_identification:_identify(isaacLab/runs/cobot/26-06-28_20-04-07-577843_PPO/checkpoints) by extension 'ignore'
[0.225s] Level 1:colcon.colcon_core.package_identification:_identify(isaacLab/runs/cobot/26-06-28_20-04-07-577843_PPO/checkpoints) by extension 'ignore_ament_install'
[0.225s] Level 1:colcon.colcon_core.package_identification:_identify(isaacLab/runs/cobot/26-06-28_20-04-07-577843_PPO/checkpoints) by extensions ['colcon_pkg']
[0.225s] Level 1:colcon.colcon_core.package_identification:_identify(isaacLab/runs/cobot/26-06-28_20-04-07-577843_PPO/checkpoints) by extension 'colcon_pkg'
[0.225s] Level 1:colcon.colcon_core.package_identification:_identify(isaacLab/runs/cobot/26-06-28_20-04-07-577843_PPO/checkpoints) by extensions ['colcon_meta']
[0.225s] Level 1:colcon.colcon_core.package_identification:_identify(isaacLab/runs/cobot/26-06-28_20-04-07-577843_PPO/checkpoints) by extension 'colcon_meta'
[0.225s] Level 1:colcon.colcon_core.package_identification:_identify(isaacLab/runs/cobot/26-06-28_20-04-07-577843_PPO/checkpoints) by extensions ['ros']
[0.225s] Level 1:colcon.colcon_core.package_identification:_identify(isaacLab/runs/cobot/26-06-28_20-04-07-577843_PPO/checkpoints) by extension 'ros'
[0.225s] Level 1:colcon.colcon_core.package_identification:_identify(isaacLab/runs/cobot/26-06-28_20-04-07-577843_PPO/checkpoints) by extensions ['cmake', 'python']
[0.225s] Level 1:colcon.colcon_core.package_identification:_identify(isaacLab/runs/cobot/26-06-28_20-04-07-577843_PPO/checkpoints) by extension 'cmake'
[0.225s] Level 1:colcon.colcon_core.package_identification:_identify(isaacLab/runs/cobot/26-06-28_20-04-07-577843_PPO/checkpoints) by extension 'python'
[0.225s] Level 1:colcon.colcon_core.package_identification:_identify(isaacLab/runs/cobot/26-06-28_20-04-07-577843_PPO/checkpoints) by extensions ['python_setup_py']
[0.225s] Level 1:colcon.colcon_core.package_identification:_identify(isaacLab/runs/cobot/26-06-28_20-04-07-577843_PPO/checkpoints) by extension 'python_setup_py'
[0.225s] Level 1:colcon.colcon_core.package_identification:_identify(log) by extensions ['ignore', 'ignore_ament_install']
[0.225s] Level 1:colcon.colcon_core.package_identification:_identify(log) by extension 'ignore'
[0.226s] Level 1:colcon.colcon_core.package_identification:_identify(log) ignored
[0.226s] Level 1:colcon.colcon_core.package_identification:_identify(src) by extensions ['ignore', 'ignore_ament_install']
[0.226s] Level 1:colcon.colcon_core.package_identification:_identify(src) by extension 'ignore'
[0.226s] Level 1:colcon.colcon_core.package_identification:_identify(src) by extension 'ignore_ament_install'
[0.226s] Level 1:colcon.colcon_core.package_identification:_identify(src) by extensions ['colcon_pkg']
[0.226s] Level 1:colcon.colcon_core.package_identification:_identify(src) by extension 'colcon_pkg'
[0.226s] Level 1:colcon.colcon_core.package_identification:_identify(src) by extensions ['colcon_meta']
[0.226s] Level 1:colcon.colcon_core.package_identification:_identify(src) by extension 'colcon_meta'
[0.226s] Level 1:colcon.colcon_core.package_identification:_identify(src) by extensions ['ros']
[0.226s] Level 1:colcon.colcon_core.package_identification:_identify(src) by extension 'ros'
[0.226s] Level 1:colcon.colcon_core.package_identification:_identify(src) by extensions ['cmake', 'python']
[0.226s] Level 1:colcon.colcon_core.package_identification:_identify(src) by extension 'cmake'
[0.226s] Level 1:colcon.colcon_core.package_identification:_identify(src) by extension 'python'
[0.226s] Level 1:colcon.colcon_core.package_identification:_identify(src) by extensions ['python_setup_py']
[0.226s] Level 1:colcon.colcon_core.package_identification:_identify(src) by extension 'python_setup_py'
[0.226s] Level 1:colcon.colcon_core.package_identification:_identify(src/cobot_control) by extensions ['ignore', 'ignore_ament_install']
[0.226s] Level 1:colcon.colcon_core.package_identification:_identify(src/cobot_control) by extension 'ignore'
[0.226s] Level 1:colcon.colcon_core.package_identification:_identify(src/cobot_control) by extension 'ignore_ament_install'
[0.226s] Level 1:colcon.colcon_core.package_identification:_identify(src/cobot_control) by extensions ['colcon_pkg']
[0.226s] Level 1:colcon.colcon_core.package_identification:_identify(src/cobot_control) by extension 'colcon_pkg'
[0.226s] Level 1:colcon.colcon_core.package_identification:_identify(src/cobot_control) by extensions ['colcon_meta']
[0.226s] Level 1:colcon.colcon_core.package_identification:_identify(src/cobot_control) by extension 'colcon_meta'
[0.226s] Level 1:colcon.colcon_core.package_identification:_identify(src/cobot_control) by extensions ['ros']
[0.226s] Level 1:colcon.colcon_core.package_identification:_identify(src/cobot_control) by extension 'ros'
[0.228s] DEBUG:colcon.colcon_core.package_identification:Package 'src/cobot_control' with type 'ros.ament_python' and name 'cobot_control'
[0.229s] Level 1:colcon.colcon_core.package_identification:_identify(src/cobot_description) by extensions ['ignore', 'ignore_ament_install']
[0.229s] Level 1:colcon.colcon_core.package_identification:_identify(src/cobot_description) by extension 'ignore'
[0.229s] Level 1:colcon.colcon_core.package_identification:_identify(src/cobot_description) by extension 'ignore_ament_install'
[0.229s] Level 1:colcon.colcon_core.package_identification:_identify(src/cobot_description) by extensions ['colcon_pkg']
[0.229s] Level 1:colcon.colcon_core.package_identification:_identify(src/cobot_description) by extension 'colcon_pkg'
[0.229s] Level 1:colcon.colcon_core.package_identification:_identify(src/cobot_description) by extensions ['colcon_meta']
[0.229s] Level 1:colcon.colcon_core.package_identification:_identify(src/cobot_description) by extension 'colcon_meta'
[0.229s] Level 1:colcon.colcon_core.package_identification:_identify(src/cobot_description) by extensions ['ros']
[0.229s] Level 1:colcon.colcon_core.package_identification:_identify(src/cobot_description) by extension 'ros'
[0.229s] DEBUG:colcon.colcon_core.package_identification:Package 'src/cobot_description' with type 'ros.ament_cmake' and name 'cobot_description'
[0.229s] Level 1:colcon.colcon_core.package_identification:_identify(src/cobot_interfaces) by extensions ['ignore', 'ignore_ament_install']
[0.229s] Level 1:colcon.colcon_core.package_identification:_identify(src/cobot_interfaces) by extension 'ignore'
[0.229s] Level 1:colcon.colcon_core.package_identification:_identify(src/cobot_interfaces) by extension 'ignore_ament_install'
[0.229s] Level 1:colcon.colcon_core.package_identification:_identify(src/cobot_interfaces) by extensions ['colcon_pkg']
[0.230s] Level 1:colcon.colcon_core.package_identification:_identify(src/cobot_interfaces) by extension 'colcon_pkg'
[0.230s] Level 1:colcon.colcon_core.package_identification:_identify(src/cobot_interfaces) by extensions ['colcon_meta']
[0.230s] Level 1:colcon.colcon_core.package_identification:_identify(src/cobot_interfaces) by extension 'colcon_meta'
[0.230s] Level 1:colcon.colcon_core.package_identification:_identify(src/cobot_interfaces) by extensions ['ros']
[0.230s] Level 1:colcon.colcon_core.package_identification:_identify(src/cobot_interfaces) by extension 'ros'
[0.230s] DEBUG:colcon.colcon_core.package_identification:Package 'src/cobot_interfaces' with type 'ros.ament_cmake' and name 'cobot_interfaces'
[0.230s] Level 1:colcon.colcon_core.package_discovery:discover_packages(recursive) using defaults
[0.230s] Level 1:colcon.colcon_core.package_discovery:discover_packages(ignore) discover
[0.230s] Level 1:colcon.colcon_core.package_discovery:discover_packages(ignore) using defaults
[0.230s] Level 1:colcon.colcon_core.package_discovery:discover_packages(path) discover
[0.230s] Level 1:colcon.colcon_core.package_discovery:discover_packages(path) using defaults
[0.244s] INFO:colcon.colcon_core.package_selection:Skipping not selected package 'cobot_control' in 'src/cobot_control'
[0.244s] INFO:colcon.colcon_core.package_selection:Skipping not selected package 'cobot_description' in 'src/cobot_description'
[0.244s] Level 1:colcon.colcon_core.package_discovery:discover_packages(prefix_path) check parameters
[0.244s] Level 1:colcon.colcon_core.package_discovery:discover_packages(prefix_path) discover
[0.245s] DEBUG:colcon.colcon_installed_package_information.package_discovery:Found 3 installed packages in /home/brian/Projects/Cobot/ros2_cobot/install
[0.246s] DEBUG:colcon.colcon_installed_package_information.package_discovery:Found 273 installed packages in /opt/ros/humble
[0.248s] Level 1:colcon.colcon_core.package_discovery:discover_packages(prefix_path) using defaults
[0.274s] Level 5:colcon.colcon_core.verb:set package 'cobot_interfaces' build argument 'cmake_args' from command line to 'None'
[0.274s] Level 5:colcon.colcon_core.verb:set package 'cobot_interfaces' build argument 'cmake_target' from command line to 'None'
[0.274s] Level 5:colcon.colcon_core.verb:set package 'cobot_interfaces' build argument 'cmake_target_skip_unavailable' from command line to 'False'
[0.274s] Level 5:colcon.colcon_core.verb:set package 'cobot_interfaces' build argument 'cmake_clean_cache' from command line to 'False'
[0.274s] Level 5:colcon.colcon_core.verb:set package 'cobot_interfaces' build argument 'cmake_clean_first' from command line to 'False'
[0.274s] Level 5:colcon.colcon_core.verb:set package 'cobot_interfaces' build argument 'cmake_force_configure' from command line to 'False'
[0.274s] Level 5:colcon.colcon_core.verb:set package 'cobot_interfaces' build argument 'ament_cmake_args' from command line to 'None'
[0.274s] Level 5:colcon.colcon_core.verb:set package 'cobot_interfaces' build argument 'catkin_cmake_args' from command line to 'None'
[0.274s] Level 5:colcon.colcon_core.verb:set package 'cobot_interfaces' build argument 'catkin_skip_building_tests' from command line to 'False'
[0.274s] DEBUG:colcon.colcon_core.verb:Building package 'cobot_interfaces' with the following arguments: {'ament_cmake_args': None, 'build_base': '/home/brian/Projects/Cobot/ros2_cobot/build/cobot_interfaces', 'catkin_cmake_args': None, 'catkin_skip_building_tests': False, 'cmake_args': None, 'cmake_clean_cache': False, 'cmake_clean_first': False, 'cmake_force_configure': False, 'cmake_target': None, 'cmake_target_skip_unavailable': False, 'install_base': '/home/brian/Projects/Cobot/ros2_cobot/install/cobot_interfaces', 'merge_install': False, 'path': '/home/brian/Projects/Cobot/ros2_cobot/src/cobot_interfaces', 'symlink_install': False, 'test_result_base': None}
[0.274s] INFO:colcon.colcon_core.executor:Executing jobs using 'parallel' executor
[0.275s] DEBUG:colcon.colcon_parallel_executor.executor.parallel:run_until_complete
[0.275s] INFO:colcon.colcon_ros.task.ament_cmake.build:Building ROS package in '/home/brian/Projects/Cobot/ros2_cobot/src/cobot_interfaces' with build type 'ament_cmake'
[0.275s] INFO:colcon.colcon_cmake.task.cmake.build:Building CMake package in '/home/brian/Projects/Cobot/ros2_cobot/src/cobot_interfaces'
[0.277s] INFO:colcon.colcon_core.plugin_system:Skipping extension 'colcon_core.shell.bat': Not used on non-Windows systems
[0.277s] INFO:colcon.colcon_core.shell:Skip shell extension 'powershell' for command environment: Not usable outside of PowerShell
[0.277s] DEBUG:colcon.colcon_core.shell:Skip shell extension 'dsv' for command environment
[0.283s] DEBUG:colcon.colcon_core.event_handler.log_command:Invoking command in '/home/brian/Projects/Cobot/ros2_cobot/build/cobot_interfaces': CMAKE_PREFIX_PATH=${CMAKE_PREFIX_PATH}:/home/brian/Projects/Cobot/ros2_cobot/install/cobot_control:/opt/ros/humble CONDA_PROMPT_MODIFIER=(base) /usr/bin/cmake --build /home/brian/Projects/Cobot/ros2_cobot/build/cobot_interfaces -- -j16 -l16
[0.557s] DEBUG:colcon.colcon_core.event_handler.log_command:Invoked command in '/home/brian/Projects/Cobot/ros2_cobot/build/cobot_interfaces' returned '0': CMAKE_PREFIX_PATH=${CMAKE_PREFIX_PATH}:/home/brian/Projects/Cobot/ros2_cobot/install/cobot_control:/opt/ros/humble CONDA_PROMPT_MODIFIER=(base) /usr/bin/cmake --build /home/brian/Projects/Cobot/ros2_cobot/build/cobot_interfaces -- -j16 -l16
[0.563s] DEBUG:colcon.colcon_core.event_handler.log_command:Invoking command in '/home/brian/Projects/Cobot/ros2_cobot/build/cobot_interfaces': CMAKE_PREFIX_PATH=${CMAKE_PREFIX_PATH}:/home/brian/Projects/Cobot/ros2_cobot/install/cobot_control:/opt/ros/humble CONDA_PROMPT_MODIFIER=(base) /usr/bin/cmake --install /home/brian/Projects/Cobot/ros2_cobot/build/cobot_interfaces
[0.601s] Level 1:colcon.colcon_core.environment:create_environment_scripts_only(cobot_interfaces)
[0.602s] DEBUG:colcon.colcon_core.event_handler.log_command:Invoked command in '/home/brian/Projects/Cobot/ros2_cobot/build/cobot_interfaces' returned '0': CMAKE_PREFIX_PATH=${CMAKE_PREFIX_PATH}:/home/brian/Projects/Cobot/ros2_cobot/install/cobot_control:/opt/ros/humble CONDA_PROMPT_MODIFIER=(base) /usr/bin/cmake --install /home/brian/Projects/Cobot/ros2_cobot/build/cobot_interfaces
[0.603s] Level 1:colcon.colcon_core.environment:checking '/home/brian/Projects/Cobot/ros2_cobot/install/cobot_interfaces' for CMake module files
[0.604s] Level 1:colcon.colcon_core.environment:checking '/home/brian/Projects/Cobot/ros2_cobot/install/cobot_interfaces' for CMake config files
[0.604s] Level 1:colcon.colcon_core.shell:create_environment_hook('cobot_interfaces', 'cmake_prefix_path')
[0.604s] INFO:colcon.colcon_core.shell:Creating environment hook '/home/brian/Projects/Cobot/ros2_cobot/install/cobot_interfaces/share/cobot_interfaces/hook/cmake_prefix_path.ps1'
[0.605s] INFO:colcon.colcon_core.shell:Creating environment descriptor '/home/brian/Projects/Cobot/ros2_cobot/install/cobot_interfaces/share/cobot_interfaces/hook/cmake_prefix_path.dsv'
[0.605s] INFO:colcon.colcon_core.shell:Creating environment hook '/home/brian/Projects/Cobot/ros2_cobot/install/cobot_interfaces/share/cobot_interfaces/hook/cmake_prefix_path.sh'
[0.606s] Level 1:colcon.colcon_core.environment:checking '/home/brian/Projects/Cobot/ros2_cobot/install/cobot_interfaces/lib'
[0.606s] Level 1:colcon.colcon_core.shell:create_environment_hook('cobot_interfaces', 'ld_library_path_lib')
[0.606s] INFO:colcon.colcon_core.shell:Creating environment hook '/home/brian/Projects/Cobot/ros2_cobot/install/cobot_interfaces/share/cobot_interfaces/hook/ld_library_path_lib.ps1'
[0.606s] INFO:colcon.colcon_core.shell:Creating environment descriptor '/home/brian/Projects/Cobot/ros2_cobot/install/cobot_interfaces/share/cobot_interfaces/hook/ld_library_path_lib.dsv'
[0.606s] INFO:colcon.colcon_core.shell:Creating environment hook '/home/brian/Projects/Cobot/ros2_cobot/install/cobot_interfaces/share/cobot_interfaces/hook/ld_library_path_lib.sh'
[0.607s] Level 1:colcon.colcon_core.environment:checking '/home/brian/Projects/Cobot/ros2_cobot/install/cobot_interfaces/bin'
[0.607s] Level 1:colcon.colcon_core.environment:checking '/home/brian/Projects/Cobot/ros2_cobot/install/cobot_interfaces/lib/pkgconfig/cobot_interfaces.pc'
[0.607s] Level 1:colcon.colcon_core.environment:checking '/home/brian/Projects/Cobot/ros2_cobot/install/cobot_interfaces/lib/python3.10/site-packages'
[0.607s] Level 1:colcon.colcon_core.environment:checking '/home/brian/Projects/Cobot/ros2_cobot/install/cobot_interfaces/bin'
[0.607s] INFO:colcon.colcon_core.shell:Creating package script '/home/brian/Projects/Cobot/ros2_cobot/install/cobot_interfaces/share/cobot_interfaces/package.ps1'
[0.608s] INFO:colcon.colcon_core.shell:Creating package descriptor '/home/brian/Projects/Cobot/ros2_cobot/install/cobot_interfaces/share/cobot_interfaces/package.dsv'
[0.609s] INFO:colcon.colcon_core.shell:Creating package script '/home/brian/Projects/Cobot/ros2_cobot/install/cobot_interfaces/share/cobot_interfaces/package.sh'
[0.609s] INFO:colcon.colcon_core.shell:Creating package script '/home/brian/Projects/Cobot/ros2_cobot/install/cobot_interfaces/share/cobot_interfaces/package.bash'
[0.610s] INFO:colcon.colcon_core.shell:Creating package script '/home/brian/Projects/Cobot/ros2_cobot/install/cobot_interfaces/share/cobot_interfaces/package.zsh'
[0.610s] Level 1:colcon.colcon_core.environment:create_file_with_runtime_dependencies(/home/brian/Projects/Cobot/ros2_cobot/install/cobot_interfaces/share/colcon-core/packages/cobot_interfaces)
[0.611s] Level 1:colcon.colcon_core.environment:create_environment_scripts_only(cobot_interfaces)
[0.611s] Level 1:colcon.colcon_core.environment:checking '/home/brian/Projects/Cobot/ros2_cobot/install/cobot_interfaces' for CMake module files
[0.611s] Level 1:colcon.colcon_core.environment:checking '/home/brian/Projects/Cobot/ros2_cobot/install/cobot_interfaces' for CMake config files
[0.611s] Level 1:colcon.colcon_core.shell:create_environment_hook('cobot_interfaces', 'cmake_prefix_path')
[0.612s] INFO:colcon.colcon_core.shell:Creating environment hook '/home/brian/Projects/Cobot/ros2_cobot/install/cobot_interfaces/share/cobot_interfaces/hook/cmake_prefix_path.ps1'
[0.612s] INFO:colcon.colcon_core.shell:Creating environment descriptor '/home/brian/Projects/Cobot/ros2_cobot/install/cobot_interfaces/share/cobot_interfaces/hook/cmake_prefix_path.dsv'
[0.612s] INFO:colcon.colcon_core.shell:Creating environment hook '/home/brian/Projects/Cobot/ros2_cobot/install/cobot_interfaces/share/cobot_interfaces/hook/cmake_prefix_path.sh'
[0.612s] Level 1:colcon.colcon_core.environment:checking '/home/brian/Projects/Cobot/ros2_cobot/install/cobot_interfaces/lib'
[0.613s] Level 1:colcon.colcon_core.shell:create_environment_hook('cobot_interfaces', 'ld_library_path_lib')
[0.613s] INFO:colcon.colcon_core.shell:Creating environment hook '/home/brian/Projects/Cobot/ros2_cobot/install/cobot_interfaces/share/cobot_interfaces/hook/ld_library_path_lib.ps1'
[0.613s] INFO:colcon.colcon_core.shell:Creating environment descriptor '/home/brian/Projects/Cobot/ros2_cobot/install/cobot_interfaces/share/cobot_interfaces/hook/ld_library_path_lib.dsv'
[0.613s] INFO:colcon.colcon_core.shell:Creating environment hook '/home/brian/Projects/Cobot/ros2_cobot/install/cobot_interfaces/share/cobot_interfaces/hook/ld_library_path_lib.sh'
[0.614s] Level 1:colcon.colcon_core.environment:checking '/home/brian/Projects/Cobot/ros2_cobot/install/cobot_interfaces/bin'
[0.614s] Level 1:colcon.colcon_core.environment:checking '/home/brian/Projects/Cobot/ros2_cobot/install/cobot_interfaces/lib/pkgconfig/cobot_interfaces.pc'
[0.614s] Level 1:colcon.colcon_core.environment:checking '/home/brian/Projects/Cobot/ros2_cobot/install/cobot_interfaces/lib/python3.10/site-packages'
[0.614s] Level 1:colcon.colcon_core.environment:checking '/home/brian/Projects/Cobot/ros2_cobot/install/cobot_interfaces/bin'
[0.614s] INFO:colcon.colcon_core.shell:Creating package script '/home/brian/Projects/Cobot/ros2_cobot/install/cobot_interfaces/share/cobot_interfaces/package.ps1'
[0.615s] INFO:colcon.colcon_core.shell:Creating package descriptor '/home/brian/Projects/Cobot/ros2_cobot/install/cobot_interfaces/share/cobot_interfaces/package.dsv'
[0.615s] INFO:colcon.colcon_core.shell:Creating package script '/home/brian/Projects/Cobot/ros2_cobot/install/cobot_interfaces/share/cobot_interfaces/package.sh'
[0.616s] INFO:colcon.colcon_core.shell:Creating package script '/home/brian/Projects/Cobot/ros2_cobot/install/cobot_interfaces/share/cobot_interfaces/package.bash'
[0.616s] INFO:colcon.colcon_core.shell:Creating package script '/home/brian/Projects/Cobot/ros2_cobot/install/cobot_interfaces/share/cobot_interfaces/package.zsh'
[0.616s] Level 1:colcon.colcon_core.environment:create_file_with_runtime_dependencies(/home/brian/Projects/Cobot/ros2_cobot/install/cobot_interfaces/share/colcon-core/packages/cobot_interfaces)
[0.617s] DEBUG:colcon.colcon_parallel_executor.executor.parallel:closing loop
[0.617s] DEBUG:colcon.colcon_parallel_executor.executor.parallel:loop closed
[0.617s] DEBUG:colcon.colcon_parallel_executor.executor.parallel:run_until_complete finished with '0'
[0.617s] DEBUG:colcon.colcon_core.event_reactor:joining thread
[0.620s] INFO:colcon.colcon_core.plugin_system:Skipping extension 'colcon_notification.desktop_notification.terminal_notifier': Not used on non-Darwin systems
[0.620s] INFO:colcon.colcon_core.plugin_system:Skipping extension 'colcon_notification.desktop_notification.win32': Not used on non-Windows systems
[0.620s] INFO:colcon.colcon_notification.desktop_notification:Sending desktop notification using 'notify2'
[0.627s] DEBUG:colcon.colcon_core.event_reactor:joined thread
[0.627s] INFO:colcon.colcon_core.shell:Creating prefix script '/home/brian/Projects/Cobot/ros2_cobot/install/local_setup.ps1'
[0.628s] INFO:colcon.colcon_core.shell:Creating prefix util module '/home/brian/Projects/Cobot/ros2_cobot/install/_local_setup_util_ps1.py'
[0.629s] INFO:colcon.colcon_core.shell:Creating prefix chain script '/home/brian/Projects/Cobot/ros2_cobot/install/setup.ps1'
[0.630s] INFO:colcon.colcon_core.shell:Creating prefix script '/home/brian/Projects/Cobot/ros2_cobot/install/local_setup.sh'
[0.630s] INFO:colcon.colcon_core.shell:Creating prefix util module '/home/brian/Projects/Cobot/ros2_cobot/install/_local_setup_util_sh.py'
[0.631s] INFO:colcon.colcon_core.shell:Creating prefix chain script '/home/brian/Projects/Cobot/ros2_cobot/install/setup.sh'
[0.632s] INFO:colcon.colcon_core.shell:Creating prefix script '/home/brian/Projects/Cobot/ros2_cobot/install/local_setup.bash'
[0.632s] INFO:colcon.colcon_core.shell:Creating prefix chain script '/home/brian/Projects/Cobot/ros2_cobot/install/setup.bash'
[0.633s] INFO:colcon.colcon_core.shell:Creating prefix script '/home/brian/Projects/Cobot/ros2_cobot/install/local_setup.zsh'
[0.633s] INFO:colcon.colcon_core.shell:Creating prefix chain script '/home/brian/Projects/Cobot/ros2_cobot/install/setup.zsh'
