[0.330s] Invoking command in '/home/brian/Projects/Cobot/ros2_cobot/build/cobot_interfaces': CMAKE_PREFIX_PATH=/opt/ros/humble /usr/bin/cmake --build /home/brian/Projects/Cobot/ros2_cobot/build/cobot_interfaces -- -j16 -l16
[0.355s] Consolidate compiler generated dependencies of target cobot_interfaces__rosidl_generator_c
[0.361s] [  9%] Built target cobot_interfaces__rs
[0.361s] [  9%] Built target cobot_interfaces__cpp
[0.361s] [ 15%] Built target cobot_interfaces__rosidl_generator_c
[0.367s] [ 15%] Built target ament_cmake_python_copy_cobot_interfaces
[0.393s] Consolidate compiler generated dependencies of target cobot_interfaces__rosidl_typesupport_c
[0.394s] Consolidate compiler generated dependencies of target cobot_interfaces__rosidl_typesupport_introspection_c
[0.394s] Consolidate compiler generated dependencies of target cobot_interfaces__rosidl_typesupport_fastrtps_c
[0.394s] Consolidate compiler generated dependencies of target cobot_interfaces__rosidl_typesupport_cpp
[0.395s] Consolidate compiler generated dependencies of target cobot_interfaces__rosidl_typesupport_introspection_cpp
[0.395s] Consolidate compiler generated dependencies of target cobot_interfaces__rosidl_typesupport_fastrtps_cpp
[0.401s] [ 25%] Built target cobot_interfaces__rosidl_typesupport_c
[0.403s] [ 43%] Built target cobot_interfaces__rosidl_typesupport_fastrtps_c
[0.404s] [ 43%] Built target cobot_interfaces__rosidl_typesupport_introspection_c
[0.405s] [ 65%] Built target cobot_interfaces__rosidl_typesupport_fastrtps_cpp
[0.405s] [ 68%] Built target cobot_interfaces__rosidl_typesupport_cpp
[0.405s] [ 71%] Built target cobot_interfaces__rosidl_typesupport_introspection_cpp
[0.419s] [ 71%] Built target cobot_interfaces
[0.433s] [ 75%] Built target cobot_interfaces__py
[0.441s] Consolidate compiler generated dependencies of target cobot_interfaces__rosidl_generator_py
[0.449s] [ 81%] Built target cobot_interfaces__rosidl_generator_py
[0.457s] Consolidate compiler generated dependencies of target cobot_interfaces__rosidl_typesupport_c__pyext
[0.458s] Consolidate compiler generated dependencies of target cobot_interfaces__rosidl_typesupport_fastrtps_c__pyext
[0.458s] Consolidate compiler generated dependencies of target cobot_interfaces__rosidl_typesupport_introspection_c__pyext
[0.465s] [100%] Built target cobot_interfaces__rosidl_typesupport_introspection_c__pyext
[0.465s] [100%] Built target cobot_interfaces__rosidl_typesupport_fastrtps_c__pyext
[0.465s] [100%] Built target cobot_interfaces__rosidl_typesupport_c__pyext
[0.540s] running egg_info
[0.552s] writing cobot_interfaces.egg-info/PKG-INFO
[0.553s] writing dependency_links to cobot_interfaces.egg-info/dependency_links.txt
[0.553s] writing top-level names to cobot_interfaces.egg-info/top_level.txt
[0.590s] reading manifest file 'cobot_interfaces.egg-info/SOURCES.txt'
[0.590s] writing manifest file 'cobot_interfaces.egg-info/SOURCES.txt'
[0.614s] [100%] Built target ament_cmake_python_build_cobot_interfaces_egg
[0.621s] Invoked command in '/home/brian/Projects/Cobot/ros2_cobot/build/cobot_interfaces' returned '0': CMAKE_PREFIX_PATH=/opt/ros/humble /usr/bin/cmake --build /home/brian/Projects/Cobot/ros2_cobot/build/cobot_interfaces -- -j16 -l16
[0.627s] Invoking command in '/home/brian/Projects/Cobot/ros2_cobot/build/cobot_interfaces': CMAKE_PREFIX_PATH=/opt/ros/humble /usr/bin/cmake --install /home/brian/Projects/Cobot/ros2_cobot/build/cobot_interfaces
[0.633s] -- Install configuration: ""
[0.634s] -- Up-to-date: /home/brian/Projects/Cobot/ros2_cobot/install/cobot_interfaces/share/ament_index/resource_index/rosidl_interfaces/cobot_interfaces
[0.634s] -- Up-to-date: /home/brian/Projects/Cobot/ros2_cobot/install/cobot_interfaces/include/cobot_interfaces/cobot_interfaces
[0.634s] -- Up-to-date: /home/brian/Projects/Cobot/ros2_cobot/install/cobot_interfaces/include/cobot_interfaces/cobot_interfaces/msg
[0.634s] -- Up-to-date: /home/brian/Projects/Cobot/ros2_cobot/install/cobot_interfaces/include/cobot_interfaces/cobot_interfaces/msg/detail
[0.634s] -- Up-to-date: /home/brian/Projects/Cobot/ros2_cobot/install/cobot_interfaces/include/cobot_interfaces/cobot_interfaces/msg/detail/observation__functions.c
[0.634s] -- Up-to-date: /home/brian/Projects/Cobot/ros2_cobot/install/cobot_interfaces/include/cobot_interfaces/cobot_interfaces/msg/detail/observation__functions.h
[0.634s] -- Up-to-date: /home/brian/Projects/Cobot/ros2_cobot/install/cobot_interfaces/include/cobot_interfaces/cobot_interfaces/msg/detail/observation__type_support.h
[0.634s] -- Up-to-date: /home/brian/Projects/Cobot/ros2_cobot/install/cobot_interfaces/include/cobot_interfaces/cobot_interfaces/msg/detail/observation__struct.h
[0.634s] -- Up-to-date: /home/brian/Projects/Cobot/ros2_cobot/install/cobot_interfaces/include/cobot_interfaces/cobot_interfaces/msg/observation.h
[0.634s] -- Up-to-date: /home/brian/Projects/Cobot/ros2_cobot/install/cobot_interfaces/include/cobot_interfaces/cobot_interfaces/msg/rosidl_generator_c__visibility_control.h
[0.634s] -- Up-to-date: /home/brian/Projects/Cobot/ros2_cobot/install/cobot_interfaces/share/cobot_interfaces/environment/library_path.sh
[0.635s] -- Up-to-date: /home/brian/Projects/Cobot/ros2_cobot/install/cobot_interfaces/share/cobot_interfaces/environment/library_path.dsv
[0.635s] -- Up-to-date: /home/brian/Projects/Cobot/ros2_cobot/install/cobot_interfaces/lib/libcobot_interfaces__rosidl_generator_c.so
[0.635s] -- Up-to-date: /home/brian/Projects/Cobot/ros2_cobot/install/cobot_interfaces/include/cobot_interfaces/cobot_interfaces
[0.635s] -- Up-to-date: /home/brian/Projects/Cobot/ros2_cobot/install/cobot_interfaces/include/cobot_interfaces/cobot_interfaces/msg
[0.635s] -- Up-to-date: /home/brian/Projects/Cobot/ros2_cobot/install/cobot_interfaces/include/cobot_interfaces/cobot_interfaces/msg/detail
[0.635s] -- Up-to-date: /home/brian/Projects/Cobot/ros2_cobot/install/cobot_interfaces/include/cobot_interfaces/cobot_interfaces/msg/detail/observation__rosidl_typesupport_fastrtps_c.h
[0.635s] -- Up-to-date: /home/brian/Projects/Cobot/ros2_cobot/install/cobot_interfaces/include/cobot_interfaces/cobot_interfaces/msg/rosidl_typesupport_fastrtps_c__visibility_control.h
[0.635s] -- Up-to-date: /home/brian/Projects/Cobot/ros2_cobot/install/cobot_interfaces/lib/libcobot_interfaces__rosidl_typesupport_fastrtps_c.so
[0.635s] -- Up-to-date: /home/brian/Projects/Cobot/ros2_cobot/install/cobot_interfaces/include/cobot_interfaces/cobot_interfaces
[0.635s] -- Up-to-date: /home/brian/Projects/Cobot/ros2_cobot/install/cobot_interfaces/include/cobot_interfaces/cobot_interfaces/msg
[0.635s] -- Up-to-date: /home/brian/Projects/Cobot/ros2_cobot/install/cobot_interfaces/include/cobot_interfaces/cobot_interfaces/msg/detail
[0.635s] -- Up-to-date: /home/brian/Projects/Cobot/ros2_cobot/install/cobot_interfaces/include/cobot_interfaces/cobot_interfaces/msg/detail/observation__type_support.c
[0.635s] -- Up-to-date: /home/brian/Projects/Cobot/ros2_cobot/install/cobot_interfaces/include/cobot_interfaces/cobot_interfaces/msg/detail/observation__rosidl_typesupport_introspection_c.h
[0.636s] -- Up-to-date: /home/brian/Projects/Cobot/ros2_cobot/install/cobot_interfaces/include/cobot_interfaces/cobot_interfaces/msg/rosidl_typesupport_introspection_c__visibility_control.h
[0.636s] -- Up-to-date: /home/brian/Projects/Cobot/ros2_cobot/install/cobot_interfaces/lib/libcobot_interfaces__rosidl_typesupport_introspection_c.so
[0.636s] -- Up-to-date: /home/brian/Projects/Cobot/ros2_cobot/install/cobot_interfaces/lib/libcobot_interfaces__rosidl_typesupport_c.so
[0.636s] -- Up-to-date: /home/brian/Projects/Cobot/ros2_cobot/install/cobot_interfaces/include/cobot_interfaces/cobot_interfaces
[0.636s] -- Up-to-date: /home/brian/Projects/Cobot/ros2_cobot/install/cobot_interfaces/include/cobot_interfaces/cobot_interfaces/msg
[0.636s] -- Up-to-date: /home/brian/Projects/Cobot/ros2_cobot/install/cobot_interfaces/include/cobot_interfaces/cobot_interfaces/msg/detail
[0.636s] -- Up-to-date: /home/brian/Projects/Cobot/ros2_cobot/install/cobot_interfaces/include/cobot_interfaces/cobot_interfaces/msg/detail/observation__struct.hpp
[0.636s] -- Up-to-date: /home/brian/Projects/Cobot/ros2_cobot/install/cobot_interfaces/include/cobot_interfaces/cobot_interfaces/msg/detail/observation__traits.hpp
[0.636s] -- Up-to-date: /home/brian/Projects/Cobot/ros2_cobot/install/cobot_interfaces/include/cobot_interfaces/cobot_interfaces/msg/detail/observation__type_support.hpp
[0.636s] -- Up-to-date: /home/brian/Projects/Cobot/ros2_cobot/install/cobot_interfaces/include/cobot_interfaces/cobot_interfaces/msg/detail/observation__builder.hpp
[0.636s] -- Up-to-date: /home/brian/Projects/Cobot/ros2_cobot/install/cobot_interfaces/include/cobot_interfaces/cobot_interfaces/msg/observation.hpp
[0.636s] -- Up-to-date: /home/brian/Projects/Cobot/ros2_cobot/install/cobot_interfaces/include/cobot_interfaces/cobot_interfaces/msg/rosidl_generator_cpp__visibility_control.hpp
[0.636s] -- Up-to-date: /home/brian/Projects/Cobot/ros2_cobot/install/cobot_interfaces/include/cobot_interfaces/cobot_interfaces
[0.636s] -- Up-to-date: /home/brian/Projects/Cobot/ros2_cobot/install/cobot_interfaces/include/cobot_interfaces/cobot_interfaces/msg
[0.636s] -- Up-to-date: /home/brian/Projects/Cobot/ros2_cobot/install/cobot_interfaces/include/cobot_interfaces/cobot_interfaces/msg/detail
[0.636s] -- Up-to-date: /home/brian/Projects/Cobot/ros2_cobot/install/cobot_interfaces/include/cobot_interfaces/cobot_interfaces/msg/detail/dds_fastrtps
[0.636s] -- Up-to-date: /home/brian/Projects/Cobot/ros2_cobot/install/cobot_interfaces/include/cobot_interfaces/cobot_interfaces/msg/detail/observation__rosidl_typesupport_fastrtps_cpp.hpp
[0.636s] -- Up-to-date: /home/brian/Projects/Cobot/ros2_cobot/install/cobot_interfaces/include/cobot_interfaces/cobot_interfaces/msg/rosidl_typesupport_fastrtps_cpp__visibility_control.h
[0.636s] -- Up-to-date: /home/brian/Projects/Cobot/ros2_cobot/install/cobot_interfaces/lib/libcobot_interfaces__rosidl_typesupport_fastrtps_cpp.so
[0.636s] -- Up-to-date: /home/brian/Projects/Cobot/ros2_cobot/install/cobot_interfaces/include/cobot_interfaces/cobot_interfaces
[0.637s] -- Up-to-date: /home/brian/Projects/Cobot/ros2_cobot/install/cobot_interfaces/include/cobot_interfaces/cobot_interfaces/msg
[0.637s] -- Up-to-date: /home/brian/Projects/Cobot/ros2_cobot/install/cobot_interfaces/include/cobot_interfaces/cobot_interfaces/msg/detail
[0.637s] -- Up-to-date: /home/brian/Projects/Cobot/ros2_cobot/install/cobot_interfaces/include/cobot_interfaces/cobot_interfaces/msg/detail/observation__type_support.cpp
[0.637s] -- Up-to-date: /home/brian/Projects/Cobot/ros2_cobot/install/cobot_interfaces/include/cobot_interfaces/cobot_interfaces/msg/detail/observation__rosidl_typesupport_introspection_cpp.hpp
[0.637s] -- Up-to-date: /home/brian/Projects/Cobot/ros2_cobot/install/cobot_interfaces/lib/libcobot_interfaces__rosidl_typesupport_introspection_cpp.so
[0.637s] -- Up-to-date: /home/brian/Projects/Cobot/ros2_cobot/install/cobot_interfaces/lib/libcobot_interfaces__rosidl_typesupport_cpp.so
[0.637s] -- Up-to-date: /home/brian/Projects/Cobot/ros2_cobot/install/cobot_interfaces/share/cobot_interfaces/environment/pythonpath.sh
[0.637s] -- Up-to-date: /home/brian/Projects/Cobot/ros2_cobot/install/cobot_interfaces/share/cobot_interfaces/environment/pythonpath.dsv
[0.637s] -- Up-to-date: /home/brian/Projects/Cobot/ros2_cobot/install/cobot_interfaces/lib/python3.13/site-packages/cobot_interfaces-0.0.0-py3.13.egg-info
[0.637s] -- Installing: /home/brian/Projects/Cobot/ros2_cobot/install/cobot_interfaces/lib/python3.13/site-packages/cobot_interfaces-0.0.0-py3.13.egg-info/PKG-INFO
[0.637s] -- Installing: /home/brian/Projects/Cobot/ros2_cobot/install/cobot_interfaces/lib/python3.13/site-packages/cobot_interfaces-0.0.0-py3.13.egg-info/SOURCES.txt
[0.637s] -- Installing: /home/brian/Projects/Cobot/ros2_cobot/install/cobot_interfaces/lib/python3.13/site-packages/cobot_interfaces-0.0.0-py3.13.egg-info/dependency_links.txt
[0.637s] -- Installing: /home/brian/Projects/Cobot/ros2_cobot/install/cobot_interfaces/lib/python3.13/site-packages/cobot_interfaces-0.0.0-py3.13.egg-info/top_level.txt
[0.637s] -- Up-to-date: /home/brian/Projects/Cobot/ros2_cobot/install/cobot_interfaces/lib/python3.13/site-packages/cobot_interfaces
[0.637s] -- Up-to-date: /home/brian/Projects/Cobot/ros2_cobot/install/cobot_interfaces/lib/python3.13/site-packages/cobot_interfaces/_cobot_interfaces_s.ep.rosidl_typesupport_introspection_c.c
[0.637s] -- Up-to-date: /home/brian/Projects/Cobot/ros2_cobot/install/cobot_interfaces/lib/python3.13/site-packages/cobot_interfaces/__init__.py
[0.637s] -- Up-to-date: /home/brian/Projects/Cobot/ros2_cobot/install/cobot_interfaces/lib/python3.13/site-packages/cobot_interfaces/cobot_interfaces_s__rosidl_typesupport_fastrtps_c.cpython-313-x86_64-linux-gnu.so
[0.637s] -- Up-to-date: /home/brian/Projects/Cobot/ros2_cobot/install/cobot_interfaces/lib/python3.13/site-packages/cobot_interfaces/_cobot_interfaces_s.ep.rosidl_typesupport_c.c
[0.637s] -- Up-to-date: /home/brian/Projects/Cobot/ros2_cobot/install/cobot_interfaces/lib/python3.13/site-packages/cobot_interfaces/_cobot_interfaces_s.ep.rosidl_typesupport_fastrtps_c.c
[0.637s] -- Up-to-date: /home/brian/Projects/Cobot/ros2_cobot/install/cobot_interfaces/lib/python3.13/site-packages/cobot_interfaces/libcobot_interfaces__rosidl_generator_py.so
[0.637s] -- Up-to-date: /home/brian/Projects/Cobot/ros2_cobot/install/cobot_interfaces/lib/python3.13/site-packages/cobot_interfaces/cobot_interfaces_s__rosidl_typesupport_c.cpython-313-x86_64-linux-gnu.so
[0.637s] -- Up-to-date: /home/brian/Projects/Cobot/ros2_cobot/install/cobot_interfaces/lib/python3.13/site-packages/cobot_interfaces/cobot_interfaces_s__rosidl_typesupport_introspection_c.cpython-313-x86_64-linux-gnu.so
[0.637s] -- Up-to-date: /home/brian/Projects/Cobot/ros2_cobot/install/cobot_interfaces/lib/python3.13/site-packages/cobot_interfaces/msg
[0.638s] -- Up-to-date: /home/brian/Projects/Cobot/ros2_cobot/install/cobot_interfaces/lib/python3.13/site-packages/cobot_interfaces/msg/_observation_s.c
[0.638s] -- Up-to-date: /home/brian/Projects/Cobot/ros2_cobot/install/cobot_interfaces/lib/python3.13/site-packages/cobot_interfaces/msg/__init__.py
[0.638s] -- Up-to-date: /home/brian/Projects/Cobot/ros2_cobot/install/cobot_interfaces/lib/python3.13/site-packages/cobot_interfaces/msg/_observation.py
[0.658s] Listing '/home/brian/Projects/Cobot/ros2_cobot/install/cobot_interfaces/lib/python3.13/site-packages/cobot_interfaces'...
[0.658s] Listing '/home/brian/Projects/Cobot/ros2_cobot/install/cobot_interfaces/lib/python3.13/site-packages/cobot_interfaces/msg'...
[0.662s] -- Up-to-date: /home/brian/Projects/Cobot/ros2_cobot/install/cobot_interfaces/lib/python3.13/site-packages/cobot_interfaces/cobot_interfaces_s__rosidl_typesupport_fastrtps_c.cpython-313-x86_64-linux-gnu.so
[0.662s] -- Up-to-date: /home/brian/Projects/Cobot/ros2_cobot/install/cobot_interfaces/lib/python3.13/site-packages/cobot_interfaces/cobot_interfaces_s__rosidl_typesupport_introspection_c.cpython-313-x86_64-linux-gnu.so
[0.662s] -- Up-to-date: /home/brian/Projects/Cobot/ros2_cobot/install/cobot_interfaces/lib/python3.13/site-packages/cobot_interfaces/cobot_interfaces_s__rosidl_typesupport_c.cpython-313-x86_64-linux-gnu.so
[0.663s] -- Up-to-date: /home/brian/Projects/Cobot/ros2_cobot/install/cobot_interfaces/lib/libcobot_interfaces__rosidl_generator_py.so
[0.663s] -- Up-to-date: /home/brian/Projects/Cobot/ros2_cobot/install/cobot_interfaces/share/ament_index/resource_index/rust_packages/cobot_interfaces
[0.663s] -- Up-to-date: /home/brian/Projects/Cobot/ros2_cobot/install/cobot_interfaces/share/cobot_interfaces/rust
[0.663s] -- Up-to-date: /home/brian/Projects/Cobot/ros2_cobot/install/cobot_interfaces/share/cobot_interfaces/rust/build.rs
[0.663s] -- Up-to-date: /home/brian/Projects/Cobot/ros2_cobot/install/cobot_interfaces/share/cobot_interfaces/rust/Cargo.toml
[0.663s] -- Up-to-date: /home/brian/Projects/Cobot/ros2_cobot/install/cobot_interfaces/share/cobot_interfaces/rust/src
[0.663s] -- Up-to-date: /home/brian/Projects/Cobot/ros2_cobot/install/cobot_interfaces/share/cobot_interfaces/rust/src/msg.rs
[0.664s] -- Up-to-date: /home/brian/Projects/Cobot/ros2_cobot/install/cobot_interfaces/share/cobot_interfaces/rust/src/lib.rs
[0.664s] -- Up-to-date: /home/brian/Projects/Cobot/ros2_cobot/install/cobot_interfaces/share/cobot_interfaces/rust/src/msg
[0.664s] -- Up-to-date: /home/brian/Projects/Cobot/ros2_cobot/install/cobot_interfaces/share/cobot_interfaces/rust/src/msg/rmw.rs
[0.664s] -- Up-to-date: /home/brian/Projects/Cobot/ros2_cobot/install/cobot_interfaces/share/cobot_interfaces/msg/Observation.idl
[0.664s] -- Up-to-date: /home/brian/Projects/Cobot/ros2_cobot/install/cobot_interfaces/share/cobot_interfaces/msg/Observation.msg
[0.664s] -- Up-to-date: /home/brian/Projects/Cobot/ros2_cobot/install/cobot_interfaces/share/ament_index/resource_index/package_run_dependencies/cobot_interfaces
[0.664s] -- Up-to-date: /home/brian/Projects/Cobot/ros2_cobot/install/cobot_interfaces/share/ament_index/resource_index/parent_prefix_path/cobot_interfaces
[0.664s] -- Up-to-date: /home/brian/Projects/Cobot/ros2_cobot/install/cobot_interfaces/share/cobot_interfaces/environment/ament_prefix_path.sh
[0.664s] -- Up-to-date: /home/brian/Projects/Cobot/ros2_cobot/install/cobot_interfaces/share/cobot_interfaces/environment/ament_prefix_path.dsv
[0.664s] -- Up-to-date: /home/brian/Projects/Cobot/ros2_cobot/install/cobot_interfaces/share/cobot_interfaces/environment/path.sh
[0.664s] -- Up-to-date: /home/brian/Projects/Cobot/ros2_cobot/install/cobot_interfaces/share/cobot_interfaces/environment/path.dsv
[0.664s] -- Up-to-date: /home/brian/Projects/Cobot/ros2_cobot/install/cobot_interfaces/share/cobot_interfaces/local_setup.bash
[0.664s] -- Up-to-date: /home/brian/Projects/Cobot/ros2_cobot/install/cobot_interfaces/share/cobot_interfaces/local_setup.sh
[0.664s] -- Up-to-date: /home/brian/Projects/Cobot/ros2_cobot/install/cobot_interfaces/share/cobot_interfaces/local_setup.zsh
[0.665s] -- Up-to-date: /home/brian/Projects/Cobot/ros2_cobot/install/cobot_interfaces/share/cobot_interfaces/local_setup.dsv
[0.665s] -- Installing: /home/brian/Projects/Cobot/ros2_cobot/install/cobot_interfaces/share/cobot_interfaces/package.dsv
[0.665s] -- Up-to-date: /home/brian/Projects/Cobot/ros2_cobot/install/cobot_interfaces/share/ament_index/resource_index/packages/cobot_interfaces
[0.665s] -- Up-to-date: /home/brian/Projects/Cobot/ros2_cobot/install/cobot_interfaces/share/cobot_interfaces/cmake/export_cobot_interfaces__rosidl_generator_cExport.cmake
[0.665s] -- Up-to-date: /home/brian/Projects/Cobot/ros2_cobot/install/cobot_interfaces/share/cobot_interfaces/cmake/export_cobot_interfaces__rosidl_generator_cExport-noconfig.cmake
[0.665s] -- Up-to-date: /home/brian/Projects/Cobot/ros2_cobot/install/cobot_interfaces/share/cobot_interfaces/cmake/export_cobot_interfaces__rosidl_typesupport_fastrtps_cExport.cmake
[0.665s] -- Up-to-date: /home/brian/Projects/Cobot/ros2_cobot/install/cobot_interfaces/share/cobot_interfaces/cmake/export_cobot_interfaces__rosidl_typesupport_fastrtps_cExport-noconfig.cmake
[0.665s] -- Up-to-date: /home/brian/Projects/Cobot/ros2_cobot/install/cobot_interfaces/share/cobot_interfaces/cmake/cobot_interfaces__rosidl_typesupport_introspection_cExport.cmake
[0.665s] -- Up-to-date: /home/brian/Projects/Cobot/ros2_cobot/install/cobot_interfaces/share/cobot_interfaces/cmake/cobot_interfaces__rosidl_typesupport_introspection_cExport-noconfig.cmake
[0.665s] -- Up-to-date: /home/brian/Projects/Cobot/ros2_cobot/install/cobot_interfaces/share/cobot_interfaces/cmake/cobot_interfaces__rosidl_typesupport_cExport.cmake
[0.665s] -- Up-to-date: /home/brian/Projects/Cobot/ros2_cobot/install/cobot_interfaces/share/cobot_interfaces/cmake/cobot_interfaces__rosidl_typesupport_cExport-noconfig.cmake
[0.665s] -- Up-to-date: /home/brian/Projects/Cobot/ros2_cobot/install/cobot_interfaces/share/cobot_interfaces/cmake/export_cobot_interfaces__rosidl_generator_cppExport.cmake
[0.665s] -- Up-to-date: /home/brian/Projects/Cobot/ros2_cobot/install/cobot_interfaces/share/cobot_interfaces/cmake/export_cobot_interfaces__rosidl_typesupport_fastrtps_cppExport.cmake
[0.665s] -- Up-to-date: /home/brian/Projects/Cobot/ros2_cobot/install/cobot_interfaces/share/cobot_interfaces/cmake/export_cobot_interfaces__rosidl_typesupport_fastrtps_cppExport-noconfig.cmake
[0.665s] -- Up-to-date: /home/brian/Projects/Cobot/ros2_cobot/install/cobot_interfaces/share/cobot_interfaces/cmake/cobot_interfaces__rosidl_typesupport_introspection_cppExport.cmake
[0.666s] -- Up-to-date: /home/brian/Projects/Cobot/ros2_cobot/install/cobot_interfaces/share/cobot_interfaces/cmake/cobot_interfaces__rosidl_typesupport_introspection_cppExport-noconfig.cmake
[0.666s] -- Up-to-date: /home/brian/Projects/Cobot/ros2_cobot/install/cobot_interfaces/share/cobot_interfaces/cmake/cobot_interfaces__rosidl_typesupport_cppExport.cmake
[0.666s] -- Up-to-date: /home/brian/Projects/Cobot/ros2_cobot/install/cobot_interfaces/share/cobot_interfaces/cmake/cobot_interfaces__rosidl_typesupport_cppExport-noconfig.cmake
[0.666s] -- Up-to-date: /home/brian/Projects/Cobot/ros2_cobot/install/cobot_interfaces/share/cobot_interfaces/cmake/export_cobot_interfaces__rosidl_generator_pyExport.cmake
[0.666s] -- Up-to-date: /home/brian/Projects/Cobot/ros2_cobot/install/cobot_interfaces/share/cobot_interfaces/cmake/export_cobot_interfaces__rosidl_generator_pyExport-noconfig.cmake
[0.666s] -- Up-to-date: /home/brian/Projects/Cobot/ros2_cobot/install/cobot_interfaces/share/cobot_interfaces/cmake/rosidl_cmake-extras.cmake
[0.667s] -- Up-to-date: /home/brian/Projects/Cobot/ros2_cobot/install/cobot_interfaces/share/cobot_interfaces/cmake/ament_cmake_export_include_directories-extras.cmake
[0.667s] -- Up-to-date: /home/brian/Projects/Cobot/ros2_cobot/install/cobot_interfaces/share/cobot_interfaces/cmake/ament_cmake_export_libraries-extras.cmake
[0.667s] -- Up-to-date: /home/brian/Projects/Cobot/ros2_cobot/install/cobot_interfaces/share/cobot_interfaces/cmake/ament_cmake_export_targets-extras.cmake
[0.667s] -- Up-to-date: /home/brian/Projects/Cobot/ros2_cobot/install/cobot_interfaces/share/cobot_interfaces/cmake/rosidl_cmake_export_typesupport_targets-extras.cmake
[0.667s] -- Up-to-date: /home/brian/Projects/Cobot/ros2_cobot/install/cobot_interfaces/share/cobot_interfaces/cmake/ament_cmake_export_dependencies-extras.cmake
[0.667s] -- Up-to-date: /home/brian/Projects/Cobot/ros2_cobot/install/cobot_interfaces/share/cobot_interfaces/cmake/rosidl_cmake_export_typesupport_libraries-extras.cmake
[0.667s] -- Up-to-date: /home/brian/Projects/Cobot/ros2_cobot/install/cobot_interfaces/share/cobot_interfaces/cmake/cobot_interfacesConfig.cmake
[0.668s] -- Up-to-date: /home/brian/Projects/Cobot/ros2_cobot/install/cobot_interfaces/share/cobot_interfaces/cmake/cobot_interfacesConfig-version.cmake
[0.668s] -- Up-to-date: /home/brian/Projects/Cobot/ros2_cobot/install/cobot_interfaces/share/cobot_interfaces/package.xml
[0.668s] Invoked command in '/home/brian/Projects/Cobot/ros2_cobot/build/cobot_interfaces' returned '0': CMAKE_PREFIX_PATH=/opt/ros/humble /usr/bin/cmake --install /home/brian/Projects/Cobot/ros2_cobot/build/cobot_interfaces
