[0.594s] Invoking command in '/home/brian/Projects/Cobot/ros2_cobot/src/cobot_control': CONDA_PROMPT_MODIFIER=(base) PYTHONPATH=/home/brian/Projects/Cobot/ros2_cobot/build/cobot_control/prefix_override:/usr/lib/python3/dist-packages/colcon_core/task/python/colcon_distutils_commands:/home/brian/Projects/Cobot/ros2_cobot/install/cobot_control/lib/python3.10/site-packages:${PYTHONPATH} /usr/bin/python3 -W ignore:setup.py install is deprecated -W ignore:easy_install command is deprecated setup.py egg_info --egg-base ../../build/cobot_control build --build-base /home/brian/Projects/Cobot/ros2_cobot/build/cobot_control/build install --record /home/brian/Projects/Cobot/ros2_cobot/build/cobot_control/install.log --single-version-externally-managed install_data
[0.756s] running egg_info
[0.756s] writing ../../build/cobot_control/cobot_control.egg-info/PKG-INFO
[0.757s] writing dependency_links to ../../build/cobot_control/cobot_control.egg-info/dependency_links.txt
[0.757s] writing entry points to ../../build/cobot_control/cobot_control.egg-info/entry_points.txt
[0.757s] writing requirements to ../../build/cobot_control/cobot_control.egg-info/requires.txt
[0.757s] writing top-level names to ../../build/cobot_control/cobot_control.egg-info/top_level.txt
[0.758s] reading manifest file '../../build/cobot_control/cobot_control.egg-info/SOURCES.txt'
[0.759s] writing manifest file '../../build/cobot_control/cobot_control.egg-info/SOURCES.txt'
[0.759s] running build
[0.759s] running build_py
[0.760s] running install
[0.760s] running install_lib
[0.762s] running install_data
[0.763s] running install_egg_info
[0.764s] removing '/home/brian/Projects/Cobot/ros2_cobot/install/cobot_control/lib/python3.10/site-packages/cobot_control-0.0.0-py3.10.egg-info' (and everything under it)
[0.764s] Copying ../../build/cobot_control/cobot_control.egg-info to /home/brian/Projects/Cobot/ros2_cobot/install/cobot_control/lib/python3.10/site-packages/cobot_control-0.0.0-py3.10.egg-info
[0.765s] running install_scripts
[0.779s] Installing cobot script to /home/brian/Projects/Cobot/ros2_cobot/install/cobot_control/lib/cobot_control
[0.780s] writing list of installed files to '/home/brian/Projects/Cobot/ros2_cobot/build/cobot_control/install.log'
[0.803s] Invoked command in '/home/brian/Projects/Cobot/ros2_cobot/src/cobot_control' returned '0': CONDA_PROMPT_MODIFIER=(base) PYTHONPATH=/home/brian/Projects/Cobot/ros2_cobot/build/cobot_control/prefix_override:/usr/lib/python3/dist-packages/colcon_core/task/python/colcon_distutils_commands:/home/brian/Projects/Cobot/ros2_cobot/install/cobot_control/lib/python3.10/site-packages:${PYTHONPATH} /usr/bin/python3 -W ignore:setup.py install is deprecated -W ignore:easy_install command is deprecated setup.py egg_info --egg-base ../../build/cobot_control build --build-base /home/brian/Projects/Cobot/ros2_cobot/build/cobot_control/build install --record /home/brian/Projects/Cobot/ros2_cobot/build/cobot_control/install.log --single-version-externally-managed install_data
