[0.055s] Invoking command in '/home/brian/Projects/Cobot/ros2_cobot/build/cobot_interfaces': CMAKE_PREFIX_PATH=/home/brian/Projects/Cobot/ros2_cobot/install/cobot_control:/opt/ros/humble CONDA_PROMPT_MODIFIER=(base) /usr/bin/cmake /home/brian/Projects/Cobot/ros2_cobot/src/cobot_interfaces -DCMAKE_INSTALL_PREFIX=/home/brian/Projects/Cobot/ros2_cobot/install/cobot_interfaces
[0.533s] -- Found ament_cmake: 1.3.14 (/opt/ros/humble/share/ament_cmake/cmake)
[0.982s] -- Found rosidl_default_generators: 1.2.1 (/opt/ros/humble/share/rosidl_default_generators/cmake)
[1.039s] -- Using all available rosidl_typesupport_c: rosidl_typesupport_fastrtps_c;rosidl_typesupport_introspection_c
[1.057s] -- Found rosidl_adapter: 3.1.8 (/opt/ros/humble/share/rosidl_adapter/cmake)
[1.296s] -- Using all available rosidl_typesupport_cpp: rosidl_typesupport_fastrtps_cpp;rosidl_typesupport_introspection_cpp
[1.418s] -- Found ament_lint_auto: 0.12.15 (/opt/ros/humble/share/ament_lint_auto/cmake)
[2.187s] [31mCMake Error at /opt/ros/humble/share/rosidl_adapter/cmake/rosidl_adapt_interfaces.cmake:59 (message):
[2.187s]   execute_process(/home/brian/miniconda3/bin/python3 -m rosidl_adapter
[2.187s]   --package-name cobot_interfaces --arguments-file
[2.187s]   /home/brian/Projects/Cobot/ros2_cobot/build/cobot_interfaces/rosidl_adapter__arguments__cobot_interfaces.json
[2.187s]   --output-dir
[2.187s]   /home/brian/Projects/Cobot/ros2_cobot/build/cobot_interfaces/rosidl_adapter/cobot_interfaces
[2.187s]   --output-file
[2.187s]   /home/brian/Projects/Cobot/ros2_cobot/build/cobot_interfaces/rosidl_adapter/cobot_interfaces.idls)
[2.187s]   returned error code 1:
[2.187s] 
[2.188s]   AttributeError processing template 'msg.idl.em'
[2.188s] 
[2.188s]   Traceback (most recent call last):
[2.188s] 
[2.188s]     File "/opt/ros/humble/local/lib/python3.10/dist-packages/rosidl_adapter/resource/__init__.py", line 51, in evaluate_template
[2.188s]       em.BUFFERED_OPT: True,
[2.188s]       ^^^^^^^^^^^^^^^
[2.188s] 
[2.188s]   AttributeError: module 'em' has no attribute 'BUFFERED_OPT'
[2.188s] 
[2.188s]   
[2.188s] 
[2.188s]   During handling of the above exception, another exception occurred:
[2.188s] 
[2.188s]   
[2.188s] 
[2.188s]   Traceback (most recent call last):
[2.188s] 
[2.188s]     File "<frozen runpy>", line 198, in _run_module_as_main
[2.189s]     File "<frozen runpy>", line 88, in _run_code
[2.189s]     File "/opt/ros/humble/local/lib/python3.10/dist-packages/rosidl_adapter/__main__.py", line 19, in <module>
[2.189s]       sys.exit(main())
[2.189s]                ~~~~^^
[2.189s]     File "/opt/ros/humble/local/lib/python3.10/dist-packages/rosidl_adapter/main.py", line 53, in main
[2.189s]       abs_idl_file = convert_to_idl(
[2.189s]           pathlib.Path(basepath), args.package_name,
[2.189s]           pathlib.Path(relative_path), output_dir)
[2.189s]     File "/opt/ros/humble/local/lib/python3.10/dist-packages/rosidl_adapter/__init__.py", line 19, in convert_to_idl
[2.189s]       return convert_msg_to_idl(
[2.189s]           package_dir, package_name, interface_file, output_dir / 'msg')
[2.189s]     File "/opt/ros/humble/local/lib/python3.10/dist-packages/rosidl_adapter/msg/__init__.py", line 39, in convert_msg_to_idl
[2.189s]       expand_template('msg.idl.em', data, output_file, encoding='iso-8859-1')
[2.189s]       ~~~~~~~~~~~~~~~^^^^^^^^^^^^^^^^^^^^^^^^^^^^^^^^^^^^^^^^^^^^^^^^^^^^^^^^
[2.189s]     File "/opt/ros/humble/local/lib/python3.10/dist-packages/rosidl_adapter/resource/__init__.py", line 23, in expand_template
[2.189s]       content = evaluate_template(template_name, data)
[2.189s]     File "/opt/ros/humble/local/lib/python3.10/dist-packages/rosidl_adapter/resource/__init__.py", line 69, in evaluate_template
[2.189s]       _interpreter.shutdown()
[2.189s]       ^^^^^^^^^^^^^^^^^^^^^
[2.190s] 
[2.190s]   AttributeError: 'NoneType' object has no attribute 'shutdown'
[2.190s] 
[2.190s] Call Stack (most recent call first):
[2.190s]   /opt/ros/humble/share/rosidl_cmake/cmake/rosidl_generate_interfaces.cmake:130 (rosidl_adapt_interfaces)
[2.190s]   CMakeLists.txt:26 (rosidl_generate_interfaces)
[2.190s] 
[2.190s] [0m
[2.190s] -- Configuring incomplete, errors occurred!
[2.190s] See also "/home/brian/Projects/Cobot/ros2_cobot/build/cobot_interfaces/CMakeFiles/CMakeOutput.log".
[2.205s] Invoked command in '/home/brian/Projects/Cobot/ros2_cobot/build/cobot_interfaces' returned '1': CMAKE_PREFIX_PATH=/home/brian/Projects/Cobot/ros2_cobot/install/cobot_control:/opt/ros/humble CONDA_PROMPT_MODIFIER=(base) /usr/bin/cmake /home/brian/Projects/Cobot/ros2_cobot/src/cobot_interfaces -DCMAKE_INSTALL_PREFIX=/home/brian/Projects/Cobot/ros2_cobot/install/cobot_interfaces
