[30.433s] Invoking command in '/home/brian/Projects/Cobot/ros2_cobot/src/cobot_control': PYTHONPATH=/home/brian/Projects/Cobot/ros2_cobot/build/cobot_control/prefix_override:/usr/lib/python3/dist-packages/colcon_core/task/python/colcon_distutils_commands:/home/brian/Projects/Cobot/ros2_cobot/install/cobot_control/lib/python3.10/site-packages:${PYTHONPATH} /usr/bin/python3 -W ignore:setup.py install is deprecated -W ignore:easy_install command is deprecated setup.py egg_info --egg-base ../../build/cobot_control build --build-base /home/brian/Projects/Cobot/ros2_cobot/build/cobot_control/build install --record /home/brian/Projects/Cobot/ros2_cobot/build/cobot_control/install.log --single-version-externally-managed install_data
[30.597s] running egg_info
[30.597s] writing ../../build/cobot_control/cobot_control.egg-info/PKG-INFO
[30.597s] writing dependency_links to ../../build/cobot_control/cobot_control.egg-info/dependency_links.txt
[30.598s] writing entry points to ../../build/cobot_control/cobot_control.egg-info/entry_points.txt
[30.600s] writing requirements to ../../build/cobot_control/cobot_control.egg-info/requires.txt
[30.600s] writing top-level names to ../../build/cobot_control/cobot_control.egg-info/top_level.txt
[30.602s] reading manifest file '../../build/cobot_control/cobot_control.egg-info/SOURCES.txt'
[30.602s] writing manifest file '../../build/cobot_control/cobot_control.egg-info/SOURCES.txt'
[30.602s] running build
[30.602s] running build_py
[30.603s] copying cobot_control/cobot.py -> /home/brian/Projects/Cobot/ros2_cobot/build/cobot_control/build/lib/cobot_control
[30.603s] running install
[30.603s] running install_lib
[30.604s] copying /home/brian/Projects/Cobot/ros2_cobot/build/cobot_control/build/lib/cobot_control/cobot.py -> /home/brian/Projects/Cobot/ros2_cobot/install/cobot_control/lib/python3.10/site-packages/cobot_control
[30.604s] byte-compiling /home/brian/Projects/Cobot/ros2_cobot/install/cobot_control/lib/python3.10/site-packages/cobot_control/cobot.py to cobot.cpython-310.pyc
[30.604s] running install_data
[30.605s] copying launch/cobot.launch.py -> /home/brian/Projects/Cobot/ros2_cobot/install/cobot_control/share/cobot_control/launch
[30.605s] running install_egg_info
[30.606s] removing '/home/brian/Projects/Cobot/ros2_cobot/install/cobot_control/lib/python3.10/site-packages/cobot_control-0.0.0-py3.10.egg-info' (and everything under it)
[30.606s] Copying ../../build/cobot_control/cobot_control.egg-info to /home/brian/Projects/Cobot/ros2_cobot/install/cobot_control/lib/python3.10/site-packages/cobot_control-0.0.0-py3.10.egg-info
[30.607s] running install_scripts
[30.622s] Installing camera_node script to /home/brian/Projects/Cobot/ros2_cobot/install/cobot_control/lib/cobot_control
[30.622s] Installing cobot script to /home/brian/Projects/Cobot/ros2_cobot/install/cobot_control/lib/cobot_control
[30.622s] writing list of installed files to '/home/brian/Projects/Cobot/ros2_cobot/build/cobot_control/install.log'
[30.638s] Invoked command in '/home/brian/Projects/Cobot/ros2_cobot/src/cobot_control' returned '0': PYTHONPATH=/home/brian/Projects/Cobot/ros2_cobot/build/cobot_control/prefix_override:/usr/lib/python3/dist-packages/colcon_core/task/python/colcon_distutils_commands:/home/brian/Projects/Cobot/ros2_cobot/install/cobot_control/lib/python3.10/site-packages:${PYTHONPATH} /usr/bin/python3 -W ignore:setup.py install is deprecated -W ignore:easy_install command is deprecated setup.py egg_info --egg-base ../../build/cobot_control build --build-base /home/brian/Projects/Cobot/ros2_cobot/build/cobot_control/build install --record /home/brian/Projects/Cobot/ros2_cobot/build/cobot_control/install.log --single-version-externally-managed install_data
